<?xml version="1.0" encoding="utf-8"?>
<TestRun id="357edce8-45bd-41eb-925c-63cf21b5fdd9" name="sushi@VITA-CASTLE 2026-09-12 23:48:27" runUser="VITA-CASTLE\CodexSandboxOffline" xmlns="http://microsoft.com/schemas/VisualStudio/TeamTest/2010">
  <Times creation="2026-09-12T23:48:27.7413077+03:00" queuing="2026-09-12T23:48:27.7413082+03:00" start="2026-09-12T23:48:26.9467656+03:00" finish="2026-09-12T23:48:28.1311335+03:00" />
  <TestSettings name="default" id="37cef4e0-6167-46e0-9a04-8e110a9ace16">
    <Deployment runDeploymentRoot="sushi_VITA-CASTLE_2026-09-12_23_48_27" />
  </TestSettings>
  <Results>
    <UnitTestResult executionId="2d5818ad-94db-4702-8c60-b3cb007a187f" testId="630677de-bee9-a570-78c6-8ff69e18e156" testName="DeepSpaceSaga.Motion.Tests.NavigationWaypointMathTests.Normalizes_non_canonical_directions" computerName="VITA-CASTLE" duration="00:00:00.0000618" startTime="2026-09-12T23:48:27.7123241+03:00" endTime="2026-09-12T23:48:27.7123241+03:00" testType="13cdc9d9-ddb5-4fa4-a97d-d965ccfc6d4b" outcome="Passed" testListId="8c84fa94-04c1-424b-9868-57a2d4851a1d" relativeResultsDirectory="2d5818ad-94db-4702-8c60-b3cb007a187f" />
    <UnitTestResult executionId="aca979aa-3b4d-4277-b9b3-1f08e8738e4b" testId="75c98cf5-4b04-c5a6-4655-9a8a23b0be00" testName="DeepSpaceSaga.Motion.Tests.NavigationWaypointMathTests.Zero_angular_inertia_never_turns" computerName="VITA-CASTLE" duration="00:00:00.0001070" startTime="2026-09-12T23:48:27.7123086+03:00" endTime="2026-09-12T23:48:27.7123087+03:00" testType="13cdc9d9-ddb5-4fa4-a97d-d965ccfc6d4b" outcome="Passed" testListId="8c84fa94-04c1-424b-9868-57a2d4851a1d" relativeResultsDirectory="aca979aa-3b4d-4277-b9b3-1f08e8738e4b" />
    <UnitTestResult executionId="6c370878-e5b7-4da9-a4a1-019c4f4bc9f2" testId="01cd5f01-87f9-76c7-a950-30f7efb856c0" testName="DeepSpaceSaga.Motion.Tests.ApproachPursuitMathTests.Step_still_applies_full_trailing_offset_for_a_genuinely_moving_target" computerName="VITA-CASTLE" duration="00:00:00.0000682" startTime="2026-09-12T23:48:27.7138394+03:00" endTime="2026-09-12T23:48:27.7138395+03:00" testType="13cdc9d9-ddb5-4fa4-a97d-d965ccfc6d4b" outcome="Passed" testListId="8c84fa94-04c1-424b-9868-57a2d4851a1d" relativeResultsDirectory="6c370878-e5b7-4da9-a4a1-019c4f4bc9f2" />
    <UnitTestResult executionId="a9d96f1e-2370-43fa-b6fa-34bdc57ae2ee" testId="e4c93274-3318-4a24-7263-ed3147f41140" testName="DeepSpaceSaga.Motion.Tests.ApproachPursuitMathTests.Ship_exactly_at_aim_point_has_arrived" computerName="VITA-CASTLE" duration="00:00:00.0000457" startTime="2026-09-12T23:48:27.7133045+03:00" endTime="2026-09-12T23:48:27.7133045+03:00" testType="13cdc9d9-ddb5-4fa4-a97d-d965ccfc6d4b" outcome="Passed" testListId="8c84fa94-04c1-424b-9868-57a2d4851a1d" relativeResultsDirectory="a9d96f1e-2370-43fa-b6fa-34bdc57ae2ee" />
    <UnitTestResult executionId="a51dfed8-3328-4703-b349-a8b933db44a6" testId="2c456cff-5637-92b9-1255-4afa8f3120a3" testName="DeepSpaceSaga.Motion.Tests.LinearMotionTests.Predict_with_zero_elapsed_returns_same_position" computerName="VITA-CASTLE" duration="00:00:00.0000999" startTime="2026-09-12T23:48:27.7129988+03:00" endTime="2026-09-12T23:48:27.7129989+03:00" testType="13cdc9d9-ddb5-4fa4-a97d-d965ccfc6d4b" outcome="Passed" testListId="8c84fa94-04c1-424b-9868-57a2d4851a1d" relativeResultsDirectory="a51dfed8-3328-4703-b349-a8b933db44a6" />
    <UnitTestResult executionId="ecd15ca7-5c30-4620-b11b-70291d5c25b3" testId="569ae303-9774-b211-8772-923129969230" testName="DeepSpaceSaga.Motion.Tests.LinearMotionTests.Predict_moves_right_at_90_degrees" computerName="VITA-CASTLE" duration="00:00:00.0000910" startTime="2026-09-12T23:48:27.7130407+03:00" endTime="2026-09-12T23:48:27.7130407+03:00" testType="13cdc9d9-ddb5-4fa4-a97d-d965ccfc6d4b" outcome="Passed" testListId="8c84fa94-04c1-424b-9868-57a2d4851a1d" relativeResultsDirectory="ecd15ca7-5c30-4620-b11b-70291d5c25b3" />
    <UnitTestResult executionId="5e5f7825-cda8-4a43-a014-6cecf788d7ac" testId="52efe089-5829-11b5-f319-d5340fdf90e1" testName="DeepSpaceSaga.Motion.Tests.ApproachPursuitMathTests+SolveInterceptFlyThroughPlanTests.Solve_finds_the_known_root_for_each_of_the_six_curve_types(expectedType: &quot;LSL&quot;, shipDirectionDegrees: 202.00380000000001, targetX: 9660.0809000000008, targetY: 10994.0972, targetDirectionDegrees: 195.92779999999999, expectedLengthUnits: 1052.2677000000001)" computerName="VITA-CASTLE" duration="00:00:00.0004636" startTime="2026-09-12T23:48:27.6447153+03:00" endTime="2026-09-12T23:48:27.6447154+03:00" testType="13cdc9d9-ddb5-4fa4-a97d-d965ccfc6d4b" outcome="Passed" testListId="8c84fa94-04c1-424b-9868-57a2d4851a1d" relativeResultsDirectory="5e5f7825-cda8-4a43-a014-6cecf788d7ac" />
    <UnitTestResult executionId="f40ff238-e80e-492f-90c0-a80a53979224" testId="237040ae-f254-d4bc-2c7f-27f5ccf38c95" testName="DeepSpaceSaga.Motion.Tests.ApproachPursuitMathTests.Segment_closest_approach_catches_fast_pass_through_that_endpoint_sampling_would_miss" computerName="VITA-CASTLE" duration="00:00:00.0000564" startTime="2026-09-12T23:48:27.7135581+03:00" endTime="2026-09-12T23:48:27.7135581+03:00" testType="13cdc9d9-ddb5-4fa4-a97d-d965ccfc6d4b" outcome="Passed" testListId="8c84fa94-04c1-424b-9868-57a2d4851a1d" relativeResultsDirectory="f40ff238-e80e-492f-90c0-a80a53979224" />
    <UnitTestResult executionId="f91b0bcb-bc4c-47cb-87b4-607f8d96bb21" testId="d5ba790e-be4c-8a29-02d1-02eb19f3c0ac" testName="DeepSpaceSaga.Motion.Tests.NavigationWaypointMathTests.Target_far_side_r_above_R_turns_by_step" computerName="VITA-CASTLE" duration="00:00:00.0078942" startTime="2026-09-12T23:48:27.6413423+03:00" endTime="2026-09-12T23:48:27.6413542+03:00" testType="13cdc9d9-ddb5-4fa4-a97d-d965ccfc6d4b" outcome="Passed" testListId="8c84fa94-04c1-424b-9868-57a2d4851a1d" relativeResultsDirectory="f91b0bcb-bc4c-47cb-87b4-607f8d96bb21" />
    <UnitTestResult executionId="f0b7b75f-7922-4215-abd3-11868adbc6a2" testId="7959c867-71fe-c40d-a3c3-8f5d64d65c9f" testName="DeepSpaceSaga.Motion.Tests.ApproachLineCaptureTests.Partial_arc_prediction_is_composable_and_respects_turn_and_speed_limits" computerName="VITA-CASTLE" duration="00:00:00.0083754" startTime="2026-09-12T23:48:28.0408957+03:00" endTime="2026-09-12T23:48:28.0408960+03:00" testType="13cdc9d9-ddb5-4fa4-a97d-d965ccfc6d4b" outcome="Passed" testListId="8c84fa94-04c1-424b-9868-57a2d4851a1d" relativeResultsDirectory="f0b7b75f-7922-4215-abd3-11868adbc6a2" />
    <UnitTestResult executionId="3c6356bf-2f35-4e8d-90e9-58ca7ca31c3e" testId="f21dc4d1-12db-650f-f159-6b006494754f" testName="DeepSpaceSaga.Motion.Tests.ApproachPursuitMathTests+SolveInterceptFlyThroughPlanTests.Solve_returns_no_intercept_for_a_stationary_ship_or_zero_inertia" computerName="VITA-CASTLE" duration="00:00:00.0001245" startTime="2026-09-12T23:48:27.7124029+03:00" endTime="2026-09-12T23:48:27.7124029+03:00" testType="13cdc9d9-ddb5-4fa4-a97d-d965ccfc6d4b" outcome="Passed" testListId="8c84fa94-04c1-424b-9868-57a2d4851a1d" relativeResultsDirectory="3c6356bf-2f35-4e8d-90e9-58ca7ca31c3e" />
    <UnitTestResult executionId="6de1261c-9aa0-4cf4-9da1-de6c6a53d87f" testId="7fb664d4-ab63-9dbf-2e8d-edc5f7cb02d8" testName="DeepSpaceSaga.Motion.Tests.NavigationWaypointMathTests.Ship_already_at_target_arrives" computerName="VITA-CASTLE" duration="00:00:00.0002000" startTime="2026-09-12T23:48:27.7122855+03:00" endTime="2026-09-12T23:48:27.7122856+03:00" testType="13cdc9d9-ddb5-4fa4-a97d-d965ccfc6d4b" outcome="Passed" testListId="8c84fa94-04c1-424b-9868-57a2d4851a1d" relativeResultsDirectory="6de1261c-9aa0-4cf4-9da1-de6c6a53d87f" />
    <UnitTestResult executionId="726b74d2-daf4-4786-9b54-99928cbd0915" testId="60ed088c-0a61-b5e5-8ee5-767af6ab9cca" testName="DeepSpaceSaga.Motion.Tests.LinearMotionTests.Predict_backward_with_discrete_turn_steps_reconstructs_prior_trajectory" computerName="VITA-CASTLE" duration="00:00:00.0002167" startTime="2026-09-12T23:48:27.7130546+03:00" endTime="2026-09-12T23:48:27.7130547+03:00" testType="13cdc9d9-ddb5-4fa4-a97d-d965ccfc6d4b" outcome="Passed" testListId="8c84fa94-04c1-424b-9868-57a2d4851a1d" relativeResultsDirectory="726b74d2-daf4-4786-9b54-99928cbd0915" />
    <UnitTestResult executionId="e57d7964-f64e-4540-9037-63984c6e6937" testId="19aafa4c-c17b-20d6-6cdb-c352a06000ea" testName="DeepSpaceSaga.Motion.Tests.ApproachPursuitMathTests.Partial_turn_matches_NavigationWaypointMath_for_equivalent_inputs" computerName="VITA-CASTLE" duration="00:00:00.0000480" startTime="2026-09-12T23:48:27.7135722+03:00" endTime="2026-09-12T23:48:27.7135722+03:00" testType="13cdc9d9-ddb5-4fa4-a97d-d965ccfc6d4b" outcome="Passed" testListId="8c84fa94-04c1-424b-9868-57a2d4851a1d" relativeResultsDirectory="e57d7964-f64e-4540-9037-63984c6e6937" />
    <UnitTestResult executionId="a84629d1-6cf1-4c89-b15f-bc66b08a32e4" testId="e0182641-87db-8a22-59c6-74de2dd7a84f" testName="DeepSpaceSaga.Motion.Tests.ApproachLineCaptureTests.Every_route_finishes_on_the_live_aft_ray_at_unchanged_speed(targetSpeed: 1)" computerName="VITA-CASTLE" duration="00:00:00.1065679" startTime="2026-09-12T23:48:28.0299059+03:00" endTime="2026-09-12T23:48:28.0299063+03:00" testType="13cdc9d9-ddb5-4fa4-a97d-d965ccfc6d4b" outcome="Passed" testListId="8c84fa94-04c1-424b-9868-57a2d4851a1d" relativeResultsDirectory="a84629d1-6cf1-4c89-b15f-bc66b08a32e4" />
    <UnitTestResult executionId="a37f8491-e208-407d-8599-7d7588525c90" testId="492229c1-1043-fd1a-1ef9-f1594ba5a696" testName="DeepSpaceSaga.Motion.Tests.ApproachPursuitMathTests+SolveInterceptFlyThroughPlanTests.Solve_handles_a_target_almost_at_the_ships_position_without_nan_or_exception" computerName="VITA-CASTLE" duration="00:00:00.0003483" startTime="2026-09-12T23:48:27.7124301+03:00" endTime="2026-09-12T23:48:27.7124301+03:00" testType="13cdc9d9-ddb5-4fa4-a97d-d965ccfc6d4b" outcome="Passed" testListId="8c84fa94-04c1-424b-9868-57a2d4851a1d" relativeResultsDirectory="a37f8491-e208-407d-8599-7d7588525c90" />
    <UnitTestResult executionId="610adbe2-884d-441f-8285-ec73f3d78201" testId="d918094d-423c-75dd-32e3-adf21f086956" testName="DeepSpaceSaga.Motion.Tests.ApproachPursuitMathTests+SolveInterceptFlyThroughPlanTests.Solve_finds_the_known_root_for_each_of_the_six_curve_types(expectedType: &quot;LSR&quot;, shipDirectionDegrees: 37.787700000000001, targetX: 10620.6896, targetY: 9084.4096000000009, targetDirectionDegrees: 37.126199999999997, expectedLengthUnits: 1104.7054000000001)" computerName="VITA-CASTLE" duration="00:00:00.0004333" startTime="2026-09-12T23:48:27.6446895+03:00" endTime="2026-09-12T23:48:27.6446895+03:00" testType="13cdc9d9-ddb5-4fa4-a97d-d965ccfc6d4b" outcome="Passed" testListId="8c84fa94-04c1-424b-9868-57a2d4851a1d" relativeResultsDirectory="610adbe2-884d-441f-8285-ec73f3d78201" />
    <UnitTestResult executionId="3e8c526e-9f76-4e5f-8eac-1f9df63cd84b" testId="eb1cf5a7-0ebb-bf05-1b53-94aa7c1c5d34" testName="DeepSpaceSaga.Motion.Tests.ApproachLineCaptureTests.Faster_target_capture_uses_a_nearby_line_entry_instead_of_its_distant_position" computerName="VITA-CASTLE" duration="00:00:00.0007945" startTime="2026-09-12T23:48:28.0322836+03:00" endTime="2026-09-12T23:48:28.0322838+03:00" testType="13cdc9d9-ddb5-4fa4-a97d-d965ccfc6d4b" outcome="Passed" testListId="8c84fa94-04c1-424b-9868-57a2d4851a1d" relativeResultsDirectory="3e8c526e-9f76-4e5f-8eac-1f9df63cd84b" />
    <UnitTestResult executionId="b5c8608b-5e05-4d60-8987-a0233ac0cfe2" testId="0465dec5-2954-3524-f210-3e920ae461e4" testName="DeepSpaceSaga.Motion.Tests.NavigationWaypointMathTests.Ship_that_flew_past_target_arrives" computerName="VITA-CASTLE" duration="00:00:00.0000409" startTime="2026-09-12T23:48:27.7113819+03:00" endTime="2026-09-12T23:48:27.7113820+03:00" testType="13cdc9d9-ddb5-4fa4-a97d-d965ccfc6d4b" outcome="Passed" testListId="8c84fa94-04c1-424b-9868-57a2d4851a1d" relativeResultsDirectory="b5c8608b-5e05-4d60-8987-a0233ac0cfe2" />
    <UnitTestResult executionId="cf675cb1-9303-42f5-b06c-eea62616f329" testId="86570146-680d-35ae-8ff4-4eb3a5c99a58" testName="DeepSpaceSaga.Motion.Tests.ApproachLineCaptureTests.Already_trailing_ship_does_not_start_a_loop" computerName="VITA-CASTLE" duration="00:00:00.0004371" startTime="2026-09-12T23:48:28.0313331+03:00" endTime="2026-09-12T23:48:28.0313334+03:00" testType="13cdc9d9-ddb5-4fa4-a97d-d965ccfc6d4b" outcome="Passed" testListId="8c84fa94-04c1-424b-9868-57a2d4851a1d" relativeResultsDirectory="cf675cb1-9303-42f5-b06c-eea62616f329" />
    <UnitTestResult executionId="d3d5ae19-3518-4036-aa6c-b09852a9acbd" testId="17d0c785-6fb9-10f4-91ce-efe59229e3e9" testName="DeepSpaceSaga.Motion.Tests.ApproachLineCaptureTests.Every_route_finishes_on_the_live_aft_ray_at_unchanged_speed(targetSpeed: 3)" computerName="VITA-CASTLE" duration="00:00:00.1231481" startTime="2026-09-12T23:48:27.8014924+03:00" endTime="2026-09-12T23:48:27.8014928+03:00" testType="13cdc9d9-ddb5-4fa4-a97d-d965ccfc6d4b" outcome="Passed" testListId="8c84fa94-04c1-424b-9868-57a2d4851a1d" relativeResultsDirectory="d3d5ae19-3518-4036-aa6c-b09852a9acbd" />
    <UnitTestResult executionId="eac1ba18-0b31-41ad-9872-ba5700d6314d" testId="b3d478bc-2683-7341-b0c5-4fd8fcae16b6" testName="DeepSpaceSaga.Motion.Tests.ApproachPursuitMathTests.Large_heading_change_is_clamped_to_turn_step" computerName="VITA-CASTLE" duration="00:00:00.0000878" startTime="2026-09-12T23:48:27.7136447+03:00" endTime="2026-09-12T23:48:27.7136448+03:00" testType="13cdc9d9-ddb5-4fa4-a97d-d965ccfc6d4b" outcome="Passed" testListId="8c84fa94-04c1-424b-9868-57a2d4851a1d" relativeResultsDirectory="eac1ba18-0b31-41ad-9872-ba5700d6314d" />
    <UnitTestResult executionId="ef6807ba-efbc-4aaf-94fb-f699efa20d32" testId="a0bd5939-bae0-c079-4d32-d1003fc47ff6" testName="DeepSpaceSaga.Motion.Tests.ApproachPursuitMathTests.Step_aims_directly_at_a_genuinely_stationary_target_not_a_meaningless_direction_offset" computerName="VITA-CASTLE" duration="00:00:00.0000798" startTime="2026-09-12T23:48:27.7133196+03:00" endTime="2026-09-12T23:48:27.7133197+03:00" testType="13cdc9d9-ddb5-4fa4-a97d-d965ccfc6d4b" outcome="Passed" testListId="8c84fa94-04c1-424b-9868-57a2d4851a1d" relativeResultsDirectory="ef6807ba-efbc-4aaf-94fb-f699efa20d32" />
    <UnitTestResult executionId="fed30d9b-4dac-45fc-b9ba-ef666fb808c6" testId="035ed354-885f-51fb-6177-b5b10e63cd4b" testName="DeepSpaceSaga.Motion.Tests.NavigationWaypointMathTests.Partial_turn_is_never_larger_than_turn_step" computerName="VITA-CASTLE" duration="00:00:00.0000487" startTime="2026-09-12T23:48:27.7113192+03:00" endTime="2026-09-12T23:48:27.7113192+03:00" testType="13cdc9d9-ddb5-4fa4-a97d-d965ccfc6d4b" outcome="Passed" testListId="8c84fa94-04c1-424b-9868-57a2d4851a1d" relativeResultsDirectory="fed30d9b-4dac-45fc-b9ba-ef666fb808c6" />
    <UnitTestResult executionId="ba2abdd2-f584-432c-aa00-79299303ecb5" testId="121bffa5-14a0-d475-da90-b412816c42aa" testName="DeepSpaceSaga.Motion.Tests.ApproachPursuitMathTests.ComputeAimPoint_trails_behind_target_along_its_heading(targetDirectionDegrees: 90, expectedX: 50, expectedY: 200)" computerName="VITA-CASTLE" duration="00:00:00.0000024" startTime="2026-09-12T23:48:27.7135429+03:00" endTime="2026-09-12T23:48:27.7135430+03:00" testType="13cdc9d9-ddb5-4fa4-a97d-d965ccfc6d4b" outcome="Passed" testListId="8c84fa94-04c1-424b-9868-57a2d4851a1d" relativeResultsDirectory="ba2abdd2-f584-432c-aa00-79299303ecb5" />
    <UnitTestResult executionId="876c0fb3-d979-4e3b-9ff0-4bfa0a50ba2a" testId="69278487-df4d-f01d-4cc5-7ea59f59bace" testName="DeepSpaceSaga.Motion.Tests.ApproachPursuitMathTests.ComputeAimPoint_trails_behind_target_along_its_heading(targetDirectionDegrees: 0, expectedX: 100, expectedY: 250)" computerName="VITA-CASTLE" duration="00:00:00.0001706" startTime="2026-09-12T23:48:27.7135298+03:00" endTime="2026-09-12T23:48:27.7135298+03:00" testType="13cdc9d9-ddb5-4fa4-a97d-d965ccfc6d4b" outcome="Passed" testListId="8c84fa94-04c1-424b-9868-57a2d4851a1d" relativeResultsDirectory="876c0fb3-d979-4e3b-9ff0-4bfa0a50ba2a" />
    <UnitTestResult executionId="c6a63abd-4275-4802-98a8-b2a6c94dcc15" testId="d1d88086-8f04-e650-550f-0c1c987e0307" testName="DeepSpaceSaga.Motion.Tests.NavigationWaypointMathTests.Turn_direction_follows_bearing_sign" computerName="VITA-CASTLE" duration="00:00:00.0000544" startTime="2026-09-12T23:48:27.7113650+03:00" endTime="2026-09-12T23:48:27.7113650+03:00" testType="13cdc9d9-ddb5-4fa4-a97d-d965ccfc6d4b" outcome="Passed" testListId="8c84fa94-04c1-424b-9868-57a2d4851a1d" relativeResultsDirectory="c6a63abd-4275-4802-98a8-b2a6c94dcc15" />
    <UnitTestResult executionId="eed92d50-3bc1-41f5-af4d-be40fd51ee02" testId="fe4e94c2-8b19-b31e-5b5c-b626ff66ff14" testName="DeepSpaceSaga.Motion.Tests.LinearMotionTests.Predict_with_discrete_turn_steps_matches_engine_cycle_timing" computerName="VITA-CASTLE" duration="00:00:00.0001343" startTime="2026-09-12T23:48:27.7130267+03:00" endTime="2026-09-12T23:48:27.7130267+03:00" testType="13cdc9d9-ddb5-4fa4-a97d-d965ccfc6d4b" outcome="Passed" testListId="8c84fa94-04c1-424b-9868-57a2d4851a1d" relativeResultsDirectory="eed92d50-3bc1-41f5-af4d-be40fd51ee02" />
    <UnitTestResult executionId="502bfbd3-bbb2-4590-a9eb-df603b77b167" testId="c3533a78-422c-70cb-6682-d49e65d06554" testName="DeepSpaceSaga.Motion.Tests.MotionPositionTests.Linear_coordinates_equal_snapshot_prediction(time: 200000)" computerName="VITA-CASTLE" duration="00:00:00.0034790" startTime="2026-09-12T23:48:27.7127018+03:00" endTime="2026-09-12T23:48:27.7127019+03:00" testType="13cdc9d9-ddb5-4fa4-a97d-d965ccfc6d4b" outcome="Passed" testListId="8c84fa94-04c1-424b-9868-57a2d4851a1d" relativeResultsDirectory="502bfbd3-bbb2-4590-a9eb-df603b77b167" />
    <UnitTestResult executionId="a46c004d-5adf-48af-adf6-af6b59573cf9" testId="b2cc3ff1-18af-0957-dd13-83b2716b79da" testName="DeepSpaceSaga.Motion.Tests.ApproachPursuitMathTests.ExtrapolatePosition_advances_by_constant_velocity" computerName="VITA-CASTLE" duration="00:00:00.0000341" startTime="2026-09-12T23:48:27.7136020+03:00" endTime="2026-09-12T23:48:27.7136021+03:00" testType="13cdc9d9-ddb5-4fa4-a97d-d965ccfc6d4b" outcome="Passed" testListId="8c84fa94-04c1-424b-9868-57a2d4851a1d" relativeResultsDirectory="a46c004d-5adf-48af-adf6-af6b59573cf9" />
    <UnitTestResult executionId="22b2caec-19cb-4f3a-9e40-dfd76f301ee5" testId="285ce347-7e85-d8d7-bf3b-318d31cd7450" testName="DeepSpaceSaga.Motion.Tests.ApproachPursuitMathTests.ComputeAimPoint_trails_behind_target_along_its_heading(targetDirectionDegrees: 180, expectedX: 100, expectedY: 150)" computerName="VITA-CASTLE" duration="00:00:00.0000397" startTime="2026-09-12T23:48:27.7133624+03:00" endTime="2026-09-12T23:48:27.7133624+03:00" testType="13cdc9d9-ddb5-4fa4-a97d-d965ccfc6d4b" outcome="Passed" testListId="8c84fa94-04c1-424b-9868-57a2d4851a1d" relativeResultsDirectory="22b2caec-19cb-4f3a-9e40-dfd76f301ee5" />
    <UnitTestResult executionId="f5de4ab5-c71e-4f48-aa17-68f9a029458f" testId="f28664fa-e940-2a5b-41e7-63a4515de5fd" testName="DeepSpaceSaga.Motion.Tests.ApproachLineCaptureTests.Every_route_finishes_on_the_live_aft_ray_at_unchanged_speed(targetSpeed: 0)" computerName="VITA-CASTLE" duration="00:00:00.0339094" startTime="2026-09-12T23:48:27.7127595+03:00" endTime="2026-09-12T23:48:27.7127596+03:00" testType="13cdc9d9-ddb5-4fa4-a97d-d965ccfc6d4b" outcome="Passed" testListId="8c84fa94-04c1-424b-9868-57a2d4851a1d" relativeResultsDirectory="f5de4ab5-c71e-4f48-aa17-68f9a029458f" />
    <UnitTestResult executionId="ce0e475e-d715-44e3-97ad-16e836c669f3" testId="afa56053-d362-200c-2f3b-0dfcb5f0651c" testName="DeepSpaceSaga.Motion.Tests.ApproachPursuitMathTests.Locked_course_detects_aim_point_fallen_behind_the_ship_even_outside_arrival_tolerance" computerName="VITA-CASTLE" duration="00:00:00.0000576" startTime="2026-09-12T23:48:27.7138540+03:00" endTime="2026-09-12T23:48:27.7138541+03:00" testType="13cdc9d9-ddb5-4fa4-a97d-d965ccfc6d4b" outcome="Passed" testListId="8c84fa94-04c1-424b-9868-57a2d4851a1d" relativeResultsDirectory="ce0e475e-d715-44e3-97ad-16e836c669f3" />
    <UnitTestResult executionId="d0724f14-c0a6-405a-9a1c-27363d9dbd59" testId="27382349-4952-1321-5425-b60fcb43ebc9" testName="DeepSpaceSaga.Motion.Tests.NavigationWaypointMathTests.Target_close_side_behind_r_below_R_waits" computerName="VITA-CASTLE" duration="00:00:00.0000792" startTime="2026-09-12T23:48:27.7113014+03:00" endTime="2026-09-12T23:48:27.7113015+03:00" testType="13cdc9d9-ddb5-4fa4-a97d-d965ccfc6d4b" outcome="Passed" testListId="8c84fa94-04c1-424b-9868-57a2d4851a1d" relativeResultsDirectory="d0724f14-c0a6-405a-9a1c-27363d9dbd59" />
    <UnitTestResult executionId="8726fb19-5dba-431d-ae58-d1f253bb0d09" testId="3601a241-c81d-1b68-370f-2efa96100c20" testName="DeepSpaceSaga.Motion.Tests.ApproachPursuitMathTests.Fly_through_plan_finishes_with_exact_target_direction" computerName="VITA-CASTLE" duration="00:00:00.0001172" startTime="2026-09-12T23:48:27.7133481+03:00" endTime="2026-09-12T23:48:27.7133482+03:00" testType="13cdc9d9-ddb5-4fa4-a97d-d965ccfc6d4b" outcome="Passed" testListId="8c84fa94-04c1-424b-9868-57a2d4851a1d" relativeResultsDirectory="8726fb19-5dba-431d-ae58-d1f253bb0d09" />
    <UnitTestResult executionId="3f928110-24d7-41c8-a490-3006b3f2542d" testId="01388da1-2bf3-8f8d-62d6-5397330b5657" testName="DeepSpaceSaga.Motion.Tests.MotionPositionTests.Linear_coordinates_equal_snapshot_prediction(time: -10000)" computerName="VITA-CASTLE" duration="00:00:00.0000877" startTime="2026-09-12T23:48:27.7127133+03:00" endTime="2026-09-12T23:48:27.7127133+03:00" testType="13cdc9d9-ddb5-4fa4-a97d-d965ccfc6d4b" outcome="Passed" testListId="8c84fa94-04c1-424b-9868-57a2d4851a1d" relativeResultsDirectory="3f928110-24d7-41c8-a490-3006b3f2542d" />
    <UnitTestResult executionId="9d2cf1f9-62ab-42c0-9252-f7d3b3712ef5" testId="d5c54527-537f-58dd-5af8-a126e4f380c1" testName="DeepSpaceSaga.Motion.Tests.ApproachPursuitMathTests+SolveInterceptFlyThroughPlanTests.Solve_is_deterministic_for_identical_inputs" computerName="VITA-CASTLE" duration="00:00:00.0040499" startTime="2026-09-12T23:48:27.7123886+03:00" endTime="2026-09-12T23:48:27.7123887+03:00" testType="13cdc9d9-ddb5-4fa4-a97d-d965ccfc6d4b" outcome="Passed" testListId="8c84fa94-04c1-424b-9868-57a2d4851a1d" relativeResultsDirectory="9d2cf1f9-62ab-42c0-9252-f7d3b3712ef5" />
    <UnitTestResult executionId="98ff34b1-9f8c-4d2c-82e6-6362efc77be3" testId="9b364ed5-33e8-676e-a189-00de185e7992" testName="DeepSpaceSaga.Motion.Tests.ApproachPursuitMathTests+SolveInterceptFlyThroughPlanTests.Solve_finds_the_known_root_for_each_of_the_six_curve_types(expectedType: &quot;LRL&quot;, shipDirectionDegrees: 211.75370000000001, targetX: 10078.9365, targetY: 10351.0098, targetDirectionDegrees: 270.38600000000002, expectedLengthUnits: 551.95619999999997)" computerName="VITA-CASTLE" duration="00:00:00.0002273" startTime="2026-09-12T23:48:27.6447584+03:00" endTime="2026-09-12T23:48:27.6447584+03:00" testType="13cdc9d9-ddb5-4fa4-a97d-d965ccfc6d4b" outcome="Passed" testListId="8c84fa94-04c1-424b-9868-57a2d4851a1d" relativeResultsDirectory="98ff34b1-9f8c-4d2c-82e6-6362efc77be3" />
    <UnitTestResult executionId="be439a9a-c3d6-4db2-81d4-a9942013cfa6" testId="c3c68edd-e629-ff32-f2a0-f02aebc479d4" testName="DeepSpaceSaga.Motion.Tests.NavigationWaypointMathTests.Target_within_arrival_epsilon_arrives" computerName="VITA-CASTLE" duration="00:00:00.0000510" startTime="2026-09-12T23:48:27.6446526+03:00" endTime="2026-09-12T23:48:27.6446527+03:00" testType="13cdc9d9-ddb5-4fa4-a97d-d965ccfc6d4b" outcome="Passed" testListId="8c84fa94-04c1-424b-9868-57a2d4851a1d" relativeResultsDirectory="be439a9a-c3d6-4db2-81d4-a9942013cfa6" />
    <UnitTestResult executionId="9c201393-6d1a-49b1-aca9-70462b67ebcd" testId="d21a3671-0541-dc43-9223-5406faf17cb4" testName="DeepSpaceSaga.Motion.Tests.MotionPositionTests.Linear_coordinates_equal_snapshot_prediction(time: 375)" computerName="VITA-CASTLE" duration="00:00:00.0010293" startTime="2026-09-12T23:48:27.7126901+03:00" endTime="2026-09-12T23:48:27.7126902+03:00" testType="13cdc9d9-ddb5-4fa4-a97d-d965ccfc6d4b" outcome="Passed" testListId="8c84fa94-04c1-424b-9868-57a2d4851a1d" relativeResultsDirectory="9c201393-6d1a-49b1-aca9-70462b67ebcd" />
    <UnitTestResult executionId="9449e7a4-f1cc-49bc-bc6f-9d5fd3fe6c8c" testId="997d2b09-6754-0d36-ba2c-29f27b9c5aa6" testName="DeepSpaceSaga.Motion.Tests.ApproachPursuitMathTests+SolveInterceptFlyThroughPlanTests.Solve_finds_the_known_root_for_each_of_the_six_curve_types(expectedType: &quot;RLR&quot;, shipDirectionDegrees: 124.00149999999999, targetX: 10193.502200000001, targetY: 9654.7474000000002, targetDirectionDegrees: 101.286, expectedLengthUnits: 604.4212)" computerName="VITA-CASTLE" duration="00:00:00.0002045" startTime="2026-09-12T23:48:27.6447348+03:00" endTime="2026-09-12T23:48:27.6447349+03:00" testType="13cdc9d9-ddb5-4fa4-a97d-d965ccfc6d4b" outcome="Passed" testListId="8c84fa94-04c1-424b-9868-57a2d4851a1d" relativeResultsDirectory="9449e7a4-f1cc-49bc-bc6f-9d5fd3fe6c8c" />
    <UnitTestResult executionId="5d0d9826-d451-4ca2-ac52-80bd35d42bbb" testId="200742b1-eada-32b3-548d-0352f0939e41" testName="DeepSpaceSaga.Motion.Tests.ApproachPursuitMathTests+SolveInterceptFlyThroughPlanTests.Solve_finds_the_known_root_for_each_of_the_six_curve_types(expectedType: &quot;RSR&quot;, shipDirectionDegrees: 316.68520000000001, targetX: 9230.0013999999992, targetY: 9094.4951999999994, targetDirectionDegrees: 322.46910000000003, expectedLengthUnits: 1187.2998)" computerName="VITA-CASTLE" duration="00:00:00.0002293" startTime="2026-09-12T23:48:27.7113370+03:00" endTime="2026-09-12T23:48:27.7113370+03:00" testType="13cdc9d9-ddb5-4fa4-a97d-d965ccfc6d4b" outcome="Passed" testListId="8c84fa94-04c1-424b-9868-57a2d4851a1d" relativeResultsDirectory="5d0d9826-d451-4ca2-ac52-80bd35d42bbb" />
    <UnitTestResult executionId="a7908522-1d52-42aa-aca0-b0d124031688" testId="99b5474d-5f87-4b58-6806-6edc89f87523" testName="DeepSpaceSaga.Motion.Tests.ApproachPursuitMathTests.Ship_far_from_aim_point_has_not_arrived" computerName="VITA-CASTLE" duration="00:00:00.0000347" startTime="2026-09-12T23:48:27.7135873+03:00" endTime="2026-09-12T23:48:27.7135873+03:00" testType="13cdc9d9-ddb5-4fa4-a97d-d965ccfc6d4b" outcome="Passed" testListId="8c84fa94-04c1-424b-9868-57a2d4851a1d" relativeResultsDirectory="a7908522-1d52-42aa-aca0-b0d124031688" />
    <UnitTestResult executionId="903b05c0-456c-40d5-99f8-f234e595bc41" testId="5e8c6165-d671-3962-453b-9d56b4911b3d" testName="DeepSpaceSaga.Motion.Tests.NavigationWaypointMathTests.Stationary_ship_can_turn_on_the_spot" computerName="VITA-CASTLE" duration="00:00:00.0000443" startTime="2026-09-12T23:48:27.7113501+03:00" endTime="2026-09-12T23:48:27.7113502+03:00" testType="13cdc9d9-ddb5-4fa4-a97d-d965ccfc6d4b" outcome="Passed" testListId="8c84fa94-04c1-424b-9868-57a2d4851a1d" relativeResultsDirectory="903b05c0-456c-40d5-99f8-f234e595bc41" />
    <UnitTestResult executionId="d45363c7-a6d4-45f9-8e89-69db4d6e1d18" testId="0f2b5042-d85a-c433-7b43-52d6f3381cb5" testName="DeepSpaceSaga.Motion.Tests.LinearMotionTests.Predict_moves_up_at_0_degrees" computerName="VITA-CASTLE" duration="00:00:00.0001474" startTime="2026-09-12T23:48:27.7129854+03:00" endTime="2026-09-12T23:48:27.7129854+03:00" testType="13cdc9d9-ddb5-4fa4-a97d-d965ccfc6d4b" outcome="Passed" testListId="8c84fa94-04c1-424b-9868-57a2d4851a1d" relativeResultsDirectory="d45363c7-a6d4-45f9-8e89-69db4d6e1d18" />
    <UnitTestResult executionId="14ddc698-add7-49f9-b9e3-9f71e6316b6b" testId="99d0e7a0-5812-1de4-17b5-830678adea13" testName="DeepSpaceSaga.Motion.Tests.NavigationWaypointMathTests.Ship_aimed_at_target_ahead_keeps_course" computerName="VITA-CASTLE" duration="00:00:00.0002565" startTime="2026-09-12T23:48:27.6443683+03:00" endTime="2026-09-12T23:48:27.6443683+03:00" testType="13cdc9d9-ddb5-4fa4-a97d-d965ccfc6d4b" outcome="Passed" testListId="8c84fa94-04c1-424b-9868-57a2d4851a1d" relativeResultsDirectory="14ddc698-add7-49f9-b9e3-9f71e6316b6b" />
    <UnitTestResult executionId="e99f07e7-59ef-4434-bc2b-586ac1424960" testId="5e65ef3f-b48a-2671-f394-6cc66ad9f414" testName="DeepSpaceSaga.Motion.Tests.LinearMotionTests.Predict_half_second_produces_half_distance" computerName="VITA-CASTLE" duration="00:00:00.0001358" startTime="2026-09-12T23:48:27.7129553+03:00" endTime="2026-09-12T23:48:27.7129553+03:00" testType="13cdc9d9-ddb5-4fa4-a97d-d965ccfc6d4b" outcome="Passed" testListId="8c84fa94-04c1-424b-9868-57a2d4851a1d" relativeResultsDirectory="e99f07e7-59ef-4434-bc2b-586ac1424960" />
    <UnitTestResult executionId="fabd2193-fd6e-4318-89c7-4768c3fa1365" testId="e9503138-cceb-36e7-acab-a1e417cbdbbb" testName="DeepSpaceSaga.Motion.Tests.ApproachPursuitMathTests.ExtrapolatePosition_is_a_pure_function_of_its_inputs" computerName="VITA-CASTLE" duration="00:00:00.0014187" startTime="2026-09-12T23:48:27.7136311+03:00" endTime="2026-09-12T23:48:27.7136311+03:00" testType="13cdc9d9-ddb5-4fa4-a97d-d965ccfc6d4b" outcome="Passed" testListId="8c84fa94-04c1-424b-9868-57a2d4851a1d" relativeResultsDirectory="fabd2193-fd6e-4318-89c7-4768c3fa1365" />
    <UnitTestResult executionId="1a4f2825-1458-474e-99ba-e057c1f9479b" testId="50744887-4ef9-8d06-dcf1-e7b02779ac2d" testName="DeepSpaceSaga.Motion.Tests.MotionPositionTests.Route_pose_follows_a_quarter_circle_then_continues_straight" computerName="VITA-CASTLE" duration="00:00:00.0119339" startTime="2026-09-12T23:48:27.7126759+03:00" endTime="2026-09-12T23:48:27.7126760+03:00" testType="13cdc9d9-ddb5-4fa4-a97d-d965ccfc6d4b" outcome="Passed" testListId="8c84fa94-04c1-424b-9868-57a2d4851a1d" relativeResultsDirectory="1a4f2825-1458-474e-99ba-e057c1f9479b" />
    <UnitTestResult executionId="89233a1e-20c0-4edb-badc-bd6bed04c916" testId="1d08c351-fa70-14aa-e98f-6f06f6919edd" testName="DeepSpaceSaga.Motion.Tests.LinearMotionTests.Predict_approach_fly_through_hands_off_to_live_target_instead_of_the_stale_captured_pose" computerName="VITA-CASTLE" duration="00:00:00.0026722" startTime="2026-09-12T23:48:27.7129710+03:00" endTime="2026-09-12T23:48:27.7129710+03:00" testType="13cdc9d9-ddb5-4fa4-a97d-d965ccfc6d4b" outcome="Passed" testListId="8c84fa94-04c1-424b-9868-57a2d4851a1d" relativeResultsDirectory="89233a1e-20c0-4edb-badc-bd6bed04c916" />
    <UnitTestResult executionId="a698569c-f11c-40b6-ba51-9f48255a51b0" testId="dd475b3e-b030-e6f2-ecde-75ccd461f50e" testName="DeepSpaceSaga.Motion.Tests.ApproachPursuitMathTests.Step_is_deterministic_for_identical_inputs" computerName="VITA-CASTLE" duration="00:00:00.0014457" startTime="2026-09-12T23:48:27.7138235+03:00" endTime="2026-09-12T23:48:27.7138235+03:00" testType="13cdc9d9-ddb5-4fa4-a97d-d965ccfc6d4b" outcome="Passed" testListId="8c84fa94-04c1-424b-9868-57a2d4851a1d" relativeResultsDirectory="a698569c-f11c-40b6-ba51-9f48255a51b0" />
    <UnitTestResult executionId="d7e88e6c-1a13-44d6-91e8-b8c5ca758165" testId="c6a5d8a5-6a8b-4891-23c2-3274932b7be2" testName="DeepSpaceSaga.Motion.Tests.ApproachPursuitMathTests+SolveInterceptFlyThroughPlanTests.Solve_finds_the_known_root_for_each_of_the_six_curve_types(expectedType: &quot;RSL&quot;, shipDirectionDegrees: 40.696800000000003, targetX: 10848.875099999999, targetY: 9109.7924999999996, targetDirectionDegrees: 40.452500000000001, expectedLengthUnits: 1228.8039000000001)" computerName="VITA-CASTLE" duration="00:00:00.0148052" startTime="2026-09-12T23:48:27.7123732+03:00" endTime="2026-09-12T23:48:27.7123732+03:00" testType="13cdc9d9-ddb5-4fa4-a97d-d965ccfc6d4b" outcome="Passed" testListId="8c84fa94-04c1-424b-9868-57a2d4851a1d" relativeResultsDirectory="d7e88e6c-1a13-44d6-91e8-b8c5ca758165" />
    <UnitTestResult executionId="3f28170c-aae0-4e7f-901d-5f888e0dfc79" testId="ba155bee-a5da-1ded-f9dd-2426ac67a895" testName="DeepSpaceSaga.Motion.Tests.ApproachPursuitMathTests+SolveInterceptFlyThroughPlanTests.Solve_avoids_the_type_switch_discontinuity_that_broke_the_reverted_bisection_attempt" computerName="VITA-CASTLE" duration="00:00:00.0086788" startTime="2026-09-12T23:48:27.6432661+03:00" endTime="2026-09-12T23:48:27.6432662+03:00" testType="13cdc9d9-ddb5-4fa4-a97d-d965ccfc6d4b" outcome="Passed" testListId="8c84fa94-04c1-424b-9868-57a2d4851a1d" relativeResultsDirectory="3f28170c-aae0-4e7f-901d-5f888e0dfc79" />
    <UnitTestResult executionId="b14d0c24-5052-42f4-a0e4-037b026d173e" testId="ccc95383-563b-dc3a-11d4-596851497030" testName="DeepSpaceSaga.Motion.Tests.SmokeTests.LinearMotionPredictor_is_instantiable" computerName="VITA-CASTLE" duration="00:00:00.0001009" startTime="2026-09-12T23:48:27.7130746+03:00" endTime="2026-09-12T23:48:27.7130747+03:00" testType="13cdc9d9-ddb5-4fa4-a97d-d965ccfc6d4b" outcome="Passed" testListId="8c84fa94-04c1-424b-9868-57a2d4851a1d" relativeResultsDirectory="b14d0c24-5052-42f4-a0e4-037b026d173e" />
    <UnitTestResult executionId="993cba23-d6ac-450b-860d-81f18cb0040b" testId="8f6948fb-847f-b6c0-182f-38575c794ec5" testName="DeepSpaceSaga.Motion.Tests.NavigationWaypointMathTests.Step_is_deterministic_for_identical_inputs" computerName="VITA-CASTLE" duration="00:00:00.0017203" startTime="2026-09-12T23:48:27.7113958+03:00" endTime="2026-09-12T23:48:27.7113958+03:00" testType="13cdc9d9-ddb5-4fa4-a97d-d965ccfc6d4b" outcome="Passed" testListId="8c84fa94-04c1-424b-9868-57a2d4851a1d" relativeResultsDirectory="993cba23-d6ac-450b-860d-81f18cb0040b" />
    <UnitTestResult executionId="db67ee22-379c-4f04-9bc8-d662632137bd" testId="d5d1f129-0ce4-b997-cb2e-cd109390e8a9" testName="DeepSpaceSaga.Motion.Tests.LinearMotionTests.Predict_moves_down_at_180_degrees" computerName="VITA-CASTLE" duration="00:00:00.0001009" startTime="2026-09-12T23:48:27.7130130+03:00" endTime="2026-09-12T23:48:27.7130131+03:00" testType="13cdc9d9-ddb5-4fa4-a97d-d965ccfc6d4b" outcome="Passed" testListId="8c84fa94-04c1-424b-9868-57a2d4851a1d" relativeResultsDirectory="db67ee22-379c-4f04-9bc8-d662632137bd" />
    <UnitTestResult executionId="f20d8ff0-4d85-41e1-b0b8-98e6b2e18896" testId="ce49ee46-386a-cf63-bc9e-5f5f0d4bcec8" testName="DeepSpaceSaga.Motion.Tests.NavigationWaypointMathTests.Staged_approach_keeps_turning_inside_turn_radius" computerName="VITA-CASTLE" duration="00:00:00.0010640" startTime="2026-09-12T23:48:27.7112043+03:00" endTime="2026-09-12T23:48:27.7112043+03:00" testType="13cdc9d9-ddb5-4fa4-a97d-d965ccfc6d4b" outcome="Passed" testListId="8c84fa94-04c1-424b-9868-57a2d4851a1d" relativeResultsDirectory="f20d8ff0-4d85-41e1-b0b8-98e6b2e18896" />
    <UnitTestResult executionId="a131cbef-21bc-483f-aa17-98474c6548fe" testId="0b80b010-34c2-ab1b-5489-825078af2f58" testName="DeepSpaceSaga.Motion.Tests.MotionPositionTests.Position_fast_path_rejects_turning_and_navigation_states" computerName="VITA-CASTLE" duration="00:00:00.0001984" startTime="2026-09-12T23:48:27.7127391+03:00" endTime="2026-09-12T23:48:27.7127392+03:00" testType="13cdc9d9-ddb5-4fa4-a97d-d965ccfc6d4b" outcome="Passed" testListId="8c84fa94-04c1-424b-9868-57a2d4851a1d" relativeResultsDirectory="a131cbef-21bc-483f-aa17-98474c6548fe" />
    <UnitTestResult executionId="c313b7f7-d3ef-4eeb-8074-00bc45da0c27" testId="085851b1-73ae-2c8a-0cef-55456ef9aa60" testName="DeepSpaceSaga.Motion.Tests.ApproachPursuitMathTests.Default_asteroid_pose_uses_one_right_straight_right_tail_entry" computerName="VITA-CASTLE" duration="00:00:00.0000660" startTime="2026-09-12T23:48:27.7133341+03:00" endTime="2026-09-12T23:48:27.7133341+03:00" testType="13cdc9d9-ddb5-4fa4-a97d-d965ccfc6d4b" outcome="Passed" testListId="8c84fa94-04c1-424b-9868-57a2d4851a1d" relativeResultsDirectory="c313b7f7-d3ef-4eeb-8074-00bc45da0c27" />
    <UnitTestResult executionId="743eda2d-c115-4dfe-b5e6-b1d64e1ea66c" testId="2dc15362-29c7-e2ff-470f-ad2a520a323e" testName="DeepSpaceSaga.Motion.Tests.ApproachLineCaptureTests.Coincident_trailing_slot_with_opposite_heading_still_gets_a_rendezvous" computerName="VITA-CASTLE" duration="00:00:00.0007354" startTime="2026-09-12T23:48:28.0307604+03:00" endTime="2026-09-12T23:48:28.0307605+03:00" testType="13cdc9d9-ddb5-4fa4-a97d-d965ccfc6d4b" outcome="Passed" testListId="8c84fa94-04c1-424b-9868-57a2d4851a1d" relativeResultsDirectory="743eda2d-c115-4dfe-b5e6-b1d64e1ea66c" />
    <UnitTestResult executionId="fcb357cd-19d2-4fd6-8295-85191a941a6f" testId="4213e10c-4263-d821-60ab-4455866ab325" testName="DeepSpaceSaga.Motion.Tests.ApproachPursuitMathTests.Locked_course_holds_heading_instead_of_rederiving_a_near_identical_bearing" computerName="VITA-CASTLE" duration="00:00:00.0003261" startTime="2026-09-12T23:48:27.7132456+03:00" endTime="2026-09-12T23:48:27.7132457+03:00" testType="13cdc9d9-ddb5-4fa4-a97d-d965ccfc6d4b" outcome="Passed" testListId="8c84fa94-04c1-424b-9868-57a2d4851a1d" relativeResultsDirectory="fcb357cd-19d2-4fd6-8295-85191a941a6f" />
    <UnitTestResult executionId="12b6f547-5556-44fe-bc27-a6b3963edad2" testId="b8c9da02-50a5-e896-730c-4a8d352cfe94" testName="DeepSpaceSaga.Motion.Tests.ApproachPursuitMathTests.Step_converges_without_wide_looping_for_a_badly_misaligned_moving_ship" computerName="VITA-CASTLE" duration="00:00:00.0005671" startTime="2026-09-12T23:48:27.7132618+03:00" endTime="2026-09-12T23:48:27.7132619+03:00" testType="13cdc9d9-ddb5-4fa4-a97d-d965ccfc6d4b" outcome="Passed" testListId="8c84fa94-04c1-424b-9868-57a2d4851a1d" relativeResultsDirectory="12b6f547-5556-44fe-bc27-a6b3963edad2" />
    <UnitTestResult executionId="08c7e350-53db-461e-a92d-aa6c6d52aeb7" testId="190dc1ce-a33e-0bd0-196c-84c3af136c32" testName="DeepSpaceSaga.Motion.Tests.ApproachPursuitMathTests+SolveInterceptFlyThroughPlanTests.Solve_handles_head_on_courses_without_nan_or_exception" computerName="VITA-CASTLE" duration="00:00:00.0003789" startTime="2026-09-12T23:48:27.7124167+03:00" endTime="2026-09-12T23:48:27.7124168+03:00" testType="13cdc9d9-ddb5-4fa4-a97d-d965ccfc6d4b" outcome="Passed" testListId="8c84fa94-04c1-424b-9868-57a2d4851a1d" relativeResultsDirectory="08c7e350-53db-461e-a92d-aa6c6d52aeb7" />
    <UnitTestResult executionId="2f9ace16-058a-407d-82b5-c9af54b99d32" testId="698d056e-b435-3f83-8851-4d416610679d" testName="DeepSpaceSaga.Motion.Tests.MotionPositionTests.Linear_coordinates_equal_snapshot_prediction(time: 0)" computerName="VITA-CASTLE" duration="00:00:00.0000765" startTime="2026-09-12T23:48:27.7127246+03:00" endTime="2026-09-12T23:48:27.7127247+03:00" testType="13cdc9d9-ddb5-4fa4-a97d-d965ccfc6d4b" outcome="Passed" testListId="8c84fa94-04c1-424b-9868-57a2d4851a1d" relativeResultsDirectory="2f9ace16-058a-407d-82b5-c9af54b99d32" />
    <UnitTestResult executionId="ec847710-c096-4e89-8312-ae8f2c0fab5a" testId="fb18fa58-a601-9a5c-1e9a-f5e07e9c2483" testName="DeepSpaceSaga.Motion.Tests.ApproachPursuitMathTests.ComputeAimPoint_returns_target_position_when_target_is_genuinely_stationary" computerName="VITA-CASTLE" duration="00:00:00.0000469" startTime="2026-09-12T23:48:27.7132901+03:00" endTime="2026-09-12T23:48:27.7132902+03:00" testType="13cdc9d9-ddb5-4fa4-a97d-d965ccfc6d4b" outcome="Passed" testListId="8c84fa94-04c1-424b-9868-57a2d4851a1d" relativeResultsDirectory="ec847710-c096-4e89-8312-ae8f2c0fab5a" />
    <UnitTestResult executionId="948bc1a3-8c75-4892-80f3-d6c154abd797" testId="2616eb50-afff-6500-07d6-43d8fe002d44" testName="DeepSpaceSaga.Motion.Tests.ApproachLineCaptureTests.Every_route_finishes_on_the_live_aft_ray_at_unchanged_speed(targetSpeed: 5)" computerName="VITA-CASTLE" duration="00:00:00.1215964" startTime="2026-09-12T23:48:27.9232090+03:00" endTime="2026-09-12T23:48:27.9232096+03:00" testType="13cdc9d9-ddb5-4fa4-a97d-d965ccfc6d4b" outcome="Passed" testListId="8c84fa94-04c1-424b-9868-57a2d4851a1d" relativeResultsDirectory="948bc1a3-8c75-4892-80f3-d6c154abd797" />
    <UnitTestResult executionId="6d0dd36d-15fc-4b21-8389-4c3a4ff51254" testId="9acfc482-aaf9-4518-fc7e-64c813eda25b" testName="DeepSpaceSaga.Motion.Tests.ApproachPursuitMathTests.ComputeAimPoint_applies_full_trailing_offset_for_a_slow_but_genuinely_moving_target" computerName="VITA-CASTLE" duration="00:00:00.0000684" startTime="2026-09-12T23:48:27.7136164+03:00" endTime="2026-09-12T23:48:27.7136164+03:00" testType="13cdc9d9-ddb5-4fa4-a97d-d965ccfc6d4b" outcome="Passed" testListId="8c84fa94-04c1-424b-9868-57a2d4851a1d" relativeResultsDirectory="6d0dd36d-15fc-4b21-8389-4c3a4ff51254" />
    <UnitTestResult executionId="237bba2b-1635-4048-85a2-9d6fc2bf7e3d" testId="f14ee023-633f-379e-fb09-bd042bad71ce" testName="DeepSpaceSaga.Motion.Tests.ApproachPursuitMathTests.ComputeAimPoint_handles_diagonal_heading" computerName="VITA-CASTLE" duration="00:00:00.0000582" startTime="2026-09-12T23:48:27.7132764+03:00" endTime="2026-09-12T23:48:27.7132765+03:00" testType="13cdc9d9-ddb5-4fa4-a97d-d965ccfc6d4b" outcome="Passed" testListId="8c84fa94-04c1-424b-9868-57a2d4851a1d" relativeResultsDirectory="237bba2b-1635-4048-85a2-9d6fc2bf7e3d" />
    <UnitTestResult executionId="1cacdfbb-ed78-43c1-b3f0-1d9a7fe2e159" testId="e5a083df-bc75-1c72-d381-4c5b13474268" testName="DeepSpaceSaga.Motion.Tests.ApproachPursuitMathTests.Ship_within_arrival_tolerance_of_aim_point_has_arrived" computerName="VITA-CASTLE" duration="00:00:00.0000382" startTime="2026-09-12T23:48:27.7138681+03:00" endTime="2026-09-12T23:48:27.7138682+03:00" testType="13cdc9d9-ddb5-4fa4-a97d-d965ccfc6d4b" outcome="Passed" testListId="8c84fa94-04c1-424b-9868-57a2d4851a1d" relativeResultsDirectory="1cacdfbb-ed78-43c1-b3f0-1d9a7fe2e159" />
    <UnitTestResult executionId="67dbecc3-64f7-4bd3-b3e1-b7aaff1cf11c" testId="0a47f2b5-103e-b043-9f39-8dad3d6cae9c" testName="DeepSpaceSaga.Motion.Tests.ApproachPursuitMathTests+SolveInterceptFlyThroughPlanTests.Solve_returns_no_intercept_when_ship_is_not_faster_than_target" computerName="VITA-CASTLE" duration="00:00:00.0000809" startTime="2026-09-12T23:48:27.7126537+03:00" endTime="2026-09-12T23:48:27.7126538+03:00" testType="13cdc9d9-ddb5-4fa4-a97d-d965ccfc6d4b" outcome="Passed" testListId="8c84fa94-04c1-424b-9868-57a2d4851a1d" relativeResultsDirectory="67dbecc3-64f7-4bd3-b3e1-b7aaff1cf11c" />
  </Results>
  <TestDefinitions>
    <UnitTest name="DeepSpaceSaga.Motion.Tests.NavigationWaypointMathTests.Turn_direction_follows_bearing_sign" storage="d:\deepspacesaga\dss\tests\deepspacesaga.motion.tests\bin\debug\net8.0\deepspacesaga.motion.tests.dll" id="d1d88086-8f04-e650-550f-0c1c987e0307">
      <Execution id="c6a63abd-4275-4802-98a8-b2a6c94dcc15" />
      <TestMethod codeBase="D:\DeepSpaceSaga\DSS\tests\DeepSpaceSaga.Motion.Tests\bin\Debug\net8.0\DeepSpaceSaga.Motion.Tests.dll" adapterTypeName="executor://xunit/VsTestRunner2/netcoreapp" className="DeepSpaceSaga.Motion.Tests.NavigationWaypointMathTests" name="Turn_direction_follows_bearing_sign" />
    </UnitTest>
    <UnitTest name="DeepSpaceSaga.Motion.Tests.ApproachPursuitMathTests+SolveInterceptFlyThroughPlanTests.Solve_returns_no_intercept_for_a_stationary_ship_or_zero_inertia" storage="d:\deepspacesaga\dss\tests\deepspacesaga.motion.tests\bin\debug\net8.0\deepspacesaga.motion.tests.dll" id="f21dc4d1-12db-650f-f159-6b006494754f">
      <Execution id="3c6356bf-2f35-4e8d-90e9-58ca7ca31c3e" />
      <TestMethod codeBase="D:\DeepSpaceSaga\DSS\tests\DeepSpaceSaga.Motion.Tests\bin\Debug\net8.0\DeepSpaceSaga.Motion.Tests.dll" adapterTypeName="executor://xunit/VsTestRunner2/netcoreapp" className="DeepSpaceSaga.Motion.Tests.ApproachPursuitMathTests+SolveInterceptFlyThroughPlanTests" name="Solve_returns_no_intercept_for_a_stationary_ship_or_zero_inertia" />
    </UnitTest>
    <UnitTest name="DeepSpaceSaga.Motion.Tests.ApproachLineCaptureTests.Every_route_finishes_on_the_live_aft_ray_at_unchanged_speed(targetSpeed: 0)" storage="d:\deepspacesaga\dss\tests\deepspacesaga.motion.tests\bin\debug\net8.0\deepspacesaga.motion.tests.dll" id="f28664fa-e940-2a5b-41e7-63a4515de5fd">
      <Execution id="f5de4ab5-c71e-4f48-aa17-68f9a029458f" />
      <TestMethod codeBase="D:\DeepSpaceSaga\DSS\tests\DeepSpaceSaga.Motion.Tests\bin\Debug\net8.0\DeepSpaceSaga.Motion.Tests.dll" adapterTypeName="executor://xunit/VsTestRunner2/netcoreapp" className="DeepSpaceSaga.Motion.Tests.ApproachLineCaptureTests" name="Every_route_finishes_on_the_live_aft_ray_at_unchanged_speed" />
    </UnitTest>
    <UnitTest name="DeepSpaceSaga.Motion.Tests.NavigationWaypointMathTests.Target_far_side_r_above_R_turns_by_step" storage="d:\deepspacesaga\dss\tests\deepspacesaga.motion.tests\bin\debug\net8.0\deepspacesaga.motion.tests.dll" id="d5ba790e-be4c-8a29-02d1-02eb19f3c0ac">
      <Execution id="f91b0bcb-bc4c-47cb-87b4-607f8d96bb21" />
      <TestMethod codeBase="D:\DeepSpaceSaga\DSS\tests\DeepSpaceSaga.Motion.Tests\bin\Debug\net8.0\DeepSpaceSaga.Motion.Tests.dll" adapterTypeName="executor://xunit/VsTestRunner2/netcoreapp" className="DeepSpaceSaga.Motion.Tests.NavigationWaypointMathTests" name="Target_far_side_r_above_R_turns_by_step" />
    </UnitTest>
    <UnitTest name="DeepSpaceSaga.Motion.Tests.NavigationWaypointMathTests.Zero_angular_inertia_never_turns" storage="d:\deepspacesaga\dss\tests\deepspacesaga.motion.tests\bin\debug\net8.0\deepspacesaga.motion.tests.dll" id="75c98cf5-4b04-c5a6-4655-9a8a23b0be00">
      <Execution id="aca979aa-3b4d-4277-b9b3-1f08e8738e4b" />
      <TestMethod codeBase="D:\DeepSpaceSaga\DSS\tests\DeepSpaceSaga.Motion.Tests\bin\Debug\net8.0\DeepSpaceSaga.Motion.Tests.dll" adapterTypeName="executor://xunit/VsTestRunner2/netcoreapp" className="DeepSpaceSaga.Motion.Tests.NavigationWaypointMathTests" name="Zero_angular_inertia_never_turns" />
    </UnitTest>
    <UnitTest name="DeepSpaceSaga.Motion.Tests.ApproachPursuitMathTests+SolveInterceptFlyThroughPlanTests.Solve_finds_the_known_root_for_each_of_the_six_curve_types(expectedType: &quot;RLR&quot;, shipDirectionDegrees: 124.00149999999999, targetX: 10193.502200000001, targetY: 9654.7474000000002, targetDirectionDegrees: 101.286, expectedLengthUnits: 604.4212)" storage="d:\deepspacesaga\dss\tests\deepspacesaga.motion.tests\bin\debug\net8.0\deepspacesaga.motion.tests.dll" id="997d2b09-6754-0d36-ba2c-29f27b9c5aa6">
      <Execution id="9449e7a4-f1cc-49bc-bc6f-9d5fd3fe6c8c" />
      <TestMethod codeBase="D:\DeepSpaceSaga\DSS\tests\DeepSpaceSaga.Motion.Tests\bin\Debug\net8.0\DeepSpaceSaga.Motion.Tests.dll" adapterTypeName="executor://xunit/VsTestRunner2/netcoreapp" className="DeepSpaceSaga.Motion.Tests.ApproachPursuitMathTests+SolveInterceptFlyThroughPlanTests" name="Solve_finds_the_known_root_for_each_of_the_six_curve_types" />
    </UnitTest>
    <UnitTest name="DeepSpaceSaga.Motion.Tests.ApproachPursuitMathTests.ExtrapolatePosition_is_a_pure_function_of_its_inputs" storage="d:\deepspacesaga\dss\tests\deepspacesaga.motion.tests\bin\debug\net8.0\deepspacesaga.motion.tests.dll" id="e9503138-cceb-36e7-acab-a1e417cbdbbb">
      <Execution id="fabd2193-fd6e-4318-89c7-4768c3fa1365" />
      <TestMethod codeBase="D:\DeepSpaceSaga\DSS\tests\DeepSpaceSaga.Motion.Tests\bin\Debug\net8.0\DeepSpaceSaga.Motion.Tests.dll" adapterTypeName="executor://xunit/VsTestRunner2/netcoreapp" className="DeepSpaceSaga.Motion.Tests.ApproachPursuitMathTests" name="ExtrapolatePosition_is_a_pure_function_of_its_inputs" />
    </UnitTest>
    <UnitTest name="DeepSpaceSaga.Motion.Tests.ApproachPursuitMathTests.Step_aims_directly_at_a_genuinely_stationary_target_not_a_meaningless_direction_offset" storage="d:\deepspacesaga\dss\tests\deepspacesaga.motion.tests\bin\debug\net8.0\deepspacesaga.motion.tests.dll" id="a0bd5939-bae0-c079-4d32-d1003fc47ff6">
      <Execution id="ef6807ba-efbc-4aaf-94fb-f699efa20d32" />
      <TestMethod codeBase="D:\DeepSpaceSaga\DSS\tests\DeepSpaceSaga.Motion.Tests\bin\Debug\net8.0\DeepSpaceSaga.Motion.Tests.dll" adapterTypeName="executor://xunit/VsTestRunner2/netcoreapp" className="DeepSpaceSaga.Motion.Tests.ApproachPursuitMathTests" name="Step_aims_directly_at_a_genuinely_stationary_target_not_a_meaningless_direction_offset" />
    </UnitTest>
    <UnitTest name="DeepSpaceSaga.Motion.Tests.ApproachLineCaptureTests.Partial_arc_prediction_is_composable_and_respects_turn_and_speed_limits" storage="d:\deepspacesaga\dss\tests\deepspacesaga.motion.tests\bin\debug\net8.0\deepspacesaga.motion.tests.dll" id="7959c867-71fe-c40d-a3c3-8f5d64d65c9f">
      <Execution id="f0b7b75f-7922-4215-abd3-11868adbc6a2" />
      <TestMethod codeBase="D:\DeepSpaceSaga\DSS\tests\DeepSpaceSaga.Motion.Tests\bin\Debug\net8.0\DeepSpaceSaga.Motion.Tests.dll" adapterTypeName="executor://xunit/VsTestRunner2/netcoreapp" className="DeepSpaceSaga.Motion.Tests.ApproachLineCaptureTests" name="Partial_arc_prediction_is_composable_and_respects_turn_and_speed_limits" />
    </UnitTest>
    <UnitTest name="DeepSpaceSaga.Motion.Tests.ApproachPursuitMathTests.ExtrapolatePosition_advances_by_constant_velocity" storage="d:\deepspacesaga\dss\tests\deepspacesaga.motion.tests\bin\debug\net8.0\deepspacesaga.motion.tests.dll" id="b2cc3ff1-18af-0957-dd13-83b2716b79da">
      <Execution id="a46c004d-5adf-48af-adf6-af6b59573cf9" />
      <TestMethod codeBase="D:\DeepSpaceSaga\DSS\tests\DeepSpaceSaga.Motion.Tests\bin\Debug\net8.0\DeepSpaceSaga.Motion.Tests.dll" adapterTypeName="executor://xunit/VsTestRunner2/netcoreapp" className="DeepSpaceSaga.Motion.Tests.ApproachPursuitMathTests" name="ExtrapolatePosition_advances_by_constant_velocity" />
    </UnitTest>
    <UnitTest name="DeepSpaceSaga.Motion.Tests.ApproachPursuitMathTests.ComputeAimPoint_returns_target_position_when_target_is_genuinely_stationary" storage="d:\deepspacesaga\dss\tests\deepspacesaga.motion.tests\bin\debug\net8.0\deepspacesaga.motion.tests.dll" id="fb18fa58-a601-9a5c-1e9a-f5e07e9c2483">
      <Execution id="ec847710-c096-4e89-8312-ae8f2c0fab5a" />
      <TestMethod codeBase="D:\DeepSpaceSaga\DSS\tests\DeepSpaceSaga.Motion.Tests\bin\Debug\net8.0\DeepSpaceSaga.Motion.Tests.dll" adapterTypeName="executor://xunit/VsTestRunner2/netcoreapp" className="DeepSpaceSaga.Motion.Tests.ApproachPursuitMathTests" name="ComputeAimPoint_returns_target_position_when_target_is_genuinely_stationary" />
    </UnitTest>
    <UnitTest name="DeepSpaceSaga.Motion.Tests.LinearMotionTests.Predict_with_discrete_turn_steps_matches_engine_cycle_timing" storage="d:\deepspacesaga\dss\tests\deepspacesaga.motion.tests\bin\debug\net8.0\deepspacesaga.motion.tests.dll" id="fe4e94c2-8b19-b31e-5b5c-b626ff66ff14">
      <Execution id="eed92d50-3bc1-41f5-af4d-be40fd51ee02" />
      <TestMethod codeBase="D:\DeepSpaceSaga\DSS\tests\DeepSpaceSaga.Motion.Tests\bin\Debug\net8.0\DeepSpaceSaga.Motion.Tests.dll" adapterTypeName="executor://xunit/VsTestRunner2/netcoreapp" className="DeepSpaceSaga.Motion.Tests.LinearMotionTests" name="Predict_with_discrete_turn_steps_matches_engine_cycle_timing" />
    </UnitTest>
    <UnitTest name="DeepSpaceSaga.Motion.Tests.ApproachPursuitMathTests.Ship_within_arrival_tolerance_of_aim_point_has_arrived" storage="d:\deepspacesaga\dss\tests\deepspacesaga.motion.tests\bin\debug\net8.0\deepspacesaga.motion.tests.dll" id="e5a083df-bc75-1c72-d381-4c5b13474268">
      <Execution id="1cacdfbb-ed78-43c1-b3f0-1d9a7fe2e159" />
      <TestMethod codeBase="D:\DeepSpaceSaga\DSS\tests\DeepSpaceSaga.Motion.Tests\bin\Debug\net8.0\DeepSpaceSaga.Motion.Tests.dll" adapterTypeName="executor://xunit/VsTestRunner2/netcoreapp" className="DeepSpaceSaga.Motion.Tests.ApproachPursuitMathTests" name="Ship_within_arrival_tolerance_of_aim_point_has_arrived" />
    </UnitTest>
    <UnitTest name="DeepSpaceSaga.Motion.Tests.ApproachPursuitMathTests.Segment_closest_approach_catches_fast_pass_through_that_endpoint_sampling_would_miss" storage="d:\deepspacesaga\dss\tests\deepspacesaga.motion.tests\bin\debug\net8.0\deepspacesaga.motion.tests.dll" id="237040ae-f254-d4bc-2c7f-27f5ccf38c95">
      <Execution id="f40ff238-e80e-492f-90c0-a80a53979224" />
      <TestMethod codeBase="D:\DeepSpaceSaga\DSS\tests\DeepSpaceSaga.Motion.Tests\bin\Debug\net8.0\DeepSpaceSaga.Motion.Tests.dll" adapterTypeName="executor://xunit/VsTestRunner2/netcoreapp" className="DeepSpaceSaga.Motion.Tests.ApproachPursuitMathTests" name="Segment_closest_approach_catches_fast_pass_through_that_endpoint_sampling_would_miss" />
    </UnitTest>
    <UnitTest name="DeepSpaceSaga.Motion.Tests.LinearMotionTests.Predict_with_zero_elapsed_returns_same_position" storage="d:\deepspacesaga\dss\tests\deepspacesaga.motion.tests\bin\debug\net8.0\deepspacesaga.motion.tests.dll" id="2c456cff-5637-92b9-1255-4afa8f3120a3">
      <Execution id="a51dfed8-3328-4703-b349-a8b933db44a6" />
      <TestMethod codeBase="D:\DeepSpaceSaga\DSS\tests\DeepSpaceSaga.Motion.Tests\bin\Debug\net8.0\DeepSpaceSaga.Motion.Tests.dll" adapterTypeName="executor://xunit/VsTestRunner2/netcoreapp" className="DeepSpaceSaga.Motion.Tests.LinearMotionTests" name="Predict_with_zero_elapsed_returns_same_position" />
    </UnitTest>
    <UnitTest name="DeepSpaceSaga.Motion.Tests.ApproachPursuitMathTests.Fly_through_plan_finishes_with_exact_target_direction" storage="d:\deepspacesaga\dss\tests\deepspacesaga.motion.tests\bin\debug\net8.0\deepspacesaga.motion.tests.dll" id="3601a241-c81d-1b68-370f-2efa96100c20">
      <Execution id="8726fb19-5dba-431d-ae58-d1f253bb0d09" />
      <TestMethod codeBase="D:\DeepSpaceSaga\DSS\tests\DeepSpaceSaga.Motion.Tests\bin\Debug\net8.0\DeepSpaceSaga.Motion.Tests.dll" adapterTypeName="executor://xunit/VsTestRunner2/netcoreapp" className="DeepSpaceSaga.Motion.Tests.ApproachPursuitMathTests" name="Fly_through_plan_finishes_with_exact_target_direction" />
    </UnitTest>
    <UnitTest name="DeepSpaceSaga.Motion.Tests.SmokeTests.LinearMotionPredictor_is_instantiable" storage="d:\deepspacesaga\dss\tests\deepspacesaga.motion.tests\bin\debug\net8.0\deepspacesaga.motion.tests.dll" id="ccc95383-563b-dc3a-11d4-596851497030">
      <Execution id="b14d0c24-5052-42f4-a0e4-037b026d173e" />
      <TestMethod codeBase="D:\DeepSpaceSaga\DSS\tests\DeepSpaceSaga.Motion.Tests\bin\Debug\net8.0\DeepSpaceSaga.Motion.Tests.dll" adapterTypeName="executor://xunit/VsTestRunner2/netcoreapp" className="DeepSpaceSaga.Motion.Tests.SmokeTests" name="LinearMotionPredictor_is_instantiable" />
    </UnitTest>
    <UnitTest name="DeepSpaceSaga.Motion.Tests.LinearMotionTests.Predict_half_second_produces_half_distance" storage="d:\deepspacesaga\dss\tests\deepspacesaga.motion.tests\bin\debug\net8.0\deepspacesaga.motion.tests.dll" id="5e65ef3f-b48a-2671-f394-6cc66ad9f414">
      <Execution id="e99f07e7-59ef-4434-bc2b-586ac1424960" />
      <TestMethod codeBase="D:\DeepSpaceSaga\DSS\tests\DeepSpaceSaga.Motion.Tests\bin\Debug\net8.0\DeepSpaceSaga.Motion.Tests.dll" adapterTypeName="executor://xunit/VsTestRunner2/netcoreapp" className="DeepSpaceSaga.Motion.Tests.LinearMotionTests" name="Predict_half_second_produces_half_distance" />
    </UnitTest>
    <UnitTest name="DeepSpaceSaga.Motion.Tests.ApproachPursuitMathTests+SolveInterceptFlyThroughPlanTests.Solve_returns_no_intercept_when_ship_is_not_faster_than_target" storage="d:\deepspacesaga\dss\tests\deepspacesaga.motion.tests\bin\debug\net8.0\deepspacesaga.motion.tests.dll" id="0a47f2b5-103e-b043-9f39-8dad3d6cae9c">
      <Execution id="67dbecc3-64f7-4bd3-b3e1-b7aaff1cf11c" />
      <TestMethod codeBase="D:\DeepSpaceSaga\DSS\tests\DeepSpaceSaga.Motion.Tests\bin\Debug\net8.0\DeepSpaceSaga.Motion.Tests.dll" adapterTypeName="executor://xunit/VsTestRunner2/netcoreapp" className="DeepSpaceSaga.Motion.Tests.ApproachPursuitMathTests+SolveInterceptFlyThroughPlanTests" name="Solve_returns_no_intercept_when_ship_is_not_faster_than_target" />
    </UnitTest>
    <UnitTest name="DeepSpaceSaga.Motion.Tests.ApproachPursuitMathTests+SolveInterceptFlyThroughPlanTests.Solve_avoids_the_type_switch_discontinuity_that_broke_the_reverted_bisection_attempt" storage="d:\deepspacesaga\dss\tests\deepspacesaga.motion.tests\bin\debug\net8.0\deepspacesaga.motion.tests.dll" id="ba155bee-a5da-1ded-f9dd-2426ac67a895">
      <Execution id="3f28170c-aae0-4e7f-901d-5f888e0dfc79" />
      <TestMethod codeBase="D:\DeepSpaceSaga\DSS\tests\DeepSpaceSaga.Motion.Tests\bin\Debug\net8.0\DeepSpaceSaga.Motion.Tests.dll" adapterTypeName="executor://xunit/VsTestRunner2/netcoreapp" className="DeepSpaceSaga.Motion.Tests.ApproachPursuitMathTests+SolveInterceptFlyThroughPlanTests" name="Solve_avoids_the_type_switch_discontinuity_that_broke_the_reverted_bisection_attempt" />
    </UnitTest>
    <UnitTest name="DeepSpaceSaga.Motion.Tests.ApproachPursuitMathTests+SolveInterceptFlyThroughPlanTests.Solve_handles_a_target_almost_at_the_ships_position_without_nan_or_exception" storage="d:\deepspacesaga\dss\tests\deepspacesaga.motion.tests\bin\debug\net8.0\deepspacesaga.motion.tests.dll" id="492229c1-1043-fd1a-1ef9-f1594ba5a696">
      <Execution id="a37f8491-e208-407d-8599-7d7588525c90" />
      <TestMethod codeBase="D:\DeepSpaceSaga\DSS\tests\DeepSpaceSaga.Motion.Tests\bin\Debug\net8.0\DeepSpaceSaga.Motion.Tests.dll" adapterTypeName="executor://xunit/VsTestRunner2/netcoreapp" className="DeepSpaceSaga.Motion.Tests.ApproachPursuitMathTests+SolveInterceptFlyThroughPlanTests" name="Solve_handles_a_target_almost_at_the_ships_position_without_nan_or_exception" />
    </UnitTest>
    <UnitTest name="DeepSpaceSaga.Motion.Tests.ApproachPursuitMathTests.Locked_course_detects_aim_point_fallen_behind_the_ship_even_outside_arrival_tolerance" storage="d:\deepspacesaga\dss\tests\deepspacesaga.motion.tests\bin\debug\net8.0\deepspacesaga.motion.tests.dll" id="afa56053-d362-200c-2f3b-0dfcb5f0651c">
      <Execution id="ce0e475e-d715-44e3-97ad-16e836c669f3" />
      <TestMethod codeBase="D:\DeepSpaceSaga\DSS\tests\DeepSpaceSaga.Motion.Tests\bin\Debug\net8.0\DeepSpaceSaga.Motion.Tests.dll" adapterTypeName="executor://xunit/VsTestRunner2/netcoreapp" className="DeepSpaceSaga.Motion.Tests.ApproachPursuitMathTests" name="Locked_course_detects_aim_point_fallen_behind_the_ship_even_outside_arrival_tolerance" />
    </UnitTest>
    <UnitTest name="DeepSpaceSaga.Motion.Tests.ApproachPursuitMathTests+SolveInterceptFlyThroughPlanTests.Solve_finds_the_known_root_for_each_of_the_six_curve_types(expectedType: &quot;LSR&quot;, shipDirectionDegrees: 37.787700000000001, targetX: 10620.6896, targetY: 9084.4096000000009, targetDirectionDegrees: 37.126199999999997, expectedLengthUnits: 1104.7054000000001)" storage="d:\deepspacesaga\dss\tests\deepspacesaga.motion.tests\bin\debug\net8.0\deepspacesaga.motion.tests.dll" id="d918094d-423c-75dd-32e3-adf21f086956">
      <Execution id="610adbe2-884d-441f-8285-ec73f3d78201" />
      <TestMethod codeBase="D:\DeepSpaceSaga\DSS\tests\DeepSpaceSaga.Motion.Tests\bin\Debug\net8.0\DeepSpaceSaga.Motion.Tests.dll" adapterTypeName="executor://xunit/VsTestRunner2/netcoreapp" className="DeepSpaceSaga.Motion.Tests.ApproachPursuitMathTests+SolveInterceptFlyThroughPlanTests" name="Solve_finds_the_known_root_for_each_of_the_six_curve_types" />
    </UnitTest>
    <UnitTest name="DeepSpaceSaga.Motion.Tests.ApproachPursuitMathTests.Partial_turn_matches_NavigationWaypointMath_for_equivalent_inputs" storage="d:\deepspacesaga\dss\tests\deepspacesaga.motion.tests\bin\debug\net8.0\deepspacesaga.motion.tests.dll" id="19aafa4c-c17b-20d6-6cdb-c352a06000ea">
      <Execution id="e57d7964-f64e-4540-9037-63984c6e6937" />
      <TestMethod codeBase="D:\DeepSpaceSaga\DSS\tests\DeepSpaceSaga.Motion.Tests\bin\Debug\net8.0\DeepSpaceSaga.Motion.Tests.dll" adapterTypeName="executor://xunit/VsTestRunner2/netcoreapp" className="DeepSpaceSaga.Motion.Tests.ApproachPursuitMathTests" name="Partial_turn_matches_NavigationWaypointMath_for_equivalent_inputs" />
    </UnitTest>
    <UnitTest name="DeepSpaceSaga.Motion.Tests.MotionPositionTests.Linear_coordinates_equal_snapshot_prediction(time: -10000)" storage="d:\deepspacesaga\dss\tests\deepspacesaga.motion.tests\bin\debug\net8.0\deepspacesaga.motion.tests.dll" id="01388da1-2bf3-8f8d-62d6-5397330b5657">
      <Execution id="3f928110-24d7-41c8-a490-3006b3f2542d" />
      <TestMethod codeBase="D:\DeepSpaceSaga\DSS\tests\DeepSpaceSaga.Motion.Tests\bin\Debug\net8.0\DeepSpaceSaga.Motion.Tests.dll" adapterTypeName="executor://xunit/VsTestRunner2/netcoreapp" className="DeepSpaceSaga.Motion.Tests.MotionPositionTests" name="Linear_coordinates_equal_snapshot_prediction" />
    </UnitTest>
    <UnitTest name="DeepSpaceSaga.Motion.Tests.ApproachPursuitMathTests.ComputeAimPoint_trails_behind_target_along_its_heading(targetDirectionDegrees: 90, expectedX: 50, expectedY: 200)" storage="d:\deepspacesaga\dss\tests\deepspacesaga.motion.tests\bin\debug\net8.0\deepspacesaga.motion.tests.dll" id="121bffa5-14a0-d475-da90-b412816c42aa">
      <Execution id="ba2abdd2-f584-432c-aa00-79299303ecb5" />
      <TestMethod codeBase="D:\DeepSpaceSaga\DSS\tests\DeepSpaceSaga.Motion.Tests\bin\Debug\net8.0\DeepSpaceSaga.Motion.Tests.dll" adapterTypeName="executor://xunit/VsTestRunner2/netcoreapp" className="DeepSpaceSaga.Motion.Tests.ApproachPursuitMathTests" name="ComputeAimPoint_trails_behind_target_along_its_heading" />
    </UnitTest>
    <UnitTest name="DeepSpaceSaga.Motion.Tests.NavigationWaypointMathTests.Ship_that_flew_past_target_arrives" storage="d:\deepspacesaga\dss\tests\deepspacesaga.motion.tests\bin\debug\net8.0\deepspacesaga.motion.tests.dll" id="0465dec5-2954-3524-f210-3e920ae461e4">
      <Execution id="b5c8608b-5e05-4d60-8987-a0233ac0cfe2" />
      <TestMethod codeBase="D:\DeepSpaceSaga\DSS\tests\DeepSpaceSaga.Motion.Tests\bin\Debug\net8.0\DeepSpaceSaga.Motion.Tests.dll" adapterTypeName="executor://xunit/VsTestRunner2/netcoreapp" className="DeepSpaceSaga.Motion.Tests.NavigationWaypointMathTests" name="Ship_that_flew_past_target_arrives" />
    </UnitTest>
    <UnitTest name="DeepSpaceSaga.Motion.Tests.NavigationWaypointMathTests.Normalizes_non_canonical_directions" storage="d:\deepspacesaga\dss\tests\deepspacesaga.motion.tests\bin\debug\net8.0\deepspacesaga.motion.tests.dll" id="630677de-bee9-a570-78c6-8ff69e18e156">
      <Execution id="2d5818ad-94db-4702-8c60-b3cb007a187f" />
      <TestMethod codeBase="D:\DeepSpaceSaga\DSS\tests\DeepSpaceSaga.Motion.Tests\bin\Debug\net8.0\DeepSpaceSaga.Motion.Tests.dll" adapterTypeName="executor://xunit/VsTestRunner2/netcoreapp" className="DeepSpaceSaga.Motion.Tests.NavigationWaypointMathTests" name="Normalizes_non_canonical_directions" />
    </UnitTest>
    <UnitTest name="DeepSpaceSaga.Motion.Tests.ApproachPursuitMathTests.ComputeAimPoint_applies_full_trailing_offset_for_a_slow_but_genuinely_moving_target" storage="d:\deepspacesaga\dss\tests\deepspacesaga.motion.tests\bin\debug\net8.0\deepspacesaga.motion.tests.dll" id="9acfc482-aaf9-4518-fc7e-64c813eda25b">
      <Execution id="6d0dd36d-15fc-4b21-8389-4c3a4ff51254" />
      <TestMethod codeBase="D:\DeepSpaceSaga\DSS\tests\DeepSpaceSaga.Motion.Tests\bin\Debug\net8.0\DeepSpaceSaga.Motion.Tests.dll" adapterTypeName="executor://xunit/VsTestRunner2/netcoreapp" className="DeepSpaceSaga.Motion.Tests.ApproachPursuitMathTests" name="ComputeAimPoint_applies_full_trailing_offset_for_a_slow_but_genuinely_moving_target" />
    </UnitTest>
    <UnitTest name="DeepSpaceSaga.Motion.Tests.LinearMotionTests.Predict_moves_right_at_90_degrees" storage="d:\deepspacesaga\dss\tests\deepspacesaga.motion.tests\bin\debug\net8.0\deepspacesaga.motion.tests.dll" id="569ae303-9774-b211-8772-923129969230">
      <Execution id="ecd15ca7-5c30-4620-b11b-70291d5c25b3" />
      <TestMethod codeBase="D:\DeepSpaceSaga\DSS\tests\DeepSpaceSaga.Motion.Tests\bin\Debug\net8.0\DeepSpaceSaga.Motion.Tests.dll" adapterTypeName="executor://xunit/VsTestRunner2/netcoreapp" className="DeepSpaceSaga.Motion.Tests.LinearMotionTests" name="Predict_moves_right_at_90_degrees" />
    </UnitTest>
    <UnitTest name="DeepSpaceSaga.Motion.Tests.ApproachLineCaptureTests.Every_route_finishes_on_the_live_aft_ray_at_unchanged_speed(targetSpeed: 5)" storage="d:\deepspacesaga\dss\tests\deepspacesaga.motion.tests\bin\debug\net8.0\deepspacesaga.motion.tests.dll" id="2616eb50-afff-6500-07d6-43d8fe002d44">
      <Execution id="948bc1a3-8c75-4892-80f3-d6c154abd797" />
      <TestMethod codeBase="D:\DeepSpaceSaga\DSS\tests\DeepSpaceSaga.Motion.Tests\bin\Debug\net8.0\DeepSpaceSaga.Motion.Tests.dll" adapterTypeName="executor://xunit/VsTestRunner2/netcoreapp" className="DeepSpaceSaga.Motion.Tests.ApproachLineCaptureTests" name="Every_route_finishes_on_the_live_aft_ray_at_unchanged_speed" />
    </UnitTest>
    <UnitTest name="DeepSpaceSaga.Motion.Tests.ApproachPursuitMathTests.Step_converges_without_wide_looping_for_a_badly_misaligned_moving_ship" storage="d:\deepspacesaga\dss\tests\deepspacesaga.motion.tests\bin\debug\net8.0\deepspacesaga.motion.tests.dll" id="b8c9da02-50a5-e896-730c-4a8d352cfe94">
      <Execution id="12b6f547-5556-44fe-bc27-a6b3963edad2" />
      <TestMethod codeBase="D:\DeepSpaceSaga\DSS\tests\DeepSpaceSaga.Motion.Tests\bin\Debug\net8.0\DeepSpaceSaga.Motion.Tests.dll" adapterTypeName="executor://xunit/VsTestRunner2/netcoreapp" className="DeepSpaceSaga.Motion.Tests.ApproachPursuitMathTests" name="Step_converges_without_wide_looping_for_a_badly_misaligned_moving_ship" />
    </UnitTest>
    <UnitTest name="DeepSpaceSaga.Motion.Tests.ApproachPursuitMathTests.ComputeAimPoint_trails_behind_target_along_its_heading(targetDirectionDegrees: 180, expectedX: 100, expectedY: 150)" storage="d:\deepspacesaga\dss\tests\deepspacesaga.motion.tests\bin\debug\net8.0\deepspacesaga.motion.tests.dll" id="285ce347-7e85-d8d7-bf3b-318d31cd7450">
      <Execution id="22b2caec-19cb-4f3a-9e40-dfd76f301ee5" />
      <TestMethod codeBase="D:\DeepSpaceSaga\DSS\tests\DeepSpaceSaga.Motion.Tests\bin\Debug\net8.0\DeepSpaceSaga.Motion.Tests.dll" adapterTypeName="executor://xunit/VsTestRunner2/netcoreapp" className="DeepSpaceSaga.Motion.Tests.ApproachPursuitMathTests" name="ComputeAimPoint_trails_behind_target_along_its_heading" />
    </UnitTest>
    <UnitTest name="DeepSpaceSaga.Motion.Tests.MotionPositionTests.Linear_coordinates_equal_snapshot_prediction(time: 0)" storage="d:\deepspacesaga\dss\tests\deepspacesaga.motion.tests\bin\debug\net8.0\deepspacesaga.motion.tests.dll" id="698d056e-b435-3f83-8851-4d416610679d">
      <Execution id="2f9ace16-058a-407d-82b5-c9af54b99d32" />
      <TestMethod codeBase="D:\DeepSpaceSaga\DSS\tests\DeepSpaceSaga.Motion.Tests\bin\Debug\net8.0\DeepSpaceSaga.Motion.Tests.dll" adapterTypeName="executor://xunit/VsTestRunner2/netcoreapp" className="DeepSpaceSaga.Motion.Tests.MotionPositionTests" name="Linear_coordinates_equal_snapshot_prediction" />
    </UnitTest>
    <UnitTest name="DeepSpaceSaga.Motion.Tests.ApproachPursuitMathTests+SolveInterceptFlyThroughPlanTests.Solve_finds_the_known_root_for_each_of_the_six_curve_types(expectedType: &quot;LRL&quot;, shipDirectionDegrees: 211.75370000000001, targetX: 10078.9365, targetY: 10351.0098, targetDirectionDegrees: 270.38600000000002, expectedLengthUnits: 551.95619999999997)" storage="d:\deepspacesaga\dss\tests\deepspacesaga.motion.tests\bin\debug\net8.0\deepspacesaga.motion.tests.dll" id="9b364ed5-33e8-676e-a189-00de185e7992">
      <Execution id="98ff34b1-9f8c-4d2c-82e6-6362efc77be3" />
      <TestMethod codeBase="D:\DeepSpaceSaga\DSS\tests\DeepSpaceSaga.Motion.Tests\bin\Debug\net8.0\DeepSpaceSaga.Motion.Tests.dll" adapterTypeName="executor://xunit/VsTestRunner2/netcoreapp" className="DeepSpaceSaga.Motion.Tests.ApproachPursuitMathTests+SolveInterceptFlyThroughPlanTests" name="Solve_finds_the_known_root_for_each_of_the_six_curve_types" />
    </UnitTest>
    <UnitTest name="DeepSpaceSaga.Motion.Tests.MotionPositionTests.Route_pose_follows_a_quarter_circle_then_continues_straight" storage="d:\deepspacesaga\dss\tests\deepspacesaga.motion.tests\bin\debug\net8.0\deepspacesaga.motion.tests.dll" id="50744887-4ef9-8d06-dcf1-e7b02779ac2d">
      <Execution id="1a4f2825-1458-474e-99ba-e057c1f9479b" />
      <TestMethod codeBase="D:\DeepSpaceSaga\DSS\tests\DeepSpaceSaga.Motion.Tests\bin\Debug\net8.0\DeepSpaceSaga.Motion.Tests.dll" adapterTypeName="executor://xunit/VsTestRunner2/netcoreapp" className="DeepSpaceSaga.Motion.Tests.MotionPositionTests" name="Route_pose_follows_a_quarter_circle_then_continues_straight" />
    </UnitTest>
    <UnitTest name="DeepSpaceSaga.Motion.Tests.ApproachLineCaptureTests.Coincident_trailing_slot_with_opposite_heading_still_gets_a_rendezvous" storage="d:\deepspacesaga\dss\tests\deepspacesaga.motion.tests\bin\debug\net8.0\deepspacesaga.motion.tests.dll" id="2dc15362-29c7-e2ff-470f-ad2a520a323e">
      <Execution id="743eda2d-c115-4dfe-b5e6-b1d64e1ea66c" />
      <TestMethod codeBase="D:\DeepSpaceSaga\DSS\tests\DeepSpaceSaga.Motion.Tests\bin\Debug\net8.0\DeepSpaceSaga.Motion.Tests.dll" adapterTypeName="executor://xunit/VsTestRunner2/netcoreapp" className="DeepSpaceSaga.Motion.Tests.ApproachLineCaptureTests" name="Coincident_trailing_slot_with_opposite_heading_still_gets_a_rendezvous" />
    </UnitTest>
    <UnitTest name="DeepSpaceSaga.Motion.Tests.MotionPositionTests.Position_fast_path_rejects_turning_and_navigation_states" storage="d:\deepspacesaga\dss\tests\deepspacesaga.motion.tests\bin\debug\net8.0\deepspacesaga.motion.tests.dll" id="0b80b010-34c2-ab1b-5489-825078af2f58">
      <Execution id="a131cbef-21bc-483f-aa17-98474c6548fe" />
      <TestMethod codeBase="D:\DeepSpaceSaga\DSS\tests\DeepSpaceSaga.Motion.Tests\bin\Debug\net8.0\DeepSpaceSaga.Motion.Tests.dll" adapterTypeName="executor://xunit/VsTestRunner2/netcoreapp" className="DeepSpaceSaga.Motion.Tests.MotionPositionTests" name="Position_fast_path_rejects_turning_and_navigation_states" />
    </UnitTest>
    <UnitTest name="DeepSpaceSaga.Motion.Tests.LinearMotionTests.Predict_approach_fly_through_hands_off_to_live_target_instead_of_the_stale_captured_pose" storage="d:\deepspacesaga\dss\tests\deepspacesaga.motion.tests\bin\debug\net8.0\deepspacesaga.motion.tests.dll" id="1d08c351-fa70-14aa-e98f-6f06f6919edd">
      <Execution id="89233a1e-20c0-4edb-badc-bd6bed04c916" />
      <TestMethod codeBase="D:\DeepSpaceSaga\DSS\tests\DeepSpaceSaga.Motion.Tests\bin\Debug\net8.0\DeepSpaceSaga.Motion.Tests.dll" adapterTypeName="executor://xunit/VsTestRunner2/netcoreapp" className="DeepSpaceSaga.Motion.Tests.LinearMotionTests" name="Predict_approach_fly_through_hands_off_to_live_target_instead_of_the_stale_captured_pose" />
    </UnitTest>
    <UnitTest name="DeepSpaceSaga.Motion.Tests.ApproachPursuitMathTests+SolveInterceptFlyThroughPlanTests.Solve_handles_head_on_courses_without_nan_or_exception" storage="d:\deepspacesaga\dss\tests\deepspacesaga.motion.tests\bin\debug\net8.0\deepspacesaga.motion.tests.dll" id="190dc1ce-a33e-0bd0-196c-84c3af136c32">
      <Execution id="08c7e350-53db-461e-a92d-aa6c6d52aeb7" />
      <TestMethod codeBase="D:\DeepSpaceSaga\DSS\tests\DeepSpaceSaga.Motion.Tests\bin\Debug\net8.0\DeepSpaceSaga.Motion.Tests.dll" adapterTypeName="executor://xunit/VsTestRunner2/netcoreapp" className="DeepSpaceSaga.Motion.Tests.ApproachPursuitMathTests+SolveInterceptFlyThroughPlanTests" name="Solve_handles_head_on_courses_without_nan_or_exception" />
    </UnitTest>
    <UnitTest name="DeepSpaceSaga.Motion.Tests.ApproachPursuitMathTests+SolveInterceptFlyThroughPlanTests.Solve_is_deterministic_for_identical_inputs" storage="d:\deepspacesaga\dss\tests\deepspacesaga.motion.tests\bin\debug\net8.0\deepspacesaga.motion.tests.dll" id="d5c54527-537f-58dd-5af8-a126e4f380c1">
      <Execution id="9d2cf1f9-62ab-42c0-9252-f7d3b3712ef5" />
      <TestMethod codeBase="D:\DeepSpaceSaga\DSS\tests\DeepSpaceSaga.Motion.Tests\bin\Debug\net8.0\DeepSpaceSaga.Motion.Tests.dll" adapterTypeName="executor://xunit/VsTestRunner2/netcoreapp" className="DeepSpaceSaga.Motion.Tests.ApproachPursuitMathTests+SolveInterceptFlyThroughPlanTests" name="Solve_is_deterministic_for_identical_inputs" />
    </UnitTest>
    <UnitTest name="DeepSpaceSaga.Motion.Tests.ApproachPursuitMathTests+SolveInterceptFlyThroughPlanTests.Solve_finds_the_known_root_for_each_of_the_six_curve_types(expectedType: &quot;RSR&quot;, shipDirectionDegrees: 316.68520000000001, targetX: 9230.0013999999992, targetY: 9094.4951999999994, targetDirectionDegrees: 322.46910000000003, expectedLengthUnits: 1187.2998)" storage="d:\deepspacesaga\dss\tests\deepspacesaga.motion.tests\bin\debug\net8.0\deepspacesaga.motion.tests.dll" id="200742b1-eada-32b3-548d-0352f0939e41">
      <Execution id="5d0d9826-d451-4ca2-ac52-80bd35d42bbb" />
      <TestMethod codeBase="D:\DeepSpaceSaga\DSS\tests\DeepSpaceSaga.Motion.Tests\bin\Debug\net8.0\DeepSpaceSaga.Motion.Tests.dll" adapterTypeName="executor://xunit/VsTestRunner2/netcoreapp" className="DeepSpaceSaga.Motion.Tests.ApproachPursuitMathTests+SolveInterceptFlyThroughPlanTests" name="Solve_finds_the_known_root_for_each_of_the_six_curve_types" />
    </UnitTest>
    <UnitTest name="DeepSpaceSaga.Motion.Tests.ApproachLineCaptureTests.Faster_target_capture_uses_a_nearby_line_entry_instead_of_its_distant_position" storage="d:\deepspacesaga\dss\tests\deepspacesaga.motion.tests\bin\debug\net8.0\deepspacesaga.motion.tests.dll" id="eb1cf5a7-0ebb-bf05-1b53-94aa7c1c5d34">
      <Execution id="3e8c526e-9f76-4e5f-8eac-1f9df63cd84b" />
      <TestMethod codeBase="D:\DeepSpaceSaga\DSS\tests\DeepSpaceSaga.Motion.Tests\bin\Debug\net8.0\DeepSpaceSaga.Motion.Tests.dll" adapterTypeName="executor://xunit/VsTestRunner2/netcoreapp" className="DeepSpaceSaga.Motion.Tests.ApproachLineCaptureTests" name="Faster_target_capture_uses_a_nearby_line_entry_instead_of_its_distant_position" />
    </UnitTest>
    <UnitTest name="DeepSpaceSaga.Motion.Tests.ApproachPursuitMathTests+SolveInterceptFlyThroughPlanTests.Solve_finds_the_known_root_for_each_of_the_six_curve_types(expectedType: &quot;RSL&quot;, shipDirectionDegrees: 40.696800000000003, targetX: 10848.875099999999, targetY: 9109.7924999999996, targetDirectionDegrees: 40.452500000000001, expectedLengthUnits: 1228.8039000000001)" storage="d:\deepspacesaga\dss\tests\deepspacesaga.motion.tests\bin\debug\net8.0\deepspacesaga.motion.tests.dll" id="c6a5d8a5-6a8b-4891-23c2-3274932b7be2">
      <Execution id="d7e88e6c-1a13-44d6-91e8-b8c5ca758165" />
      <TestMethod codeBase="D:\DeepSpaceSaga\DSS\tests\DeepSpaceSaga.Motion.Tests\bin\Debug\net8.0\DeepSpaceSaga.Motion.Tests.dll" adapterTypeName="executor://xunit/VsTestRunner2/netcoreapp" className="DeepSpaceSaga.Motion.Tests.ApproachPursuitMathTests+SolveInterceptFlyThroughPlanTests" name="Solve_finds_the_known_root_for_each_of_the_six_curve_types" />
    </UnitTest>
    <UnitTest name="DeepSpaceSaga.Motion.Tests.NavigationWaypointMathTests.Ship_already_at_target_arrives" storage="d:\deepspacesaga\dss\tests\deepspacesaga.motion.tests\bin\debug\net8.0\deepspacesaga.motion.tests.dll" id="7fb664d4-ab63-9dbf-2e8d-edc5f7cb02d8">
      <Execution id="6de1261c-9aa0-4cf4-9da1-de6c6a53d87f" />
      <TestMethod codeBase="D:\DeepSpaceSaga\DSS\tests\DeepSpaceSaga.Motion.Tests\bin\Debug\net8.0\DeepSpaceSaga.Motion.Tests.dll" adapterTypeName="executor://xunit/VsTestRunner2/netcoreapp" className="DeepSpaceSaga.Motion.Tests.NavigationWaypointMathTests" name="Ship_already_at_target_arrives" />
    </UnitTest>
    <UnitTest name="DeepSpaceSaga.Motion.Tests.ApproachPursuitMathTests.Ship_exactly_at_aim_point_has_arrived" storage="d:\deepspacesaga\dss\tests\deepspacesaga.motion.tests\bin\debug\net8.0\deepspacesaga.motion.tests.dll" id="e4c93274-3318-4a24-7263-ed3147f41140">
      <Execution id="a9d96f1e-2370-43fa-b6fa-34bdc57ae2ee" />
      <TestMethod codeBase="D:\DeepSpaceSaga\DSS\tests\DeepSpaceSaga.Motion.Tests\bin\Debug\net8.0\DeepSpaceSaga.Motion.Tests.dll" adapterTypeName="executor://xunit/VsTestRunner2/netcoreapp" className="DeepSpaceSaga.Motion.Tests.ApproachPursuitMathTests" name="Ship_exactly_at_aim_point_has_arrived" />
    </UnitTest>
    <UnitTest name="DeepSpaceSaga.Motion.Tests.ApproachLineCaptureTests.Every_route_finishes_on_the_live_aft_ray_at_unchanged_speed(targetSpeed: 3)" storage="d:\deepspacesaga\dss\tests\deepspacesaga.motion.tests\bin\debug\net8.0\deepspacesaga.motion.tests.dll" id="17d0c785-6fb9-10f4-91ce-efe59229e3e9">
      <Execution id="d3d5ae19-3518-4036-aa6c-b09852a9acbd" />
      <TestMethod codeBase="D:\DeepSpaceSaga\DSS\tests\DeepSpaceSaga.Motion.Tests\bin\Debug\net8.0\DeepSpaceSaga.Motion.Tests.dll" adapterTypeName="executor://xunit/VsTestRunner2/netcoreapp" className="DeepSpaceSaga.Motion.Tests.ApproachLineCaptureTests" name="Every_route_finishes_on_the_live_aft_ray_at_unchanged_speed" />
    </UnitTest>
    <UnitTest name="DeepSpaceSaga.Motion.Tests.ApproachPursuitMathTests.Step_is_deterministic_for_identical_inputs" storage="d:\deepspacesaga\dss\tests\deepspacesaga.motion.tests\bin\debug\net8.0\deepspacesaga.motion.tests.dll" id="dd475b3e-b030-e6f2-ecde-75ccd461f50e">
      <Execution id="a698569c-f11c-40b6-ba51-9f48255a51b0" />
      <TestMethod codeBase="D:\DeepSpaceSaga\DSS\tests\DeepSpaceSaga.Motion.Tests\bin\Debug\net8.0\DeepSpaceSaga.Motion.Tests.dll" adapterTypeName="executor://xunit/VsTestRunner2/netcoreapp" className="DeepSpaceSaga.Motion.Tests.ApproachPursuitMathTests" name="Step_is_deterministic_for_identical_inputs" />
    </UnitTest>
    <UnitTest name="DeepSpaceSaga.Motion.Tests.NavigationWaypointMathTests.Step_is_deterministic_for_identical_inputs" storage="d:\deepspacesaga\dss\tests\deepspacesaga.motion.tests\bin\debug\net8.0\deepspacesaga.motion.tests.dll" id="8f6948fb-847f-b6c0-182f-38575c794ec5">
      <Execution id="993cba23-d6ac-450b-860d-81f18cb0040b" />
      <TestMethod codeBase="D:\DeepSpaceSaga\DSS\tests\DeepSpaceSaga.Motion.Tests\bin\Debug\net8.0\DeepSpaceSaga.Motion.Tests.dll" adapterTypeName="executor://xunit/VsTestRunner2/netcoreapp" className="DeepSpaceSaga.Motion.Tests.NavigationWaypointMathTests" name="Step_is_deterministic_for_identical_inputs" />
    </UnitTest>
    <UnitTest name="DeepSpaceSaga.Motion.Tests.LinearMotionTests.Predict_moves_up_at_0_degrees" storage="d:\deepspacesaga\dss\tests\deepspacesaga.motion.tests\bin\debug\net8.0\deepspacesaga.motion.tests.dll" id="0f2b5042-d85a-c433-7b43-52d6f3381cb5">
      <Execution id="d45363c7-a6d4-45f9-8e89-69db4d6e1d18" />
      <TestMethod codeBase="D:\DeepSpaceSaga\DSS\tests\DeepSpaceSaga.Motion.Tests\bin\Debug\net8.0\DeepSpaceSaga.Motion.Tests.dll" adapterTypeName="executor://xunit/VsTestRunner2/netcoreapp" className="DeepSpaceSaga.Motion.Tests.LinearMotionTests" name="Predict_moves_up_at_0_degrees" />
    </UnitTest>
    <UnitTest name="DeepSpaceSaga.Motion.Tests.LinearMotionTests.Predict_moves_down_at_180_degrees" storage="d:\deepspacesaga\dss\tests\deepspacesaga.motion.tests\bin\debug\net8.0\deepspacesaga.motion.tests.dll" id="d5d1f129-0ce4-b997-cb2e-cd109390e8a9">
      <Execution id="db67ee22-379c-4f04-9bc8-d662632137bd" />
      <TestMethod codeBase="D:\DeepSpaceSaga\DSS\tests\DeepSpaceSaga.Motion.Tests\bin\Debug\net8.0\DeepSpaceSaga.Motion.Tests.dll" adapterTypeName="executor://xunit/VsTestRunner2/netcoreapp" className="DeepSpaceSaga.Motion.Tests.LinearMotionTests" name="Predict_moves_down_at_180_degrees" />
    </UnitTest>
    <UnitTest name="DeepSpaceSaga.Motion.Tests.ApproachLineCaptureTests.Already_trailing_ship_does_not_start_a_loop" storage="d:\deepspacesaga\dss\tests\deepspacesaga.motion.tests\bin\debug\net8.0\deepspacesaga.motion.tests.dll" id="86570146-680d-35ae-8ff4-4eb3a5c99a58">
      <Execution id="cf675cb1-9303-42f5-b06c-eea62616f329" />
      <TestMethod codeBase="D:\DeepSpaceSaga\DSS\tests\DeepSpaceSaga.Motion.Tests\bin\Debug\net8.0\DeepSpaceSaga.Motion.Tests.dll" adapterTypeName="executor://xunit/VsTestRunner2/netcoreapp" className="DeepSpaceSaga.Motion.Tests.ApproachLineCaptureTests" name="Already_trailing_ship_does_not_start_a_loop" />
    </UnitTest>
    <UnitTest name="DeepSpaceSaga.Motion.Tests.NavigationWaypointMathTests.Ship_aimed_at_target_ahead_keeps_course" storage="d:\deepspacesaga\dss\tests\deepspacesaga.motion.tests\bin\debug\net8.0\deepspacesaga.motion.tests.dll" id="99d0e7a0-5812-1de4-17b5-830678adea13">
      <Execution id="14ddc698-add7-49f9-b9e3-9f71e6316b6b" />
      <TestMethod codeBase="D:\DeepSpaceSaga\DSS\tests\DeepSpaceSaga.Motion.Tests\bin\Debug\net8.0\DeepSpaceSaga.Motion.Tests.dll" adapterTypeName="executor://xunit/VsTestRunner2/netcoreapp" className="DeepSpaceSaga.Motion.Tests.NavigationWaypointMathTests" name="Ship_aimed_at_target_ahead_keeps_course" />
    </UnitTest>
[...]
      <Execution id="6c370878-e5b7-4da9-a4a1-019c4f4bc9f2" />
      <TestMethod codeBase="D:\DeepSpaceSaga\DSS\tests\DeepSpaceSaga.Motion.Tests\bin\Debug\net8.0\DeepSpaceSaga.Motion.Tests.dll" adapterTypeName="executor://xunit/VsTestRunner2/netcoreapp" className="DeepSpaceSaga.Motion.Tests.ApproachPursuitMathTests" name="Step_still_applies_full_trailing_offset_for_a_genuinely_moving_target" />
    </UnitTest>
    <UnitTest name="DeepSpaceSaga.Motion.Tests.ApproachPursuitMathTests.ComputeAimPoint_handles_diagonal_heading" storage="d:\deepspacesaga\dss\tests\deepspacesaga.motion.tests\bin\debug\net8.0\deepspacesaga.motion.tests.dll" id="f14ee023-633f-379e-fb09-bd042bad71ce">
      <Execution id="237bba2b-1635-4048-85a2-9d6fc2bf7e3d" />
      <TestMethod codeBase="D:\DeepSpaceSaga\DSS\tests\DeepSpaceSaga.Motion.Tests\bin\Debug\net8.0\DeepSpaceSaga.Motion.Tests.dll" adapterTypeName="executor://xunit/VsTestRunner2/netcoreapp" className="DeepSpaceSaga.Motion.Tests.ApproachPursuitMathTests" name="ComputeAimPoint_handles_diagonal_heading" />
    </UnitTest>
    <UnitTest name="DeepSpaceSaga.Motion.Tests.ApproachPursuitMathTests.Large_heading_change_is_clamped_to_turn_step" storage="d:\deepspacesaga\dss\tests\deepspacesaga.motion.tests\bin\debug\net8.0\deepspacesaga.motion.tests.dll" id="b3d478bc-2683-7341-b0c5-4fd8fcae16b6">
      <Execution id="eac1ba18-0b31-41ad-9872-ba5700d6314d" />
      <TestMethod codeBase="D:\DeepSpaceSaga\DSS\tests\DeepSpaceSaga.Motion.Tests\bin\Debug\net8.0\DeepSpaceSaga.Motion.Tests.dll" adapterTypeName="executor://xunit/VsTestRunner2/netcoreapp" className="DeepSpaceSaga.Motion.Tests.ApproachPursuitMathTests" name="Large_heading_change_is_clamped_to_turn_step" />
    </UnitTest>
    <UnitTest name="DeepSpaceSaga.Motion.Tests.ApproachPursuitMathTests.Default_asteroid_pose_uses_one_right_straight_right_tail_entry" storage="d:\deepspacesaga\dss\tests\deepspacesaga.motion.tests\bin\debug\net8.0\deepspacesaga.motion.tests.dll" id="085851b1-73ae-2c8a-0cef-55456ef9aa60">
      <Execution id="c313b7f7-d3ef-4eeb-8074-00bc45da0c27" />
      <TestMethod codeBase="D:\DeepSpaceSaga\DSS\tests\DeepSpaceSaga.Motion.Tests\bin\Debug\net8.0\DeepSpaceSaga.Motion.Tests.dll" adapterTypeName="executor://xunit/VsTestRunner2/netcoreapp" className="DeepSpaceSaga.Motion.Tests.ApproachPursuitMathTests" name="Default_asteroid_pose_uses_one_right_straight_right_tail_entry" />
    </UnitTest>
    <UnitTest name="DeepSpaceSaga.Motion.Tests.ApproachPursuitMathTests.ComputeAimPoint_trails_behind_target_along_its_heading(targetDirectionDegrees: 0, expectedX: 100, expectedY: 250)" storage="d:\deepspacesaga\dss\tests\deepspacesaga.motion.tests\bin\debug\net8.0\deepspacesaga.motion.tests.dll" id="69278487-df4d-f01d-4cc5-7ea59f59bace">
      <Execution id="876c0fb3-d979-4e3b-9ff0-4bfa0a50ba2a" />
      <TestMethod codeBase="D:\DeepSpaceSaga\DSS\tests\DeepSpaceSaga.Motion.Tests\bin\Debug\net8.0\DeepSpaceSaga.Motion.Tests.dll" adapterTypeName="executor://xunit/VsTestRunner2/netcoreapp" className="DeepSpaceSaga.Motion.Tests.ApproachPursuitMathTests" name="ComputeAimPoint_trails_behind_target_along_its_heading" />
    </UnitTest>
    <UnitTest name="DeepSpaceSaga.Motion.Tests.ApproachPursuitMathTests.Ship_far_from_aim_point_has_not_arrived" storage="d:\deepspacesaga\dss\tests\deepspacesaga.motion.tests\bin\debug\net8.0\deepspacesaga.motion.tests.dll" id="99b5474d-5f87-4b58-6806-6edc89f87523">
      <Execution id="a7908522-1d52-42aa-aca0-b0d124031688" />
      <TestMethod codeBase="D:\DeepSpaceSaga\DSS\tests\DeepSpaceSaga.Motion.Tests\bin\Debug\net8.0\DeepSpaceSaga.Motion.Tests.dll" adapterTypeName="executor://xunit/VsTestRunner2/netcoreapp" className="DeepSpaceSaga.Motion.Tests.ApproachPursuitMathTests" name="Ship_far_from_aim_point_has_not_arrived" />
    </UnitTest>
    <UnitTest name="DeepSpaceSaga.Motion.Tests.ApproachPursuitMathTests+SolveInterceptFlyThroughPlanTests.Solve_finds_the_known_root_for_each_of_the_six_curve_types(expectedType: &quot;LSL&quot;, shipDirectionDegrees: 202.00380000000001, targetX: 9660.0809000000008, targetY: 10994.0972, targetDirectionDegrees: 195.92779999999999, expectedLengthUnits: 1052.2677000000001)" storage="d:\deepspacesaga\dss\tests\deepspacesaga.motion.tests\bin\debug\net8.0\deepspacesaga.motion.tests.dll" id="52efe089-5829-11b5-f319-d5340fdf90e1">
      <Execution id="5e5f7825-cda8-4a43-a014-6cecf788d7ac" />
      <TestMethod codeBase="D:\DeepSpaceSaga\DSS\tests\DeepSpaceSaga.Motion.Tests\bin\Debug\net8.0\DeepSpaceSaga.Motion.Tests.dll" adapterTypeName="executor://xunit/VsTestRunner2/netcoreapp" className="DeepSpaceSaga.Motion.Tests.ApproachPursuitMathTests+SolveInterceptFlyThroughPlanTests" name="Solve_finds_the_known_root_for_each_of_the_six_curve_types" />
    </UnitTest>
    <UnitTest name="DeepSpaceSaga.Motion.Tests.NavigationWaypointMathTests.Stationary_ship_can_turn_on_the_spot" storage="d:\deepspacesaga\dss\tests\deepspacesaga.motion.tests\bin\debug\net8.0\deepspacesaga.motion.tests.dll" id="5e8c6165-d671-3962-453b-9d56b4911b3d">
      <Execution id="903b05c0-456c-40d5-99f8-f234e595bc41" />
      <TestMethod codeBase="D:\DeepSpaceSaga\DSS\tests\DeepSpaceSaga.Motion.Tests\bin\Debug\net8.0\DeepSpaceSaga.Motion.Tests.dll" adapterTypeName="executor://xunit/VsTestRunner2/netcoreapp" className="DeepSpaceSaga.Motion.Tests.NavigationWaypointMathTests" name="Stationary_ship_can_turn_on_the_spot" />
    </UnitTest>
    <UnitTest name="DeepSpaceSaga.Motion.Tests.NavigationWaypointMathTests.Staged_approach_keeps_turning_inside_turn_radius" storage="d:\deepspacesaga\dss\tests\deepspacesaga.motion.tests\bin\debug\net8.0\deepspacesaga.motion.tests.dll" id="ce49ee46-386a-cf63-bc9e-5f5f0d4bcec8">
      <Execution id="f20d8ff0-4d85-41e1-b0b8-98e6b2e18896" />
      <TestMethod codeBase="D:\DeepSpaceSaga\DSS\tests\DeepSpaceSaga.Motion.Tests\bin\Debug\net8.0\DeepSpaceSaga.Motion.Tests.dll" adapterTypeName="executor://xunit/VsTestRunner2/netcoreapp" className="DeepSpaceSaga.Motion.Tests.NavigationWaypointMathTests" name="Staged_approach_keeps_turning_inside_turn_radius" />
    </UnitTest>
    <UnitTest name="DeepSpaceSaga.Motion.Tests.NavigationWaypointMathTests.Target_within_arrival_epsilon_arrives" storage="d:\deepspacesaga\dss\tests\deepspacesaga.motion.tests\bin\debug\net8.0\deepspacesaga.motion.tests.dll" id="c3c68edd-e629-ff32-f2a0-f02aebc479d4">
      <Execution id="be439a9a-c3d6-4db2-81d4-a9942013cfa6" />
      <TestMethod codeBase="D:\DeepSpaceSaga\DSS\tests\DeepSpaceSaga.Motion.Tests\bin\Debug\net8.0\DeepSpaceSaga.Motion.Tests.dll" adapterTypeName="executor://xunit/VsTestRunner2/netcoreapp" className="DeepSpaceSaga.Motion.Tests.NavigationWaypointMathTests" name="Target_within_arrival_epsilon_arrives" />
    </UnitTest>
    <UnitTest name="DeepSpaceSaga.Motion.Tests.MotionPositionTests.Linear_coordinates_equal_snapshot_prediction(time: 200000)" storage="d:\deepspacesaga\dss\tests\deepspacesaga.motion.tests\bin\debug\net8.0\deepspacesaga.motion.tests.dll" id="c3533a78-422c-70cb-6682-d49e65d06554">
      <Execution id="502bfbd3-bbb2-4590-a9eb-df603b77b167" />
      <TestMethod codeBase="D:\DeepSpaceSaga\DSS\tests\DeepSpaceSaga.Motion.Tests\bin\Debug\net8.0\DeepSpaceSaga.Motion.Tests.dll" adapterTypeName="executor://xunit/VsTestRunner2/netcoreapp" className="DeepSpaceSaga.Motion.Tests.MotionPositionTests" name="Linear_coordinates_equal_snapshot_prediction" />
    </UnitTest>
  </TestDefinitions>
  <TestEntries>
    <TestEntry testId="630677de-bee9-a570-78c6-8ff69e18e156" executionId="2d5818ad-94db-4702-8c60-b3cb007a187f" testListId="8c84fa94-04c1-424b-9868-57a2d4851a1d" />
    <TestEntry testId="75c98cf5-4b04-c5a6-4655-9a8a23b0be00" executionId="aca979aa-3b4d-4277-b9b3-1f08e8738e4b" testListId="8c84fa94-04c1-424b-9868-57a2d4851a1d" />
    <TestEntry testId="01cd5f01-87f9-76c7-a950-30f7efb856c0" executionId="6c370878-e5b7-4da9-a4a1-019c4f4bc9f2" testListId="8c84fa94-04c1-424b-9868-57a2d4851a1d" />
    <TestEntry testId="e4c93274-3318-4a24-7263-ed3147f41140" executionId="a9d96f1e-2370-43fa-b6fa-34bdc57ae2ee" testListId="8c84fa94-04c1-424b-9868-57a2d4851a1d" />
    <TestEntry testId="2c456cff-5637-92b9-1255-4afa8f3120a3" executionId="a51dfed8-3328-4703-b349-a8b933db44a6" testListId="8c84fa94-04c1-424b-9868-57a2d4851a1d" />
    <TestEntry testId="569ae303-9774-b211-8772-923129969230" executionId="ecd15ca7-5c30-4620-b11b-70291d5c25b3" testListId="8c84fa94-04c1-424b-9868-57a2d4851a1d" />
    <TestEntry testId="52efe089-5829-11b5-f319-d5340fdf90e1" executionId="5e5f7825-cda8-4a43-a014-6cecf788d7ac" testListId="8c84fa94-04c1-424b-9868-57a2d4851a1d" />
    <TestEntry testId="237040ae-f254-d4bc-2c7f-27f5ccf38c95" executionId="f40ff238-e80e-492f-90c0-a80a53979224" testListId="8c84fa94-04c1-424b-9868-57a2d4851a1d" />
    <TestEntry testId="d5ba790e-be4c-8a29-02d1-02eb19f3c0ac" executionId="f91b0bcb-bc4c-47cb-87b4-607f8d96bb21" testListId="8c84fa94-04c1-424b-9868-57a2d4851a1d" />
    <TestEntry testId="7959c867-71fe-c40d-a3c3-8f5d64d65c9f" executionId="f0b7b75f-7922-4215-abd3-11868adbc6a2" testListId="8c84fa94-04c1-424b-9868-57a2d4851a1d" />
    <TestEntry testId="f21dc4d1-12db-650f-f159-6b006494754f" executionId="3c6356bf-2f35-4e8d-90e9-58ca7ca31c3e" testListId="8c84fa94-04c1-424b-9868-57a2d4851a1d" />
    <TestEntry testId="7fb664d4-ab63-9dbf-2e8d-edc5f7cb02d8" executionId="6de1261c-9aa0-4cf4-9da1-de6c6a53d87f" testListId="8c84fa94-04c1-424b-9868-57a2d4851a1d" />
    <TestEntry testId="60ed088c-0a61-b5e5-8ee5-767af6ab9cca" executionId="726b74d2-daf4-4786-9b54-99928cbd0915" testListId="8c84fa94-04c1-424b-9868-57a2d4851a1d" />
    <TestEntry testId="19aafa4c-c17b-20d6-6cdb-c352a06000ea" executionId="e57d7964-f64e-4540-9037-63984c6e6937" testListId="8c84fa94-04c1-424b-9868-57a2d4851a1d" />
    <TestEntry testId="e0182641-87db-8a22-59c6-74de2dd7a84f" executionId="a84629d1-6cf1-4c89-b15f-bc66b08a32e4" testListId="8c84fa94-04c1-424b-9868-57a2d4851a1d" />
    <TestEntry testId="492229c1-1043-fd1a-1ef9-f1594ba5a696" executionId="a37f8491-e208-407d-8599-7d7588525c90" testListId="8c84fa94-04c1-424b-9868-57a2d4851a1d" />
    <TestEntry testId="d918094d-423c-75dd-32e3-adf21f086956" executionId="610adbe2-884d-441f-8285-ec73f3d78201" testListId="8c84fa94-04c1-424b-9868-57a2d4851a1d" />
    <TestEntry testId="eb1cf5a7-0ebb-bf05-1b53-94aa7c1c5d34" executionId="3e8c526e-9f76-4e5f-8eac-1f9df63cd84b" testListId="8c84fa94-04c1-424b-9868-57a2d4851a1d" />
    <TestEntry testId="0465dec5-2954-3524-f210-3e920ae461e4" executionId="b5c8608b-5e05-4d60-8987-a0233ac0cfe2" testListId="8c84fa94-04c1-424b-9868-57a2d4851a1d" />
    <TestEntry testId="86570146-680d-35ae-8ff4-4eb3a5c99a58" executionId="cf675cb1-9303-42f5-b06c-eea62616f329" testListId="8c84fa94-04c1-424b-9868-57a2d4851a1d" />
    <TestEntry testId="17d0c785-6fb9-10f4-91ce-efe59229e3e9" executionId="d3d5ae19-3518-4036-aa6c-b09852a9acbd" testListId="8c84fa94-04c1-424b-9868-57a2d4851a1d" />
    <TestEntry testId="b3d478bc-2683-7341-b0c5-4fd8fcae16b6" executionId="eac1ba18-0b31-41ad-9872-ba5700d6314d" testListId="8c84fa94-04c1-424b-9868-57a2d4851a1d" />
    <TestEntry testId="a0bd5939-bae0-c079-4d32-d1003fc47ff6" executionId="ef6807ba-efbc-4aaf-94fb-f699efa20d32" testListId="8c84fa94-04c1-424b-9868-57a2d4851a1d" />
    <TestEntry testId="035ed354-885f-51fb-6177-b5b10e63cd4b" executionId="fed30d9b-4dac-45fc-b9ba-ef666fb808c6" testListId="8c84fa94-04c1-424b-9868-57a2d4851a1d" />
    <TestEntry testId="121bffa5-14a0-d475-da90-b412816c42aa" executionId="ba2abdd2-f584-432c-aa00-79299303ecb5" testListId="8c84fa94-04c1-424b-9868-57a2d4851a1d" />
    <TestEntry testId="69278487-df4d-f01d-4cc5-7ea59f59bace" executionId="876c0fb3-d979-4e3b-9ff0-4bfa0a50ba2a" testListId="8c84fa94-04c1-424b-9868-57a2d4851a1d" />
    <TestEntry testId="d1d88086-8f04-e650-550f-0c1c987e0307" executionId="c6a63abd-4275-4802-98a8-b2a6c94dcc15" testListId="8c84fa94-04c1-424b-9868-57a2d4851a1d" />
    <TestEntry testId="fe4e94c2-8b19-b31e-5b5c-b626ff66ff14" executionId="eed92d50-3bc1-41f5-af4d-be40fd51ee02" testListId="8c84fa94-04c1-424b-9868-57a2d4851a1d" />
    <TestEntry testId="c3533a78-422c-70cb-6682-d49e65d06554" executionId="502bfbd3-bbb2-4590-a9eb-df603b77b167" testListId="8c84fa94-04c1-424b-9868-57a2d4851a1d" />
    <TestEntry testId="b2cc3ff1-18af-0957-dd13-83b2716b79da" executionId="a46c004d-5adf-48af-adf6-af6b59573cf9" testListId="8c84fa94-04c1-424b-9868-57a2d4851a1d" />
    <TestEntry testId="285ce347-7e85-d8d7-bf3b-318d31cd7450" executionId="22b2caec-19cb-4f3a-9e40-dfd76f301ee5" testListId="8c84fa94-04c1-424b-9868-57a2d4851a1d" />
    <TestEntry testId="f28664fa-e940-2a5b-41e7-63a4515de5fd" executionId="f5de4ab5-c71e-4f48-aa17-68f9a029458f" testListId="8c84fa94-04c1-424b-9868-57a2d4851a1d" />
    <TestEntry testId="afa56053-d362-200c-2f3b-0dfcb5f0651c" executionId="ce0e475e-d715-44e3-97ad-16e836c669f3" testListId="8c84fa94-04c1-424b-9868-57a2d4851a1d" />
    <TestEntry testId="27382349-4952-1321-5425-b60fcb43ebc9" executionId="d0724f14-c0a6-405a-9a1c-27363d9dbd59" testListId="8c84fa94-04c1-424b-9868-57a2d4851a1d" />
    <TestEntry testId="3601a241-c81d-1b68-370f-2efa96100c20" executionId="8726fb19-5dba-431d-ae58-d1f253bb0d09" testListId="8c84fa94-04c1-424b-9868-57a2d4851a1d" />
    <TestEntry testId="01388da1-2bf3-8f8d-62d6-5397330b5657" executionId="3f928110-24d7-41c8-a490-3006b3f2542d" testListId="8c84fa94-04c1-424b-9868-57a2d4851a1d" />
    <TestEntry testId="d5c54527-537f-58dd-5af8-a126e4f380c1" executionId="9d2cf1f9-62ab-42c0-9252-f7d3b3712ef5" testListId="8c84fa94-04c1-424b-9868-57a2d4851a1d" />
    <TestEntry testId="9b364ed5-33e8-676e-a189-00de185e7992" executionId="98ff34b1-9f8c-4d2c-82e6-6362efc77be3" testListId="8c84fa94-04c1-424b-9868-57a2d4851a1d" />
    <TestEntry testId="c3c68edd-e629-ff32-f2a0-f02aebc479d4" executionId="be439a9a-c3d6-4db2-81d4-a9942013cfa6" testListId="8c84fa94-04c1-424b-9868-57a2d4851a1d" />
    <TestEntry testId="d21a3671-0541-dc43-9223-5406faf17cb4" executionId="9c201393-6d1a-49b1-aca9-70462b67ebcd" testListId="8c84fa94-04c1-424b-9868-57a2d4851a1d" />
    <TestEntry testId="997d2b09-6754-0d36-ba2c-29f27b9c5aa6" executionId="9449e7a4-f1cc-49bc-bc6f-9d5fd3fe6c8c" testListId="8c84fa94-04c1-424b-9868-57a2d4851a1d" />
    <TestEntry testId="200742b1-eada-32b3-548d-0352f0939e41" executionId="5d0d9826-d451-4ca2-ac52-80bd35d42bbb" testListId="8c84fa94-04c1-424b-9868-57a2d4851a1d" />
    <TestEntry testId="99b5474d-5f87-4b58-6806-6edc89f87523" executionId="a7908522-1d52-42aa-aca0-b0d124031688" testListId="8c84fa94-04c1-424b-9868-57a2d4851a1d" />
    <TestEntry testId="5e8c6165-d671-3962-453b-9d56b4911b3d" executionId="903b05c0-456c-40d5-99f8-f234e595bc41" testListId="8c84fa94-04c1-424b-9868-57a2d4851a1d" />
    <TestEntry testId="0f2b5042-d85a-c433-7b43-52d6f3381cb5" executionId="d45363c7-a6d4-45f9-8e89-69db4d6e1d18" testListId="8c84fa94-04c1-424b-9868-57a2d4851a1d" />
    <TestEntry testId="99d0e7a0-5812-1de4-17b5-830678adea13" executionId="14ddc698-add7-49f9-b9e3-9f71e6316b6b" testListId="8c84fa94-04c1-424b-9868-57a2d4851a1d" />
    <TestEntry testId="5e65ef3f-b48a-2671-f394-6cc66ad9f414" executionId="e99f07e7-59ef-4434-bc2b-586ac1424960" testListId="8c84fa94-04c1-424b-9868-57a2d4851a1d" />
    <TestEntry testId="e9503138-cceb-36e7-acab-a1e417cbdbbb" executionId="fabd2193-fd6e-4318-89c7-4768c3fa1365" testListId="8c84fa94-04c1-424b-9868-57a2d4851a1d" />
    <TestEntry testId="50744887-4ef9-8d06-dcf1-e7b02779ac2d" executionId="1a4f2825-1458-474e-99ba-e057c1f9479b" testListId="8c84fa94-04c1-424b-9868-57a2d4851a1d" />
    <TestEntry testId="1d08c351-fa70-14aa-e98f-6f06f6919edd" executionId="89233a1e-20c0-4edb-badc-bd6bed04c916" testListId="8c84fa94-04c1-424b-9868-57a2d4851a1d" />
    <TestEntry testId="dd475b3e-b030-e6f2-ecde-75ccd461f50e" executionId="a698569c-f11c-40b6-ba51-9f48255a51b0" testListId="8c84fa94-04c1-424b-9868-57a2d4851a1d" />
    <TestEntry testId="c6a5d8a5-6a8b-4891-23c2-3274932b7be2" executionId="d7e88e6c-1a13-44d6-91e8-b8c5ca758165" testListId="8c84fa94-04c1-424b-9868-57a2d4851a1d" />
    <TestEntry testId="ba155bee-a5da-1ded-f9dd-2426ac67a895" executionId="3f28170c-aae0-4e7f-901d-5f888e0dfc79" testListId="8c84fa94-04c1-424b-9868-57a2d4851a1d" />
    <TestEntry testId="ccc95383-563b-dc3a-11d4-596851497030" executionId="b14d0c24-5052-42f4-a0e4-037b026d173e" testListId="8c84fa94-04c1-424b-9868-57a2d4851a1d" />
    <TestEntry testId="8f6948fb-847f-b6c0-182f-38575c794ec5" executionId="993cba23-d6ac-450b-860d-81f18cb0040b" testListId="8c84fa94-04c1-424b-9868-57a2d4851a1d" />
    <TestEntry testId="d5d1f129-0ce4-b997-cb2e-cd109390e8a9" executionId="db67ee22-379c-4f04-9bc8-d662632137bd" testListId="8c84fa94-04c1-424b-9868-57a2d4851a1d" />
    <TestEntry testId="ce49ee46-386a-cf63-bc9e-5f5f0d4bcec8" executionId="f20d8ff0-4d85-41e1-b0b8-98e6b2e18896" testListId="8c84fa94-04c1-424b-9868-57a2d4851a1d" />
    <TestEntry testId="0b80b010-34c2-ab1b-5489-825078af2f58" executionId="a131cbef-21bc-483f-aa17-98474c6548fe" testListId="8c84fa94-04c1-424b-9868-57a2d4851a1d" />
    <TestEntry testId="085851b1-73ae-2c8a-0cef-55456ef9aa60" executionId="c313b7f7-d3ef-4eeb-8074-00bc45da0c27" testListId="8c84fa94-04c1-424b-9868-57a2d4851a1d" />
    <TestEntry testId="2dc15362-29c7-e2ff-470f-ad2a520a323e" executionId="743eda2d-c115-4dfe-b5e6-b1d64e1ea66c" testListId="8c84fa94-04c1-424b-9868-57a2d4851a1d" />
    <TestEntry testId="4213e10c-4263-d821-60ab-4455866ab325" executionId="fcb357cd-19d2-4fd6-8295-85191a941a6f" testListId="8c84fa94-04c1-424b-9868-57a2d4851a1d" />
    <TestEntry testId="b8c9da02-50a5-e896-730c-4a8d352cfe94" executionId="12b6f547-5556-44fe-bc27-a6b3963edad2" testListId="8c84fa94-04c1-424b-9868-57a2d4851a1d" />
    <TestEntry testId="190dc1ce-a33e-0bd0-196c-84c3af136c32" executionId="08c7e350-53db-461e-a92d-aa6c6d52aeb7" testListId="8c84fa94-04c1-424b-9868-57a2d4851a1d" />
    <TestEntry testId="698d056e-b435-3f83-8851-4d416610679d" executionId="2f9ace16-058a-407d-82b5-c9af54b99d32" testListId="8c84fa94-04c1-424b-9868-57a2d4851a1d" />
    <TestEntry testId="fb18fa58-a601-9a5c-1e9a-f5e07e9c2483" executionId="ec847710-c096-4e89-8312-ae8f2c0fab5a" testListId="8c84fa94-04c1-424b-9868-57a2d4851a1d" />
    <TestEntry testId="2616eb50-afff-6500-07d6-43d8fe002d44" executionId="948bc1a3-8c75-4892-80f3-d6c154abd797" testListId="8c84fa94-04c1-424b-9868-57a2d4851a1d" />
    <TestEntry testId="9acfc482-aaf9-4518-fc7e-64c813eda25b" executionId="6d0dd36d-15fc-4b21-8389-4c3a4ff51254" testListId="8c84fa94-04c1-424b-9868-57a2d4851a1d" />
    <TestEntry testId="f14ee023-633f-379e-fb09-bd042bad71ce" executionId="237bba2b-1635-4048-85a2-9d6fc2bf7e3d" testListId="8c84fa94-04c1-424b-9868-57a2d4851a1d" />
    <TestEntry testId="e5a083df-bc75-1c72-d381-4c5b13474268" executionId="1cacdfbb-ed78-43c1-b3f0-1d9a7fe2e159" testListId="8c84fa94-04c1-424b-9868-57a2d4851a1d" />
    <TestEntry testId="0a47f2b5-103e-b043-9f39-8dad3d6cae9c" executionId="67dbecc3-64f7-4bd3-b3e1-b7aaff1cf11c" testListId="8c84fa94-04c1-424b-9868-57a2d4851a1d" />
  </TestEntries>
  <TestLists>
    <TestList name="Results Not in a List" id="8c84fa94-04c1-424b-9868-57a2d4851a1d" />
    <TestList name="All Loaded Results" id="19431567-8539-422a-85d7-44ee4e166bda" />
  </TestLists>
  <ResultSummary outcome="Completed">
    <Counters total="70" executed="70" passed="70" failed="0" error="0" timeout="0" aborted="0" inconclusive="0" passedButRunAborted="0" notRunnable="0" notExecuted="0" disconnected="0" warning="0" completed="0" inProgress="0" pending="0" />
    <Output>
      <StdOut>[xUnit.net 00:00:00.00] xUnit.net VSTest Adapter v2.8.2+699d445a1a (64-bit .NET 8.0.26)&#xD;
[xUnit.net 00:00:00.07]   Discovering: DeepSpaceSaga.Motion.Tests&#xD;
[xUnit.net 00:00:00.14]   Discovered:  DeepSpaceSaga.Motion.Tests&#xD;
[xUnit.net 00:00:00.15]   Starting:    DeepSpaceSaga.Motion.Tests&#xD;
[xUnit.net 00:00:00.65]   Finished:    DeepSpaceSaga.Motion.Tests&#xD;
</StdOut>
    </Output>
  </ResultSummary>
</TestRun>