<?xml version="1.0" encoding="utf-8"?>
<TestRun id="8f091a72-1c57-43c0-8fcf-29ec419f05ca" name="sushi@VITA-CASTLE 2026-09-12 21:27:11" runUser="VITA-CASTLE\CodexSandboxOffline" xmlns="http://microsoft.com/schemas/VisualStudio/TeamTest/2010">
  <Times creation="2026-09-12T21:27:11.4240076+03:00" queuing="2026-09-12T21:27:11.4240082+03:00" start="2026-09-12T21:27:10.7060686+03:00" finish="2026-09-12T21:27:11.7601894+03:00" />
  <TestSettings name="default" id="e4f8de59-17ff-4512-93cc-5e46e3fd47cc">
    <Deployment runDeploymentRoot="sushi_VITA-CASTLE_2026-09-12_21_27_11" />
  </TestSettings>
  <Results>
    <UnitTestResult executionId="d6b865e5-24c1-4111-8f98-10e7c24fb64d" testId="c6a5d8a5-6a8b-4891-23c2-3274932b7be2" testName="DeepSpaceSaga.Motion.Tests.ApproachPursuitMathTests+SolveInterceptFlyThroughPlanTests.Solve_finds_the_known_root_for_each_of_the_six_curve_types(expectedType: &quot;RSL&quot;, shipDirectionDegrees: 40.696800000000003, targetX: 10848.875099999999, targetY: 9109.7924999999996, targetDirectionDegrees: 40.452500000000001, expectedLengthUnits: 1228.8039000000001)" computerName="VITA-CASTLE" duration="00:00:00.0002788" startTime="2026-09-12T21:27:11.4052306+03:00" endTime="2026-09-12T21:27:11.4052307+03:00" testType="13cdc9d9-ddb5-4fa4-a97d-d965ccfc6d4b" outcome="Passed" testListId="8c84fa94-04c1-424b-9868-57a2d4851a1d" relativeResultsDirectory="d6b865e5-24c1-4111-8f98-10e7c24fb64d" />
    <UnitTestResult executionId="a3389837-32af-4467-a8a7-69031607151a" testId="b3d478bc-2683-7341-b0c5-4fd8fcae16b6" testName="DeepSpaceSaga.Motion.Tests.ApproachPursuitMathTests.Large_heading_change_is_clamped_to_turn_step" computerName="VITA-CASTLE" duration="00:00:00.0001065" startTime="2026-09-12T21:27:11.4037509+03:00" endTime="2026-09-12T21:27:11.4037510+03:00" testType="13cdc9d9-ddb5-4fa4-a97d-d965ccfc6d4b" outcome="Passed" testListId="8c84fa94-04c1-424b-9868-57a2d4851a1d" relativeResultsDirectory="a3389837-32af-4467-a8a7-69031607151a" />
    <UnitTestResult executionId="d54fd36a-f4e1-4a1d-af92-72760a65293a" testId="698d056e-b435-3f83-8851-4d416610679d" testName="DeepSpaceSaga.Motion.Tests.MotionPositionTests.Linear_coordinates_equal_snapshot_prediction(time: 0)" computerName="VITA-CASTLE" duration="00:00:00.0001932" startTime="2026-09-12T21:27:11.3613597+03:00" endTime="2026-09-12T21:27:11.3613599+03:00" testType="13cdc9d9-ddb5-4fa4-a97d-d965ccfc6d4b" outcome="Passed" testListId="8c84fa94-04c1-424b-9868-57a2d4851a1d" relativeResultsDirectory="d54fd36a-f4e1-4a1d-af92-72760a65293a" />
    <UnitTestResult executionId="c55abf8b-7f13-422a-917c-9f1d7288f18c" testId="285ce347-7e85-d8d7-bf3b-318d31cd7450" testName="DeepSpaceSaga.Motion.Tests.ApproachPursuitMathTests.ComputeAimPoint_trails_behind_target_along_its_heading(targetDirectionDegrees: 180, expectedX: 100, expectedY: 150)" computerName="VITA-CASTLE" duration="00:00:00.0000547" startTime="2026-09-12T21:27:11.4026601+03:00" endTime="2026-09-12T21:27:11.4026602+03:00" testType="13cdc9d9-ddb5-4fa4-a97d-d965ccfc6d4b" outcome="Passed" testListId="8c84fa94-04c1-424b-9868-57a2d4851a1d" relativeResultsDirectory="c55abf8b-7f13-422a-917c-9f1d7288f18c" />
    <UnitTestResult executionId="52485be3-92fe-48b4-af91-29dbf1651bda" testId="dd475b3e-b030-e6f2-ecde-75ccd461f50e" testName="DeepSpaceSaga.Motion.Tests.ApproachPursuitMathTests.Step_is_deterministic_for_identical_inputs" computerName="VITA-CASTLE" duration="00:00:00.0020101" startTime="2026-09-12T21:27:11.4037841+03:00" endTime="2026-09-12T21:27:11.4037842+03:00" testType="13cdc9d9-ddb5-4fa4-a97d-d965ccfc6d4b" outcome="Passed" testListId="8c84fa94-04c1-424b-9868-57a2d4851a1d" relativeResultsDirectory="52485be3-92fe-48b4-af91-29dbf1651bda" />
    <UnitTestResult executionId="7fc48460-9566-4039-a065-0fcdf273569c" testId="4213e10c-4263-d821-60ab-4455866ab325" testName="DeepSpaceSaga.Motion.Tests.ApproachPursuitMathTests.Locked_course_holds_heading_instead_of_rederiving_a_near_identical_bearing" computerName="VITA-CASTLE" duration="00:00:00.0001979" startTime="2026-09-12T21:27:11.4024420+03:00" endTime="2026-09-12T21:27:11.4024421+03:00" testType="13cdc9d9-ddb5-4fa4-a97d-d965ccfc6d4b" outcome="Passed" testListId="8c84fa94-04c1-424b-9868-57a2d4851a1d" relativeResultsDirectory="7fc48460-9566-4039-a065-0fcdf273569c" />
    <UnitTestResult executionId="3d8c914b-36e0-4497-af26-1c8f5323009e" testId="0465dec5-2954-3524-f210-3e920ae461e4" testName="DeepSpaceSaga.Motion.Tests.NavigationWaypointMathTests.Ship_that_flew_past_target_arrives" computerName="VITA-CASTLE" duration="00:00:00.0000426" startTime="2026-09-12T21:27:11.4052073+03:00" endTime="2026-09-12T21:27:11.4052073+03:00" testType="13cdc9d9-ddb5-4fa4-a97d-d965ccfc6d4b" outcome="Passed" testListId="8c84fa94-04c1-424b-9868-57a2d4851a1d" relativeResultsDirectory="3d8c914b-36e0-4497-af26-1c8f5323009e" />
    <UnitTestResult executionId="a55c6e66-8def-47cc-bbc4-cceb0300e02d" testId="01cd5f01-87f9-76c7-a950-30f7efb856c0" testName="DeepSpaceSaga.Motion.Tests.ApproachPursuitMathTests.Step_still_applies_full_trailing_offset_for_a_genuinely_moving_target" computerName="VITA-CASTLE" duration="00:00:00.0000978" startTime="2026-09-12T21:27:11.4038084+03:00" endTime="2026-09-12T21:27:11.4038085+03:00" testType="13cdc9d9-ddb5-4fa4-a97d-d965ccfc6d4b" outcome="Passed" testListId="8c84fa94-04c1-424b-9868-57a2d4851a1d" relativeResultsDirectory="a55c6e66-8def-47cc-bbc4-cceb0300e02d" />
    <UnitTestResult executionId="1bad0fb8-80f3-4537-8b8c-7dcff1f745a4" testId="9b364ed5-33e8-676e-a189-00de185e7992" testName="DeepSpaceSaga.Motion.Tests.ApproachPursuitMathTests+SolveInterceptFlyThroughPlanTests.Solve_finds_the_known_root_for_each_of_the_six_curve_types(expectedType: &quot;LRL&quot;, shipDirectionDegrees: 211.75370000000001, targetX: 10078.9365, targetY: 10351.0098, targetDirectionDegrees: 270.38600000000002, expectedLengthUnits: 551.95619999999997)" computerName="VITA-CASTLE" duration="00:00:00.0003296" startTime="2026-09-12T21:27:11.4046457+03:00" endTime="2026-09-12T21:27:11.4046457+03:00" testType="13cdc9d9-ddb5-4fa4-a97d-d965ccfc6d4b" outcome="Passed" testListId="8c84fa94-04c1-424b-9868-57a2d4851a1d" relativeResultsDirectory="1bad0fb8-80f3-4537-8b8c-7dcff1f745a4" />
    <UnitTestResult executionId="fdbee5ea-533d-4cd1-88aa-1b3b80eaa4f2" testId="d5c54527-537f-58dd-5af8-a126e4f380c1" testName="DeepSpaceSaga.Motion.Tests.ApproachPursuitMathTests+SolveInterceptFlyThroughPlanTests.Solve_is_deterministic_for_identical_inputs" computerName="VITA-CASTLE" duration="00:00:00.0043378" startTime="2026-09-12T21:27:11.4056820+03:00" endTime="2026-09-12T21:27:11.4056820+03:00" testType="13cdc9d9-ddb5-4fa4-a97d-d965ccfc6d4b" outcome="Passed" testListId="8c84fa94-04c1-424b-9868-57a2d4851a1d" relativeResultsDirectory="fdbee5ea-533d-4cd1-88aa-1b3b80eaa4f2" />
    <UnitTestResult executionId="d818457c-c883-47bb-be53-aaf9dfb14476" testId="237040ae-f254-d4bc-2c7f-27f5ccf38c95" testName="DeepSpaceSaga.Motion.Tests.ApproachPursuitMathTests.Segment_closest_approach_catches_fast_pass_through_that_endpoint_sampling_would_miss" computerName="VITA-CASTLE" duration="00:00:00.0000648" startTime="2026-09-12T21:27:11.4032452+03:00" endTime="2026-09-12T21:27:11.4032452+03:00" testType="13cdc9d9-ddb5-4fa4-a97d-d965ccfc6d4b" outcome="Passed" testListId="8c84fa94-04c1-424b-9868-57a2d4851a1d" relativeResultsDirectory="d818457c-c883-47bb-be53-aaf9dfb14476" />
    <UnitTestResult executionId="846f25e2-cfb6-419d-a6d3-d89d8875ffd3" testId="b2cc3ff1-18af-0957-dd13-83b2716b79da" testName="DeepSpaceSaga.Motion.Tests.ApproachPursuitMathTests.ExtrapolatePosition_advances_by_constant_velocity" computerName="VITA-CASTLE" duration="00:00:00.0000358" startTime="2026-09-12T21:27:11.4033198+03:00" endTime="2026-09-12T21:27:11.4033198+03:00" testType="13cdc9d9-ddb5-4fa4-a97d-d965ccfc6d4b" outcome="Passed" testListId="8c84fa94-04c1-424b-9868-57a2d4851a1d" relativeResultsDirectory="846f25e2-cfb6-419d-a6d3-d89d8875ffd3" />
    <UnitTestResult executionId="33fbd17b-1c47-4fb8-a5d4-9226163b26ea" testId="19aafa4c-c17b-20d6-6cdb-c352a06000ea" testName="DeepSpaceSaga.Motion.Tests.ApproachPursuitMathTests.Partial_turn_matches_NavigationWaypointMath_for_equivalent_inputs" computerName="VITA-CASTLE" duration="00:00:00.0000507" startTime="2026-09-12T21:27:11.4032699+03:00" endTime="2026-09-12T21:27:11.4032700+03:00" testType="13cdc9d9-ddb5-4fa4-a97d-d965ccfc6d4b" outcome="Passed" testListId="8c84fa94-04c1-424b-9868-57a2d4851a1d" relativeResultsDirectory="33fbd17b-1c47-4fb8-a5d4-9226163b26ea" />
    <UnitTestResult executionId="36aa81eb-796f-4bb1-92ee-49586ffa7bc7" testId="2616eb50-afff-6500-07d6-43d8fe002d44" testName="DeepSpaceSaga.Motion.Tests.ApproachLineCaptureTests.Every_route_finishes_on_the_live_aft_ray_at_unchanged_speed(targetSpeed: 5)" computerName="VITA-CASTLE" duration="00:00:00.1242914" startTime="2026-09-12T21:27:11.6197125+03:00" endTime="2026-09-12T21:27:11.6197130+03:00" testType="13cdc9d9-ddb5-4fa4-a97d-d965ccfc6d4b" outcome="Passed" testListId="8c84fa94-04c1-424b-9868-57a2d4851a1d" relativeResultsDirectory="36aa81eb-796f-4bb1-92ee-49586ffa7bc7" />
    <UnitTestResult executionId="bd8bebc3-d4c3-4b43-af8a-8d750dea4d65" testId="e5a083df-bc75-1c72-d381-4c5b13474268" testName="DeepSpaceSaga.Motion.Tests.ApproachPursuitMathTests.Ship_within_arrival_tolerance_of_aim_point_has_arrived" computerName="VITA-CASTLE" duration="00:00:00.0000462" startTime="2026-09-12T21:27:11.4038527+03:00" endTime="2026-09-12T21:27:11.4038527+03:00" testType="13cdc9d9-ddb5-4fa4-a97d-d965ccfc6d4b" outcome="Passed" testListId="8c84fa94-04c1-424b-9868-57a2d4851a1d" relativeResultsDirectory="bd8bebc3-d4c3-4b43-af8a-8d750dea4d65" />
    <UnitTestResult executionId="deb7debd-ad95-400b-9ff4-42c096e84781" testId="5e8c6165-d671-3962-453b-9d56b4911b3d" testName="DeepSpaceSaga.Motion.Tests.NavigationWaypointMathTests.Stationary_ship_can_turn_on_the_spot" computerName="VITA-CASTLE" duration="00:00:00.0000480" startTime="2026-09-12T21:27:11.4051597+03:00" endTime="2026-09-12T21:27:11.4051597+03:00" testType="13cdc9d9-ddb5-4fa4-a97d-d965ccfc6d4b" outcome="Passed" testListId="8c84fa94-04c1-424b-9868-57a2d4851a1d" relativeResultsDirectory="deb7debd-ad95-400b-9ff4-42c096e84781" />
    <UnitTestResult executionId="7342db7b-068c-44d5-8833-c432526fc0a6" testId="c3c68edd-e629-ff32-f2a0-f02aebc479d4" testName="DeepSpaceSaga.Motion.Tests.NavigationWaypointMathTests.Target_within_arrival_epsilon_arrives" computerName="VITA-CASTLE" duration="00:00:00.0000431" startTime="2026-09-12T21:27:11.4045808+03:00" endTime="2026-09-12T21:27:11.4045809+03:00" testType="13cdc9d9-ddb5-4fa4-a97d-d965ccfc6d4b" outcome="Passed" testListId="8c84fa94-04c1-424b-9868-57a2d4851a1d" relativeResultsDirectory="7342db7b-068c-44d5-8833-c432526fc0a6" />
    <UnitTestResult executionId="254c77b5-a93d-4fe4-990b-e262bc84d21f" testId="190dc1ce-a33e-0bd0-196c-84c3af136c32" testName="DeepSpaceSaga.Motion.Tests.ApproachPursuitMathTests+SolveInterceptFlyThroughPlanTests.Solve_handles_head_on_courses_without_nan_or_exception" computerName="VITA-CASTLE" duration="00:00:00.0003532" startTime="2026-09-12T21:27:11.4057276+03:00" endTime="2026-09-12T21:27:11.4057276+03:00" testType="13cdc9d9-ddb5-4fa4-a97d-d965ccfc6d4b" outcome="Passed" testListId="8c84fa94-04c1-424b-9868-57a2d4851a1d" relativeResultsDirectory="254c77b5-a93d-4fe4-990b-e262bc84d21f" />
    <UnitTestResult executionId="341871a1-1c04-4db3-aa77-ddea961ac143" testId="52efe089-5829-11b5-f319-d5340fdf90e1" testName="DeepSpaceSaga.Motion.Tests.ApproachPursuitMathTests+SolveInterceptFlyThroughPlanTests.Solve_finds_the_known_root_for_each_of_the_six_curve_types(expectedType: &quot;LSL&quot;, shipDirectionDegrees: 202.00380000000001, targetX: 9660.0809000000008, targetY: 10994.0972, targetDirectionDegrees: 195.92779999999999, expectedLengthUnits: 1052.2677000000001)" computerName="VITA-CASTLE" duration="00:00:00.0007038" startTime="2026-09-12T21:27:11.4046065+03:00" endTime="2026-09-12T21:27:11.4046065+03:00" testType="13cdc9d9-ddb5-4fa4-a97d-d965ccfc6d4b" outcome="Passed" testListId="8c84fa94-04c1-424b-9868-57a2d4851a1d" relativeResultsDirectory="341871a1-1c04-4db3-aa77-ddea961ac143" />
    <UnitTestResult executionId="7ef57be4-3cd9-42be-a3a2-1a09ca120e57" testId="121bffa5-14a0-d475-da90-b412816c42aa" testName="DeepSpaceSaga.Motion.Tests.ApproachPursuitMathTests.ComputeAimPoint_trails_behind_target_along_its_heading(targetDirectionDegrees: 90, expectedX: 50, expectedY: 200)" computerName="VITA-CASTLE" duration="00:00:00.0000034" startTime="2026-09-12T21:27:11.4032181+03:00" endTime="2026-09-12T21:27:11.4032182+03:00" testType="13cdc9d9-ddb5-4fa4-a97d-d965ccfc6d4b" outcome="Passed" testListId="8c84fa94-04c1-424b-9868-57a2d4851a1d" relativeResultsDirectory="7ef57be4-3cd9-42be-a3a2-1a09ca120e57" />
    <UnitTestResult executionId="f49293e8-ac53-4858-8055-454fed7434fe" testId="5e65ef3f-b48a-2671-f394-6cc66ad9f414" testName="DeepSpaceSaga.Motion.Tests.LinearMotionTests.Predict_half_second_produces_half_distance" computerName="VITA-CASTLE" duration="00:00:00.0002290" startTime="2026-09-12T21:27:11.3676393+03:00" endTime="2026-09-12T21:27:11.3676394+03:00" testType="13cdc9d9-ddb5-4fa4-a97d-d965ccfc6d4b" outcome="Passed" testListId="8c84fa94-04c1-424b-9868-57a2d4851a1d" relativeResultsDirectory="f49293e8-ac53-4858-8055-454fed7434fe" />
    <UnitTestResult executionId="6d99a9a6-5646-4d8b-a807-e91dfc82b6ac" testId="86570146-680d-35ae-8ff4-4eb3a5c99a58" testName="DeepSpaceSaga.Motion.Tests.ApproachLineCaptureTests.Already_trailing_ship_does_not_start_a_loop" computerName="VITA-CASTLE" duration="00:00:00.0002726" startTime="2026-09-12T21:27:11.6992634+03:00" endTime="2026-09-12T21:27:11.6992636+03:00" testType="13cdc9d9-ddb5-4fa4-a97d-d965ccfc6d4b" outcome="Passed" testListId="8c84fa94-04c1-424b-9868-57a2d4851a1d" relativeResultsDirectory="6d99a9a6-5646-4d8b-a807-e91dfc82b6ac" />
    <UnitTestResult executionId="9071d7d4-84d8-485b-85ab-ad682a24de42" testId="200742b1-eada-32b3-548d-0352f0939e41" testName="DeepSpaceSaga.Motion.Tests.ApproachPursuitMathTests+SolveInterceptFlyThroughPlanTests.Solve_finds_the_known_root_for_each_of_the_six_curve_types(expectedType: &quot;RSR&quot;, shipDirectionDegrees: 316.68520000000001, targetX: 9230.0013999999992, targetY: 9094.4951999999994, targetDirectionDegrees: 322.46910000000003, expectedLengthUnits: 1187.2998)" computerName="VITA-CASTLE" duration="00:00:00.0003231" startTime="2026-09-12T21:27:11.4046895+03:00" endTime="2026-09-12T21:27:11.4046895+03:00" testType="13cdc9d9-ddb5-4fa4-a97d-d965ccfc6d4b" outcome="Passed" testListId="8c84fa94-04c1-424b-9868-57a2d4851a1d" relativeResultsDirectory="9071d7d4-84d8-485b-85ab-ad682a24de42" />
    <UnitTestResult executionId="e7bc7112-cbf3-4e9f-831b-2e0d7da247d4" testId="e4c93274-3318-4a24-7263-ed3147f41140" testName="DeepSpaceSaga.Motion.Tests.ApproachPursuitMathTests.Ship_exactly_at_aim_point_has_arrived" computerName="VITA-CASTLE" duration="00:00:00.0000411" startTime="2026-09-12T21:27:11.4025660+03:00" endTime="2026-09-12T21:27:11.4025661+03:00" testType="13cdc9d9-ddb5-4fa4-a97d-d965ccfc6d4b" outcome="Passed" testListId="8c84fa94-04c1-424b-9868-57a2d4851a1d" relativeResultsDirectory="e7bc7112-cbf3-4e9f-831b-2e0d7da247d4" />
    <UnitTestResult executionId="8c818e51-22bd-4345-acb1-942c18423304" testId="1d08c351-fa70-14aa-e98f-6f06f6919edd" testName="DeepSpaceSaga.Motion.Tests.LinearMotionTests.Predict_approach_fly_through_hands_off_to_live_target_instead_of_the_stale_captured_pose" computerName="VITA-CASTLE" duration="00:00:00.0089504" startTime="2026-09-12T21:27:11.4000719+03:00" endTime="2026-09-12T21:27:11.4000720+03:00" testType="13cdc9d9-ddb5-4fa4-a97d-d965ccfc6d4b" outcome="Passed" testListId="8c84fa94-04c1-424b-9868-57a2d4851a1d" relativeResultsDirectory="8c818e51-22bd-4345-acb1-942c18423304" />
    <UnitTestResult executionId="92b349a8-0e5e-4f34-9833-2c0ac8525c3f" testId="d5d1f129-0ce4-b997-cb2e-cd109390e8a9" testName="DeepSpaceSaga.Motion.Tests.LinearMotionTests.Predict_moves_down_at_180_degrees" computerName="VITA-CASTLE" duration="00:00:00.0000896" startTime="2026-09-12T21:27:11.4002158+03:00" endTime="2026-09-12T21:27:11.4002159+03:00" testType="13cdc9d9-ddb5-4fa4-a97d-d965ccfc6d4b" outcome="Passed" testListId="8c84fa94-04c1-424b-9868-57a2d4851a1d" relativeResultsDirectory="92b349a8-0e5e-4f34-9833-2c0ac8525c3f" />
    <UnitTestResult executionId="1adf3e07-5335-4693-ad7a-893cb37aee67" testId="e9503138-cceb-36e7-acab-a1e417cbdbbb" testName="DeepSpaceSaga.Motion.Tests.ApproachPursuitMathTests.ExtrapolatePosition_is_a_pure_function_of_its_inputs" computerName="VITA-CASTLE" duration="00:00:00.0014811" startTime="2026-09-12T21:27:11.4033670+03:00" endTime="2026-09-12T21:27:11.4033670+03:00" testType="13cdc9d9-ddb5-4fa4-a97d-d965ccfc6d4b" outcome="Passed" testListId="8c84fa94-04c1-424b-9868-57a2d4851a1d" relativeResultsDirectory="1adf3e07-5335-4693-ad7a-893cb37aee67" />
    <UnitTestResult executionId="ee5ef732-ebf7-4af7-b16f-e4b6ecf95e22" testId="630677de-bee9-a570-78c6-8ff69e18e156" testName="DeepSpaceSaga.Motion.Tests.NavigationWaypointMathTests.Normalizes_non_canonical_directions" computerName="VITA-CASTLE" duration="00:00:00.0000520" startTime="2026-09-12T21:27:11.4056588+03:00" endTime="2026-09-12T21:27:11.4056589+03:00" testType="13cdc9d9-ddb5-4fa4-a97d-d965ccfc6d4b" outcome="Passed" testListId="8c84fa94-04c1-424b-9868-57a2d4851a1d" relativeResultsDirectory="ee5ef732-ebf7-4af7-b16f-e4b6ecf95e22" />
    <UnitTestResult executionId="962619c2-123b-468d-b92b-bbf9bd5f767d" testId="085851b1-73ae-2c8a-0cef-55456ef9aa60" testName="DeepSpaceSaga.Motion.Tests.ApproachPursuitMathTests.Default_asteroid_pose_uses_one_right_straight_right_tail_entry" computerName="VITA-CASTLE" duration="00:00:00.0003882" startTime="2026-09-12T21:27:11.4026138+03:00" endTime="2026-09-12T21:27:11.4026138+03:00" testType="13cdc9d9-ddb5-4fa4-a97d-d965ccfc6d4b" outcome="Passed" testListId="8c84fa94-04c1-424b-9868-57a2d4851a1d" relativeResultsDirectory="962619c2-123b-468d-b92b-bbf9bd5f767d" />
    <UnitTestResult executionId="683bbb89-4359-4c1f-b9c7-e5d546ccb2a6" testId="e0182641-87db-8a22-59c6-74de2dd7a84f" testName="DeepSpaceSaga.Motion.Tests.ApproachLineCaptureTests.Every_route_finishes_on_the_live_aft_ray_at_unchanged_speed(targetSpeed: 1)" computerName="VITA-CASTLE" duration="00:00:00.0780486" startTime="2026-09-12T21:27:11.6979480+03:00" endTime="2026-09-12T21:27:11.6979485+03:00" testType="13cdc9d9-ddb5-4fa4-a97d-d965ccfc6d4b" outcome="Passed" testListId="8c84fa94-04c1-424b-9868-57a2d4851a1d" relativeResultsDirectory="683bbb89-4359-4c1f-b9c7-e5d546ccb2a6" />
    <UnitTestResult executionId="2b611e82-6414-4398-a7bc-251222087e35" testId="ba155bee-a5da-1ded-f9dd-2426ac67a895" testName="DeepSpaceSaga.Motion.Tests.ApproachPursuitMathTests+SolveInterceptFlyThroughPlanTests.Solve_avoids_the_type_switch_discontinuity_that_broke_the_reverted_bisection_attempt" computerName="VITA-CASTLE" duration="00:00:00.0066032" startTime="2026-09-12T21:27:11.4038711+03:00" endTime="2026-09-12T21:27:11.4038712+03:00" testType="13cdc9d9-ddb5-4fa4-a97d-d965ccfc6d4b" outcome="Passed" testListId="8c84fa94-04c1-424b-9868-57a2d4851a1d" relativeResultsDirectory="2b611e82-6414-4398-a7bc-251222087e35" />
    <UnitTestResult executionId="18dbbf15-e221-41f6-9c00-9b7060c1f3a1" testId="99b5474d-5f87-4b58-6806-6edc89f87523" testName="DeepSpaceSaga.Motion.Tests.ApproachPursuitMathTests.Ship_far_from_aim_point_has_not_arrived" computerName="VITA-CASTLE" duration="00:00:00.0000351" startTime="2026-09-12T21:27:11.4032945+03:00" endTime="2026-09-12T21:27:11.4032946+03:00" testType="13cdc9d9-ddb5-4fa4-a97d-d965ccfc6d4b" outcome="Passed" testListId="8c84fa94-04c1-424b-9868-57a2d4851a1d" relativeResultsDirectory="18dbbf15-e221-41f6-9c00-9b7060c1f3a1" />
    <UnitTestResult executionId="0e753600-2f02-4c20-983c-aa0a4d2a040b" testId="ce49ee46-386a-cf63-bc9e-5f5f0d4bcec8" testName="DeepSpaceSaga.Motion.Tests.NavigationWaypointMathTests.Staged_approach_keeps_turning_inside_turn_radius" computerName="VITA-CASTLE" duration="00:00:00.0010961" startTime="2026-09-12T21:27:11.4046658+03:00" endTime="2026-09-12T21:27:11.4046659+03:00" testType="13cdc9d9-ddb5-4fa4-a97d-d965ccfc6d4b" outcome="Passed" testListId="8c84fa94-04c1-424b-9868-57a2d4851a1d" relativeResultsDirectory="0e753600-2f02-4c20-983c-aa0a4d2a040b" />
    <UnitTestResult executionId="212b821e-b28b-4770-9180-de0ba23027ec" testId="492229c1-1043-fd1a-1ef9-f1594ba5a696" testName="DeepSpaceSaga.Motion.Tests.ApproachPursuitMathTests+SolveInterceptFlyThroughPlanTests.Solve_handles_a_target_almost_at_the_ships_position_without_nan_or_exception" computerName="VITA-CASTLE" duration="00:00:00.0003634" startTime="2026-09-12T21:27:11.4057497+03:00" endTime="2026-09-12T21:27:11.4057497+03:00" testType="13cdc9d9-ddb5-4fa4-a97d-d965ccfc6d4b" outcome="Passed" testListId="8c84fa94-04c1-424b-9868-57a2d4851a1d" relativeResultsDirectory="212b821e-b28b-4770-9180-de0ba23027ec" />
    <UnitTestResult executionId="741ae370-77e0-45ef-8b7c-9cf40a3e1a2e" testId="035ed354-885f-51fb-6177-b5b10e63cd4b" testName="DeepSpaceSaga.Motion.Tests.NavigationWaypointMathTests.Partial_turn_is_never_larger_than_turn_step" computerName="VITA-CASTLE" duration="00:00:00.0000573" startTime="2026-09-12T21:27:11.4051272+03:00" endTime="2026-09-12T21:27:11.4051273+03:00" testType="13cdc9d9-ddb5-4fa4-a97d-d965ccfc6d4b" outcome="Passed" testListId="8c84fa94-04c1-424b-9868-57a2d4851a1d" relativeResultsDirectory="741ae370-77e0-45ef-8b7c-9cf40a3e1a2e" />
    <UnitTestResult executionId="22c680ca-0fe5-49c2-9b0f-8d303c493eed" testId="fb18fa58-a601-9a5c-1e9a-f5e07e9c2483" testName="DeepSpaceSaga.Motion.Tests.ApproachPursuitMathTests.ComputeAimPoint_returns_target_position_when_target_is_genuinely_stationary" computerName="VITA-CASTLE" duration="00:00:00.0000340" startTime="2026-09-12T21:27:11.4025430+03:00" endTime="2026-09-12T21:27:11.4025430+03:00" testType="13cdc9d9-ddb5-4fa4-a97d-d965ccfc6d4b" outcome="Passed" testListId="8c84fa94-04c1-424b-9868-57a2d4851a1d" relativeResultsDirectory="22c680ca-0fe5-49c2-9b0f-8d303c493eed" />
    <UnitTestResult executionId="7596f069-cce6-4726-babc-ee14341ae793" testId="a0bd5939-bae0-c079-4d32-d1003fc47ff6" testName="DeepSpaceSaga.Motion.Tests.ApproachPursuitMathTests.Step_aims_directly_at_a_genuinely_stationary_target_not_a_meaningless_direction_offset" computerName="VITA-CASTLE" duration="00:00:00.0000749" startTime="2026-09-12T21:27:11.4025902+03:00" endTime="2026-09-12T21:27:11.4025903+03:00" testType="13cdc9d9-ddb5-4fa4-a97d-d965ccfc6d4b" outcome="Passed" testListId="8c84fa94-04c1-424b-9868-57a2d4851a1d" relativeResultsDirectory="7596f069-cce6-4726-babc-ee14341ae793" />
    <UnitTestResult executionId="517d5fc9-2159-4435-a40c-504c21deb205" testId="d918094d-423c-75dd-32e3-adf21f086956" testName="DeepSpaceSaga.Motion.Tests.ApproachPursuitMathTests+SolveInterceptFlyThroughPlanTests.Solve_finds_the_known_root_for_each_of_the_six_curve_types(expectedType: &quot;LSR&quot;, shipDirectionDegrees: 37.787700000000001, targetX: 10620.6896, targetY: 9084.4096000000009, targetDirectionDegrees: 37.126199999999997, expectedLengthUnits: 1104.7054000000001)" computerName="VITA-CASTLE" duration="00:00:00.0007917" startTime="2026-09-12T21:27:11.4039113+03:00" endTime="2026-09-12T21:27:11.4039113+03:00" testType="13cdc9d9-ddb5-4fa4-a97d-d965ccfc6d4b" outcome="Passed" testListId="8c84fa94-04c1-424b-9868-57a2d4851a1d" relativeResultsDirectory="517d5fc9-2159-4435-a40c-504c21deb205" />
    <UnitTestResult executionId="5c6b0070-4f9a-4dc3-a683-9e488f8abb90" testId="9acfc482-aaf9-4518-fc7e-64c813eda25b" testName="DeepSpaceSaga.Motion.Tests.ApproachPursuitMathTests.ComputeAimPoint_applies_full_trailing_offset_for_a_slow_but_genuinely_moving_target" computerName="VITA-CASTLE" duration="00:00:00.0000321" startTime="2026-09-12T21:27:11.4033424+03:00" endTime="2026-09-12T21:27:11.4033424+03:00" testType="13cdc9d9-ddb5-4fa4-a97d-d965ccfc6d4b" outcome="Passed" testListId="8c84fa94-04c1-424b-9868-57a2d4851a1d" relativeResultsDirectory="5c6b0070-4f9a-4dc3-a683-9e488f8abb90" />
    <UnitTestResult executionId="8a7290e3-3a85-4218-b167-4c10584214f6" testId="0f2b5042-d85a-c433-7b43-52d6f3381cb5" testName="DeepSpaceSaga.Motion.Tests.LinearMotionTests.Predict_moves_up_at_0_degrees" computerName="VITA-CASTLE" duration="00:00:00.0001454" startTime="2026-09-12T21:27:11.4001821+03:00" endTime="2026-09-12T21:27:11.4001821+03:00" testType="13cdc9d9-ddb5-4fa4-a97d-d965ccfc6d4b" outcome="Passed" testListId="8c84fa94-04c1-424b-9868-57a2d4851a1d" relativeResultsDirectory="8a7290e3-3a85-4218-b167-4c10584214f6" />
    <UnitTestResult executionId="f1c45ba4-5869-4c79-8406-8dcd2249f673" testId="2c456cff-5637-92b9-1255-4afa8f3120a3" testName="DeepSpaceSaga.Motion.Tests.LinearMotionTests.Predict_with_zero_elapsed_returns_same_position" computerName="VITA-CASTLE" duration="00:00:00.0001010" startTime="2026-09-12T21:27:11.4002003+03:00" endTime="2026-09-12T21:27:11.4002004+03:00" testType="13cdc9d9-ddb5-4fa4-a97d-d965ccfc6d4b" outcome="Passed" testListId="8c84fa94-04c1-424b-9868-57a2d4851a1d" relativeResultsDirectory="f1c45ba4-5869-4c79-8406-8dcd2249f673" />
    <UnitTestResult executionId="bc9e47c7-cd03-48d9-ae4d-07a64940b237" testId="c3533a78-422c-70cb-6682-d49e65d06554" testName="DeepSpaceSaga.Motion.Tests.MotionPositionTests.Linear_coordinates_equal_snapshot_prediction(time: 200000)" computerName="VITA-CASTLE" duration="00:00:00.0004050" startTime="2026-09-12T21:27:11.3605830+03:00" endTime="2026-09-12T21:27:11.3605831+03:00" testType="13cdc9d9-ddb5-4fa4-a97d-d965ccfc6d4b" outcome="Passed" testListId="8c84fa94-04c1-424b-9868-57a2d4851a1d" relativeResultsDirectory="bc9e47c7-cd03-48d9-ae4d-07a64940b237" />
    <UnitTestResult executionId="7336e96c-e39c-488e-b863-9f8f7af11486" testId="60ed088c-0a61-b5e5-8ee5-767af6ab9cca" testName="DeepSpaceSaga.Motion.Tests.LinearMotionTests.Predict_backward_with_discrete_turn_steps_reconstructs_prior_trajectory" computerName="VITA-CASTLE" duration="00:00:00.0002862" startTime="2026-09-12T21:27:11.4003740+03:00" endTime="2026-09-12T21:27:11.4003741+03:00" testType="13cdc9d9-ddb5-4fa4-a97d-d965ccfc6d4b" outcome="Passed" testListId="8c84fa94-04c1-424b-9868-57a2d4851a1d" relativeResultsDirectory="7336e96c-e39c-488e-b863-9f8f7af11486" />
    <UnitTestResult executionId="16857b25-1e11-442a-9d56-429dd5c5fd29" testId="17d0c785-6fb9-10f4-91ce-efe59229e3e9" testName="DeepSpaceSaga.Motion.Tests.ApproachLineCaptureTests.Every_route_finishes_on_the_live_aft_ray_at_unchanged_speed(targetSpeed: 3)" computerName="VITA-CASTLE" duration="00:00:00.1177057" startTime="2026-09-12T21:27:11.4952391+03:00" endTime="2026-09-12T21:27:11.4952396+03:00" testType="13cdc9d9-ddb5-4fa4-a97d-d965ccfc6d4b" outcome="Passed" testListId="8c84fa94-04c1-424b-9868-57a2d4851a1d" relativeResultsDirectory="16857b25-1e11-442a-9d56-429dd5c5fd29" />
    <UnitTestResult executionId="dece2c08-2b5d-4688-bd12-ec3f5f223f65" testId="27382349-4952-1321-5425-b60fcb43ebc9" testName="DeepSpaceSaga.Motion.Tests.NavigationWaypointMathTests.Target_close_side_behind_r_below_R_waits" computerName="VITA-CASTLE" duration="00:00:00.0000797" startTime="2026-09-12T21:27:11.4047075+03:00" endTime="2026-09-12T21:27:11.4047076+03:00" testType="13cdc9d9-ddb5-4fa4-a97d-d965ccfc6d4b" outcome="Passed" testListId="8c84fa94-04c1-424b-9868-57a2d4851a1d" relativeResultsDirectory="dece2c08-2b5d-4688-bd12-ec3f5f223f65" />
    <UnitTestResult executionId="ae037e20-85fb-4c55-a492-e5f487e9b7f6" testId="eb1cf5a7-0ebb-bf05-1b53-94aa7c1c5d34" testName="DeepSpaceSaga.Motion.Tests.ApproachLineCaptureTests.Faster_target_capture_uses_a_nearby_line_entry_instead_of_its_distant_position" computerName="VITA-CASTLE" duration="00:00:00.0007256" startTime="2026-09-12T21:27:11.7001167+03:00" endTime="2026-09-12T21:27:11.7001171+03:00" testType="13cdc9d9-ddb5-4fa4-a97d-d965ccfc6d4b" outcome="Passed" testListId="8c84fa94-04c1-424b-9868-57a2d4851a1d" relativeResultsDirectory="ae037e20-85fb-4c55-a492-e5f487e9b7f6" />
    <UnitTestResult executionId="1b6fa2b0-a6ff-4127-8c97-ec07e8adfb0e" testId="7fb664d4-ab63-9dbf-2e8d-edc5f7cb02d8" testName="DeepSpaceSaga.Motion.Tests.NavigationWaypointMathTests.Ship_already_at_target_arrives" computerName="VITA-CASTLE" duration="00:00:00.0001046" startTime="2026-09-12T21:27:11.4052800+03:00" endTime="2026-09-12T21:27:11.4052800+03:00" testType="13cdc9d9-ddb5-4fa4-a97d-d965ccfc6d4b" outcome="Passed" testListId="8c84fa94-04c1-424b-9868-57a2d4851a1d" relativeResultsDirectory="1b6fa2b0-a6ff-4127-8c97-ec07e8adfb0e" />
    <UnitTestResult executionId="eb154a80-aae7-4cb7-9f3e-f1b79d71aac2" testId="0a47f2b5-103e-b043-9f39-8dad3d6cae9c" testName="DeepSpaceSaga.Motion.Tests.ApproachPursuitMathTests+SolveInterceptFlyThroughPlanTests.Solve_returns_no_intercept_when_ship_is_not_faster_than_target" computerName="VITA-CASTLE" duration="00:00:00.0000733" startTime="2026-09-12T21:27:11.4057725+03:00" endTime="2026-09-12T21:27:11.4057725+03:00" testType="13cdc9d9-ddb5-4fa4-a97d-d965ccfc6d4b" outcome="Passed" testListId="8c84fa94-04c1-424b-9868-57a2d4851a1d" relativeResultsDirectory="eb154a80-aae7-4cb7-9f3e-f1b79d71aac2" />
    <UnitTestResult executionId="d40b4e43-7197-4d4e-8090-035f354b26c5" testId="997d2b09-6754-0d36-ba2c-29f27b9c5aa6" testName="DeepSpaceSaga.Motion.Tests.ApproachPursuitMathTests+SolveInterceptFlyThroughPlanTests.Solve_finds_the_known_root_for_each_of_the_six_curve_types(expectedType: &quot;RLR&quot;, shipDirectionDegrees: 124.00149999999999, targetX: 10193.502200000001, targetY: 9654.7474000000002, targetDirectionDegrees: 101.286, expectedLengthUnits: 604.4212)" computerName="VITA-CASTLE" duration="00:00:00.0003196" startTime="2026-09-12T21:27:11.4046263+03:00" endTime="2026-09-12T21:27:11.4046264+03:00" testType="13cdc9d9-ddb5-4fa4-a97d-d965ccfc6d4b" outcome="Passed" testListId="8c84fa94-04c1-424b-9868-57a2d4851a1d" relativeResultsDirectory="d40b4e43-7197-4d4e-8090-035f354b26c5" />
    <UnitTestResult executionId="9f69ad25-e69d-403a-b1af-f779b925e057" testId="2dc15362-29c7-e2ff-470f-ad2a520a323e" testName="DeepSpaceSaga.Motion.Tests.ApproachLineCaptureTests.Coincident_trailing_slot_with_opposite_heading_still_gets_a_rendezvous" computerName="VITA-CASTLE" duration="00:00:00.0007521" startTime="2026-09-12T21:27:11.6988353+03:00" endTime="2026-09-12T21:27:11.6988354+03:00" testType="13cdc9d9-ddb5-4fa4-a97d-d965ccfc6d4b" outcome="Passed" testListId="8c84fa94-04c1-424b-9868-57a2d4851a1d" relativeResultsDirectory="9f69ad25-e69d-403a-b1af-f779b925e057" />
    <UnitTestResult executionId="57750ab4-5523-4334-8383-e8b9dd1b70dd" testId="d1d88086-8f04-e650-550f-0c1c987e0307" testName="DeepSpaceSaga.Motion.Tests.NavigationWaypointMathTests.Turn_direction_follows_bearing_sign" computerName="VITA-CASTLE" duration="00:00:00.0000611" startTime="2026-09-12T21:27:11.4051839+03:00" endTime="2026-09-12T21:27:11.4051839+03:00" testType="13cdc9d9-ddb5-4fa4-a97d-d965ccfc6d4b" outcome="Passed" testListId="8c84fa94-04c1-424b-9868-57a2d4851a1d" relativeResultsDirectory="57750ab4-5523-4334-8383-e8b9dd1b70dd" />
    <UnitTestResult executionId="af4c5a1e-4610-4dc5-b2c0-69fee7651f02" testId="ccc95383-563b-dc3a-11d4-596851497030" testName="DeepSpaceSaga.Motion.Tests.SmokeTests.LinearMotionPredictor_is_instantiable" computerName="VITA-CASTLE" duration="00:00:00.0031830" startTime="2026-09-12T21:27:11.3668856+03:00" endTime="2026-09-12T21:27:11.3668858+03:00" testType="13cdc9d9-ddb5-4fa4-a97d-d965ccfc6d4b" outcome="Passed" testListId="8c84fa94-04c1-424b-9868-57a2d4851a1d" relativeResultsDirectory="af4c5a1e-4610-4dc5-b2c0-69fee7651f02" />
    <UnitTestResult executionId="f076856a-e30b-4aa6-9505-b822e3ef970a" testId="0b80b010-34c2-ab1b-5489-825078af2f58" testName="DeepSpaceSaga.Motion.Tests.MotionPositionTests.Position_fast_path_rejects_turning_and_navigation_states" computerName="VITA-CASTLE" duration="00:00:00.0003870" startTime="2026-09-12T21:27:11.3618872+03:00" endTime="2026-09-12T21:27:11.3618875+03:00" testType="13cdc9d9-ddb5-4fa4-a97d-d965ccfc6d4b" outcome="Passed" testListId="8c84fa94-04c1-424b-9868-57a2d4851a1d" relativeResultsDirectory="f076856a-e30b-4aa6-9505-b822e3ef970a" />
    <UnitTestResult executionId="07eff502-59e0-4114-ac24-aca4c0bf376d" testId="7959c867-71fe-c40d-a3c3-8f5d64d65c9f" testName="DeepSpaceSaga.Motion.Tests.ApproachLineCaptureTests.Partial_arc_prediction_is_composable_and_respects_turn_and_speed_limits" computerName="VITA-CASTLE" duration="00:00:00.0081252" startTime="2026-09-12T21:27:11.7084647+03:00" endTime="2026-09-12T21:27:11.7084650+03:00" testType="13cdc9d9-ddb5-4fa4-a97d-d965ccfc6d4b" outcome="Passed" testListId="8c84fa94-04c1-424b-9868-57a2d4851a1d" relativeResultsDirectory="07eff502-59e0-4114-ac24-aca4c0bf376d" />
    <UnitTestResult executionId="54c39f4f-6911-4fa2-a168-6c1e5a07d498" testId="569ae303-9774-b211-8772-923129969230" testName="DeepSpaceSaga.Motion.Tests.LinearMotionTests.Predict_moves_right_at_90_degrees" computerName="VITA-CASTLE" duration="00:00:00.0000907" startTime="2026-09-12T21:27:11.4002550+03:00" endTime="2026-09-12T21:27:11.4002551+03:00" testType="13cdc9d9-ddb5-4fa4-a97d-d965ccfc6d4b" outcome="Passed" testListId="8c84fa94-04c1-424b-9868-57a2d4851a1d" relativeResultsDirectory="54c39f4f-6911-4fa2-a168-6c1e5a07d498" />
    <UnitTestResult executionId="95e6a639-34ad-4b60-9782-bb1205956acf" testId="75c98cf5-4b04-c5a6-4655-9a8a23b0be00" testName="DeepSpaceSaga.Motion.Tests.NavigationWaypointMathTests.Zero_angular_inertia_never_turns" computerName="VITA-CASTLE" duration="00:00:00.0000594" startTime="2026-09-12T21:27:11.4053042+03:00" endTime="2026-09-12T21:27:11.4053043+03:00" testType="13cdc9d9-ddb5-4fa4-a97d-d965ccfc6d4b" outcome="Passed" testListId="8c84fa94-04c1-424b-9868-57a2d4851a1d" relativeResultsDirectory="95e6a639-34ad-4b60-9782-bb1205956acf" />
    <UnitTestResult executionId="20b9cee5-8fc9-4f7d-9aa3-ef04863b315a" testId="f14ee023-633f-379e-fb09-bd042bad71ce" testName="DeepSpaceSaga.Motion.Tests.ApproachPursuitMathTests.ComputeAimPoint_handles_diagonal_heading" computerName="VITA-CASTLE" duration="00:00:00.0000570" startTime="2026-09-12T21:27:11.4025137+03:00" endTime="2026-09-12T21:27:11.4025137+03:00" testType="13cdc9d9-ddb5-4fa4-a97d-d965ccfc6d4b" outcome="Passed" testListId="8c84fa94-04c1-424b-9868-57a2d4851a1d" relativeResultsDirectory="20b9cee5-8fc9-4f7d-9aa3-ef04863b315a" />
    <UnitTestResult executionId="fc9618e4-46b2-4f6a-867c-62b53491991f" testId="50744887-4ef9-8d06-dcf1-e7b02779ac2d" testName="DeepSpaceSaga.Motion.Tests.MotionPositionTests.Route_pose_follows_a_quarter_circle_then_continues_straight" computerName="VITA-CASTLE" duration="00:00:00.0045007" startTime="2026-09-12T21:27:11.3568927+03:00" endTime="2026-09-12T21:27:11.3569041+03:00" testType="13cdc9d9-ddb5-4fa4-a97d-d965ccfc6d4b" outcome="Passed" testListId="8c84fa94-04c1-424b-9868-57a2d4851a1d" relativeResultsDirectory="fc9618e4-46b2-4f6a-867c-62b53491991f" />
    <UnitTestResult executionId="60abaf32-23dd-4fcb-a8b9-6d768a60872d" testId="b8c9da02-50a5-e896-730c-4a8d352cfe94" testName="DeepSpaceSaga.Motion.Tests.ApproachPursuitMathTests.Step_converges_without_wide_looping_for_a_badly_misaligned_moving_ship" computerName="VITA-CASTLE" duration="00:00:00.0005013" startTime="2026-09-12T21:27:11.4024879+03:00" endTime="2026-09-12T21:27:11.4024879+03:00" testType="13cdc9d9-ddb5-4fa4-a97d-d965ccfc6d4b" outcome="Passed" testListId="8c84fa94-04c1-424b-9868-57a2d4851a1d" relativeResultsDirectory="60abaf32-23dd-4fcb-a8b9-6d768a60872d" />
    <UnitTestResult executionId="0b4be15f-6d7b-45d5-ac28-b4c836ad3d5d" testId="afa56053-d362-200c-2f3b-0dfcb5f0651c" testName="DeepSpaceSaga.Motion.Tests.ApproachPursuitMathTests.Locked_course_detects_aim_point_fallen_behind_the_ship_even_outside_arrival_tolerance" computerName="VITA-CASTLE" duration="00:00:00.0000763" startTime="2026-09-12T21:27:11.4038302+03:00" endTime="2026-09-12T21:27:11.4038302+03:00" testType="13cdc9d9-ddb5-4fa4-a97d-d965ccfc6d4b" outcome="Passed" testListId="8c84fa94-04c1-424b-9868-57a2d4851a1d" relativeResultsDirectory="0b4be15f-6d7b-45d5-ac28-b4c836ad3d5d" />
    <UnitTestResult executionId="bc79a3fc-4399-4fcf-8a47-211f3a8a2a46" testId="8f6948fb-847f-b6c0-182f-38575c794ec5" testName="DeepSpaceSaga.Motion.Tests.NavigationWaypointMathTests.Step_is_deterministic_for_identical_inputs" computerName="VITA-CASTLE" duration="00:00:00.0030626" startTime="2026-09-12T21:27:11.4052562+03:00" endTime="2026-09-12T21:27:11.4052562+03:00" testType="13cdc9d9-ddb5-4fa4-a97d-d965ccfc6d4b" outcome="Passed" testListId="8c84fa94-04c1-424b-9868-57a2d4851a1d" relativeResultsDirectory="bc79a3fc-4399-4fcf-8a47-211f3a8a2a46" />
    <UnitTestResult executionId="7d727970-0204-475b-a02b-8138f547f44d" testId="fe4e94c2-8b19-b31e-5b5c-b626ff66ff14" testName="DeepSpaceSaga.Motion.Tests.LinearMotionTests.Predict_with_discrete_turn_steps_matches_engine_cycle_timing" computerName="VITA-CASTLE" duration="00:00:00.0001370" startTime="2026-09-12T21:27:11.4002396+03:00" endTime="2026-09-12T21:27:11.4002396+03:00" testType="13cdc9d9-ddb5-4fa4-a97d-d965ccfc6d4b" outcome="Passed" testListId="8c84fa94-04c1-424b-9868-57a2d4851a1d" relativeResultsDirectory="7d727970-0204-475b-a02b-8138f547f44d" />
    <UnitTestResult executionId="78dea9c1-2e95-494f-b129-7b8ff3408cc2" testId="f21dc4d1-12db-650f-f159-6b006494754f" testName="DeepSpaceSaga.Motion.Tests.ApproachPursuitMathTests+SolveInterceptFlyThroughPlanTests.Solve_returns_no_intercept_for_a_stationary_ship_or_zero_inertia" computerName="VITA-CASTLE" duration="00:00:00.0001061" startTime="2026-09-12T21:27:11.4057048+03:00" endTime="2026-09-12T21:27:11.4057048+03:00" testType="13cdc9d9-ddb5-4fa4-a97d-d965ccfc6d4b" outcome="Passed" testListId="8c84fa94-04c1-424b-9868-57a2d4851a1d" relativeResultsDirectory="78dea9c1-2e95-494f-b129-7b8ff3408cc2" />
    <UnitTestResult executionId="e3838ab2-c1da-4fff-9b73-c33098af5bef" testId="01388da1-2bf3-8f8d-62d6-5397330b5657" testName="DeepSpaceSaga.Motion.Tests.MotionPositionTests.Linear_coordinates_equal_snapshot_prediction(time: -10000)" computerName="VITA-CASTLE" duration="00:00:00.0005393" startTime="2026-09-12T21:27:11.3611726+03:00" endTime="2026-09-12T21:27:11.3611732+03:00" testType="13cdc9d9-ddb5-4fa4-a97d-d965ccfc6d4b" outcome="Passed" testListId="8c84fa94-04c1-424b-9868-57a2d4851a1d" relativeResultsDirectory="e3838ab2-c1da-4fff-9b73-c33098af5bef" />
    <UnitTestResult executionId="6c1c61bb-098e-48e8-b320-fdb4e29a8b32" testId="69278487-df4d-f01d-4cc5-7ea59f59bace" testName="DeepSpaceSaga.Motion.Tests.ApproachPursuitMathTests.ComputeAimPoint_trails_behind_target_along_its_heading(targetDirectionDegrees: 0, expectedX: 100, expectedY: 250)" computerName="VITA-CASTLE" duration="00:00:00.0002021" startTime="2026-09-12T21:27:11.4031782+03:00" endTime="2026-09-12T21:27:11.4031782+03:00" testType="13cdc9d9-ddb5-4fa4-a97d-d965ccfc6d4b" outcome="Passed" testListId="8c84fa94-04c1-424b-9868-57a2d4851a1d" relativeResultsDirectory="6c1c61bb-098e-48e8-b320-fdb4e29a8b32" />
    <UnitTestResult executionId="3250474a-ac63-47df-af9f-c1944c8f742f" testId="99d0e7a0-5812-1de4-17b5-830678adea13" testName="DeepSpaceSaga.Motion.Tests.NavigationWaypointMathTests.Ship_aimed_at_target_ahead_keeps_course" computerName="VITA-CASTLE" duration="00:00:00.0001920" startTime="2026-09-12T21:27:11.4045415+03:00" endTime="2026-09-12T21:27:11.4045416+03:00" testType="13cdc9d9-ddb5-4fa4-a97d-d965ccfc6d4b" outcome="Passed" testListId="8c84fa94-04c1-424b-9868-57a2d4851a1d" relativeResultsDirectory="3250474a-ac63-47df-af9f-c1944c8f742f" />
    <UnitTestResult executionId="a5a182cc-3aa9-46bc-a7fd-392d4df2407f" testId="3601a241-c81d-1b68-370f-2efa96100c20" testName="DeepSpaceSaga.Motion.Tests.ApproachPursuitMathTests.Fly_through_plan_finishes_with_exact_target_direction" computerName="VITA-CASTLE" duration="00:00:00.0001442" startTime="2026-09-12T21:27:11.4026376+03:00" endTime="2026-09-12T21:27:11.4026376+03:00" testType="13cdc9d9-ddb5-4fa4-a97d-d965ccfc6d4b" outcome="Passed" testListId="8c84fa94-04c1-424b-9868-57a2d4851a1d" relativeResultsDirectory="a5a182cc-3aa9-46bc-a7fd-392d4df2407f" />
    <UnitTestResult executionId="a4c95cb5-b6d2-4810-9b58-3fccbd764249" testId="d5ba790e-be4c-8a29-02d1-02eb19f3c0ac" testName="DeepSpaceSaga.Motion.Tests.NavigationWaypointMathTests.Target_far_side_r_above_R_turns_by_step" computerName="VITA-CASTLE" duration="00:00:00.0005888" startTime="2026-09-12T21:27:11.4039331+03:00" endTime="2026-09-12T21:27:11.4039331+03:00" testType="13cdc9d9-ddb5-4fa4-a97d-d965ccfc6d4b" outcome="Passed" testListId="8c84fa94-04c1-424b-9868-57a2d4851a1d" relativeResultsDirectory="a4c95cb5-b6d2-4810-9b58-3fccbd764249" />
    <UnitTestResult executionId="e34088cd-3b38-41c9-846f-fa1a0d348f3f" testId="d21a3671-0541-dc43-9223-5406faf17cb4" testName="DeepSpaceSaga.Motion.Tests.MotionPositionTests.Linear_coordinates_equal_snapshot_prediction(time: 375)" computerName="VITA-CASTLE" duration="00:00:00.0035187" startTime="2026-09-12T21:27:11.3600915+03:00" endTime="2026-09-12T21:27:11.3600917+03:00" testType="13cdc9d9-ddb5-4fa4-a97d-d965ccfc6d4b" outcome="Passed" testListId="8c84fa94-04c1-424b-9868-57a2d4851a1d" relativeResultsDirectory="e34088cd-3b38-41c9-846f-fa1a0d348f3f" />
    <UnitTestResult executionId="a83d7021-1881-4213-baee-1e420503e398" testId="f28664fa-e940-2a5b-41e7-63a4515de5fd" testName="DeepSpaceSaga.Motion.Tests.ApproachLineCaptureTests.Every_route_finishes_on_the_live_aft_ray_at_unchanged_speed(targetSpeed: 0)" computerName="VITA-CASTLE" duration="00:00:00.0083808" startTime="2026-09-12T21:27:11.4002838+03:00" endTime="2026-09-12T21:27:11.4002838+03:00" testType="13cdc9d9-ddb5-4fa4-a97d-d965ccfc6d4b" outcome="Passed" testListId="8c84fa94-04c1-424b-9868-57a2d4851a1d" relativeResultsDirectory="a83d7021-1881-4213-baee-1e420503e398" />
  </Results>
  <TestDefinitions>
    <UnitTest name="DeepSpaceSaga.Motion.Tests.NavigationWaypointMathTests.Turn_direction_follows_bearing_sign" storage="d:\deepspacesaga\dss\tests\deepspacesaga.motion.tests\bin\debug\net8.0\deepspacesaga.motion.tests.dll" id="d1d88086-8f04-e650-550f-0c1c987e0307">
      <Execution id="57750ab4-5523-4334-8383-e8b9dd1b70dd" />
      <TestMethod codeBase="D:\DeepSpaceSaga\DSS\tests\DeepSpaceSaga.Motion.Tests\bin\Debug\net8.0\DeepSpaceSaga.Motion.Tests.dll" adapterTypeName="executor://xunit/VsTestRunner2/netcoreapp" className="DeepSpaceSaga.Motion.Tests.NavigationWaypointMathTests" name="Turn_direction_follows_bearing_sign" />
    </UnitTest>
    <UnitTest name="DeepSpaceSaga.Motion.Tests.ApproachPursuitMathTests+SolveInterceptFlyThroughPlanTests.Solve_returns_no_intercept_for_a_stationary_ship_or_zero_inertia" storage="d:\deepspacesaga\dss\tests\deepspacesaga.motion.tests\bin\debug\net8.0\deepspacesaga.motion.tests.dll" id="f21dc4d1-12db-650f-f159-6b006494754f">
      <Execution id="78dea9c1-2e95-494f-b129-7b8ff3408cc2" />
      <TestMethod codeBase="D:\DeepSpaceSaga\DSS\tests\DeepSpaceSaga.Motion.Tests\bin\Debug\net8.0\DeepSpaceSaga.Motion.Tests.dll" adapterTypeName="executor://xunit/VsTestRunner2/netcoreapp" className="DeepSpaceSaga.Motion.Tests.ApproachPursuitMathTests+SolveInterceptFlyThroughPlanTests" name="Solve_returns_no_intercept_for_a_stationary_ship_or_zero_inertia" />
    </UnitTest>
    <UnitTest name="DeepSpaceSaga.Motion.Tests.ApproachLineCaptureTests.Every_route_finishes_on_the_live_aft_ray_at_unchanged_speed(targetSpeed: 0)" storage="d:\deepspacesaga\dss\tests\deepspacesaga.motion.tests\bin\debug\net8.0\deepspacesaga.motion.tests.dll" id="f28664fa-e940-2a5b-41e7-63a4515de5fd">
      <Execution id="a83d7021-1881-4213-baee-1e420503e398" />
      <TestMethod codeBase="D:\DeepSpaceSaga\DSS\tests\DeepSpaceSaga.Motion.Tests\bin\Debug\net8.0\DeepSpaceSaga.Motion.Tests.dll" adapterTypeName="executor://xunit/VsTestRunner2/netcoreapp" className="DeepSpaceSaga.Motion.Tests.ApproachLineCaptureTests" name="Every_route_finishes_on_the_live_aft_ray_at_unchanged_speed" />
    </UnitTest>
    <UnitTest name="DeepSpaceSaga.Motion.Tests.NavigationWaypointMathTests.Zero_angular_inertia_never_turns" storage="d:\deepspacesaga\dss\tests\deepspacesaga.motion.tests\bin\debug\net8.0\deepspacesaga.motion.tests.dll" id="75c98cf5-4b04-c5a6-4655-9a8a23b0be00">
      <Execution id="95e6a639-34ad-4b60-9782-bb1205956acf" />
      <TestMethod codeBase="D:\DeepSpaceSaga\DSS\tests\DeepSpaceSaga.Motion.Tests\bin\Debug\net8.0\DeepSpaceSaga.Motion.Tests.dll" adapterTypeName="executor://xunit/VsTestRunner2/netcoreapp" className="DeepSpaceSaga.Motion.Tests.NavigationWaypointMathTests" name="Zero_angular_inertia_never_turns" />
    </UnitTest>
    <UnitTest name="DeepSpaceSaga.Motion.Tests.NavigationWaypointMathTests.Target_far_side_r_above_R_turns_by_step" storage="d:\deepspacesaga\dss\tests\deepspacesaga.motion.tests\bin\debug\net8.0\deepspacesaga.motion.tests.dll" id="d5ba790e-be4c-8a29-02d1-02eb19f3c0ac">
      <Execution id="a4c95cb5-b6d2-4810-9b58-3fccbd764249" />
      <TestMethod codeBase="D:\DeepSpaceSaga\DSS\tests\DeepSpaceSaga.Motion.Tests\bin\Debug\net8.0\DeepSpaceSaga.Motion.Tests.dll" adapterTypeName="executor://xunit/VsTestRunner2/netcoreapp" className="DeepSpaceSaga.Motion.Tests.NavigationWaypointMathTests" name="Target_far_side_r_above_R_turns_by_step" />
    </UnitTest>
    <UnitTest name="DeepSpaceSaga.Motion.Tests.ApproachPursuitMathTests+SolveInterceptFlyThroughPlanTests.Solve_finds_the_known_root_for_each_of_the_six_curve_types(expectedType: &quot;RLR&quot;, shipDirectionDegrees: 124.00149999999999, targetX: 10193.502200000001, targetY: 9654.7474000000002, targetDirectionDegrees: 101.286, expectedLengthUnits: 604.4212)" storage="d:\deepspacesaga\dss\tests\deepspacesaga.motion.tests\bin\debug\net8.0\deepspacesaga.motion.tests.dll" id="997d2b09-6754-0d36-ba2c-29f27b9c5aa6">
      <Execution id="d40b4e43-7197-4d4e-8090-035f354b26c5" />
      <TestMethod codeBase="D:\DeepSpaceSaga\DSS\tests\DeepSpaceSaga.Motion.Tests\bin\Debug\net8.0\DeepSpaceSaga.Motion.Tests.dll" adapterTypeName="executor://xunit/VsTestRunner2/netcoreapp" className="DeepSpaceSaga.Motion.Tests.ApproachPursuitMathTests+SolveInterceptFlyThroughPlanTests" name="Solve_finds_the_known_root_for_each_of_the_six_curve_types" />
    </UnitTest>
    <UnitTest name="DeepSpaceSaga.Motion.Tests.ApproachPursuitMathTests.ExtrapolatePosition_is_a_pure_function_of_its_inputs" storage="d:\deepspacesaga\dss\tests\deepspacesaga.motion.tests\bin\debug\net8.0\deepspacesaga.motion.tests.dll" id="e9503138-cceb-36e7-acab-a1e417cbdbbb">
      <Execution id="1adf3e07-5335-4693-ad7a-893cb37aee67" />
      <TestMethod codeBase="D:\DeepSpaceSaga\DSS\tests\DeepSpaceSaga.Motion.Tests\bin\Debug\net8.0\DeepSpaceSaga.Motion.Tests.dll" adapterTypeName="executor://xunit/VsTestRunner2/netcoreapp" className="DeepSpaceSaga.Motion.Tests.ApproachPursuitMathTests" name="ExtrapolatePosition_is_a_pure_function_of_its_inputs" />
    </UnitTest>
    <UnitTest name="DeepSpaceSaga.Motion.Tests.ApproachPursuitMathTests.Step_aims_directly_at_a_genuinely_stationary_target_not_a_meaningless_direction_offset" storage="d:\deepspacesaga\dss\tests\deepspacesaga.motion.tests\bin\debug\net8.0\deepspacesaga.motion.tests.dll" id="a0bd5939-bae0-c079-4d32-d1003fc47ff6">
      <Execution id="7596f069-cce6-4726-babc-ee14341ae793" />
      <TestMethod codeBase="D:\DeepSpaceSaga\DSS\tests\DeepSpaceSaga.Motion.Tests\bin\Debug\net8.0\DeepSpaceSaga.Motion.Tests.dll" adapterTypeName="executor://xunit/VsTestRunner2/netcoreapp" className="DeepSpaceSaga.Motion.Tests.ApproachPursuitMathTests" name="Step_aims_directly_at_a_genuinely_stationary_target_not_a_meaningless_direction_offset" />
    </UnitTest>
    <UnitTest name="DeepSpaceSaga.Motion.Tests.ApproachLineCaptureTests.Partial_arc_prediction_is_composable_and_respects_turn_and_speed_limits" storage="d:\deepspacesaga\dss\tests\deepspacesaga.motion.tests\bin\debug\net8.0\deepspacesaga.motion.tests.dll" id="7959c867-71fe-c40d-a3c3-8f5d64d65c9f">
      <Execution id="07eff502-59e0-4114-ac24-aca4c0bf376d" />
      <TestMethod codeBase="D:\DeepSpaceSaga\DSS\tests\DeepSpaceSaga.Motion.Tests\bin\Debug\net8.0\DeepSpaceSaga.Motion.Tests.dll" adapterTypeName="executor://xunit/VsTestRunner2/netcoreapp" className="DeepSpaceSaga.Motion.Tests.ApproachLineCaptureTests" name="Partial_arc_prediction_is_composable_and_respects_turn_and_speed_limits" />
    </UnitTest>
    <UnitTest name="DeepSpaceSaga.Motion.Tests.ApproachPursuitMathTests.ExtrapolatePosition_advances_by_constant_velocity" storage="d:\deepspacesaga\dss\tests\deepspacesaga.motion.tests\bin\debug\net8.0\deepspacesaga.motion.tests.dll" id="b2cc3ff1-18af-0957-dd13-83b2716b79da">
      <Execution id="846f25e2-cfb6-419d-a6d3-d89d8875ffd3" />
      <TestMethod codeBase="D:\DeepSpaceSaga\DSS\tests\DeepSpaceSaga.Motion.Tests\bin\Debug\net8.0\DeepSpaceSaga.Motion.Tests.dll" adapterTypeName="executor://xunit/VsTestRunner2/netcoreapp" className="DeepSpaceSaga.Motion.Tests.ApproachPursuitMathTests" name="ExtrapolatePosition_advances_by_constant_velocity" />
    </UnitTest>
    <UnitTest name="DeepSpaceSaga.Motion.Tests.ApproachPursuitMathTests.ComputeAimPoint_returns_target_position_when_target_is_genuinely_stationary" storage="d:\deepspacesaga\dss\tests\deepspacesaga.motion.tests\bin\debug\net8.0\deepspacesaga.motion.tests.dll" id="fb18fa58-a601-9a5c-1e9a-f5e07e9c2483">
      <Execution id="22c680ca-0fe5-49c2-9b0f-8d303c493eed" />
      <TestMethod codeBase="D:\DeepSpaceSaga\DSS\tests\DeepSpaceSaga.Motion.Tests\bin\Debug\net8.0\DeepSpaceSaga.Motion.Tests.dll" adapterTypeName="executor://xunit/VsTestRunner2/netcoreapp" className="DeepSpaceSaga.Motion.Tests.ApproachPursuitMathTests" name="ComputeAimPoint_returns_target_position_when_target_is_genuinely_stationary" />
    </UnitTest>
    <UnitTest name="DeepSpaceSaga.Motion.Tests.LinearMotionTests.Predict_with_discrete_turn_steps_matches_engine_cycle_timing" storage="d:\deepspacesaga\dss\tests\deepspacesaga.motion.tests\bin\debug\net8.0\deepspacesaga.motion.tests.dll" id="fe4e94c2-8b19-b31e-5b5c-b626ff66ff14">
      <Execution id="7d727970-0204-475b-a02b-8138f547f44d" />
      <TestMethod codeBase="D:\DeepSpaceSaga\DSS\tests\DeepSpaceSaga.Motion.Tests\bin\Debug\net8.0\DeepSpaceSaga.Motion.Tests.dll" adapterTypeName="executor://xunit/VsTestRunner2/netcoreapp" className="DeepSpaceSaga.Motion.Tests.LinearMotionTests" name="Predict_with_discrete_turn_steps_matches_engine_cycle_timing" />
    </UnitTest>
    <UnitTest name="DeepSpaceSaga.Motion.Tests.ApproachPursuitMathTests.Ship_within_arrival_tolerance_of_aim_point_has_arrived" storage="d:\deepspacesaga\dss\tests\deepspacesaga.motion.tests\bin\debug\net8.0\deepspacesaga.motion.tests.dll" id="e5a083df-bc75-1c72-d381-4c5b13474268">
      <Execution id="bd8bebc3-d4c3-4b43-af8a-8d750dea4d65" />
      <TestMethod codeBase="D:\DeepSpaceSaga\DSS\tests\DeepSpaceSaga.Motion.Tests\bin\Debug\net8.0\DeepSpaceSaga.Motion.Tests.dll" adapterTypeName="executor://xunit/VsTestRunner2/netcoreapp" className="DeepSpaceSaga.Motion.Tests.ApproachPursuitMathTests" name="Ship_within_arrival_tolerance_of_aim_point_has_arrived" />
    </UnitTest>
    <UnitTest name="DeepSpaceSaga.Motion.Tests.ApproachPursuitMathTests.Segment_closest_approach_catches_fast_pass_through_that_endpoint_sampling_would_miss" storage="d:\deepspacesaga\dss\tests\deepspacesaga.motion.tests\bin\debug\net8.0\deepspacesaga.motion.tests.dll" id="237040ae-f254-d4bc-2c7f-27f5ccf38c95">
      <Execution id="d818457c-c883-47bb-be53-aaf9dfb14476" />
      <TestMethod codeBase="D:\DeepSpaceSaga\DSS\tests\DeepSpaceSaga.Motion.Tests\bin\Debug\net8.0\DeepSpaceSaga.Motion.Tests.dll" adapterTypeName="executor://xunit/VsTestRunner2/netcoreapp" className="DeepSpaceSaga.Motion.Tests.ApproachPursuitMathTests" name="Segment_closest_approach_catches_fast_pass_through_that_endpoint_sampling_would_miss" />
    </UnitTest>
    <UnitTest name="DeepSpaceSaga.Motion.Tests.LinearMotionTests.Predict_with_zero_elapsed_returns_same_position" storage="d:\deepspacesaga\dss\tests\deepspacesaga.motion.tests\bin\debug\net8.0\deepspacesaga.motion.tests.dll" id="2c456cff-5637-92b9-1255-4afa8f3120a3">
      <Execution id="f1c45ba4-5869-4c79-8406-8dcd2249f673" />
      <TestMethod codeBase="D:\DeepSpaceSaga\DSS\tests\DeepSpaceSaga.Motion.Tests\bin\Debug\net8.0\DeepSpaceSaga.Motion.Tests.dll" adapterTypeName="executor://xunit/VsTestRunner2/netcoreapp" className="DeepSpaceSaga.Motion.Tests.LinearMotionTests" name="Predict_with_zero_elapsed_returns_same_position" />
    </UnitTest>
    <UnitTest name="DeepSpaceSaga.Motion.Tests.LinearMotionTests.Predict_half_second_produces_half_distance" storage="d:\deepspacesaga\dss\tests\deepspacesaga.motion.tests\bin\debug\net8.0\deepspacesaga.motion.tests.dll" id="5e65ef3f-b48a-2671-f394-6cc66ad9f414">
      <Execution id="f49293e8-ac53-4858-8055-454fed7434fe" />
      <TestMethod codeBase="D:\DeepSpaceSaga\DSS\tests\DeepSpaceSaga.Motion.Tests\bin\Debug\net8.0\DeepSpaceSaga.Motion.Tests.dll" adapterTypeName="executor://xunit/VsTestRunner2/netcoreapp" className="DeepSpaceSaga.Motion.Tests.LinearMotionTests" name="Predict_half_second_produces_half_distance" />
    </UnitTest>
    <UnitTest name="DeepSpaceSaga.Motion.Tests.SmokeTests.LinearMotionPredictor_is_instantiable" storage="d:\deepspacesaga\dss\tests\deepspacesaga.motion.tests\bin\debug\net8.0\deepspacesaga.motion.tests.dll" id="ccc95383-563b-dc3a-11d4-596851497030">
      <Execution id="af4c5a1e-4610-4dc5-b2c0-69fee7651f02" />
      <TestMethod codeBase="D:\DeepSpaceSaga\DSS\tests\DeepSpaceSaga.Motion.Tests\bin\Debug\net8.0\DeepSpaceSaga.Motion.Tests.dll" adapterTypeName="executor://xunit/VsTestRunner2/netcoreapp" className="DeepSpaceSaga.Motion.Tests.SmokeTests" name="LinearMotionPredictor_is_instantiable" />
    </UnitTest>
    <UnitTest name="DeepSpaceSaga.Motion.Tests.ApproachPursuitMathTests.Fly_through_plan_finishes_with_exact_target_direction" storage="d:\deepspacesaga\dss\tests\deepspacesaga.motion.tests\bin\debug\net8.0\deepspacesaga.motion.tests.dll" id="3601a241-c81d-1b68-370f-2efa96100c20">
      <Execution id="a5a182cc-3aa9-46bc-a7fd-392d4df2407f" />
      <TestMethod codeBase="D:\DeepSpaceSaga\DSS\tests\DeepSpaceSaga.Motion.Tests\bin\Debug\net8.0\DeepSpaceSaga.Motion.Tests.dll" adapterTypeName="executor://xunit/VsTestRunner2/netcoreapp" className="DeepSpaceSaga.Motion.Tests.ApproachPursuitMathTests" name="Fly_through_plan_finishes_with_exact_target_direction" />
    </UnitTest>
    <UnitTest name="DeepSpaceSaga.Motion.Tests.ApproachPursuitMathTests+SolveInterceptFlyThroughPlanTests.Solve_returns_no_intercept_when_ship_is_not_faster_than_target" storage="d:\deepspacesaga\dss\tests\deepspacesaga.motion.tests\bin\debug\net8.0\deepspacesaga.motion.tests.dll" id="0a47f2b5-103e-b043-9f39-8dad3d6cae9c">
      <Execution id="eb154a80-aae7-4cb7-9f3e-f1b79d71aac2" />
      <TestMethod codeBase="D:\DeepSpaceSaga\DSS\tests\DeepSpaceSaga.Motion.Tests\bin\Debug\net8.0\DeepSpaceSaga.Motion.Tests.dll" adapterTypeName="executor://xunit/VsTestRunner2/netcoreapp" className="DeepSpaceSaga.Motion.Tests.ApproachPursuitMathTests+SolveInterceptFlyThroughPlanTests" name="Solve_returns_no_intercept_when_ship_is_not_faster_than_target" />
    </UnitTest>
    <UnitTest name="DeepSpaceSaga.Motion.Tests.ApproachPursuitMathTests+SolveInterceptFlyThroughPlanTests.Solve_avoids_the_type_switch_discontinuity_that_broke_the_reverted_bisection_attempt" storage="d:\deepspacesaga\dss\tests\deepspacesaga.motion.tests\bin\debug\net8.0\deepspacesaga.motion.tests.dll" id="ba155bee-a5da-1ded-f9dd-2426ac67a895">
      <Execution id="2b611e82-6414-4398-a7bc-251222087e35" />
      <TestMethod codeBase="D:\DeepSpaceSaga\DSS\tests\DeepSpaceSaga.Motion.Tests\bin\Debug\net8.0\DeepSpaceSaga.Motion.Tests.dll" adapterTypeName="executor://xunit/VsTestRunner2/netcoreapp" className="DeepSpaceSaga.Motion.Tests.ApproachPursuitMathTests+SolveInterceptFlyThroughPlanTests" name="Solve_avoids_the_type_switch_discontinuity_that_broke_the_reverted_bisection_attempt" />
    </UnitTest>
    <UnitTest name="DeepSpaceSaga.Motion.Tests.ApproachPursuitMathTests+SolveInterceptFlyThroughPlanTests.Solve_handles_a_target_almost_at_the_ships_position_without_nan_or_exception" storage="d:\deepspacesaga\dss\tests\deepspacesaga.motion.tests\bin\debug\net8.0\deepspacesaga.motion.tests.dll" id="492229c1-1043-fd1a-1ef9-f1594ba5a696">
      <Execution id="212b821e-b28b-4770-9180-de0ba23027ec" />
      <TestMethod codeBase="D:\DeepSpaceSaga\DSS\tests\DeepSpaceSaga.Motion.Tests\bin\Debug\net8.0\DeepSpaceSaga.Motion.Tests.dll" adapterTypeName="executor://xunit/VsTestRunner2/netcoreapp" className="DeepSpaceSaga.Motion.Tests.ApproachPursuitMathTests+SolveInterceptFlyThroughPlanTests" name="Solve_handles_a_target_almost_at_the_ships_position_without_nan_or_exception" />
    </UnitTest>
    <UnitTest name="DeepSpaceSaga.Motion.Tests.ApproachPursuitMathTests.Locked_course_detects_aim_point_fallen_behind_the_ship_even_outside_arrival_tolerance" storage="d:\deepspacesaga\dss\tests\deepspacesaga.motion.tests\bin\debug\net8.0\deepspacesaga.motion.tests.dll" id="afa56053-d362-200c-2f3b-0dfcb5f0651c">
      <Execution id="0b4be15f-6d7b-45d5-ac28-b4c836ad3d5d" />
      <TestMethod codeBase="D:\DeepSpaceSaga\DSS\tests\DeepSpaceSaga.Motion.Tests\bin\Debug\net8.0\DeepSpaceSaga.Motion.Tests.dll" adapterTypeName="executor://xunit/VsTestRunner2/netcoreapp" className="DeepSpaceSaga.Motion.Tests.ApproachPursuitMathTests" name="Locked_course_detects_aim_point_fallen_behind_the_ship_even_outside_arrival_tolerance" />
    </UnitTest>
    <UnitTest name="DeepSpaceSaga.Motion.Tests.ApproachPursuitMathTests+SolveInterceptFlyThroughPlanTests.Solve_finds_the_known_root_for_each_of_the_six_curve_types(expectedType: &quot;LSR&quot;, shipDirectionDegrees: 37.787700000000001, targetX: 10620.6896, targetY: 9084.4096000000009, targetDirectionDegrees: 37.126199999999997, expectedLengthUnits: 1104.7054000000001)" storage="d:\deepspacesaga\dss\tests\deepspacesaga.motion.tests\bin\debug\net8.0\deepspacesaga.motion.tests.dll" id="d918094d-423c-75dd-32e3-adf21f086956">
      <Execution id="517d5fc9-2159-4435-a40c-504c21deb205" />
      <TestMethod codeBase="D:\DeepSpaceSaga\DSS\tests\DeepSpaceSaga.Motion.Tests\bin\Debug\net8.0\DeepSpaceSaga.Motion.Tests.dll" adapterTypeName="executor://xunit/VsTestRunner2/netcoreapp" className="DeepSpaceSaga.Motion.Tests.ApproachPursuitMathTests+SolveInterceptFlyThroughPlanTests" name="Solve_finds_the_known_root_for_each_of_the_six_curve_types" />
    </UnitTest>
    <UnitTest name="DeepSpaceSaga.Motion.Tests.ApproachPursuitMathTests.Partial_turn_matches_NavigationWaypointMath_for_equivalent_inputs" storage="d:\deepspacesaga\dss\tests\deepspacesaga.motion.tests\bin\debug\net8.0\deepspacesaga.motion.tests.dll" id="19aafa4c-c17b-20d6-6cdb-c352a06000ea">
      <Execution id="33fbd17b-1c47-4fb8-a5d4-9226163b26ea" />
      <TestMethod codeBase="D:\DeepSpaceSaga\DSS\tests\DeepSpaceSaga.Motion.Tests\bin\Debug\net8.0\DeepSpaceSaga.Motion.Tests.dll" adapterTypeName="executor://xunit/VsTestRunner2/netcoreapp" className="DeepSpaceSaga.Motion.Tests.ApproachPursuitMathTests" name="Partial_turn_matches_NavigationWaypointMath_for_equivalent_inputs" />
    </UnitTest>
    <UnitTest name="DeepSpaceSaga.Motion.Tests.MotionPositionTests.Linear_coordinates_equal_snapshot_prediction(time: -10000)" storage="d:\deepspacesaga\dss\tests\deepspacesaga.motion.tests\bin\debug\net8.0\deepspacesaga.motion.tests.dll" id="01388da1-2bf3-8f8d-62d6-5397330b5657">
      <Execution id="e3838ab2-c1da-4fff-9b73-c33098af5bef" />
      <TestMethod codeBase="D:\DeepSpaceSaga\DSS\tests\DeepSpaceSaga.Motion.Tests\bin\Debug\net8.0\DeepSpaceSaga.Motion.Tests.dll" adapterTypeName="executor://xunit/VsTestRunner2/netcoreapp" className="DeepSpaceSaga.Motion.Tests.MotionPositionTests" name="Linear_coordinates_equal_snapshot_prediction" />
    </UnitTest>
    <UnitTest name="DeepSpaceSaga.Motion.Tests.ApproachPursuitMathTests.ComputeAimPoint_trails_behind_target_along_its_heading(targetDirectionDegrees: 90, expectedX: 50, expectedY: 200)" storage="d:\deepspacesaga\dss\tests\deepspacesaga.motion.tests\bin\debug\net8.0\deepspacesaga.motion.tests.dll" id="121bffa5-14a0-d475-da90-b412816c42aa">
      <Execution id="7ef57be4-3cd9-42be-a3a2-1a09ca120e57" />
      <TestMethod codeBase="D:\DeepSpaceSaga\DSS\tests\DeepSpaceSaga.Motion.Tests\bin\Debug\net8.0\DeepSpaceSaga.Motion.Tests.dll" adapterTypeName="executor://xunit/VsTestRunner2/netcoreapp" className="DeepSpaceSaga.Motion.Tests.ApproachPursuitMathTests" name="ComputeAimPoint_trails_behind_target_along_its_heading" />
    </UnitTest>
    <UnitTest name="DeepSpaceSaga.Motion.Tests.NavigationWaypointMathTests.Ship_that_flew_past_target_arrives" storage="d:\deepspacesaga\dss\tests\deepspacesaga.motion.tests\bin\debug\net8.0\deepspacesaga.motion.tests.dll" id="0465dec5-2954-3524-f210-3e920ae461e4">
      <Execution id="3d8c914b-36e0-4497-af26-1c8f5323009e" />
      <TestMethod codeBase="D:\DeepSpaceSaga\DSS\tests\DeepSpaceSaga.Motion.Tests\bin\Debug\net8.0\DeepSpaceSaga.Motion.Tests.dll" adapterTypeName="executor://xunit/VsTestRunner2/netcoreapp" className="DeepSpaceSaga.Motion.Tests.NavigationWaypointMathTests" name="Ship_that_flew_past_target_arrives" />
    </UnitTest>
    <UnitTest name="DeepSpaceSaga.Motion.Tests.NavigationWaypointMathTests.Normalizes_non_canonical_directions" storage="d:\deepspacesaga\dss\tests\deepspacesaga.motion.tests\bin\debug\net8.0\deepspacesaga.motion.tests.dll" id="630677de-bee9-a570-78c6-8ff69e18e156">
      <Execution id="ee5ef732-ebf7-4af7-b16f-e4b6ecf95e22" />
      <TestMethod codeBase="D:\DeepSpaceSaga\DSS\tests\DeepSpaceSaga.Motion.Tests\bin\Debug\net8.0\DeepSpaceSaga.Motion.Tests.dll" adapterTypeName="executor://xunit/VsTestRunner2/netcoreapp" className="DeepSpaceSaga.Motion.Tests.NavigationWaypointMathTests" name="Normalizes_non_canonical_directions" />
    </UnitTest>
    <UnitTest name="DeepSpaceSaga.Motion.Tests.ApproachPursuitMathTests.ComputeAimPoint_applies_full_trailing_offset_for_a_slow_but_genuinely_moving_target" storage="d:\deepspacesaga\dss\tests\deepspacesaga.motion.tests\bin\debug\net8.0\deepspacesaga.motion.tests.dll" id="9acfc482-aaf9-4518-fc7e-64c813eda25b">
      <Execution id="5c6b0070-4f9a-4dc3-a683-9e488f8abb90" />
      <TestMethod codeBase="D:\DeepSpaceSaga\DSS\tests\DeepSpaceSaga.Motion.Tests\bin\Debug\net8.0\DeepSpaceSaga.Motion.Tests.dll" adapterTypeName="executor://xunit/VsTestRunner2/netcoreapp" className="DeepSpaceSaga.Motion.Tests.ApproachPursuitMathTests" name="ComputeAimPoint_applies_full_trailing_offset_for_a_slow_but_genuinely_moving_target" />
    </UnitTest>
    <UnitTest name="DeepSpaceSaga.Motion.Tests.LinearMotionTests.Predict_moves_right_at_90_degrees" storage="d:\deepspacesaga\dss\tests\deepspacesaga.motion.tests\bin\debug\net8.0\deepspacesaga.motion.tests.dll" id="569ae303-9774-b211-8772-923129969230">
      <Execution id="54c39f4f-6911-4fa2-a168-6c1e5a07d498" />
      <TestMethod codeBase="D:\DeepSpaceSaga\DSS\tests\DeepSpaceSaga.Motion.Tests\bin\Debug\net8.0\DeepSpaceSaga.Motion.Tests.dll" adapterTypeName="executor://xunit/VsTestRunner2/netcoreapp" className="DeepSpaceSaga.Motion.Tests.LinearMotionTests" name="Predict_moves_right_at_90_degrees" />
    </UnitTest>
    <UnitTest name="DeepSpaceSaga.Motion.Tests.ApproachLineCaptureTests.Every_route_finishes_on_the_live_aft_ray_at_unchanged_speed(targetSpeed: 5)" storage="d:\deepspacesaga\dss\tests\deepspacesaga.motion.tests\bin\debug\net8.0\deepspacesaga.motion.tests.dll" id="2616eb50-afff-6500-07d6-43d8fe002d44">
      <Execution id="36aa81eb-796f-4bb1-92ee-49586ffa7bc7" />
      <TestMethod codeBase="D:\DeepSpaceSaga\DSS\tests\DeepSpaceSaga.Motion.Tests\bin\Debug\net8.0\DeepSpaceSaga.Motion.Tests.dll" adapterTypeName="executor://xunit/VsTestRunner2/netcoreapp" className="DeepSpaceSaga.Motion.Tests.ApproachLineCaptureTests" name="Every_route_finishes_on_the_live_aft_ray_at_unchanged_speed" />
    </UnitTest>
    <UnitTest name="DeepSpaceSaga.Motion.Tests.ApproachPursuitMathTests.Step_converges_without_wide_looping_for_a_badly_misaligned_moving_ship" storage="d:\deepspacesaga\dss\tests\deepspacesaga.motion.tests\bin\debug\net8.0\deepspacesaga.motion.tests.dll" id="b8c9da02-50a5-e896-730c-4a8d352cfe94">
      <Execution id="60abaf32-23dd-4fcb-a8b9-6d768a60872d" />
      <TestMethod codeBase="D:\DeepSpaceSaga\DSS\tests\DeepSpaceSaga.Motion.Tests\bin\Debug\net8.0\DeepSpaceSaga.Motion.Tests.dll" adapterTypeName="executor://xunit/VsTestRunner2/netcoreapp" className="DeepSpaceSaga.Motion.Tests.ApproachPursuitMathTests" name="Step_converges_without_wide_looping_for_a_badly_misaligned_moving_ship" />
    </UnitTest>
    <UnitTest name="DeepSpaceSaga.Motion.Tests.ApproachPursuitMathTests.ComputeAimPoint_trails_behind_target_along_its_heading(targetDirectionDegrees: 180, expectedX: 100, expectedY: 150)" storage="d:\deepspacesaga\dss\tests\deepspacesaga.motion.tests\bin\debug\net8.0\deepspacesaga.motion.tests.dll" id="285ce347-7e85-d8d7-bf3b-318d31cd7450">
      <Execution id="c55abf8b-7f13-422a-917c-9f1d7288f18c" />
      <TestMethod codeBase="D:\DeepSpaceSaga\DSS\tests\DeepSpaceSaga.Motion.Tests\bin\Debug\net8.0\DeepSpaceSaga.Motion.Tests.dll" adapterTypeName="executor://xunit/VsTestRunner2/netcoreapp" className="DeepSpaceSaga.Motion.Tests.ApproachPursuitMathTests" name="ComputeAimPoint_trails_behind_target_along_its_heading" />
    </UnitTest>
    <UnitTest name="DeepSpaceSaga.Motion.Tests.MotionPositionTests.Linear_coordinates_equal_snapshot_prediction(time: 0)" storage="d:\deepspacesaga\dss\tests\deepspacesaga.motion.tests\bin\debug\net8.0\deepspacesaga.motion.tests.dll" id="698d056e-b435-3f83-8851-4d416610679d">
      <Execution id="d54fd36a-f4e1-4a1d-af92-72760a65293a" />
      <TestMethod codeBase="D:\DeepSpaceSaga\DSS\tests\DeepSpaceSaga.Motion.Tests\bin\Debug\net8.0\DeepSpaceSaga.Motion.Tests.dll" adapterTypeName="executor://xunit/VsTestRunner2/netcoreapp" className="DeepSpaceSaga.Motion.Tests.MotionPositionTests" name="Linear_coordinates_equal_snapshot_prediction" />
    </UnitTest>
    <UnitTest name="DeepSpaceSaga.Motion.Tests.ApproachPursuitMathTests+SolveInterceptFlyThroughPlanTests.Solve_finds_the_known_root_for_each_of_the_six_curve_types(expectedType: &quot;LRL&quot;, shipDirectionDegrees: 211.75370000000001, targetX: 10078.9365, targetY: 10351.0098, targetDirectionDegrees: 270.38600000000002, expectedLengthUnits: 551.95619999999997)" storage="d:\deepspacesaga\dss\tests\deepspacesaga.motion.tests\bin\debug\net8.0\deepspacesaga.motion.tests.dll" id="9b364ed5-33e8-676e-a189-00de185e7992">
      <Execution id="1bad0fb8-80f3-4537-8b8c-7dcff1f745a4" />
      <TestMethod codeBase="D:\DeepSpaceSaga\DSS\tests\DeepSpaceSaga.Motion.Tests\bin\Debug\net8.0\DeepSpaceSaga.Motion.Tests.dll" adapterTypeName="executor://xunit/VsTestRunner2/netcoreapp" className="DeepSpaceSaga.Motion.Tests.ApproachPursuitMathTests+SolveInterceptFlyThroughPlanTests" name="Solve_finds_the_known_root_for_each_of_the_six_curve_types" />
    </UnitTest>
    <UnitTest name="DeepSpaceSaga.Motion.Tests.MotionPositionTests.Route_pose_follows_a_quarter_circle_then_continues_straight" storage="d:\deepspacesaga\dss\tests\deepspacesaga.motion.tests\bin\debug\net8.0\deepspacesaga.motion.tests.dll" id="50744887-4ef9-8d06-dcf1-e7b02779ac2d">
      <Execution id="fc9618e4-46b2-4f6a-867c-62b53491991f" />
      <TestMethod codeBase="D:\DeepSpaceSaga\DSS\tests\DeepSpaceSaga.Motion.Tests\bin\Debug\net8.0\DeepSpaceSaga.Motion.Tests.dll" adapterTypeName="executor://xunit/VsTestRunner2/netcoreapp" className="DeepSpaceSaga.Motion.Tests.MotionPositionTests" name="Route_pose_follows_a_quarter_circle_then_continues_straight" />
    </UnitTest>
    <UnitTest name="DeepSpaceSaga.Motion.Tests.ApproachLineCaptureTests.Coincident_trailing_slot_with_opposite_heading_still_gets_a_rendezvous" storage="d:\deepspacesaga\dss\tests\deepspacesaga.motion.tests\bin\debug\net8.0\deepspacesaga.motion.tests.dll" id="2dc15362-29c7-e2ff-470f-ad2a520a323e">
      <Execution id="9f69ad25-e69d-403a-b1af-f779b925e057" />
      <TestMethod codeBase="D:\DeepSpaceSaga\DSS\tests\DeepSpaceSaga.Motion.Tests\bin\Debug\net8.0\DeepSpaceSaga.Motion.Tests.dll" adapterTypeName="executor://xunit/VsTestRunner2/netcoreapp" className="DeepSpaceSaga.Motion.Tests.ApproachLineCaptureTests" name="Coincident_trailing_slot_with_opposite_heading_still_gets_a_rendezvous" />
    </UnitTest>
    <UnitTest name="DeepSpaceSaga.Motion.Tests.MotionPositionTests.Position_fast_path_rejects_turning_and_navigation_states" storage="d:\deepspacesaga\dss\tests\deepspacesaga.motion.tests\bin\debug\net8.0\deepspacesaga.motion.tests.dll" id="0b80b010-34c2-ab1b-5489-825078af2f58">
      <Execution id="f076856a-e30b-4aa6-9505-b822e3ef970a" />
      <TestMethod codeBase="D:\DeepSpaceSaga\DSS\tests\DeepSpaceSaga.Motion.Tests\bin\Debug\net8.0\DeepSpaceSaga.Motion.Tests.dll" adapterTypeName="executor://xunit/VsTestRunner2/netcoreapp" className="DeepSpaceSaga.Motion.Tests.MotionPositionTests" name="Position_fast_path_rejects_turning_and_navigation_states" />
    </UnitTest>
    <UnitTest name="DeepSpaceSaga.Motion.Tests.LinearMotionTests.Predict_approach_fly_through_hands_off_to_live_target_instead_of_the_stale_captured_pose" storage="d:\deepspacesaga\dss\tests\deepspacesaga.motion.tests\bin\debug\net8.0\deepspacesaga.motion.tests.dll" id="1d08c351-fa70-14aa-e98f-6f06f6919edd">
      <Execution id="8c818e51-22bd-4345-acb1-942c18423304" />
      <TestMethod codeBase="D:\DeepSpaceSaga\DSS\tests\DeepSpaceSaga.Motion.Tests\bin\Debug\net8.0\DeepSpaceSaga.Motion.Tests.dll" adapterTypeName="executor://xunit/VsTestRunner2/netcoreapp" className="DeepSpaceSaga.Motion.Tests.LinearMotionTests" name="Predict_approach_fly_through_hands_off_to_live_target_instead_of_the_stale_captured_pose" />
    </UnitTest>
    <UnitTest name="DeepSpaceSaga.Motion.Tests.ApproachPursuitMathTests+SolveInterceptFlyThroughPlanTests.Solve_handles_head_on_courses_without_nan_or_exception" storage="d:\deepspacesaga\dss\tests\deepspacesaga.motion.tests\bin\debug\net8.0\deepspacesaga.motion.tests.dll" id="190dc1ce-a33e-0bd0-196c-84c3af136c32">
      <Execution id="254c77b5-a93d-4fe4-990b-e262bc84d21f" />
      <TestMethod codeBase="D:\DeepSpaceSaga\DSS\tests\DeepSpaceSaga.Motion.Tests\bin\Debug\net8.0\DeepSpaceSaga.Motion.Tests.dll" adapterTypeName="executor://xunit/VsTestRunner2/netcoreapp" className="DeepSpaceSaga.Motion.Tests.ApproachPursuitMathTests+SolveInterceptFlyThroughPlanTests" name="Solve_handles_head_on_courses_without_nan_or_exception" />
    </UnitTest>
    <UnitTest name="DeepSpaceSaga.Motion.Tests.ApproachPursuitMathTests+SolveInterceptFlyThroughPlanTests.Solve_is_deterministic_for_identical_inputs" storage="d:\deepspacesaga\dss\tests\deepspacesaga.motion.tests\bin\debug\net8.0\deepspacesaga.motion.tests.dll" id="d5c54527-537f-58dd-5af8-a126e4f380c1">
      <Execution id="fdbee5ea-533d-4cd1-88aa-1b3b80eaa4f2" />
      <TestMethod codeBase="D:\DeepSpaceSaga\DSS\tests\DeepSpaceSaga.Motion.Tests\bin\Debug\net8.0\DeepSpaceSaga.Motion.Tests.dll" adapterTypeName="executor://xunit/VsTestRunner2/netcoreapp" className="DeepSpaceSaga.Motion.Tests.ApproachPursuitMathTests+SolveInterceptFlyThroughPlanTests" name="Solve_is_deterministic_for_identical_inputs" />
    </UnitTest>
    <UnitTest name="DeepSpaceSaga.Motion.Tests.ApproachPursuitMathTests+SolveInterceptFlyThroughPlanTests.Solve_finds_the_known_root_for_each_of_the_six_curve_types(expectedType: &quot;RSR&quot;, shipDirectionDegrees: 316.68520000000001, targetX: 9230.0013999999992, targetY: 9094.4951999999994, targetDirectionDegrees: 322.46910000000003, expectedLengthUnits: 1187.2998)" storage="d:\deepspacesaga\dss\tests\deepspacesaga.motion.tests\bin\debug\net8.0\deepspacesaga.motion.tests.dll" id="200742b1-eada-32b3-548d-0352f0939e41">
      <Execution id="9071d7d4-84d8-485b-85ab-ad682a24de42" />
      <TestMethod codeBase="D:\DeepSpaceSaga\DSS\tests\DeepSpaceSaga.Motion.Tests\bin\Debug\net8.0\DeepSpaceSaga.Motion.Tests.dll" adapterTypeName="executor://xunit/VsTestRunner2/netcoreapp" className="DeepSpaceSaga.Motion.Tests.ApproachPursuitMathTests+SolveInterceptFlyThroughPlanTests" name="Solve_finds_the_known_root_for_each_of_the_six_curve_types" />
    </UnitTest>
    <UnitTest name="DeepSpaceSaga.Motion.Tests.ApproachLineCaptureTests.Faster_target_capture_uses_a_nearby_line_entry_instead_of_its_distant_position" storage="d:\deepspacesaga\dss\tests\deepspacesaga.motion.tests\bin\debug\net8.0\deepspacesaga.motion.tests.dll" id="eb1cf5a7-0ebb-bf05-1b53-94aa7c1c5d34">
      <Execution id="ae037e20-85fb-4c55-a492-e5f487e9b7f6" />
      <TestMethod codeBase="D:\DeepSpaceSaga\DSS\tests\DeepSpaceSaga.Motion.Tests\bin\Debug\net8.0\DeepSpaceSaga.Motion.Tests.dll" adapterTypeName="executor://xunit/VsTestRunner2/netcoreapp" className="DeepSpaceSaga.Motion.Tests.ApproachLineCaptureTests" name="Faster_target_capture_uses_a_nearby_line_entry_instead_of_its_distant_position" />
    </UnitTest>
    <UnitTest name="DeepSpaceSaga.Motion.Tests.ApproachPursuitMathTests+SolveInterceptFlyThroughPlanTests.Solve_finds_the_known_root_for_each_of_the_six_curve_types(expectedType: &quot;RSL&quot;, shipDirectionDegrees: 40.696800000000003, targetX: 10848.875099999999, targetY: 9109.7924999999996, targetDirectionDegrees: 40.452500000000001, expectedLengthUnits: 1228.8039000000001)" storage="d:\deepspacesaga\dss\tests\deepspacesaga.motion.tests\bin\debug\net8.0\deepspacesaga.motion.tests.dll" id="c6a5d8a5-6a8b-4891-23c2-3274932b7be2">
      <Execution id="d6b865e5-24c1-4111-8f98-10e7c24fb64d" />
      <TestMethod codeBase="D:\DeepSpaceSaga\DSS\tests\DeepSpaceSaga.Motion.Tests\bin\Debug\net8.0\DeepSpaceSaga.Motion.Tests.dll" adapterTypeName="executor://xunit/VsTestRunner2/netcoreapp" className="DeepSpaceSaga.Motion.Tests.ApproachPursuitMathTests+SolveInterceptFlyThroughPlanTests" name="Solve_finds_the_known_root_for_each_of_the_six_curve_types" />
    </UnitTest>
    <UnitTest name="DeepSpaceSaga.Motion.Tests.NavigationWaypointMathTests.Ship_already_at_target_arrives" storage="d:\deepspacesaga\dss\tests\deepspacesaga.motion.tests\bin\debug\net8.0\deepspacesaga.motion.tests.dll" id="7fb664d4-ab63-9dbf-2e8d-edc5f7cb02d8">
      <Execution id="1b6fa2b0-a6ff-4127-8c97-ec07e8adfb0e" />
      <TestMethod codeBase="D:\DeepSpaceSaga\DSS\tests\DeepSpaceSaga.Motion.Tests\bin\Debug\net8.0\DeepSpaceSaga.Motion.Tests.dll" adapterTypeName="executor://xunit/VsTestRunner2/netcoreapp" className="DeepSpaceSaga.Motion.Tests.NavigationWaypointMathTests" name="Ship_already_at_target_arrives" />
    </UnitTest>
    <UnitTest name="DeepSpaceSaga.Motion.Tests.ApproachPursuitMathTests.Ship_exactly_at_aim_point_has_arrived" storage="d:\deepspacesaga\dss\tests\deepspacesaga.motion.tests\bin\debug\net8.0\deepspacesaga.motion.tests.dll" id="e4c93274-3318-4a24-7263-ed3147f41140">
      <Execution id="e7bc7112-cbf3-4e9f-831b-2e0d7da247d4" />
      <TestMethod codeBase="D:\DeepSpaceSaga\DSS\tests\DeepSpaceSaga.Motion.Tests\bin\Debug\net8.0\DeepSpaceSaga.Motion.Tests.dll" adapterTypeName="executor://xunit/VsTestRunner2/netcoreapp" className="DeepSpaceSaga.Motion.Tests.ApproachPursuitMathTests" name="Ship_exactly_at_aim_point_has_arrived" />
    </UnitTest>
    <UnitTest name="DeepSpaceSaga.Motion.Tests.ApproachLineCaptureTests.Every_route_finishes_on_the_live_aft_ray_at_unchanged_speed(targetSpeed: 3)" storage="d:\deepspacesaga\dss\tests\deepspacesaga.motion.tests\bin\debug\net8.0\deepspacesaga.motion.tests.dll" id="17d0c785-6fb9-10f4-91ce-efe59229e3e9">
      <Execution id="16857b25-1e11-442a-9d56-429dd5c5fd29" />
      <TestMethod codeBase="D:\DeepSpaceSaga\DSS\tests\DeepSpaceSaga.Motion.Tests\bin\Debug\net8.0\DeepSpaceSaga.Motion.Tests.dll" adapterTypeName="executor://xunit/VsTestRunner2/netcoreapp" className="DeepSpaceSaga.Motion.Tests.ApproachLineCaptureTests" name="Every_route_finishes_on_the_live_aft_ray_at_unchanged_speed" />
    </UnitTest>
    <UnitTest name="DeepSpaceSaga.Motion.Tests.NavigationWaypointMathTests.Step_is_deterministic_for_identical_inputs" storage="d:\deepspacesaga\dss\tests\deepspacesaga.motion.tests\bin\debug\net8.0\deepspacesaga.motion.tests.dll" id="8f6948fb-847f-b6c0-182f-38575c794ec5">
      <Execution id="bc79a3fc-4399-4fcf-8a47-211f3a8a2a46" />
      <TestMethod codeBase="D:\DeepSpaceSaga\DSS\tests\DeepSpaceSaga.Motion.Tests\bin\Debug\net8.0\DeepSpaceSaga.Motion.Tests.dll" adapterTypeName="executor://xunit/VsTestRunner2/netcoreapp" className="DeepSpaceSaga.Motion.Tests.NavigationWaypointMathTests" name="Step_is_deterministic_for_identical_inputs" />
    </UnitTest>
    <UnitTest name="DeepSpaceSaga.Motion.Tests.ApproachPursuitMathTests.Step_is_deterministic_for_identical_inputs" storage="d:\deepspacesaga\dss\tests\deepspacesaga.motion.tests\bin\debug\net8.0\deepspacesaga.motion.tests.dll" id="dd475b3e-b030-e6f2-ecde-75ccd461f50e">
      <Execution id="52485be3-92fe-48b4-af91-29dbf1651bda" />
      <TestMethod codeBase="D:\DeepSpaceSaga\DSS\tests\DeepSpaceSaga.Motion.Tests\bin\Debug\net8.0\DeepSpaceSaga.Motion.Tests.dll" adapterTypeName="executor://xunit/VsTestRunner2/netcoreapp" className="DeepSpaceSaga.Motion.Tests.ApproachPursuitMathTests" name="Step_is_deterministic_for_identical_inputs" />
    </UnitTest>
    <UnitTest name="DeepSpaceSaga.Motion.Tests.LinearMotionTests.Predict_moves_up_at_0_degrees" storage="d:\deepspacesaga\dss\tests\deepspacesaga.motion.tests\bin\debug\net8.0\deepspacesaga.motion.tests.dll" id="0f2b5042-d85a-c433-7b43-52d6f3381cb5">
      <Execution id="8a7290e3-3a85-4218-b167-4c10584214f6" />
      <TestMethod codeBase="D:\DeepSpaceSaga\DSS\tests\DeepSpaceSaga.Motion.Tests\bin\Debug\net8.0\DeepSpaceSaga.Motion.Tests.dll" adapterTypeName="executor://xunit/VsTestRunner2/netcoreapp" className="DeepSpaceSaga.Motion.Tests.LinearMotionTests" name="Predict_moves_up_at_0_degrees" />
    </UnitTest>
    <UnitTest name="DeepSpaceSaga.Motion.Tests.LinearMotionTests.Predict_moves_down_at_180_degrees" storage="d:\deepspacesaga\dss\tests\deepspacesaga.motion.tests\bin\debug\net8.0\deepspacesaga.motion.tests.dll" id="d5d1f129-0ce4-b997-cb2e-cd109390e8a9">
      <Execution id="92b349a8-0e5e-4f34-9833-2c0ac8525c3f" />
      <TestMethod codeBase="D:\DeepSpaceSaga\DSS\tests\DeepSpaceSaga.Motion.Tests\bin\Debug\net8.0\DeepSpaceSaga.Motion.Tests.dll" adapterTypeName="executor://xunit/VsTestRunner2/netcoreapp" className="DeepSpaceSaga.Motion.Tests.LinearMotionTests" name="Predict_moves_down_at_180_degrees" />
    </UnitTest>
    <UnitTest name="DeepSpaceSaga.Motion.Tests.ApproachLineCaptureTests.Already_trailing_ship_does_not_start_a_loop" storage="d:\deepspacesaga\dss\tests\deepspacesaga.motion.tests\bin\debug\net8.0\deepspacesaga.motion.tests.dll" id="86570146-680d-35ae-8ff4-4eb3a5c99a58">
      <Execution id="6d99a9a6-5646-4d8b-a807-e91dfc82b6ac" />
      <TestMethod codeBase="D:\DeepSpaceSaga\DSS\tests\DeepSpaceSaga.Motion.Tests\bin\Debug\net8.0\DeepSpaceSaga.Motion.Tests.dll" adapterTypeName="executor://xunit/VsTestRunner2/netcoreapp" className="DeepSpaceSaga.Motion.Tests.ApproachLineCaptureTests" name="Already_trailing_ship_does_not_start_a_loop" />
    </UnitTest>
    <UnitTest name="DeepSpaceSaga.Motion.Tests.NavigationWaypointMathTests.Ship_aimed_at_target_ahead_keeps_course" storage="d:\deepspacesaga\dss\tests\deepspacesaga.motion.tests\bin\debug\net8.0\deepspacesaga.motion.tests.dll" id="99d0e7a0-5812-1de4-17b5-830678adea13">
      <Execution id="3250474a-ac63-47df-af9f-c1944c8f742f" />
      <TestMethod codeBase="D:\DeepSpaceSaga\DSS\tests\DeepSpaceSaga.Motion.Tests\bin\Debug\net8.0\DeepSpaceSaga.Motion.Tests.dll" adapterTypeName="executor://xunit/VsTestRunner2/netcoreapp" className="DeepSpaceSaga.Motion.Tests.NavigationWaypointMathTests" name="Ship_aimed_at_target_ahead_keeps_course" />
    </UnitTest>
[...]
      <Execution id="a55c6e66-8def-47cc-bbc4-cceb0300e02d" />
      <TestMethod codeBase="D:\DeepSpaceSaga\DSS\tests\DeepSpaceSaga.Motion.Tests\bin\Debug\net8.0\DeepSpaceSaga.Motion.Tests.dll" adapterTypeName="executor://xunit/VsTestRunner2/netcoreapp" className="DeepSpaceSaga.Motion.Tests.ApproachPursuitMathTests" name="Step_still_applies_full_trailing_offset_for_a_genuinely_moving_target" />
    </UnitTest>
    <UnitTest name="DeepSpaceSaga.Motion.Tests.ApproachPursuitMathTests.ComputeAimPoint_handles_diagonal_heading" storage="d:\deepspacesaga\dss\tests\deepspacesaga.motion.tests\bin\debug\net8.0\deepspacesaga.motion.tests.dll" id="f14ee023-633f-379e-fb09-bd042bad71ce">
      <Execution id="20b9cee5-8fc9-4f7d-9aa3-ef04863b315a" />
      <TestMethod codeBase="D:\DeepSpaceSaga\DSS\tests\DeepSpaceSaga.Motion.Tests\bin\Debug\net8.0\DeepSpaceSaga.Motion.Tests.dll" adapterTypeName="executor://xunit/VsTestRunner2/netcoreapp" className="DeepSpaceSaga.Motion.Tests.ApproachPursuitMathTests" name="ComputeAimPoint_handles_diagonal_heading" />
    </UnitTest>
    <UnitTest name="DeepSpaceSaga.Motion.Tests.ApproachPursuitMathTests.Large_heading_change_is_clamped_to_turn_step" storage="d:\deepspacesaga\dss\tests\deepspacesaga.motion.tests\bin\debug\net8.0\deepspacesaga.motion.tests.dll" id="b3d478bc-2683-7341-b0c5-4fd8fcae16b6">
      <Execution id="a3389837-32af-4467-a8a7-69031607151a" />
      <TestMethod codeBase="D:\DeepSpaceSaga\DSS\tests\DeepSpaceSaga.Motion.Tests\bin\Debug\net8.0\DeepSpaceSaga.Motion.Tests.dll" adapterTypeName="executor://xunit/VsTestRunner2/netcoreapp" className="DeepSpaceSaga.Motion.Tests.ApproachPursuitMathTests" name="Large_heading_change_is_clamped_to_turn_step" />
    </UnitTest>
    <UnitTest name="DeepSpaceSaga.Motion.Tests.ApproachPursuitMathTests.Default_asteroid_pose_uses_one_right_straight_right_tail_entry" storage="d:\deepspacesaga\dss\tests\deepspacesaga.motion.tests\bin\debug\net8.0\deepspacesaga.motion.tests.dll" id="085851b1-73ae-2c8a-0cef-55456ef9aa60">
      <Execution id="962619c2-123b-468d-b92b-bbf9bd5f767d" />
      <TestMethod codeBase="D:\DeepSpaceSaga\DSS\tests\DeepSpaceSaga.Motion.Tests\bin\Debug\net8.0\DeepSpaceSaga.Motion.Tests.dll" adapterTypeName="executor://xunit/VsTestRunner2/netcoreapp" className="DeepSpaceSaga.Motion.Tests.ApproachPursuitMathTests" name="Default_asteroid_pose_uses_one_right_straight_right_tail_entry" />
    </UnitTest>
    <UnitTest name="DeepSpaceSaga.Motion.Tests.ApproachPursuitMathTests.ComputeAimPoint_trails_behind_target_along_its_heading(targetDirectionDegrees: 0, expectedX: 100, expectedY: 250)" storage="d:\deepspacesaga\dss\tests\deepspacesaga.motion.tests\bin\debug\net8.0\deepspacesaga.motion.tests.dll" id="69278487-df4d-f01d-4cc5-7ea59f59bace">
      <Execution id="6c1c61bb-098e-48e8-b320-fdb4e29a8b32" />
      <TestMethod codeBase="D:\DeepSpaceSaga\DSS\tests\DeepSpaceSaga.Motion.Tests\bin\Debug\net8.0\DeepSpaceSaga.Motion.Tests.dll" adapterTypeName="executor://xunit/VsTestRunner2/netcoreapp" className="DeepSpaceSaga.Motion.Tests.ApproachPursuitMathTests" name="ComputeAimPoint_trails_behind_target_along_its_heading" />
    </UnitTest>
    <UnitTest name="DeepSpaceSaga.Motion.Tests.ApproachPursuitMathTests.Ship_far_from_aim_point_has_not_arrived" storage="d:\deepspacesaga\dss\tests\deepspacesaga.motion.tests\bin\debug\net8.0\deepspacesaga.motion.tests.dll" id="99b5474d-5f87-4b58-6806-6edc89f87523">
      <Execution id="18dbbf15-e221-41f6-9c00-9b7060c1f3a1" />
      <TestMethod codeBase="D:\DeepSpaceSaga\DSS\tests\DeepSpaceSaga.Motion.Tests\bin\Debug\net8.0\DeepSpaceSaga.Motion.Tests.dll" adapterTypeName="executor://xunit/VsTestRunner2/netcoreapp" className="DeepSpaceSaga.Motion.Tests.ApproachPursuitMathTests" name="Ship_far_from_aim_point_has_not_arrived" />
    </UnitTest>
    <UnitTest name="DeepSpaceSaga.Motion.Tests.ApproachPursuitMathTests+SolveInterceptFlyThroughPlanTests.Solve_finds_the_known_root_for_each_of_the_six_curve_types(expectedType: &quot;LSL&quot;, shipDirectionDegrees: 202.00380000000001, targetX: 9660.0809000000008, targetY: 10994.0972, targetDirectionDegrees: 195.92779999999999, expectedLengthUnits: 1052.2677000000001)" storage="d:\deepspacesaga\dss\tests\deepspacesaga.motion.tests\bin\debug\net8.0\deepspacesaga.motion.tests.dll" id="52efe089-5829-11b5-f319-d5340fdf90e1">
      <Execution id="341871a1-1c04-4db3-aa77-ddea961ac143" />
      <TestMethod codeBase="D:\DeepSpaceSaga\DSS\tests\DeepSpaceSaga.Motion.Tests\bin\Debug\net8.0\DeepSpaceSaga.Motion.Tests.dll" adapterTypeName="executor://xunit/VsTestRunner2/netcoreapp" className="DeepSpaceSaga.Motion.Tests.ApproachPursuitMathTests+SolveInterceptFlyThroughPlanTests" name="Solve_finds_the_known_root_for_each_of_the_six_curve_types" />
    </UnitTest>
    <UnitTest name="DeepSpaceSaga.Motion.Tests.NavigationWaypointMathTests.Stationary_ship_can_turn_on_the_spot" storage="d:\deepspacesaga\dss\tests\deepspacesaga.motion.tests\bin\debug\net8.0\deepspacesaga.motion.tests.dll" id="5e8c6165-d671-3962-453b-9d56b4911b3d">
      <Execution id="deb7debd-ad95-400b-9ff4-42c096e84781" />
      <TestMethod codeBase="D:\DeepSpaceSaga\DSS\tests\DeepSpaceSaga.Motion.Tests\bin\Debug\net8.0\DeepSpaceSaga.Motion.Tests.dll" adapterTypeName="executor://xunit/VsTestRunner2/netcoreapp" className="DeepSpaceSaga.Motion.Tests.NavigationWaypointMathTests" name="Stationary_ship_can_turn_on_the_spot" />
    </UnitTest>
    <UnitTest name="DeepSpaceSaga.Motion.Tests.NavigationWaypointMathTests.Staged_approach_keeps_turning_inside_turn_radius" storage="d:\deepspacesaga\dss\tests\deepspacesaga.motion.tests\bin\debug\net8.0\deepspacesaga.motion.tests.dll" id="ce49ee46-386a-cf63-bc9e-5f5f0d4bcec8">
      <Execution id="0e753600-2f02-4c20-983c-aa0a4d2a040b" />
      <TestMethod codeBase="D:\DeepSpaceSaga\DSS\tests\DeepSpaceSaga.Motion.Tests\bin\Debug\net8.0\DeepSpaceSaga.Motion.Tests.dll" adapterTypeName="executor://xunit/VsTestRunner2/netcoreapp" className="DeepSpaceSaga.Motion.Tests.NavigationWaypointMathTests" name="Staged_approach_keeps_turning_inside_turn_radius" />
    </UnitTest>
    <UnitTest name="DeepSpaceSaga.Motion.Tests.NavigationWaypointMathTests.Target_within_arrival_epsilon_arrives" storage="d:\deepspacesaga\dss\tests\deepspacesaga.motion.tests\bin\debug\net8.0\deepspacesaga.motion.tests.dll" id="c3c68edd-e629-ff32-f2a0-f02aebc479d4">
      <Execution id="7342db7b-068c-44d5-8833-c432526fc0a6" />
      <TestMethod codeBase="D:\DeepSpaceSaga\DSS\tests\DeepSpaceSaga.Motion.Tests\bin\Debug\net8.0\DeepSpaceSaga.Motion.Tests.dll" adapterTypeName="executor://xunit/VsTestRunner2/netcoreapp" className="DeepSpaceSaga.Motion.Tests.NavigationWaypointMathTests" name="Target_within_arrival_epsilon_arrives" />
    </UnitTest>
    <UnitTest name="DeepSpaceSaga.Motion.Tests.MotionPositionTests.Linear_coordinates_equal_snapshot_prediction(time: 200000)" storage="d:\deepspacesaga\dss\tests\deepspacesaga.motion.tests\bin\debug\net8.0\deepspacesaga.motion.tests.dll" id="c3533a78-422c-70cb-6682-d49e65d06554">
      <Execution id="bc9e47c7-cd03-48d9-ae4d-07a64940b237" />
      <TestMethod codeBase="D:\DeepSpaceSaga\DSS\tests\DeepSpaceSaga.Motion.Tests\bin\Debug\net8.0\DeepSpaceSaga.Motion.Tests.dll" adapterTypeName="executor://xunit/VsTestRunner2/netcoreapp" className="DeepSpaceSaga.Motion.Tests.MotionPositionTests" name="Linear_coordinates_equal_snapshot_prediction" />
    </UnitTest>
  </TestDefinitions>
  <TestEntries>
    <TestEntry testId="c6a5d8a5-6a8b-4891-23c2-3274932b7be2" executionId="d6b865e5-24c1-4111-8f98-10e7c24fb64d" testListId="8c84fa94-04c1-424b-9868-57a2d4851a1d" />
    <TestEntry testId="b3d478bc-2683-7341-b0c5-4fd8fcae16b6" executionId="a3389837-32af-4467-a8a7-69031607151a" testListId="8c84fa94-04c1-424b-9868-57a2d4851a1d" />
    <TestEntry testId="698d056e-b435-3f83-8851-4d416610679d" executionId="d54fd36a-f4e1-4a1d-af92-72760a65293a" testListId="8c84fa94-04c1-424b-9868-57a2d4851a1d" />
    <TestEntry testId="285ce347-7e85-d8d7-bf3b-318d31cd7450" executionId="c55abf8b-7f13-422a-917c-9f1d7288f18c" testListId="8c84fa94-04c1-424b-9868-57a2d4851a1d" />
    <TestEntry testId="dd475b3e-b030-e6f2-ecde-75ccd461f50e" executionId="52485be3-92fe-48b4-af91-29dbf1651bda" testListId="8c84fa94-04c1-424b-9868-57a2d4851a1d" />
    <TestEntry testId="4213e10c-4263-d821-60ab-4455866ab325" executionId="7fc48460-9566-4039-a065-0fcdf273569c" testListId="8c84fa94-04c1-424b-9868-57a2d4851a1d" />
    <TestEntry testId="0465dec5-2954-3524-f210-3e920ae461e4" executionId="3d8c914b-36e0-4497-af26-1c8f5323009e" testListId="8c84fa94-04c1-424b-9868-57a2d4851a1d" />
    <TestEntry testId="01cd5f01-87f9-76c7-a950-30f7efb856c0" executionId="a55c6e66-8def-47cc-bbc4-cceb0300e02d" testListId="8c84fa94-04c1-424b-9868-57a2d4851a1d" />
    <TestEntry testId="9b364ed5-33e8-676e-a189-00de185e7992" executionId="1bad0fb8-80f3-4537-8b8c-7dcff1f745a4" testListId="8c84fa94-04c1-424b-9868-57a2d4851a1d" />
    <TestEntry testId="d5c54527-537f-58dd-5af8-a126e4f380c1" executionId="fdbee5ea-533d-4cd1-88aa-1b3b80eaa4f2" testListId="8c84fa94-04c1-424b-9868-57a2d4851a1d" />
    <TestEntry testId="237040ae-f254-d4bc-2c7f-27f5ccf38c95" executionId="d818457c-c883-47bb-be53-aaf9dfb14476" testListId="8c84fa94-04c1-424b-9868-57a2d4851a1d" />
    <TestEntry testId="b2cc3ff1-18af-0957-dd13-83b2716b79da" executionId="846f25e2-cfb6-419d-a6d3-d89d8875ffd3" testListId="8c84fa94-04c1-424b-9868-57a2d4851a1d" />
    <TestEntry testId="19aafa4c-c17b-20d6-6cdb-c352a06000ea" executionId="33fbd17b-1c47-4fb8-a5d4-9226163b26ea" testListId="8c84fa94-04c1-424b-9868-57a2d4851a1d" />
    <TestEntry testId="2616eb50-afff-6500-07d6-43d8fe002d44" executionId="36aa81eb-796f-4bb1-92ee-49586ffa7bc7" testListId="8c84fa94-04c1-424b-9868-57a2d4851a1d" />
    <TestEntry testId="e5a083df-bc75-1c72-d381-4c5b13474268" executionId="bd8bebc3-d4c3-4b43-af8a-8d750dea4d65" testListId="8c84fa94-04c1-424b-9868-57a2d4851a1d" />
    <TestEntry testId="5e8c6165-d671-3962-453b-9d56b4911b3d" executionId="deb7debd-ad95-400b-9ff4-42c096e84781" testListId="8c84fa94-04c1-424b-9868-57a2d4851a1d" />
    <TestEntry testId="c3c68edd-e629-ff32-f2a0-f02aebc479d4" executionId="7342db7b-068c-44d5-8833-c432526fc0a6" testListId="8c84fa94-04c1-424b-9868-57a2d4851a1d" />
    <TestEntry testId="190dc1ce-a33e-0bd0-196c-84c3af136c32" executionId="254c77b5-a93d-4fe4-990b-e262bc84d21f" testListId="8c84fa94-04c1-424b-9868-57a2d4851a1d" />
    <TestEntry testId="52efe089-5829-11b5-f319-d5340fdf90e1" executionId="341871a1-1c04-4db3-aa77-ddea961ac143" testListId="8c84fa94-04c1-424b-9868-57a2d4851a1d" />
    <TestEntry testId="121bffa5-14a0-d475-da90-b412816c42aa" executionId="7ef57be4-3cd9-42be-a3a2-1a09ca120e57" testListId="8c84fa94-04c1-424b-9868-57a2d4851a1d" />
    <TestEntry testId="5e65ef3f-b48a-2671-f394-6cc66ad9f414" executionId="f49293e8-ac53-4858-8055-454fed7434fe" testListId="8c84fa94-04c1-424b-9868-57a2d4851a1d" />
    <TestEntry testId="86570146-680d-35ae-8ff4-4eb3a5c99a58" executionId="6d99a9a6-5646-4d8b-a807-e91dfc82b6ac" testListId="8c84fa94-04c1-424b-9868-57a2d4851a1d" />
    <TestEntry testId="200742b1-eada-32b3-548d-0352f0939e41" executionId="9071d7d4-84d8-485b-85ab-ad682a24de42" testListId="8c84fa94-04c1-424b-9868-57a2d4851a1d" />
    <TestEntry testId="e4c93274-3318-4a24-7263-ed3147f41140" executionId="e7bc7112-cbf3-4e9f-831b-2e0d7da247d4" testListId="8c84fa94-04c1-424b-9868-57a2d4851a1d" />
    <TestEntry testId="1d08c351-fa70-14aa-e98f-6f06f6919edd" executionId="8c818e51-22bd-4345-acb1-942c18423304" testListId="8c84fa94-04c1-424b-9868-57a2d4851a1d" />
    <TestEntry testId="d5d1f129-0ce4-b997-cb2e-cd109390e8a9" executionId="92b349a8-0e5e-4f34-9833-2c0ac8525c3f" testListId="8c84fa94-04c1-424b-9868-57a2d4851a1d" />
    <TestEntry testId="e9503138-cceb-36e7-acab-a1e417cbdbbb" executionId="1adf3e07-5335-4693-ad7a-893cb37aee67" testListId="8c84fa94-04c1-424b-9868-57a2d4851a1d" />
    <TestEntry testId="630677de-bee9-a570-78c6-8ff69e18e156" executionId="ee5ef732-ebf7-4af7-b16f-e4b6ecf95e22" testListId="8c84fa94-04c1-424b-9868-57a2d4851a1d" />
    <TestEntry testId="085851b1-73ae-2c8a-0cef-55456ef9aa60" executionId="962619c2-123b-468d-b92b-bbf9bd5f767d" testListId="8c84fa94-04c1-424b-9868-57a2d4851a1d" />
    <TestEntry testId="e0182641-87db-8a22-59c6-74de2dd7a84f" executionId="683bbb89-4359-4c1f-b9c7-e5d546ccb2a6" testListId="8c84fa94-04c1-424b-9868-57a2d4851a1d" />
    <TestEntry testId="ba155bee-a5da-1ded-f9dd-2426ac67a895" executionId="2b611e82-6414-4398-a7bc-251222087e35" testListId="8c84fa94-04c1-424b-9868-57a2d4851a1d" />
    <TestEntry testId="99b5474d-5f87-4b58-6806-6edc89f87523" executionId="18dbbf15-e221-41f6-9c00-9b7060c1f3a1" testListId="8c84fa94-04c1-424b-9868-57a2d4851a1d" />
    <TestEntry testId="ce49ee46-386a-cf63-bc9e-5f5f0d4bcec8" executionId="0e753600-2f02-4c20-983c-aa0a4d2a040b" testListId="8c84fa94-04c1-424b-9868-57a2d4851a1d" />
    <TestEntry testId="492229c1-1043-fd1a-1ef9-f1594ba5a696" executionId="212b821e-b28b-4770-9180-de0ba23027ec" testListId="8c84fa94-04c1-424b-9868-57a2d4851a1d" />
    <TestEntry testId="035ed354-885f-51fb-6177-b5b10e63cd4b" executionId="741ae370-77e0-45ef-8b7c-9cf40a3e1a2e" testListId="8c84fa94-04c1-424b-9868-57a2d4851a1d" />
    <TestEntry testId="fb18fa58-a601-9a5c-1e9a-f5e07e9c2483" executionId="22c680ca-0fe5-49c2-9b0f-8d303c493eed" testListId="8c84fa94-04c1-424b-9868-57a2d4851a1d" />
    <TestEntry testId="a0bd5939-bae0-c079-4d32-d1003fc47ff6" executionId="7596f069-cce6-4726-babc-ee14341ae793" testListId="8c84fa94-04c1-424b-9868-57a2d4851a1d" />
    <TestEntry testId="d918094d-423c-75dd-32e3-adf21f086956" executionId="517d5fc9-2159-4435-a40c-504c21deb205" testListId="8c84fa94-04c1-424b-9868-57a2d4851a1d" />
    <TestEntry testId="9acfc482-aaf9-4518-fc7e-64c813eda25b" executionId="5c6b0070-4f9a-4dc3-a683-9e488f8abb90" testListId="8c84fa94-04c1-424b-9868-57a2d4851a1d" />
    <TestEntry testId="0f2b5042-d85a-c433-7b43-52d6f3381cb5" executionId="8a7290e3-3a85-4218-b167-4c10584214f6" testListId="8c84fa94-04c1-424b-9868-57a2d4851a1d" />
    <TestEntry testId="2c456cff-5637-92b9-1255-4afa8f3120a3" executionId="f1c45ba4-5869-4c79-8406-8dcd2249f673" testListId="8c84fa94-04c1-424b-9868-57a2d4851a1d" />
    <TestEntry testId="c3533a78-422c-70cb-6682-d49e65d06554" executionId="bc9e47c7-cd03-48d9-ae4d-07a64940b237" testListId="8c84fa94-04c1-424b-9868-57a2d4851a1d" />
    <TestEntry testId="60ed088c-0a61-b5e5-8ee5-767af6ab9cca" executionId="7336e96c-e39c-488e-b863-9f8f7af11486" testListId="8c84fa94-04c1-424b-9868-57a2d4851a1d" />
    <TestEntry testId="17d0c785-6fb9-10f4-91ce-efe59229e3e9" executionId="16857b25-1e11-442a-9d56-429dd5c5fd29" testListId="8c84fa94-04c1-424b-9868-57a2d4851a1d" />
    <TestEntry testId="27382349-4952-1321-5425-b60fcb43ebc9" executionId="dece2c08-2b5d-4688-bd12-ec3f5f223f65" testListId="8c84fa94-04c1-424b-9868-57a2d4851a1d" />
    <TestEntry testId="eb1cf5a7-0ebb-bf05-1b53-94aa7c1c5d34" executionId="ae037e20-85fb-4c55-a492-e5f487e9b7f6" testListId="8c84fa94-04c1-424b-9868-57a2d4851a1d" />
    <TestEntry testId="7fb664d4-ab63-9dbf-2e8d-edc5f7cb02d8" executionId="1b6fa2b0-a6ff-4127-8c97-ec07e8adfb0e" testListId="8c84fa94-04c1-424b-9868-57a2d4851a1d" />
    <TestEntry testId="0a47f2b5-103e-b043-9f39-8dad3d6cae9c" executionId="eb154a80-aae7-4cb7-9f3e-f1b79d71aac2" testListId="8c84fa94-04c1-424b-9868-57a2d4851a1d" />
    <TestEntry testId="997d2b09-6754-0d36-ba2c-29f27b9c5aa6" executionId="d40b4e43-7197-4d4e-8090-035f354b26c5" testListId="8c84fa94-04c1-424b-9868-57a2d4851a1d" />
    <TestEntry testId="2dc15362-29c7-e2ff-470f-ad2a520a323e" executionId="9f69ad25-e69d-403a-b1af-f779b925e057" testListId="8c84fa94-04c1-424b-9868-57a2d4851a1d" />
    <TestEntry testId="d1d88086-8f04-e650-550f-0c1c987e0307" executionId="57750ab4-5523-4334-8383-e8b9dd1b70dd" testListId="8c84fa94-04c1-424b-9868-57a2d4851a1d" />
    <TestEntry testId="ccc95383-563b-dc3a-11d4-596851497030" executionId="af4c5a1e-4610-4dc5-b2c0-69fee7651f02" testListId="8c84fa94-04c1-424b-9868-57a2d4851a1d" />
    <TestEntry testId="0b80b010-34c2-ab1b-5489-825078af2f58" executionId="f076856a-e30b-4aa6-9505-b822e3ef970a" testListId="8c84fa94-04c1-424b-9868-57a2d4851a1d" />
    <TestEntry testId="7959c867-71fe-c40d-a3c3-8f5d64d65c9f" executionId="07eff502-59e0-4114-ac24-aca4c0bf376d" testListId="8c84fa94-04c1-424b-9868-57a2d4851a1d" />
    <TestEntry testId="569ae303-9774-b211-8772-923129969230" executionId="54c39f4f-6911-4fa2-a168-6c1e5a07d498" testListId="8c84fa94-04c1-424b-9868-57a2d4851a1d" />
    <TestEntry testId="75c98cf5-4b04-c5a6-4655-9a8a23b0be00" executionId="95e6a639-34ad-4b60-9782-bb1205956acf" testListId="8c84fa94-04c1-424b-9868-57a2d4851a1d" />
    <TestEntry testId="f14ee023-633f-379e-fb09-bd042bad71ce" executionId="20b9cee5-8fc9-4f7d-9aa3-ef04863b315a" testListId="8c84fa94-04c1-424b-9868-57a2d4851a1d" />
    <TestEntry testId="50744887-4ef9-8d06-dcf1-e7b02779ac2d" executionId="fc9618e4-46b2-4f6a-867c-62b53491991f" testListId="8c84fa94-04c1-424b-9868-57a2d4851a1d" />
    <TestEntry testId="b8c9da02-50a5-e896-730c-4a8d352cfe94" executionId="60abaf32-23dd-4fcb-a8b9-6d768a60872d" testListId="8c84fa94-04c1-424b-9868-57a2d4851a1d" />
    <TestEntry testId="afa56053-d362-200c-2f3b-0dfcb5f0651c" executionId="0b4be15f-6d7b-45d5-ac28-b4c836ad3d5d" testListId="8c84fa94-04c1-424b-9868-57a2d4851a1d" />
    <TestEntry testId="8f6948fb-847f-b6c0-182f-38575c794ec5" executionId="bc79a3fc-4399-4fcf-8a47-211f3a8a2a46" testListId="8c84fa94-04c1-424b-9868-57a2d4851a1d" />
    <TestEntry testId="fe4e94c2-8b19-b31e-5b5c-b626ff66ff14" executionId="7d727970-0204-475b-a02b-8138f547f44d" testListId="8c84fa94-04c1-424b-9868-57a2d4851a1d" />
    <TestEntry testId="f21dc4d1-12db-650f-f159-6b006494754f" executionId="78dea9c1-2e95-494f-b129-7b8ff3408cc2" testListId="8c84fa94-04c1-424b-9868-57a2d4851a1d" />
    <TestEntry testId="01388da1-2bf3-8f8d-62d6-5397330b5657" executionId="e3838ab2-c1da-4fff-9b73-c33098af5bef" testListId="8c84fa94-04c1-424b-9868-57a2d4851a1d" />
    <TestEntry testId="69278487-df4d-f01d-4cc5-7ea59f59bace" executionId="6c1c61bb-098e-48e8-b320-fdb4e29a8b32" testListId="8c84fa94-04c1-424b-9868-57a2d4851a1d" />
    <TestEntry testId="99d0e7a0-5812-1de4-17b5-830678adea13" executionId="3250474a-ac63-47df-af9f-c1944c8f742f" testListId="8c84fa94-04c1-424b-9868-57a2d4851a1d" />
    <TestEntry testId="3601a241-c81d-1b68-370f-2efa96100c20" executionId="a5a182cc-3aa9-46bc-a7fd-392d4df2407f" testListId="8c84fa94-04c1-424b-9868-57a2d4851a1d" />
    <TestEntry testId="d5ba790e-be4c-8a29-02d1-02eb19f3c0ac" executionId="a4c95cb5-b6d2-4810-9b58-3fccbd764249" testListId="8c84fa94-04c1-424b-9868-57a2d4851a1d" />
    <TestEntry testId="d21a3671-0541-dc43-9223-5406faf17cb4" executionId="e34088cd-3b38-41c9-846f-fa1a0d348f3f" testListId="8c84fa94-04c1-424b-9868-57a2d4851a1d" />
    <TestEntry testId="f28664fa-e940-2a5b-41e7-63a4515de5fd" executionId="a83d7021-1881-4213-baee-1e420503e398" testListId="8c84fa94-04c1-424b-9868-57a2d4851a1d" />
  </TestEntries>
  <TestLists>
    <TestList name="Results Not in a List" id="8c84fa94-04c1-424b-9868-57a2d4851a1d" />
    <TestList name="All Loaded Results" id="19431567-8539-422a-85d7-44ee4e166bda" />
  </TestLists>
  <ResultSummary outcome="Completed">
    <Counters total="70" executed="70" passed="70" failed="0" error="0" timeout="0" aborted="0" inconclusive="0" passedButRunAborted="0" notRunnable="0" notExecuted="0" disconnected="0" warning="0" completed="0" inProgress="0" pending="0" />
    <Output>
      <StdOut>[xUnit.net 00:00:00.00] xUnit.net VSTest Adapter v2.8.2+699d445a1a (64-bit .NET 8.0.26)&#xD;
[xUnit.net 00:00:00.08]   Discovering: DeepSpaceSaga.Motion.Tests&#xD;
[xUnit.net 00:00:00.13]   Discovered:  DeepSpaceSaga.Motion.Tests&#xD;
[xUnit.net 00:00:00.13]   Starting:    DeepSpaceSaga.Motion.Tests&#xD;
[xUnit.net 00:00:00.60]   Finished:    DeepSpaceSaga.Motion.Tests&#xD;
</StdOut>
    </Output>
  </ResultSummary>
</TestRun>