<?xml version="1.0" encoding="utf-8"?>
<TestRun id="91278153-ec48-4c89-a15f-9adbc48c0d04" name="sushi@VITA-CASTLE 2026-09-12 21:27:13" runUser="VITA-CASTLE\CodexSandboxOffline" xmlns="http://microsoft.com/schemas/VisualStudio/TeamTest/2010">
  <Times creation="2026-09-12T21:27:13.7060344+03:00" queuing="2026-09-12T21:27:13.7060348+03:00" start="2026-09-12T21:27:11.7344253+03:00" finish="2026-09-12T21:27:26.0420809+03:00" />
  <TestSettings name="default" id="b8b83a2e-2e41-4037-a0c3-092a9b793eaa">
    <Deployment runDeploymentRoot="sushi_VITA-CASTLE_2026-09-12_21_27_13" />
  </TestSettings>
  <Results>
    <UnitTestResult executionId="cb603fef-31a4-4485-9f45-0abceefe5555" testId="f5613e49-416a-ee31-f2dc-208ee7bcfa52" testName="DeepSpaceSaga.Engine.Tests.CommandDefinitionLoaderDirectoryTests.LoadCommandDefinitions_merges_directory_in_deterministic_ordinal_file_order" computerName="VITA-CASTLE" duration="00:00:00.0036241" startTime="2026-09-12T21:27:13.7552902+03:00" endTime="2026-09-12T21:27:13.7552905+03:00" testType="13cdc9d9-ddb5-4fa4-a97d-d965ccfc6d4b" outcome="Passed" testListId="8c84fa94-04c1-424b-9868-57a2d4851a1d" relativeResultsDirectory="cb603fef-31a4-4485-9f45-0abceefe5555" />
    <UnitTestResult executionId="74111153-0194-43ff-903d-c362208136f0" testId="2b3dcf1a-9de8-5edb-5cc4-ae873e9c1552" testName="DeepSpaceSaga.Engine.Tests.ScenarioEngineTests.Engine_content_requires_positive_engine_motion_parameters(engineParameters: &quot;\&quot;maxSpeedMps\&quot;: 4000, \&quot;turnStepDegrees\&quot;: 1,&quot;)" computerName="VITA-CASTLE" duration="00:00:00.0038127" startTime="2026-09-12T21:27:13.8495523+03:00" endTime="2026-09-12T21:27:13.8495524+03:00" testType="13cdc9d9-ddb5-4fa4-a97d-d965ccfc6d4b" outcome="Passed" testListId="8c84fa94-04c1-424b-9868-57a2d4851a1d" relativeResultsDirectory="74111153-0194-43ff-903d-c362208136f0" />
    <UnitTestResult executionId="29999cf2-5735-451a-b5b5-d8c41dbabaf1" testId="3b3ec6ab-9305-9fc1-bac1-548e53ea7e13" testName="DeepSpaceSaga.Engine.Tests.ObjectInteractionStateTests.SetObjectInteractionState_validates_active_and_selected_independently" computerName="VITA-CASTLE" duration="00:00:00.0001258" startTime="2026-09-12T21:27:13.6858397+03:00" endTime="2026-09-12T21:27:13.6858398+03:00" testType="13cdc9d9-ddb5-4fa4-a97d-d965ccfc6d4b" outcome="Passed" testListId="8c84fa94-04c1-424b-9868-57a2d4851a1d" relativeResultsDirectory="29999cf2-5735-451a-b5b5-d8c41dbabaf1" />
    <UnitTestResult executionId="ec753b52-3bae-43a3-b3df-f03ac5cc8f48" testId="f2068e81-dfc1-8595-2285-211eff562076" testName="DeepSpaceSaga.Engine.Tests.ScenarioEngineTests.LoadScenario_rejects_duplicate_stationCrew_ids" computerName="VITA-CASTLE" duration="00:00:00.0003454" startTime="2026-09-12T21:27:13.9747143+03:00" endTime="2026-09-12T21:27:13.9747145+03:00" testType="13cdc9d9-ddb5-4fa4-a97d-d965ccfc6d4b" outcome="Passed" testListId="8c84fa94-04c1-424b-9868-57a2d4851a1d" relativeResultsDirectory="ec753b52-3bae-43a3-b3df-f03ac5cc8f48" />
    <UnitTestResult executionId="4768728e-67eb-4555-9514-3c8728b7c39e" testId="25d8dcd3-91f4-e6bc-4d93-c05aca9e49fe" testName="DeepSpaceSaga.Engine.Tests.TradeSnapshotProjectionTests.Serialized_snapshot_never_contains_raw_station_credits" computerName="VITA-CASTLE" duration="00:00:00.0342982" startTime="2026-09-12T21:27:13.8049390+03:00" endTime="2026-09-12T21:27:13.8049391+03:00" testType="13cdc9d9-ddb5-4fa4-a97d-d965ccfc6d4b" outcome="Passed" testListId="8c84fa94-04c1-424b-9868-57a2d4851a1d" relativeResultsDirectory="4768728e-67eb-4555-9514-3c8728b7c39e" />
    <UnitTestResult executionId="c8dcc551-606a-4022-9d4b-aa9fed5369ba" testId="7951d7f8-5556-2ca6-2d7f-b8df3e8e9831" testName="DeepSpaceSaga.Engine.Tests.EngineCommandTests.Until_cancel_turn_repeats_until_cancel_all" computerName="VITA-CASTLE" duration="00:00:00.0004077" startTime="2026-09-12T21:27:13.8901215+03:00" endTime="2026-09-12T21:27:13.8901216+03:00" testType="13cdc9d9-ddb5-4fa4-a97d-d965ccfc6d4b" outcome="Passed" testListId="8c84fa94-04c1-424b-9868-57a2d4851a1d" relativeResultsDirectory="c8dcc551-606a-4022-9d4b-aa9fed5369ba" />
    <UnitTestResult executionId="d22fe62f-0a4a-4a63-b389-ac668d81dfbb" testId="0679b818-b8c0-2780-22bf-a6d60cfd4b77" testName="DeepSpaceSaga.Engine.Tests.PauseSimulationTests.Resume_continues_from_paused_game_time" computerName="VITA-CASTLE" duration="00:00:02.0232320" startTime="2026-09-12T21:27:22.9715757+03:00" endTime="2026-09-12T21:27:22.9715760+03:00" testType="13cdc9d9-ddb5-4fa4-a97d-d965ccfc6d4b" outcome="Passed" testListId="8c84fa94-04c1-424b-9868-57a2d4851a1d" relativeResultsDirectory="d22fe62f-0a4a-4a63-b389-ac668d81dfbb" />
    <UnitTestResult executionId="683b259b-72e8-470a-b7c4-37f799484866" testId="f4e3f2a7-e35c-a43c-a1f9-9ff5f98f163b" testName="DeepSpaceSaga.Engine.Tests.ObjectInteractionStateTests.SetObjectInteractionState_works_at_Speed0" computerName="VITA-CASTLE" duration="00:00:00.0009147" startTime="2026-09-12T21:27:13.6857632+03:00" endTime="2026-09-12T21:27:13.6857633+03:00" testType="13cdc9d9-ddb5-4fa4-a97d-d965ccfc6d4b" outcome="Passed" testListId="8c84fa94-04c1-424b-9868-57a2d4851a1d" relativeResultsDirectory="683b259b-72e8-470a-b7c4-37f799484866" />
    <UnitTestResult executionId="ba43f020-b883-4f3f-b285-7d62f6b567c5" testId="a00c0260-61c0-40a5-7042-98aab88dfb0a" testName="DeepSpaceSaga.Engine.Tests.TradeSnapshotProjectionTests.Snapshot_PlayerCrewCount_matches_ship_crew_length" computerName="VITA-CASTLE" duration="00:00:00.0002211" startTime="2026-09-12T21:27:13.8051133+03:00" endTime="2026-09-12T21:27:13.8051133+03:00" testType="13cdc9d9-ddb5-4fa4-a97d-d965ccfc6d4b" outcome="Passed" testListId="8c84fa94-04c1-424b-9868-57a2d4851a1d" relativeResultsDirectory="ba43f020-b883-4f3f-b285-7d62f6b567c5" />
    <UnitTestResult executionId="e987b57f-9fcc-4320-82f7-85d89e84e946" testId="8ef203fd-fb1e-34aa-48ad-e62cd8c001a1" testName="DeepSpaceSaga.Engine.Tests.DialogueEffectTests.Cargo_failure_rolls_back_all_earlier_effects(type: &quot;AddCargoItem&quot;, quantity: 11, reason: &quot;cargo_capacity_exceeded&quot;)" computerName="VITA-CASTLE" duration="00:00:00.0013702" startTime="2026-09-12T21:27:13.7849212+03:00" endTime="2026-09-12T21:27:13.7849213+03:00" testType="13cdc9d9-ddb5-4fa4-a97d-d965ccfc6d4b" outcome="Passed" testListId="8c84fa94-04c1-424b-9868-57a2d4851a1d" relativeResultsDirectory="e987b57f-9fcc-4320-82f7-85d89e84e946" />
    <UnitTestResult executionId="585f7267-c659-4ad4-b9a6-071c109c319f" testId="73a8c7e5-873e-8936-b155-295d324324fc" testName="DeepSpaceSaga.Engine.Tests.StationEconomyBatch2Tests.Real_docked_scenario_save_then_reload_does_not_change_stationSize_inventory_or_prices" computerName="VITA-CASTLE" duration="00:00:00.0224635" startTime="2026-09-12T21:27:13.8523265+03:00" endTime="2026-09-12T21:27:13.8523266+03:00" testType="13cdc9d9-ddb5-4fa4-a97d-d965ccfc6d4b" outcome="Passed" testListId="8c84fa94-04c1-424b-9868-57a2d4851a1d" relativeResultsDirectory="585f7267-c659-4ad4-b9a6-071c109c319f" />
    <UnitTestResult executionId="c95de6d0-933c-4009-8e3b-c1f07135c59c" testId="d15471ba-c9ea-cc8f-abe7-02c52390fc71" testName="DeepSpaceSaga.Engine.Tests.TradeCommandTests.Sell_all_of_a_stack_removes_it_from_cargo" computerName="VITA-CASTLE" duration="00:00:00.0011582" startTime="2026-09-12T21:27:13.8761372+03:00" endTime="2026-09-12T21:27:13.8761373+03:00" testType="13cdc9d9-ddb5-4fa4-a97d-d965ccfc6d4b" outcome="Passed" testListId="8c84fa94-04c1-424b-9868-57a2d4851a1d" relativeResultsDirectory="c95de6d0-933c-4009-8e3b-c1f07135c59c" />
    <UnitTestResult executionId="ec97b57f-117e-4594-a2f7-94a6effa361d" testId="89f38f81-ba96-526d-206c-05615dd8221f" testName="DeepSpaceSaga.Engine.Tests.ScenarioEngineTests.Engine_content_requires_positive_engine_motion_parameters(engineParameters: &quot;\&quot;maxSpeedMps\&quot;: 4000, \&quot;turnStepDegrees\&quot;: -1,&quot;)" computerName="VITA-CASTLE" duration="00:00:00.0018745" startTime="2026-09-12T21:27:13.8291127+03:00" endTime="2026-09-12T21:27:13.8291129+03:00" testType="13cdc9d9-ddb5-4fa4-a97d-d965ccfc6d4b" outcome="Passed" testListId="8c84fa94-04c1-424b-9868-57a2d4851a1d" relativeResultsDirectory="ec97b57f-117e-4594-a2f7-94a6effa361d" />
    <UnitTestResult executionId="e81b0a12-a439-43f6-b54f-852ad369f908" testId="dbe1377c-4c22-2840-ef4c-ceb48d806ff8" testName="DeepSpaceSaga.Engine.Tests.ScenarioEngineTests.Engine_content_requires_positive_engine_motion_parameters(engineParameters: &quot;\&quot;maxSpeedMps\&quot;: 4000, \&quot;turnStepDegrees\&quot;: 0,&quot;)" computerName="VITA-CASTLE" duration="00:00:00.0044577" startTime="2026-09-12T21:27:13.8271731+03:00" endTime="2026-09-12T21:27:13.8271733+03:00" testType="13cdc9d9-ddb5-4fa4-a97d-d965ccfc6d4b" outcome="Passed" testListId="8c84fa94-04c1-424b-9868-57a2d4851a1d" relativeResultsDirectory="e81b0a12-a439-43f6-b54f-852ad369f908" />
    <UnitTestResult executionId="4543ed3f-3ad9-425f-833c-0d5c2c95783c" testId="a487a0e2-6f7d-ef4e-f56d-e180edf381d1" testName="DeepSpaceSaga.Engine.Tests.DialogueTests.Escaping_after_deadline_does_not_evade_destruction_between_snapshots" computerName="VITA-CASTLE" duration="00:00:00.0009891" startTime="2026-09-12T21:27:13.8391300+03:00" endTime="2026-09-12T21:27:13.8391301+03:00" testType="13cdc9d9-ddb5-4fa4-a97d-d965ccfc6d4b" outcome="Passed" testListId="8c84fa94-04c1-424b-9868-57a2d4851a1d" relativeResultsDirectory="4543ed3f-3ad9-425f-833c-0d5c2c95783c" />
    <UnitTestResult executionId="242ec455-8fb1-46b9-b451-50badc716abe" testId="35c34a34-f3d5-4d54-e972-79f73ece7158" testName="DeepSpaceSaga.Engine.Tests.EngineCommandTests.Invalid_commands_do_not_change_authoritative_motion(objectId: &quot;SHIP&quot;, moduleId: &quot;MISSING&quot;, commandType: &quot;engine.accelerate&quot;)" computerName="VITA-CASTLE" duration="00:00:00.0003552" startTime="2026-09-12T21:27:13.8889203+03:00" endTime="2026-09-12T21:27:13.8889203+03:00" testType="13cdc9d9-ddb5-4fa4-a97d-d965ccfc6d4b" outcome="Passed" testListId="8c84fa94-04c1-424b-9868-57a2d4851a1d" relativeResultsDirectory="242ec455-8fb1-46b9-b451-50badc716abe" />
    <UnitTestResult executionId="ac9a1c21-f38f-4520-a6f3-7e837ce22bad" testId="4fb78308-024b-e49e-2ab8-c3e56c23d117" testName="DeepSpaceSaga.Engine.Tests.ScenarioLoaderTests.LoadFromJson_throws_on_negative_module_cell_coordinate" computerName="VITA-CASTLE" duration="00:00:00.0006604" startTime="2026-09-12T21:27:13.8938346+03:00" endTime="2026-09-12T21:27:13.8938346+03:00" testType="13cdc9d9-ddb5-4fa4-a97d-d965ccfc6d4b" outcome="Passed" testListId="8c84fa94-04c1-424b-9868-57a2d4851a1d" relativeResultsDirectory="ac9a1c21-f38f-4520-a6f3-7e837ce22bad" />
    <UnitTestResult executionId="3e822bed-63a8-4660-93d2-277c54486863" testId="25a43c44-6ba2-0659-f55f-557bf1b42144" testName="DeepSpaceSaga.Engine.Tests.DockCommandTests.Dock_when_navigation_computer_module_is_powered_off_is_rejected" computerName="VITA-CASTLE" duration="00:00:00.0005387" startTime="2026-09-12T21:27:13.7637999+03:00" endTime="2026-09-12T21:27:13.7638001+03:00" testType="13cdc9d9-ddb5-4fa4-a97d-d965ccfc6d4b" outcome="Passed" testListId="8c84fa94-04c1-424b-9868-57a2d4851a1d" relativeResultsDirectory="3e822bed-63a8-4660-93d2-277c54486863" />
    <UnitTestResult executionId="22c779e5-4821-4461-95a7-426b32fed09e" testId="f6ba35d8-b9fe-5e41-c893-e0d93854a607" testName="DeepSpaceSaga.Engine.Tests.EngineCommandTests.Unavailable_engine_module_rejects_commands_without_state_change(powerState: &quot;On&quot;, operationalState: &quot;Disabled&quot;, structurePoints: 100)" computerName="VITA-CASTLE" duration="00:00:00.0003014" startTime="2026-09-12T21:27:13.8782926+03:00" endTime="2026-09-12T21:27:13.8782928+03:00" testType="13cdc9d9-ddb5-4fa4-a97d-d965ccfc6d4b" outcome="Passed" testListId="8c84fa94-04c1-424b-9868-57a2d4851a1d" relativeResultsDirectory="22c779e5-4821-4461-95a7-426b32fed09e" />
    <UnitTestResult executionId="ab86f8b3-8238-4fd3-8a6b-2d8f3688b85a" testId="f560e8fc-4c20-8765-6c59-cdc09194cd7d" testName="DeepSpaceSaga.Engine.Tests.RngStreamNamesTests.CreateDeterministicRandom_with_same_streamSeed_produces_the_same_sequence_twice" computerName="VITA-CASTLE" duration="00:00:00.0001457" startTime="2026-09-12T21:27:13.7330264+03:00" endTime="2026-09-12T21:27:13.7330265+03:00" testType="13cdc9d9-ddb5-4fa4-a97d-d965ccfc6d4b" outcome="Passed" testListId="8c84fa94-04c1-424b-9868-57a2d4851a1d" relativeResultsDirectory="ab86f8b3-8238-4fd3-8a6b-2d8f3688b85a" />
    <UnitTestResult executionId="0011847e-a682-48b8-8bdc-bc36d6a81cae" testId="1496cfce-0170-64a7-c593-b33e7daa1ab4" testName="DeepSpaceSaga.Engine.Tests.TradeSnapshotProjectionTests.DockedStationTrade_is_null_when_not_docked" computerName="VITA-CASTLE" duration="00:00:00.0007970" startTime="2026-09-12T21:27:13.8061420+03:00" endTime="2026-09-12T21:27:13.8061422+03:00" testType="13cdc9d9-ddb5-4fa4-a97d-d965ccfc6d4b" outcome="Passed" testListId="8c84fa94-04c1-424b-9868-57a2d4851a1d" relativeResultsDirectory="0011847e-a682-48b8-8bdc-bc36d6a81cae" />
    <UnitTestResult executionId="441d1b94-77ab-44da-89ee-bc6a011c1496" testId="09ed43d1-5a58-306c-2f15-2ac95aada89c" testName="DeepSpaceSaga.Engine.Tests.PauseSimulationTests.GameTime_stops_on_pause" computerName="VITA-CASTLE" duration="00:00:03.0299103" startTime="2026-09-12T21:27:20.9479138+03:00" endTime="2026-09-12T21:27:20.9479142+03:00" testType="13cdc9d9-ddb5-4fa4-a97d-d965ccfc6d4b" outcome="Passed" testListId="8c84fa94-04c1-424b-9868-57a2d4851a1d" relativeResultsDirectory="441d1b94-77ab-44da-89ee-bc6a011c1496" />
    <UnitTestResult executionId="33a9e146-fe89-4208-a26d-c5cc7276ff77" testId="1943b14b-14fa-15be-2792-7df0b884a623" testName="DeepSpaceSaga.Engine.Tests.TradeCommandTests.Sell_partially_executes_when_station_cannot_afford_full_request" computerName="VITA-CASTLE" duration="00:00:00.0007087" startTime="2026-09-12T21:27:13.8852646+03:00" endTime="2026-09-12T21:27:13.8852649+03:00" testType="13cdc9d9-ddb5-4fa4-a97d-d965ccfc6d4b" outcome="Passed" testListId="8c84fa94-04c1-424b-9868-57a2d4851a1d" relativeResultsDirectory="33a9e146-fe89-4208-a26d-c5cc7276ff77" />
    <UnitTestResult executionId="0cc29b5f-a66f-4e9c-8505-c270065836fb" testId="40dfb174-db3f-9165-6d21-fc995f8ae830" testName="DeepSpaceSaga.Engine.Tests.ModuleDefinitionLoaderTests.LoadModuleImplementations_merges_all_json_files_in_directory" computerName="VITA-CASTLE" duration="00:00:00.0049312" startTime="2026-09-12T21:27:13.7240105+03:00" endTime="2026-09-12T21:27:13.7240109+03:00" testType="13cdc9d9-ddb5-4fa4-a97d-d965ccfc6d4b" outcome="Passed" testListId="8c84fa94-04c1-424b-9868-57a2d4851a1d" relativeResultsDirectory="0cc29b5f-a66f-4e9c-8505-c270065836fb" />
    <UnitTestResult executionId="3e4cc376-32dd-4bb8-aa1a-c9bf431e7e71" testId="384def72-f4fe-feb0-478c-9ccb14e3c26c" testName="DeepSpaceSaga.Engine.Tests.ScenarioLoaderTests.LoadFromJson_reads_saveFormatVersion_and_isKnown_when_present" computerName="VITA-CASTLE" duration="00:00:00.0001594" startTime="2026-09-12T21:27:13.8751672+03:00" endTime="2026-09-12T21:27:13.8751673+03:00" testType="13cdc9d9-ddb5-4fa4-a97d-d965ccfc6d4b" outcome="Passed" testListId="8c84fa94-04c1-424b-9868-57a2d4851a1d" relativeResultsDirectory="3e4cc376-32dd-4bb8-aa1a-c9bf431e7e71" />
    <UnitTestResult executionId="6e9c91e9-e819-4cc8-ad2c-51abedfc2a8d" testId="79504f59-9966-9647-2a17-4c3dc80d2bde" testName="DeepSpaceSaga.Engine.Tests.InstalledModuleProjectionTests.Default_scenario_projects_all_modules_with_correct_positions_and_command_type_ids" computerName="VITA-CASTLE" duration="00:00:00.0011796" startTime="2026-09-12T21:27:13.8594812+03:00" endTime="2026-09-12T21:27:13.8594813+03:00" testType="13cdc9d9-ddb5-4fa4-a97d-d965ccfc6d4b" outcome="Passed" testListId="8c84fa94-04c1-424b-9868-57a2d4851a1d" relativeResultsDirectory="6e9c91e9-e819-4cc8-ad2c-51abedfc2a8d" />
    <UnitTestResult executionId="8f41c957-c11a-41d3-baa8-e6fcdb91040e" testId="42a4a2e9-ad1a-f98c-dce0-fe9a3ffdac2b" testName="DeepSpaceSaga.Engine.Tests.StationEconomyGenerationTests.Different_masterSeed_changes_at_least_one_generated_value" computerName="VITA-CASTLE" duration="00:00:00.0065365" startTime="2026-09-12T21:27:13.8343092+03:00" endTime="2026-09-12T21:27:13.8343093+03:00" testType="13cdc9d9-ddb5-4fa4-a97d-d965ccfc6d4b" outcome="Passed" testListId="8c84fa94-04c1-424b-9868-57a2d4851a1d" relativeResultsDirectory="8f41c957-c11a-41d3-baa8-e6fcdb91040e" />
    <UnitTestResult executionId="c8208cb2-90d2-4020-b55e-34b2aca6d4e5" testId="038cc78c-3317-f26c-b4d6-f93eac208f59" testName="DeepSpaceSaga.Engine.Tests.CommandDefinitionLoaderTests.LoadCommandDefinitions_rejects_negative_activation_energy_cells_cost" computerName="VITA-CASTLE" duration="00:00:00.0128238" startTime="2026-09-12T21:27:13.7489378+03:00" endTime="2026-09-12T21:27:13.7489379+03:00" testType="13cdc9d9-ddb5-4fa4-a97d-d965ccfc6d4b" outcome="Passed" testListId="8c84fa94-04c1-424b-9868-57a2d4851a1d" relativeResultsDirectory="c8208cb2-90d2-4020-b55e-34b2aca6d4e5" />
    <UnitTestResult executionId="a7baf161-983a-4b99-abad-d028fb09e0e9" testId="6bde6e0c-686c-0fce-b019-c71985baaf2f" testName="DeepSpaceSaga.Engine.Tests.EngineCommandTests.Manual_turn_command_cancels_navigation" computerName="VITA-CASTLE" duration="00:00:00.0006812" startTime="2026-09-12T21:27:13.8994928+03:00" endTime="2026-09-12T21:27:13.8994930+03:00" testType="13cdc9d9-ddb5-4fa4-a97d-d965ccfc6d4b" outcome="Passed" testListId="8c84fa94-04c1-424b-9868-57a2d4851a1d" relativeResultsDirectory="a7baf161-983a-4b99-abad-d028fb09e0e9" />
    <UnitTestResult executionId="03f90dbd-232a-4391-904b-1158ec41c6dc" testId="225e59d9-781a-359d-af32-90a666b174b5" testName="DeepSpaceSaga.Engine.Tests.EngineCommandTests.Engine_without_angular_inertia_rejects_turn_commands" computerName="VITA-CASTLE" duration="00:00:00.0004044" startTime="2026-09-12T21:27:13.9283976+03:00" endTime="2026-09-12T21:27:13.9283976+03:00" testType="13cdc9d9-ddb5-4fa4-a97d-d965ccfc6d4b" outcome="Passed" testListId="8c84fa94-04c1-424b-9868-57a2d4851a1d" relativeResultsDirectory="03f90dbd-232a-4391-904b-1158ec41c6dc" />
    <UnitTestResult executionId="a10a421a-ba1a-4f82-9216-ace9428da0d2" testId="ecb5f766-da62-c1f5-dd01-64f5be33d4a1" testName="DeepSpaceSaga.Engine.Tests.SimulationClockTests.Multiple_updates_accumulate_correctly" computerName="VITA-CASTLE" duration="00:00:00.0645674" startTime="2026-09-12T21:27:13.7223461+03:00" endTime="2026-09-12T21:27:13.7223466+03:00" testType="13cdc9d9-ddb5-4fa4-a97d-d965ccfc6d4b" outcome="Passed" testListId="8c84fa94-04c1-424b-9868-57a2d4851a1d" relativeResultsDirectory="a10a421a-ba1a-4f82-9216-ace9428da0d2" />
    <UnitTestResult executionId="6031ff72-ba34-4a4e-a309-b824c24e6e3e" testId="876dafa7-cf58-d5ba-df0d-7d8eb58a9d29" testName="DeepSpaceSaga.Engine.Tests.ApproachCommandTests.Already_trailing_ship_completes_immediately_without_a_loop" computerName="VITA-CASTLE" duration="00:00:00.6302344" startTime="2026-09-12T21:27:13.7391393+03:00" endTime="2026-09-12T21:27:13.7391394+03:00" testType="13cdc9d9-ddb5-4fa4-a97d-d965ccfc6d4b" outcome="Passed" testListId="8c84fa94-04c1-424b-9868-57a2d4851a1d" relativeResultsDirectory="6031ff72-ba34-4a4e-a309-b824c24e6e3e" />
    <UnitTestResult executionId="3bba021e-9c40-4e2f-9443-67a8fcc766d0" testId="cae03340-cb3a-0078-0af6-95a96965b326" testName="DeepSpaceSaga.Engine.Tests.StationEconomyBatch2Tests.IronOre_becomes_ConsumedResource_when_an_active_producing_module_needs_it" computerName="VITA-CASTLE" duration="00:00:00.0002478" startTime="2026-09-12T21:27:13.8070746+03:00" endTime="2026-09-12T21:27:13.8070747+03:00" testType="13cdc9d9-ddb5-4fa4-a97d-d965ccfc6d4b" outcome="Passed" testListId="8c84fa94-04c1-424b-9868-57a2d4851a1d" relativeResultsDirectory="3bba021e-9c40-4e2f-9443-67a8fcc766d0" />
    <UnitTestResult executionId="d2c4a6ad-a27e-49c5-94b0-911bf9674a59" testId="3e8a4384-dfc4-3851-16b4-eecae68f409f" testName="DeepSpaceSaga.Engine.Tests.ScenarioEngineTests.CreateFromScenarioFile_loads_an_explicitly_chosen_scenario_instead_of_the_settings_default" computerName="VITA-CASTLE" duration="00:00:00.0022637" startTime="2026-09-12T21:27:13.9700194+03:00" endTime="2026-09-12T21:27:13.9700197+03:00" testType="13cdc9d9-ddb5-4fa4-a97d-d965ccfc6d4b" outcome="Passed" testListId="8c84fa94-04c1-424b-9868-57a2d4851a1d" relativeResultsDirectory="d2c4a6ad-a27e-49c5-94b0-911bf9674a59" />
    <UnitTestResult executionId="eca1fc92-c440-42e3-9667-4c11c00bbd28" testId="323d6c78-ed70-97cf-e1d3-b67ebc1482d3" testName="DeepSpaceSaga.Engine.Tests.DockCommandTests.Dock_target_that_is_not_a_station_is_rejected" computerName="VITA-CASTLE" duration="00:00:00.0005494" startTime="2026-09-12T21:27:13.7650753+03:00" endTime="2026-09-12T21:27:13.7650754+03:00" testType="13cdc9d9-ddb5-4fa4-a97d-d965ccfc6d4b" outcome="Passed" testListId="8c84fa94-04c1-424b-9868-57a2d4851a1d" relativeResultsDirectory="eca1fc92-c440-42e3-9667-4c11c00bbd28" />
    <UnitTestResult executionId="3d43ca8a-0f0b-4cd6-937a-0ebbbe364bfe" testId="0fadb679-647f-45a0-4a4a-2979b659861c" testName="DeepSpaceSaga.Engine.Tests.RngStreamNamesTests.Station_stream_names_differ_by_objectId" computerName="VITA-CASTLE" duration="00:00:00.0000738" startTime="2026-09-12T21:27:13.7352050+03:00" endTime="2026-09-12T21:27:13.7352051+03:00" testType="13cdc9d9-ddb5-4fa4-a97d-d965ccfc6d4b" outcome="Passed" testListId="8c84fa94-04c1-424b-9868-57a2d4851a1d" relativeResultsDirectory="3d43ca8a-0f0b-4cd6-937a-0ebbbe364bfe" />
    <UnitTestResult executionId="6335363d-0a63-4a70-a33d-74dbc9ac7b96" testId="b5a473fe-7cd6-9024-5a59-7b40c8698b51" testName="DeepSpaceSaga.Engine.Tests.TradeSnapshotProjectionTests.DockedStationTrade_reflects_sell_mutation" computerName="VITA-CASTLE" duration="00:00:00.0010226" startTime="2026-09-12T21:27:13.8104937+03:00" endTime="2026-09-12T21:27:13.8104938+03:00" testType="13cdc9d9-ddb5-4fa4-a97d-d965ccfc6d4b" outcome="Passed" testListId="8c84fa94-04c1-424b-9868-57a2d4851a1d" relativeResultsDirectory="6335363d-0a63-4a70-a33d-74dbc9ac7b96" />
    <UnitTestResult executionId="1f1d1e85-6338-4962-af90-2e78e66f1fed" testId="9c17684f-5c53-c00a-a42d-4a77087d9144" testName="DeepSpaceSaga.Engine.Tests.ModuleDefinitionLoaderTests.LoadModuleCategories_rejects_type_missing_command_type_ids" computerName="VITA-CASTLE" duration="00:00:00.0205699" startTime="2026-09-12T21:27:13.6859133+03:00" endTime="2026-09-12T21:27:13.6859134+03:00" testType="13cdc9d9-ddb5-4fa4-a97d-d965ccfc6d4b" outcome="Passed" testListId="8c84fa94-04c1-424b-9868-57a2d4851a1d" relativeResultsDirectory="1f1d1e85-6338-4962-af90-2e78e66f1fed" />
    <UnitTestResult executionId="7216942d-d8eb-40ba-8d0a-392161551029" testId="ee28818b-99b2-6fab-4a85-7eed33399c5c" testName="DeepSpaceSaga.Engine.Tests.StationEconomyGenerationTests.PlayerCredits_round_trips_through_save_and_load" computerName="VITA-CASTLE" duration="00:00:00.0109099" startTime="2026-09-12T21:27:13.8154157+03:00" endTime="2026-09-12T21:27:13.8154158+03:00" testType="13cdc9d9-ddb5-4fa4-a97d-d965ccfc6d4b" outcome="Passed" testListId="8c84fa94-04c1-424b-9868-57a2d4851a1d" relativeResultsDirectory="7216942d-d8eb-40ba-8d0a-392161551029" />
    <UnitTestResult executionId="15cd40d1-50f9-461b-848d-509b20e7724e" testId="2bb5c34a-4c2c-0f5e-2931-343562a0dae7" testName="DeepSpaceSaga.Engine.Tests.EngineCommandTests.Step_turns_change_direction_with_normalization(commandType: &quot;engine.turnLeftStep&quot;, initialDirection: 0, expectedDirection: 359)" computerName="VITA-CASTLE" duration="00:00:00.0019401" startTime="2026-09-12T21:27:13.8839575+03:00" endTime="2026-09-12T21:27:13.8839576+03:00" testType="13cdc9d9-ddb5-4fa4-a97d-d965ccfc6d4b" outcome="Passed" testListId="8c84fa94-04c1-424b-9868-57a2d4851a1d" relativeResultsDirectory="15cd40d1-50f9-461b-848d-509b20e7724e" />
    <UnitTestResult executionId="ea449497-0653-4aca-8ca6-61c22a1ac379" testId="664dd80e-f279-dfc6-cf16-fa768355ebb4" testName="DeepSpaceSaga.Engine.Tests.StationSizeFactorsTests.Consumed_resource_factor_matches_documented_table(size: 3, expectedFactor: 1100)" computerName="VITA-CASTLE" duration="00:00:00.0000031" startTime="2026-09-12T21:27:13.8869865+03:00" endTime="2026-09-12T21:27:13.8869866+03:00" testType="13cdc9d9-ddb5-4fa4-a97d-d965ccfc6d4b" outcome="Passed" testListId="8c84fa94-04c1-424b-9868-57a2d4851a1d" relativeResultsDirectory="ea449497-0653-4aca-8ca6-61c22a1ac379" />
    <UnitTestResult executionId="891c3800-7db5-4080-85a3-bc79a1cb963a" testId="288473dd-3ec4-b60b-d96a-c395ac689d0f" testName="DeepSpaceSaga.Engine.Tests.GameDataRegistryTests.Create_succeeds_when_command_type_matches_owning_module_type" computerName="VITA-CASTLE" duration="00:00:00.5502470" startTime="2026-09-12T21:27:13.6627005+03:00" endTime="2026-09-12T21:27:13.6627005+03:00" testType="13cdc9d9-ddb5-4fa4-a97d-d965ccfc6d4b" outcome="Passed" testListId="8c84fa94-04c1-424b-9868-57a2d4851a1d" relativeResultsDirectory="891c3800-7db5-4080-85a3-bc79a1cb963a" />
    <UnitTestResult executionId="efc33d7e-7c7c-4311-b095-2a27bdbb4d8f" testId="14ded9ac-0a0f-bfa4-483d-b4ae83851552" testName="DeepSpaceSaga.Engine.Tests.InstalledModuleProjectionTests.Projection_commands_carry_display_names_and_targets" computerName="VITA-CASTLE" duration="00:00:00.0006232" startTime="2026-09-12T21:27:13.8580326+03:00" endTime="2026-09-12T21:27:13.8580327+03:00" testType="13cdc9d9-ddb5-4fa4-a97d-d965ccfc6d4b" outcome="Passed" testListId="8c84fa94-04c1-424b-9868-57a2d4851a1d" relativeResultsDirectory="efc33d7e-7c7c-4311-b095-2a27bdbb4d8f" />
    <UnitTestResult executionId="7a6e027c-1974-4b56-a8ea-0fcaafeea423" testId="ee9d0aa2-f378-d523-4cbe-0da1be848871" testName="DeepSpaceSaga.Engine.Tests.ScenarioLoaderTests.Asteroid_speed_out_of_range_throws" computerName="VITA-CASTLE" duration="00:00:00.0001859" startTime="2026-09-12T21:27:13.8750972+03:00" endTime="2026-09-12T21:27:13.8750973+03:00" testType="13cdc9d9-ddb5-4fa4-a97d-d965ccfc6d4b" outcome="Passed" testListId="8c84fa94-04c1-424b-9868-57a2d4851a1d" relativeResultsDirectory="7a6e027c-1974-4b56-a8ea-0fcaafeea423" />
    <UnitTestResult executionId="a6315574-b3e8-4267-a19c-4af3b30b7945" testId="bff5e4ad-b186-2889-7e3a-80b45c311ab3" testName="DeepSpaceSaga.Engine.Tests.ScenarioEngineTests.Module_type_base_success_chance_percent_out_of_range_throws(invalidValue: -1)" computerName="VITA-CASTLE" duration="00:00:00.0021939" startTime="2026-09-12T21:27:13.8810095+03:00" endTime="2026-09-12T21:27:13.8810095+03:00" testType="13cdc9d9-ddb5-4fa4-a97d-d965ccfc6d4b" outcome="Passed" testListId="8c84fa94-04c1-424b-9868-57a2d4851a1d" relativeResultsDirectory="a6315574-b3e8-4267-a19c-4af3b30b7945" />
    <UnitTestResult executionId="444ed68e-814e-4f45-94ad-b9540e3f3f47" testId="c42086be-f61a-1ad8-0c3a-4de06d6cb19f" testName="DeepSpaceSaga.Engine.Tests.RngStreamNamesTests.CreateDeterministicRandom_folds_the_full_64_bits_not_just_the_low_32" computerName="VITA-CASTLE" duration="00:00:00.0006688" startTime="2026-09-12T21:27:13.7359420+03:00" endTime="2026-09-12T21:27:13.7359420+03:00" testType="13cdc9d9-ddb5-4fa4-a97d-d965ccfc6d4b" outcome="Passed" testListId="8c84fa94-04c1-424b-9868-57a2d4851a1d" relativeResultsDirectory="444ed68e-814e-4f45-94ad-b9540e3f3f47" />
    <UnitTestResult executionId="f817e073-bc7f-4acc-93ce-7aaf3c2a016a" testId="37cb9154-58fc-5490-27bf-bd0ad3d83cca" testName="DeepSpaceSaga.Engine.Tests.DialogueEffectTests.Content_rejects_broken_node_links_and_unknown_effects" computerName="VITA-CASTLE" duration="00:00:00.0005302" startTime="2026-09-12T21:27:13.8131902+03:00" endTime="2026-09-12T21:27:13.8131903+03:00" testType="13cdc9d9-ddb5-4fa4-a97d-d965ccfc6d4b" outcome="Passed" testListId="8c84fa94-04c1-424b-9868-57a2d4851a1d" relativeResultsDirectory="f817e073-bc7f-4acc-93ce-7aaf3c2a016a" />
    <UnitTestResult executionId="55a9eae9-10ec-4380-b7b1-7dd46a8a1a48" testId="e461a204-ad52-5175-139b-438578f30efb" testName="DeepSpaceSaga.Engine.Tests.EngineCommandTests.Implicit_cancel_publishes_cycle_cancelled_and_then_completed" computerName="VITA-CASTLE" duration="00:00:00.0004525" startTime="2026-09-12T21:27:13.9579081+03:00" endTime="2026-09-12T21:27:13.9579082+03:00" testType="13cdc9d9-ddb5-4fa4-a97d-d965ccfc6d4b" outcome="Passed" testListId="8c84fa94-04c1-424b-9868-57a2d4851a1d" relativeResultsDirectory="55a9eae9-10ec-4380-b7b1-7dd46a8a1a48" />
    <UnitTestResult executionId="b911b95d-072c-4b44-a561-9efbfc80579b" testId="b945420e-2334-6833-2a93-1b717894287a" testName="DeepSpaceSaga.Engine.Tests.EngineCommandTests.Until_cancel_turn_publishes_discrete_cycle_timing_for_client_prediction" computerName="VITA-CASTLE" duration="00:00:00.0002857" startTime="2026-09-12T21:27:13.9059558+03:00" endTime="2026-09-12T21:27:13.9059559+03:00" testType="13cdc9d9-ddb5-4fa4-a97d-d965ccfc6d4b" outcome="Passed" testListId="8c84fa94-04c1-424b-9868-57a2d4851a1d" relativeResultsDirectory="b911b95d-072c-4b44-a561-9efbfc80579b" />
    <UnitTestResult executionId="074d5467-2f0d-48a2-9864-cf7a23b2751d" testId="34cbfc20-60a9-7cf4-bdd2-93bebe80240e" testName="DeepSpaceSaga.Engine.Tests.ScenarioEngineTests.LoadScenario_without_crew_resolves_to_empty" computerName="VITA-CASTLE" duration="00:00:00.0003340" startTime="2026-09-12T21:27:13.9059056+03:00" endTime="2026-09-12T21:27:13.9059057+03:00" testType="13cdc9d9-ddb5-4fa4-a97d-d965ccfc6d4b" outcome="Passed" testListId="8c84fa94-04c1-424b-9868-57a2d4851a1d" relativeResultsDirectory="074d5467-2f0d-48a2-9864-cf7a23b2751d" />
    <UnitTestResult executionId="91515b76-9bf9-4df3-b814-2878e86648db" testId="47514597-2663-af44-3bc9-4208450d1585" testName="DeepSpaceSaga.Engine.Tests.StationEconomyGenerationTests.Save_then_load_does_not_regenerate_already_resolved_station_economy" computerName="VITA-CASTLE" duration="00:00:00.0236783" startTime="2026-09-12T21:27:13.8043792+03:00" endTime="2026-09-12T21:27:13.8043793+03:00" testType="13cdc9d9-ddb5-4fa4-a97d-d965ccfc6d4b" outcome="Passed" testListId="8c84fa94-04c1-424b-9868-57a2d4851a1d" relativeResultsDirectory="91515b76-9bf9-4df3-b814-2878e86648db" />
    <UnitTestResult executionId="3872e9ad-110b-4f44-8701-006aee16a8d7" testId="36f114c9-590b-b66f-bea8-85f983020b83" testName="DeepSpaceSaga.Engine.Tests.TradeCommandTests.Refuel_success_increases_fuel_and_moves_credits_and_stock" computerName="VITA-CASTLE" duration="00:00:00.0015988" startTime="2026-09-12T21:27:13.8621646+03:00" endTime="2026-09-12T21:27:13.8621647+03:00" testType="13cdc9d9-ddb5-4fa4-a97d-d965ccfc6d4b" outcome="Passed" testListId="8c84fa94-04c1-424b-9868-57a2d4851a1d" relativeResultsDirectory="3872e9ad-110b-4f44-8701-006aee16a8d7" />
    <UnitTestResult executionId="2a92d501-e170-4e69-8076-51bc7c6c6299" testId="3c9d7aec-89a2-ac7e-7131-9c4e39542816" testName="DeepSpaceSaga.Engine.Tests.EngineCommandTests.Unavailable_engine_module_rejects_with_module_unavailable_reason(powerState: &quot;Off&quot;, operationalState: &quot;Ready&quot;, structurePoints: 100)" computerName="VITA-CASTLE" duration="00:00:00.0002972" startTime="2026-09-12T21:27:13.8835916+03:00" endTime="2026-09-12T21:27:13.8835917+03:00" testType="13cdc9d9-ddb5-4fa4-a97d-d965ccfc6d4b" outcome="Passed" testListId="8c84fa94-04c1-424b-9868-57a2d4851a1d" relativeResultsDirectory="2a92d501-e170-4e69-8076-51bc7c6c6299" />
    <UnitTestResult executionId="c4e36d6d-428b-4159-8ef7-ecf259053c6d" testId="3cdf2fbd-54e4-cd9f-6bb5-9580103e93a5" testName="DeepSpaceSaga.Engine.Tests.ItemCatalogTests.Real_catalog_item_matches_documented_price_category_and_catalog_code(typeId: &quot;item.silicon&quot;, displayName: &quot;Silicon&quot;, isResource: True, catalogCode: &quot;RES-2003&quot;, basePrice: 40)" computerName="VITA-CASTLE" duration="00:00:00.0055959" startTime="2026-09-12T21:27:13.8245203+03:00" endTime="2026-09-12T21:27:13.8245204+03:00" testType="13cdc9d9-ddb5-4fa4-a97d-d965ccfc6d4b" outcome="Passed" testListId="8c84fa94-04c1-424b-9868-57a2d4851a1d" relativeResultsDirectory="c4e36d6d-428b-4159-8ef7-ecf259053c6d" />
    <UnitTestResult executionId="e4c345ea-a38b-4355-bceb-f41470a68c94" testId="ccbb872c-38ec-7903-bab7-68afbdb450fe" testName="DeepSpaceSaga.Engine.Tests.EngineContentLoaderSaveFileTests.CreateEngineFromSaveFile_rejects_missing_save_file" computerName="VITA-CASTLE" duration="00:00:00.0025094" startTime="2026-09-12T21:27:13.8702769+03:00" endTime="2026-09-12T21:27:13.8702770+03:00" testType="13cdc9d9-ddb5-4fa4-a97d-d965ccfc6d4b" outcome="Passed" testListId="8c84fa94-04c1-424b-9868-57a2d4851a1d" relativeResultsDirectory="e4c345ea-a38b-4355-bceb-f41470a68c94" />
    <UnitTestResult executionId="1f04b6a5-25f8-4020-a0c3-ff2a53e64e75" testId="13c829de-72d4-3ebb-a8f5-f2af7609dcfe" testName="DeepSpaceSaga.Engine.Tests.EngineCommandTests.One_shot_command_cancels_active_auto_repeat_cycle_and_executes" computerName="VITA-CASTLE" duration="00:00:00.0009688" startTime="2026-09-12T21:27:13.9141310+03:00" endTime="2026-09-12T21:27:13.9141310+03:00" testType="13cdc9d9-ddb5-4fa4-a97d-d965ccfc6d4b" outcome="Passed" testListId="8c84fa94-04c1-424b-9868-57a2d4851a1d" relativeResultsDirectory="1f04b6a5-25f8-4020-a0c3-ff2a53e64e75" />
    <UnitTestResult executionId="299487d9-d1c2-4693-9fe0-6ce77b57ada0" testId="aba95475-7d02-76a9-bf7e-61c70e040aff" testName="DeepSpaceSaga.Engine.Tests.MasterSeedTests.Save_with_masterSeed_is_not_flagged_as_missing_on_reload" computerName="VITA-CASTLE" duration="00:00:00.0006428" startTime="2026-09-12T21:27:13.7685485+03:00" endTime="2026-09-12T21:27:13.7685486+03:00" testType="13cdc9d9-ddb5-4fa4-a97d-d965ccfc6d4b" outcome="Passed" testListId="8c84fa94-04c1-424b-9868-57a2d4851a1d" relativeResultsDirectory="299487d9-d1c2-4693-9fe0-6ce77b57ada0" />
    <UnitTestResult executionId="a65ba7e4-7ca7-4abf-95d0-537406f5a2ea" testId="0e1fa381-50e4-105c-28c2-a1b27062ca4e" testName="DeepSpaceSaga.Engine.Tests.EngineCommandTests.Turn_again_exactly_at_inertia_interval_is_allowed" computerName="VITA-CASTLE" duration="00:00:00.0003979" startTime="2026-09-12T21:27:13.9510597+03:00" endTime="2026-09-12T21:27:13.9510598+03:00" testType="13cdc9d9-ddb5-4fa4-a97d-d965ccfc6d4b" outcome="Passed" testListId="8c84fa94-04c1-424b-9868-57a2d4851a1d" relativeResultsDirectory="a65ba7e4-7ca7-4abf-95d0-537406f5a2ea" />
    <UnitTestResult executionId="a3902bff-9806-445f-97ad-34da4916701b" testId="3950eb5f-ab69-f898-474f-5eaea3f9763c" testName="DeepSpaceSaga.Engine.Tests.ScenarioLoaderTests.LoadFromJson_throws_on_duplicate_objectIds" computerName="VITA-CASTLE" duration="00:00:00.0003085" startTime="2026-09-12T21:27:13.8911080+03:00" endTime="2026-09-12T21:27:13.8911081+03:00" testType="13cdc9d9-ddb5-4fa4-a97d-d965ccfc6d4b" outcome="Passed" testListId="8c84fa94-04c1-424b-9868-57a2d4851a1d" relativeResultsDirectory="a3902bff-9806-445f-97ad-34da4916701b" />
    <UnitTestResult executionId="8532e0a8-d7df-46d4-92a1-69923e296c02" testId="c8e5fac6-301c-1054-a70e-221c6e96a2e8" testName="DeepSpaceSaga.Engine.Tests.ScenarioLoaderTests.LoadFromJson_reads_crew_when_present" computerName="VITA-CASTLE" duration="00:00:00.0028971" startTime="2026-09-12T21:27:13.8849252+03:00" endTime="2026-09-12T21:27:13.8849254+03:00" testType="13cdc9d9-ddb5-4fa4-a97d-d965ccfc6d4b" outcome="Passed" testListId="8c84fa94-04c1-424b-9868-57a2d4851a1d" relativeResultsDirectory="8532e0a8-d7df-46d4-92a1-69923e296c02" />
    <UnitTestResult executionId="ade9b9ca-eb0a-40e5-a94a-59d8a5a389f9" testId="e60ea8c4-ef02-dfe6-b2cb-3f3308bed6f9" testName="DeepSpaceSaga.Engine.Tests.ScenarioLoaderTests.LoadFromJson_throws_on_player_ship_wrong_type" computerName="VITA-CASTLE" duration="00:00:00.0001535" startTime="2026-09-12T21:27:13.8759578+03:00" endTime="2026-09-12T21:27:13.8759580+03:00" testType="13cdc9d9-ddb5-4fa4-a97d-d965ccfc6d4b" outcome="Passed" testListId="8c84fa94-04c1-424b-9868-57a2d4851a1d" relativeResultsDirectory="ade9b9ca-eb0a-40e5-a94a-59d8a5a389f9" />
    <UnitTestResult executionId="3c2fd9d2-942d-4568-863c-05fc1c42122c" testId="372e3af6-bbb3-afbd-b847-770968136a6a" testName="DeepSpaceSaga.Engine.Tests.SaveLoadContinuityTests.Round_trip_continues_active_turn_cycle_identically" computerName="VITA-CASTLE" duration="00:00:00.0077880" startTime="2026-09-12T21:27:13.7354947+03:00" endTime="2026-09-12T21:27:13.7354948+03:00" testType="13cdc9d9-ddb5-4fa4-a97d-d965ccfc6d4b" outcome="Passed" testListId="8c84fa94-04c1-424b-9868-57a2d4851a1d" relativeResultsDirectory="3c2fd9d2-942d-4568-863c-05fc1c42122c" />
    <UnitTestResult executionId="c28bf5a0-23aa-4304-b0c8-faa173667971" testId="4e2f31c0-61db-0371-8035-07b61c5a015c" testName="DeepSpaceSaga.Engine.Tests.ReviewRegressionTests.Saving_after_cancelling_Approach_must_preserve_heading" computerName="VITA-CASTLE" duration="00:00:00.0218982" startTime="2026-09-12T21:27:13.7818714+03:00" endTime="2026-09-12T21:27:13.7818715+03:00" testType="13cdc9d9-ddb5-4fa4-a97d-d965ccfc6d4b" outcome="Passed" testListId="8c84fa94-04c1-424b-9868-57a2d4851a1d" relativeResultsDirectory="c28bf5a0-23aa-4304-b0c8-faa173667971" />
    <UnitTestResult executionId="3aed8661-895a-4e3d-b510-05331a409ef8" testId="f84eacd2-6184-aeda-7fef-9c66bad9e94f" testName="DeepSpaceSaga.Engine.Tests.CommandDefinitionLoaderDirectoryTests.LoadCommandDefinitions_rejects_empty_directory_with_no_json_files" computerName="VITA-CASTLE" duration="00:00:00.0014051" startTime="2026-09-12T21:27:13.7599715+03:00" endTime="2026-09-12T21:27:13.7599715+03:00" testType="13cdc9d9-ddb5-4fa4-a97d-d965ccfc6d4b" outcome="Passed" testListId="8c84fa94-04c1-424b-9868-57a2d4851a1d" relativeResultsDirectory="3aed8661-895a-4e3d-b510-05331a409ef8" />
    <UnitTestResult executionId="561d824e-ce15-46f8-8b86-0fcec2567df2" testId="d058bdf4-0ee8-540c-d2cb-b877bd3df765" testName="DeepSpaceSaga.Engine.Tests.ScenarioEngineTests.Resolved_stationCrew_round_trips_through_save" computerName="VITA-CASTLE" duration="00:00:00.0004484" startTime="2026-09-12T21:27:13.9908399+03:00" endTime="2026-09-12T21:27:13.9908400+03:00" testType="13cdc9d9-ddb5-4fa4-a97d-d965ccfc6d4b" outcome="Passed" testListId="8c84fa94-04c1-424b-9868-57a2d4851a1d" relativeResultsDirectory="561d824e-ce15-46f8-8b86-0fcec2567df2" />
    <UnitTestResult executionId="1b11e684-472e-4183-a8a8-d5f92e4db667" testId="e84788fb-24b2-fde5-ed2e-89377f81b444" testName="DeepSpaceSaga.Engine.Tests.EngineCommandTests.Until_cancel_turn_does_not_repeat_when_game_time_is_paused" computerName="VITA-CASTLE" duration="00:00:00.0003317" startTime="2026-09-12T21:27:13.9408750+03:00" endTime="2026-09-12T21:27:13.9408751+03:00" testType="13cdc9d9-ddb5-4fa4-a97d-d965ccfc6d4b" outcome="Passed" testListId="8c84fa94-04c1-424b-9868-57a2d4851a1d" relativeResultsDirectory="1b11e684-472e-4183-a8a8-d5f92e4db667" />
    <UnitTestResult executionId="1428a784-53a7-4725-8d3a-030db6a8071f" testId="ddb20813-5b6e-2b7e-9f52-25e2410771fc" testName="DeepSpaceSaga.Engine.Tests.EngineCommandTests.Interruption_publishes_cycle_interrupted_with_correct_reason(powerState: &quot;On&quot;, operationalState: &quot;Ready&quot;, structurePoints: 0, expectedReason: &quot;module_destroyed&quot;)" computerName="VITA-CASTLE" duration="00:00:00.0007220" startTime="2026-09-12T21:27:13.9122279+03:00" endTime="2026-09-12T21:27:13.9122280+03:00" testType="13cdc9d9-ddb5-4fa4-a97d-d965ccfc6d4b" outcome="Passed" testListId="8c84fa94-04c1-424b-9868-57a2d4851a1d" relativeResultsDirectory="1428a784-53a7-4725-8d3a-030db6a8071f" />
    <UnitTestResult executionId="9eadf50e-3f35-4392-9dff-fae321ddf821" testId="24f938cd-0297-5716-ae3f-f0450b537187" testName="DeepSpaceSaga.Engine.Tests.ScenarioEngineTests.Every_shipped_scenario_starts_the_engine_with_750_of_1000_fuel" computerName="VITA-CASTLE" duration="00:00:00.0126708" startTime="2026-09-12T21:27:13.9387295+03:00" endTime="2026-09-12T21:27:13.9387301+03:00" testType="13cdc9d9-ddb5-4fa4-a97d-d965ccfc6d4b" outcome="Passed" testListId="8c84fa94-04c1-424b-9868-57a2d4851a1d" relativeResultsDirectory="9eadf50e-3f35-4392-9dff-fae321ddf821" />
    <UnitTestResult executionId="7d815e7a-ca7d-41ac-b58b-0a5d59b8d38f" testId="37bb9620-2469-01fe-578f-f5d561730e5a" testName="DeepSpaceSaga.Engine.Tests.StationSizeFactorsTests.Good_factor_matches_documented_table(size: 3, expectedFactor: 1200)" computerName="VITA-CASTLE" duration="00:00:00.0000333" startTime="2026-09-12T21:27:13.8877852+03:00" endTime="2026-09-12T21:27:13.8877853+03:00" testType="13cdc9d9-ddb5-4fa4-a97d-d965ccfc6d4b" outcome="Passed" testListId="8c84fa94-04c1-424b-9868-57a2d4851a1d" relativeResultsDirectory="7d815e7a-ca7d-41ac-b58b-0a5d59b8d38f" />
    <UnitTestResult executionId="5a73e86a-a8fa-40b6-aa53-077c7ef7b2f2" testId="6528fb71-aaeb-8403-bf8c-b2d879e5be57" testName="DeepSpaceSaga.Engine.Tests.StationEconomyBatch2Tests.Unknown_event_price_factor_itemTypeId_throws_ContentException" computerName="VITA-CASTLE" duration="00:00:00.0004895" startTime="2026-09-12T21:27:13.8529623+03:00" endTime="2026-09-12T21:27:13.8529625+03:00" testType="13cdc9d9-ddb5-4fa4-a97d-d965ccfc6d4b" outcome="Passed" testListId="8c84fa94-04c1-424b-9868-57a2d4851a1d" relativeResultsDirectory="5a73e86a-a8fa-40b6-aa53-077c7ef7b2f2" />
    <UnitTestResult executionId="a36ccdfa-bf6a-4abb-8a35-0168454efdfc" testId="1ad93f3e-0239-524d-5234-6e96c06fcd3e" testName="DeepSpaceSaga.Engine.Tests.ObjectInteractionStateTests.SetObjectInteractionState_accepts_existing_object_ids" computerName="VITA-CASTLE" duration="00:00:00.0002310" startTime="2026-09-12T21:27:13.7358638+03:00" endTime="2026-09-12T21:27:13.7358639+03:00" testType="13cdc9d9-ddb5-4fa4-a97d-d965ccfc6d4b" outcome="Passed" testListId="8c84fa94-04c1-424b-9868-57a2d4851a1d" relativeResultsDirectory="a36ccdfa-bf6a-4abb-8a35-0168454efdfc" />
    <UnitTestResult executionId="64c2e61a-9ac0-459a-ad00-e5e528c4f5bd" testId="09499661-de51-e196-ef40-dfe9348adc48" testName="DeepSpaceSaga.Engine.Tests.EngineCommandTests.Cycles_due_during_a_running_period_complete_even_if_the_snapshot_reports_paused" computerName="VITA-CASTLE" duration="00:00:00.0002586" startTime="2026-09-12T21:27:13.9354874+03:00" endTime="2026-09-12T21:27:13.9354875+03:00" testType="13cdc9d9-ddb5-4fa4-a97d-d965ccfc6d4b" outcome="Passed" testListId="8c84fa94-04c1-424b-9868-57a2d4851a1d" relativeResultsDirectory="64c2e61a-9ac0-459a-ad00-e5e528c4f5bd" />
    <UnitTestResult executionId="94ce6c23-5a82-4280-b5fc-59b310d370d1" testId="bb71fb1b-bb96-80ea-dc55-92855b1662a2" testName="DeepSpaceSaga.Engine.Tests.ScenarioEngineTests.LoadScenario_generates_captain_name_and_portrait_when_absent" computerName="VITA-CASTLE" duration="00:00:00.0001698" startTime="2026-09-12T21:27:13.9791617+03:00" endTime="2026-09-12T21:27:13.9791618+03:00" testType="13cdc9d9-ddb5-4fa4-a97d-d965ccfc6d4b" outcome="Passed" testListId="8c84fa94-04c1-424b-9868-57a2d4851a1d" relativeResultsDirectory="94ce6c23-5a82-4280-b5fc-59b310d370d1" />
    <UnitTestResult executionId="60053654-c699-409e-8329-38395ff3d2ac" testId="2d6d0c3d-9f57-24cd-8ebf-d162c147626a" testName="DeepSpaceSaga.Engine.Tests.EngineCommandTests.Opposite_until_cancel_replaces_current_repeating_turn" computerName="VITA-CASTLE" duration="00:00:00.0003497" startTime="2026-09-12T21:27:13.9193555+03:00" endTime="2026-09-12T21:27:13.9193556+03:00" testType="13cdc9d9-ddb5-4fa4-a97d-d965ccfc6d4b" outcome="Passed" testListId="8c84fa94-04c1-424b-9868-57a2d4851a1d" relativeResultsDirectory="60053654-c699-409e-8329-38395ff3d2ac" />
    <UnitTestResult executionId="9837fb6b-f1cd-4921-8980-c78d6cfa6819" testId="c0496d97-e38f-390c-9ffd-96e23aa5f3c6" testName="DeepSpaceSaga.Engine.Tests.ApproachCommandTests.Target_turn_replans_from_the_current_pose_and_preserves_speed" computerName="VITA-CASTLE" duration="00:00:00.0244787" startTime="2026-09-12T21:27:13.9136515+03:00" endTime="2026-09-12T21:27:13.9136518+03:00" testType="13cdc9d9-ddb5-4fa4-a97d-d965ccfc6d4b" outcome="Passed" testListId="8c84fa94-04c1-424b-9868-57a2d4851a1d" relativeResultsDirectory="9837fb6b-f1cd-4921-8980-c78d6cfa6819" />
    <UnitTestResult executionId="8892d2ef-64d5-46ac-9402-e1dadaa01024" testId="bb684155-1849-0e9b-c616-82a27b4d4a01" testName="DeepSpaceSaga.Engine.Tests.ModuleDefinitionLoaderTests.LoadModuleCategories_reads_type_id_display_name_slot_size_and_command_type_ids" computerName="VITA-CASTLE" duration="00:00:00.0042410" startTime="2026-09-12T21:27:13.7190257+03:00" endTime="2026-09-12T21:27:13.7190262+03:00" testType="13cdc9d9-ddb5-4fa4-a97d-d965ccfc6d4b" outcome="Passed" testListId="8c84fa94-04c1-424b-9868-57a2d4851a1d" relativeResultsDirectory="8892d2ef-64d5-46ac-9402-e1dadaa01024" />
    <UnitTestResult executionId="5b54dc25-c1f1-472e-ad1e-7b069eddff47" testId="188c48f9-ec5c-dedc-5e16-3a6b7bb14dbf" testName="DeepSpaceSaga.Engine.Tests.DockCommandTests.Dock_with_unknown_target_is_rejected" computerName="VITA-CASTLE" duration="00:00:00.0009628" startTime="2026-09-12T21:27:13.7669374+03:00" endTime="2026-09-12T21:27:13.7669374+03:00" testType="13cdc9d9-ddb5-4fa4-a97d-d965ccfc6d4b" outcome="Passed" testListId="8c84fa94-04c1-424b-9868-57a2d4851a1d" relativeResultsDirectory="5b54dc25-c1f1-472e-ad1e-7b069eddff47" />
    <UnitTestResult executionId="15b4c9ac-0445-4458-8186-5247dc041890" testId="89338ab2-3f2f-da07-09c0-f64eecb68f3b" testName="DeepSpaceSaga.Engine.Tests.EngineCommandTests.Zero_duration_cycle_completes_no_earlier_than_next_tick" computerName="VITA-CASTLE" duration="00:00:00.0003758" startTime="2026-09-12T21:27:13.9013370+03:00" endTime="2026-09-12T21:27:13.9013373+03:00" testType="13cdc9d9-ddb5-4fa4-a97d-d965ccfc6d4b" outcome="Passed" testListId="8c84fa94-04c1-424b-9868-57a2d4851a1d" relativeResultsDirectory="15b4c9ac-0445-4458-8186-5247dc041890" />
    <UnitTestResult executionId="11b9b47d-898b-4ea2-93b7-c058b639cd84" testId="7117cbd1-4ccd-e396-0c6d-8dd76a161a40" testName="DeepSpaceSaga.Engine.Tests.StationSizeFactorsTests.Good_factor_matches_documented_table(size: 1, expectedFactor: 1100)" computerName="VITA-CASTLE" duration="00:00:00.0000018" startTime="2026-09-12T21:27:13.8881373+03:00" endTime="2026-09-12T21:27:13.8881374+03:00" testType="13cdc9d9-ddb5-4fa4-a97d-d965ccfc6d4b" outcome="Passed" testListId="8c84fa94-04c1-424b-9868-57a2d4851a1d" relativeResultsDirectory="11b9b47d-898b-4ea2-93b7-c058b639cd84" />
    <UnitTestResult executionId="e3bafb5c-7fbe-4583-865c-ecf841b15c89" testId="cae5431c-f0aa-4430-b57b-a9bd13a2fbf6" testName="DeepSpaceSaga.Engine.Tests.ScenarioEngineTests.Engine_content_requires_positive_engine_motion_parameters(engineParameters: &quot;\&quot;maxSpeedMps\&quot;: 4000, \&quot;turnStepDegrees\&quot;: 1, \&quot;l&quot;···)" computerName="VITA-CASTLE" duration="00:00:00.0057440" startTime="2026-09-12T21:27:13.8456483+03:00" endTime="2026-09-12T21:27:13.8456485+03:00" testType="13cdc9d9-ddb5-4fa4-a97d-d965ccfc6d4b" outcome="Passed" testListId="8c84fa94-04c1-424b-9868-57a2d4851a1d" relativeResultsDirectory="e3bafb5c-7fbe-4583-865c-ecf841b15c89" />
    <UnitTestResult executionId="213d1d90-ff18-425e-b31d-673ff24e5357" testId="6e870928-f115-9dcc-73fa-aa7d1efe1e49" testName="DeepSpaceSaga.Engine.Tests.DialogueTests.Stale_revision_and_wrong_instance_do_not_apply_effects" computerName="VITA-CASTLE" duration="00:00:00.0012243" startTime="2026-09-12T21:27:13.8229328+03:00" endTime="2026-09-12T21:27:13.8229328+03:00" testType="13cdc9d9-ddb5-4fa4-a97d-d965ccfc6d4b" outcome="Passed" testListId="8c84fa94-04c1-424b-9868-57a2d4851a1d" relativeResultsDirectory="213d1d90-ff18-425e-b31d-673ff24e5357" />
    <UnitTestResult executionId="ca388bdc-ff1c-4ebd-b15a-0cc6329d6497" testId="45a2f807-fe6b-8bfc-b727-0dbb9bb1db46" testName="DeepSpaceSaga.Engine.Tests.ItemCatalogTests.Real_catalog_food_rations_has_no_catalog_code_but_documented_price" computerName="VITA-CASTLE" duration="00:00:00.0021196" startTime="2026-09-12T21:27:13.8421411+03:00" endTime="2026-09-12T21:27:13.8421415+03:00" testType="13cdc9d9-ddb5-4fa4-a97d-d965ccfc6d4b" outcome="Passed" testListId="8c84fa94-04c1-424b-9868-57a2d4851a1d" relativeResultsDirectory="ca388bdc-ff1c-4ebd-b15a-0cc6329d6497" />
    <UnitTestResult executionId="25542562-9ee5-43a6-9fd5-f04b37d32c34" testId="5bf0b8b6-2c1e-45ab-d87f-3ab72873cf7a" testName="DeepSpaceSaga.Engine.Tests.ItemCatalogTests.ModuleTypeDefinition_BasePriceCredits_defaults_to_null" computerName="VITA-CASTLE" duration="00:00:00.0002321" startTime="2026-09-12T21:27:13.8378572+03:00" endTime="2026-09-12T21:27:13.8378573+03:00" testType="13cdc9d9-ddb5-4fa4-a97d-d965ccfc6d4b" outcome="Passed" testListId="8c84fa94-04c1-424b-9868-57a2d4851a1d" relativeResultsDirectory="25542562-9ee5-43a6-9fd5-f04b37d32c34" />
    <UnitTestResult executionId="dd42869a-3153-476b-bfbf-c8363b803b57" testId="dda594fb-cd9a-bc44-593f-eb76c002b674" testName="DeepSpaceSaga.Engine.Tests.ModuleDefinitionLoaderTests.LoadModuleImplementations_rejects_implementation_missing_type" computerName="VITA-CASTLE" duration="00:00:00.0323914" startTime="2026-09-12T21:27:13.7107024+03:00" endTime="2026-09-12T21:27:13.7107025+03:00" testType="13cdc9d9-ddb5-4fa4-a97d-d965ccfc6d4b" outcome="Passed" testListId="8c84fa94-04c1-424b-9868-57a2d4851a1d" relativeResultsDirectory="dd42869a-3153-476b-bfbf-c8363b803b57" />
    <UnitTestResult executionId="78f61a3a-8a2a-49e9-99af-80a43caad701" testId="e495b283-ce55-d1a9-a2e3-93308f5ee966" testName="DeepSpaceSaga.Engine.Tests.CommandDefinitionLoaderDirectoryTests.LoadCommandDefinitions_rejects_command_missing_type_in_single_file_mode" computerName="VITA-CASTLE" duration="00:00:00.0122787" startTime="2026-09-12T21:27:13.7482785+03:00" endTime="2026-09-12T21:27:13.7482786+03:00" testType="13cdc9d9-ddb5-4fa4-a97d-d965ccfc6d4b" outcome="Passed" testListId="8c84fa94-04c1-424b-9868-57a2d4851a1d" relativeResultsDirectory="78f61a3a-8a2a-49e9-99af-80a43caad701" />
    <UnitTestResult executionId="a8e0d4d5-3dc5-4b14-870a-b31b4a9d1034" testId="715d87fa-d304-cfc2-d785-9b9851f31993" testName="DeepSpaceSaga.Engine.Tests.ObjectImageResolutionTests.Resolved_asteroid_image_round_trips_through_save" computerName="VITA-CASTLE" duration="00:00:00.0003123" startTime="2026-09-12T21:27:13.8674030+03:00" endTime="2026-09-12T21:27:13.8674031+03:00" testType="13cdc9d9-ddb5-4fa4-a97d-d965ccfc6d4b" outcome="Passed" testListId="8c84fa94-04c1-424b-9868-57a2d4851a1d" relativeResultsDirectory="a8e0d4d5-3dc5-4b14-870a-b31b4a9d1034" />
    <UnitTestResult executionId="517dfef4-13e9-4c59-b0b7-5ff5d704201a" testId="a4a68fe8-bc9f-86e7-1b0e-74d5470ccb7b" testName="DeepSpaceSaga.Engine.Tests.TradeCommandTests.Refuel_more_than_station_fuel_stock_is_rejected" computerName="VITA-CASTLE" duration="00:00:00.0007951" startTime="2026-09-12T21:27:13.8801523+03:00" endTime="2026-09-12T21:27:13.8801523+03:00" testType="13cdc9d9-ddb5-4fa4-a97d-d965ccfc6d4b" outcome="Passed" testListId="8c84fa94-04c1-424b-9868-57a2d4851a1d" relativeResultsDirectory="517dfef4-13e9-4c59-b0b7-5ff5d704201a" />
    <UnitTestResult executionId="73cfad7a-f927-49a6-8e65-9ccf3d6ee75f" testId="7512acd4-953a-d191-f11f-9edd68a7084c" testName="DeepSpaceSaga.Engine.Tests.ScenarioEngineTests.Engine_content_requires_positive_engine_motion_parameters(engineParameters: &quot;\&quot;turnStepDegrees\&quot;: 1,&quot;)" computerName="VITA-CASTLE" duration="00:00:00.0090002" startTime="2026-09-12T21:27:13.8226616+03:00" endTime="2026-09-12T21:27:13.8226621+03:00" testType="13cdc9d9-ddb5-4fa4-a97d-d965ccfc6d4b" outcome="Passed" testListId="8c84fa94-04c1-424b-9868-57a2d4851a1d" relativeResultsDirectory="73cfad7a-f927-49a6-8e65-9ccf3d6ee75f" />
    <UnitTestResult executionId="f47c7f8d-5aaa-4752-9167-7dd4eac19dc6" testId="c608072c-23ee-86e8-4b5f-d4a99daac0be" testName="DeepSpaceSaga.Engine.Tests.TradeCommandTests.Buy_existing_item_increases_cargo_stack_quantity" computerName="VITA-CASTLE" duration="00:00:00.0008206" startTime="2026-09-12T21:27:13.8835179+03:00" endTime="2026-09-12T21:27:13.8835180+03:00" testType="13cdc9d9-ddb5-4fa4-a97d-d965ccfc6d4b" outcome="Passed" testListId="8c84fa94-04c1-424b-9868-57a2d4851a1d" relativeResultsDirectory="f47c7f8d-5aaa-4752-9167-7dd4eac19dc6" />
    <UnitTestResult executionId="3a87d214-a988-49cf-a033-d801dfdc566a" testId="3107a02d-f152-a0c7-d378-46ba6b4fce6f" testName="DeepSpaceSaga.Engine.Tests.TradeCommandTests.Sell_fully_executes_when_station_can_afford_it" computerName="VITA-CASTLE" duration="00:00:00.0010635" startTime="2026-09-12T21:27:13.8703796+03:00" endTime="2026-09-12T21:27:13.8703796+03:00" testType="13cdc9d9-ddb5-4fa4-a97d-d965ccfc6d4b" outcome="Passed" testListId="8c84fa94-04c1-424b-9868-57a2d4851a1d" relativeResultsDirectory="3a87d214-a988-49cf-a033-d801dfdc566a" />
    <UnitTestResult executionId="c8b32973-23e0-489a-91b9-8e5a0c8adbba" testId="3a10e19a-e2ae-95ba-a2b0-3276c9368415" testName="DeepSpaceSaga.Engine.Tests.ModuleDefinitionLoaderTests.LoadModuleImplementations_accepts_module_engine_implementation_with_all_engine_parameters" computerName="VITA-CASTLE" duration="00:00:00.0028769" startTime="2026-09-12T21:27:13.7270284+03:00" endTime="2026-09-12T21:27:13.7270286+03:00" testType="13cdc9d9-ddb5-4fa4-a97d-d965ccfc6d4b" outcome="Passed" testListId="8c84fa94-04c1-424b-9868-57a2d4851a1d" relativeResultsDirectory="c8b32973-23e0-489a-91b9-8e5a0c8adbba" />
    <UnitTestResult executionId="9a7ca192-79bf-4cdb-b9d6-38149d72a812" testId="0a5cf6af-850c-49ae-6df1-7afe0a713228" testName="DeepSpaceSaga.Engine.Tests.EngineCommandTests.Accelerate_ramps_up_speed_bounded_by_linear_inertia" computerName="VITA-CASTLE" duration="00:00:00.0005259" startTime="2026-09-12T21:27:13.9000628+03:00" endTime="2026-09-12T21:27:13.9000628+03:00" testType="13cdc9d9-ddb5-4fa4-a97d-d965ccfc6d4b" outcome="Passed" testListId="8c84fa94-04c1-424b-9868-57a2d4851a1d" relativeResultsDirectory="9a7ca192-79bf-4cdb-b9d6-38149d72a812" />
    <UnitTestResult executionId="202bc6a9-3501-4fcb-8ebd-2a7515eb3ac2" testId="218ab70a-5954-ba0d-982b-ab653f51bf9d" testName="DeepSpaceSaga.Engine.Tests.TradeSnapshotProjectionTests.DockedStationTrade_projects_station_inventory_with_correct_prices_and_max_sellable" computerName="VITA-CASTLE" duration="00:00:00.0019227" startTime="2026-09-12T21:27:13.7705477+03:00" endTime="2026-09-12T21:27:13.7705481+03:00" testType="13cdc9d9-ddb5-4fa4-a97d-d965ccfc6d4b" outcome="Passed" testListId="8c84fa94-04c1-424b-9868-57a2d4851a1d" relativeResultsDirectory="202bc6a9-3501-4fcb-8ebd-2a7515eb3ac2" />
    <UnitTestResult executionId="183e9150-939c-4e3b-958d-c577048236a9" testId="ccefcde4-eee3-4cc2-383f-53ebc4a167b0" testName="DeepSpaceSaga.Engine.Tests.CommandDefinitionLoaderTests.LoadCommandDefinitions_reads_explicit_activation_energy_cells_cost" computerName="VITA-CASTLE" duration="00:00:00.0018596" startTime="2026-09-12T21:27:13.7524978+03:00" endTime="2026-09-12T21:27:13.7524980+03:00" testType="13cdc9d9-ddb5-4fa4-a97d-d965ccfc6d4b" outcome="Passed" testListId="8c84fa94-04c1-424b-9868-57a2d4851a1d" relativeResultsDirectory="183e9150-939c-4e3b-958d-c577048236a9" />
    <UnitTestResult executionId="3b2a148f-5cfa-41a6-a929-bececbb63841" testId="bc508500-a63c-0be4-5678-54622f3c58b9" testName="DeepSpaceSaga.Engine.Tests.ApproachCommandTests.Route_finishes_behind_live_target_and_never_changes_speed(targetSpeed: 0)" computerName="VITA-CASTLE" duration="00:00:00.0102588" startTime="2026-09-12T21:27:13.8868037+03:00" endTime="2026-09-12T21:27:13.8868038+03:00" testType="13cdc9d9-ddb5-4fa4-a97d-d965ccfc6d4b" outcome="Passed" testListId="8c84fa94-04c1-424b-9868-57a2d4851a1d" relativeResultsDirectory="3b2a148f-5cfa-41a6-a929-bececbb63841" />
    <UnitTestResult executionId="37f0d382-6a4a-4711-9f21-ea08eafb7e13" testId="5aa25b30-d787-5dc8-08e0-5fa7371e9c26" testName="DeepSpaceSaga.Engine.Tests.EngineCommandTests.Step_turns_change_direction_with_normalization(commandType: &quot;engine.turnRightStep&quot;, initialDirection: 359, expectedDirection: 0)" computerName="VITA-CASTLE" duration="00:00:00.0004637" startTime="2026-09-12T21:27:13.8836397+03:00" endTime="2026-09-12T21:27:13.8836397+03:00" testType="13cdc9d9-ddb5-4fa4-a97d-d965ccfc6d4b" outcome="Passed" testListId="8c84fa94-04c1-424b-9868-57a2d4851a1d" relativeResultsDirectory="37f0d382-6a4a-4711-9f21-ea08eafb7e13" />
    <UnitTestResult executionId="a280d525-e1e2-4397-aa04-ca01dd40f3e3" testId="bfaaffeb-07fe-e99b-f0aa-5d2915003534" testName="DeepSpaceSaga.Engine.Tests.StationPricingTests.Single_factor_above_neutral_scales_price_up" computerName="VITA-CASTLE" duration="00:00:00.0001377" startTime="2026-09-12T21:27:13.8708434+03:00" endTime="2026-09-12T21:27:13.8708435+03:00" testType="13cdc9d9-ddb5-4fa4-a97d-d965ccfc6d4b" outcome="Passed" testListId="8c84fa94-04c1-424b-9868-57a2d4851a1d" relativeResultsDirectory="a280d525-e1e2-4397-aa04-ca01dd40f3e3" />
    <UnitTestResult executionId="a48058a4-3db7-4739-93ef-875ff05bd428" testId="f850d57a-f44e-d18c-ab15-9bd7f075c61f" testName="DeepSpaceSaga.Engine.Tests.EngineCommandTests.SpeedSynchronization_without_target_publishes_rejected" computerName="VITA-CASTLE" duration="00:00:00.0003120" startTime="2026-09-12T21:27:13.8899246+03:00" endTime="2026-09-12T21:27:13.8899246+03:00" testType="13cdc9d9-ddb5-4fa4-a97d-d965ccfc6d4b" outcome="Passed" testListId="8c84fa94-04c1-424b-9868-57a2d4851a1d" relativeResultsDirectory="a48058a4-3db7-4739-93ef-875ff05bd428" />
    <UnitTestResult executionId="e9d7b078-b596-4666-9e4d-e458bf14f381" testId="71ef2da6-50dd-1393-ff43-e8fc257d78a9" testName="DeepSpaceSaga.Engine.Tests.StationEconomyBatch2Tests.Event_with_missing_priceFactors_field_contributes_no_factors" computerName="VITA-CASTLE" duration="00:00:00.0007117" startTime="2026-09-12T21:27:13.7816656+03:00" endTime="2026-09-12T21:27:13.7816657+03:00" testType="13cdc9d9-ddb5-4fa4-a97d-d965ccfc6d4b" outcome="Passed" testListId="8c84fa94-04c1-424b-9868-57a2d4851a1d" relativeResultsDirectory="e9d7b078-b596-4666-9e4d-e458bf14f381" />
    <UnitTestResult executionId="8dc43c37-0080-4985-a59d-fc782c47d37c" testId="8066d116-b931-1b3c-edf2-c78c89ac3922" testName="DeepSpaceSaga.Engine.Tests.InstalledModuleProjectionTests.Projection_commands_for_scanner_and_match_carry_object_target" computerName="VITA-CASTLE" duration="00:00:00.0008924" startTime="2026-09-12T21:27:13.8610612+03:00" endTime="2026-09-12T21:27:13.8610612+03:00" testType="13cdc9d9-ddb5-4fa4-a97d-d965ccfc6d4b" outcome="Passed" testListId="8c84fa94-04c1-424b-9868-57a2d4851a1d" relativeResultsDirectory="8dc43c37-0080-4985-a59d-fc782c47d37c" />
    <UnitTestResult executionId="0f11b675-e51b-4252-b781-8e610e34d27c" testId="ee87616e-2895-093e-9773-c61e98340e5f" testName="DeepSpaceSaga.Engine.Tests.CommandDefinitionLoaderDirectoryTests.LoadCommandDefinitions_rejects_command_with_empty_type_in_directory_mode" computerName="VITA-CASTLE" duration="00:00:00.0026871" startTime="2026-09-12T21:27:13.7513631+03:00" endTime="2026-09-12T21:27:13.7513632+03:00" testType="13cdc9d9-ddb5-4fa4-a97d-d965ccfc6d4b" outcome="Passed" testListId="8c84fa94-04c1-424b-9868-57a2d4851a1d" relativeResultsDirectory="0f11b675-e51b-4252-b781-8e610e34d27c" />
    <UnitTestResult executionId="f9dff01f-4437-4376-801c-9da230414005" testId="a416d5be-847c-9965-d192-4b6d1cf26381" testName="DeepSpaceSaga.Engine.Tests.EngineCommandTests.DirectionSynchronization_captures_target_course_at_cycle_start" computerName="VITA-CASTLE" duration="00:00:00.0025572" startTime="2026-09-12T21:27:13.9041113+03:00" endTime="2026-09-12T21:27:13.9041117+03:00" testType="13cdc9d9-ddb5-4fa4-a97d-d965ccfc6d4b" outcome="Passed" testListId="8c84fa94-04c1-424b-9868-57a2d4851a1d" relativeResultsDirectory="f9dff01f-4437-4376-801c-9da230414005" />
    <UnitTestResult executionId="9dae2913-0010-40fd-808c-88b23ea7c253" testId="6798ba3f-f280-df84-b919-bacd89b767f4" testName="DeepSpaceSaga.Engine.Tests.ModuleDefinitionLoaderTests.LoadModuleImplementations_rejects_module_engine_implementation_missing_max_speed_mps" computerName="VITA-CASTLE" duration="00:00:00.0018861" startTime="2026-09-12T21:27:13.7330687+03:00" endTime="2026-09-12T21:27:13.7330688+03:00" testType="13cdc9d9-ddb5-4fa4-a97d-d965ccfc6d4b" outcome="Passed" testListId="8c84fa94-04c1-424b-9868-57a2d4851a1d" relativeResultsDirectory="9dae2913-0010-40fd-808c-88b23ea7c253" />
    <UnitTestResult executionId="189b725f-35a0-4375-97c6-2eee9d172316" testId="5df0d8bf-f3a8-112b-0324-28684cc958b3" testName="DeepSpaceSaga.Engine.Tests.EngineCommandTests.Executed_command_appears_in_next_snapshot_with_full_details" computerName="VITA-CASTLE" duration="00:00:00.0005874" startTime="2026-09-12T21:27:13.9290427+03:00" endTime="2026-09-12T21:27:13.9290427+03:00" testType="13cdc9d9-ddb5-4fa4-a97d-d965ccfc6d4b" outcome="Passed" testListId="8c84fa94-04c1-424b-9868-57a2d4851a1d" relativeResultsDirectory="189b725f-35a0-4375-97c6-2eee9d172316" />
    <UnitTestResult executionId="a65d26d6-7f3f-4209-91ea-f75f772cd84d" testId="77742b79-85ed-e923-8724-2f999606b830" testName="DeepSpaceSaga.Engine.Tests.TradeCommandTests.Buy_more_than_station_stock_is_rejected" computerName="VITA-CASTLE" duration="00:00:00.0005713" startTime="2026-09-12T21:27:13.8681400+03:00" endTime="2026-09-12T21:27:13.8681401+03:00" testType="13cdc9d9-ddb5-4fa4-a97d-d965ccfc6d4b" outcome="Passed" testListId="8c84fa94-04c1-424b-9868-57a2d4851a1d" relativeResultsDirectory="a65d26d6-7f3f-4209-91ea-f75f772cd84d" />
    <UnitTestResult executionId="69e206af-14d3-4dfe-bfd1-6855f87aaa35" testId="9d8d8aa1-eedf-0cae-2991-6005ef28560d" testName="DeepSpaceSaga.Engine.Tests.TradeSnapshotProjectionTests.Snapshot_PlayerCredits_reflects_buy_mutation" computerName="VITA-CASTLE" duration="00:00:00.0006454" startTime="2026-09-12T21:27:13.8121356+03:00" endTime="2026-09-12T21:27:13.8121358+03:00" testType="13cdc9d9-ddb5-4fa4-a97d-d965ccfc6d4b" outcome="Passed" testListId="8c84fa94-04c1-424b-9868-57a2d4851a1d" relativeResultsDirectory="69e206af-14d3-4dfe-bfd1-6855f87aaa35" />
    <UnitTestResult executionId="c7aa8f13-16da-4b87-ab4d-ec1dc0e0034f" testId="dc4158da-f52f-b8d0-9edf-ddb770d266bc" testName="DeepSpaceSaga.Engine.Tests.ObjectImageResolutionTests.Ice_asteroid_gets_an_ice_asteroid_sprite" computerName="VITA-CASTLE" duration="00:00:00.0020189" startTime="2026-09-12T21:27:13.8661197+03:00" endTime="2026-09-12T21:27:13.8661198+03:00" testType="13cdc9d9-ddb5-4fa4-a97d-d965ccfc6d4b" outcome="Passed" testListId="8c84fa94-04c1-424b-9868-57a2d4851a1d" relativeResultsDirectory="c7aa8f13-16da-4b87-ab4d-ec1dc0e0034f" />
    <UnitTestResult executionId="c7aa2576-1d0e-4b41-94c4-a605cd582af1" testId="13dd7ab5-b133-f475-3a2f-4d24c919f476" testName="DeepSpaceSaga.Engine.Tests.ObjectInteractionStateTests.BuildSnapshot_carries_authoritative_active_and_selected_object_ids" computerName="VITA-CASTLE" duration="00:00:00.0002253" startTime="2026-09-12T21:27:13.7355527+03:00" endTime="2026-09-12T21:27:13.7355527+03:00" testType="13cdc9d9-ddb5-4fa4-a97d-d965ccfc6d4b" outcome="Passed" testListId="8c84fa94-04c1-424b-9868-57a2d4851a1d" relativeResultsDirectory="c7aa2576-1d0e-4b41-94c4-a605cd582af1" />
    <UnitTestResult executionId="55d778d7-41a5-413b-9a6d-b9759d538675" testId="f83e70bb-6ab0-21d5-0ab0-95d0bce56ef1" testName="DeepSpaceSaga.Engine.Tests.ScenarioLoaderTests.LoadFromJson_throws_on_nonzero_gameTime_when_explicitly_disallowed" computerName="VITA-CASTLE" duration="00:00:00.0001398" startTime="2026-09-12T21:27:13.8917874+03:00" endTime="2026-09-12T21:27:13.8917874+03:00" testType="13cdc9d9-ddb5-4fa4-a97d-d965ccfc6d4b" outcome="Passed" testListId="8c84fa94-04c1-424b-9868-57a2d4851a1d" relativeResultsDirectory="55d778d7-41a5-413b-9a6d-b9759d538675" />
    <UnitTestResult executionId="e370e642-ee90-4235-87c2-8a684d27453b" testId="baf39d44-a6d2-7f05-dc3a-83c49f693663" testName="DeepSpaceSaga.Engine.Tests.ScenarioEngineTests.LoadScenario_rejects_cell_outside_hull_layout" computerName="VITA-CASTLE" duration="00:00:00.0002801" startTime="2026-09-12T21:27:13.9943041+03:00" endTime="2026-09-12T21:27:13.9943041+03:00" testType="13cdc9d9-ddb5-4fa4-a97d-d965ccfc6d4b" outcome="Passed" testListId="8c84fa94-04c1-424b-9868-57a2d4851a1d" relativeResultsDirectory="e370e642-ee90-4235-87c2-8a684d27453b" />
    <UnitTestResult executionId="f2a8fb00-682c-47f3-af28-66f1df69e118" testId="13489ce1-1ddf-8db4-6696-4a6660581022" testName="DeepSpaceSaga.Engine.Tests.ScenarioEngineTests.LoadScenario_rejects_crew_member_with_empty_crewId" computerName="VITA-CASTLE" duration="00:00:00.0002049" startTime="2026-09-12T21:27:13.9789376+03:00" endTime="2026-09-12T21:27:13.9789376+03:00" testType="13cdc9d9-ddb5-4fa4-a97d-d965ccfc6d4b" outcome="Passed" testListId="8c84fa94-04c1-424b-9868-57a2d4851a1d" relativeResultsDirectory="f2a8fb00-682c-47f3-af28-66f1df69e118" />
    <UnitTestResult executionId="ffb71731-31f4-4de0-9a51-50ca71949065" testId="3348a310-3440-6f09-aac5-5ecc49889543" testName="DeepSpaceSaga.Engine.Tests.ScenarioEngineTests.Module_type_base_success_chance_percent_loads_expected_value(jsonValue: 99, expected: 99)" computerName="VITA-CASTLE" duration="00:00:00.0047342" startTime="2026-09-12T21:27:13.8624579+03:00" endTime="2026-09-12T21:27:13.8624581+03:00" testType="13cdc9d9-ddb5-4fa4-a97d-d965ccfc6d4b" outcome="Passed" testListId="8c84fa94-04c1-424b-9868-57a2d4851a1d" relativeResultsDirectory="ffb71731-31f4-4de0-9a51-50ca71949065" />
    <UnitTestResult executionId="f20587b8-bbe6-40f7-981f-82c505d12f28" testId="ad09ce37-4cbe-b66b-ad30-0d4da4a371d8" testName="DeepSpaceSaga.Engine.Tests.TradeCommandTests.Refuel_with_insufficient_player_credits_is_rejected" computerName="VITA-CASTLE" duration="00:00:00.0002884" startTime="2026-09-12T21:27:13.8855888+03:00" endTime="2026-09-12T21:27:13.8855890+03:00" testType="13cdc9d9-ddb5-4fa4-a97d-d965ccfc6d4b" outcome="Passed" testListId="8c84fa94-04c1-424b-9868-57a2d4851a1d" relativeResultsDirectory="f20587b8-bbe6-40f7-981f-82c505d12f28" />
    <UnitTestResult executionId="b9733e1a-82fe-47f4-8c75-56f22e759557" testId="50dff75c-1b72-e393-87d2-2df95ddb48d3" testName="DeepSpaceSaga.Engine.Tests.PauseSimulationTests.Snapshot_while_paused_has_speed0" computerName="VITA-CASTLE" duration="00:00:01.0125975" startTime="2026-09-12T21:27:23.9849519+03:00" endTime="2026-09-12T21:27:23.9849525+03:00" testType="13cdc9d9-ddb5-4fa4-a97d-d965ccfc6d4b" outcome="Passed" testListId="8c84fa94-04c1-424b-9868-57a2d4851a1d" relativeResultsDirectory="b9733e1a-82fe-47f4-8c75-56f22e759557" />
    <UnitTestResult executionId="26948958-1af9-4177-9132-0d521d2f6362" testId="c6987c4f-c686-90b6-5c71-8f72fb8df3a9" testName="DeepSpaceSaga.Engine.Tests.ReviewRegressionTests.Trade_overflow_must_leave_all_balances_and_cargo_unchanged(commandType: &quot;trade.buy&quot;)" computerName="VITA-CASTLE" duration="00:00:00.0254660" startTime="2026-09-12T21:27:13.7589019+03:00" endTime="2026-09-12T21:27:13.7589020+03:00" testType="13cdc9d9-ddb5-4fa4-a97d-d965ccfc6d4b" outcome="Passed" testListId="8c84fa94-04c1-424b-9868-57a2d4851a1d" relativeResultsDirectory="26948958-1af9-4177-9132-0d521d2f6362" />
    <UnitTestResult executionId="e070339d-f9f6-417d-b0cc-32c2a60e6388" testId="bd962784-2436-573a-4084-5b5036d66213" testName="DeepSpaceSaga.Engine.Tests.ScenarioEngineTests.Can_load_real_scenario_file" computerName="VITA-CASTLE" duration="00:00:00.0016204" startTime="2026-09-12T21:27:13.9769984+03:00" endTime="2026-09-12T21:27:13.9769984+03:00" testType="13cdc9d9-ddb5-4fa4-a97d-d965ccfc6d4b" outcome="Passed" testListId="8c84fa94-04c1-424b-9868-57a2d4851a1d" relativeResultsDirectory="e070339d-f9f6-417d-b0cc-32c2a60e6388" />
    <UnitTestResult executionId="961b0e81-73b5-4396-9e83-ae789d8f95f5" testId="1e8ff188-c9be-36fe-ac8e-45be434882fd" testName="DeepSpaceSaga.Engine.Tests.SimulationClockTests.Speed_change_preserves_accumulated_time" computerName="VITA-CASTLE" duration="00:00:00.0311941" startTime="2026-09-12T21:27:14.1949734+03:00" endTime="2026-09-12T21:27:14.1949740+03:00" testType="13cdc9d9-ddb5-4fa4-a97d-d965ccfc6d4b" outcome="Passed" testListId="8c84fa94-04c1-424b-9868-57a2d4851a1d" relativeResultsDirectory="961b0e81-73b5-4396-9e83-ae789d8f95f5" />
    <UnitTestResult executionId="df2401c5-18b7-4fab-b4ab-48466c5dafad" testId="ab654adc-6508-08dd-192d-6657fdd53914" testName="DeepSpaceSaga.Engine.Tests.ScenarioEngineTests.LoadScenario_rejects_module_with_no_hull_layout_on_object" computerName="VITA-CASTLE" duration="00:00:00.0003289" startTime="2026-09-12T21:27:13.9867977+03:00" endTime="2026-09-12T21:27:13.9867977+03:00" testType="13cdc9d9-ddb5-4fa4-a97d-d965ccfc6d4b" outcome="Passed" testListId="8c84fa94-04c1-424b-9868-57a2d4851a1d" relativeResultsDirectory="df2401c5-18b7-4fab-b4ab-48466c5dafad" />
    <UnitTestResult executionId="607db36d-ac15-4ef3-ba2c-3b565af53b9d" testId="73a124f2-97ad-778e-3c47-86e7c3b1cc53" testName="DeepSpaceSaga.Engine.Tests.ScenarioEngineTests.Engine_content_requires_positive_engine_motion_parameters(engineParameters: &quot;\&quot;maxSpeedMps\&quot;: 4000,&quot;)" computerName="VITA-CASTLE" duration="00:00:00.0022138" startTime="2026-09-12T21:27:13.8574918+03:00" endTime="2026-09-12T21:27:13.8574919+03:00" testType="13cdc9d9-ddb5-4fa4-a97d-d965ccfc6d4b" outcome="Passed" testListId="8c84fa94-04c1-424b-9868-57a2d4851a1d" relativeResultsDirectory="607db36d-ac15-4ef3-ba2c-3b565af53b9d" />
    <UnitTestResult executionId="ebc11479-df6b-47ba-a2ed-751c5793bdea" testId="a485dab7-3968-7f4e-c365-400ad3153e60" testName="DeepSpaceSaga.Engine.Tests.EngineCommandTests.Until_cancel_turn_applies_one_degree_per_elapsed_game_second" computerName="VITA-CASTLE" duration="00:00:00.0004103" startTime="2026-09-12T21:27:13.9379028+03:00" endTime="2026-09-12T21:27:13.9379029+03:00" testType="13cdc9d9-ddb5-4fa4-a97d-d965ccfc6d4b" outcome="Passed" testListId="8c84fa94-04c1-424b-9868-57a2d4851a1d" relativeResultsDirectory="ebc11479-df6b-47ba-a2ed-751c5793bdea" />
    <UnitTestResult executionId="d092dced-f61e-4d7b-a337-33cb2dd8dcf2" testId="98025e98-7916-d305-d141-1c6137e73bdb" testName="DeepSpaceSaga.Engine.Tests.StationPricingTests.Factor_order_does_not_affect_the_result(f1: 1300, f2: 900, f3: 1150)" computerName="VITA-CASTLE" duration="00:00:00.0001061" startTime="2026-09-12T21:27:13.8703279+03:00" endTime="2026-09-12T21:27:13.8703280+03:00" testType="13cdc9d9-ddb5-4fa4-a97d-d965ccfc6d4b" outcome="Passed" testListId="8c84fa94-04c1-424b-9868-57a2d4851a1d" relativeResultsDirectory="d092dced-f61e-4d7b-a337-33cb2dd8dcf2" />
    <UnitTestResult executionId="45c818ab-672a-4fac-9a27-777e0f91b28f" testId="f71a650d-dd3f-f643-36ae-fb491363fa3b" testName="DeepSpaceSaga.Engine.Tests.ScenarioLoaderTests.LoadFromJson_defaults_crew_to_null_when_absent" computerName="VITA-CASTLE" duration="00:00:00.0029386" startTime="2026-09-12T21:27:13.8940008+03:00" endTime="2026-09-12T21:27:13.8940009+03:00" testType="13cdc9d9-ddb5-4fa4-a97d-d965ccfc6d4b" outcome="Passed" testListId="8c84fa94-04c1-424b-9868-57a2d4851a1d" relativeResultsDirectory="45c818ab-672a-4fac-9a27-777e0f91b28f" />
    <UnitTestResult executionId="8cc25346-f847-4c56-871b-7f5771913194" testId="56ed3528-49be-1a52-b357-97c1bd078a3b" testName="DeepSpaceSaga.Engine.Tests.ScenarioLoaderTests.LoadFromJson_reads_description_when_present" computerName="VITA-CASTLE" duration="00:00:00.0000825" startTime="2026-09-12T21:27:13.8771213+03:00" endTime="2026-09-12T21:27:13.8771213+03:00" testType="13cdc9d9-ddb5-4fa4-a97d-d965ccfc6d4b" outcome="Passed" testListId="8c84fa94-04c1-424b-9868-57a2d4851a1d" relativeResultsDirectory="8cc25346-f847-4c56-871b-7f5771913194" />
    <UnitTestResult executionId="e9cb7463-11de-47d5-96e2-72aad771d2c6" testId="2e035866-6d09-4e55-5c39-dabef3e16e1e" testName="DeepSpaceSaga.Engine.Tests.ItemCatalogTests.Real_catalog_item_matches_documented_price_category_and_catalog_code(typeId: &quot;item.water&quot;, displayName: &quot;Water&quot;, isResource: False, catalogCode: &quot;ITM-3001&quot;, basePrice: 14)" computerName="VITA-CASTLE" duration="00:00:00.0064595" startTime="2026-09-12T21:27:13.8018537+03:00" endTime="2026-09-12T21:27:13.8018541+03:00" testType="13cdc9d9-ddb5-4fa4-a97d-d965ccfc6d4b" outcome="Passed" testListId="8c84fa94-04c1-424b-9868-57a2d4851a1d" relativeResultsDirectory="e9cb7463-11de-47d5-96e2-72aad771d2c6" />
    <UnitTestResult executionId="9f279886-c089-4726-8f56-460299d1b183" testId="c358b9b5-782b-d736-a149-170f9514dc6f" testName="DeepSpaceSaga.Engine.Tests.DialogueEffectTests.Universal_effects_update_character_cargo_flags_and_quests_and_round_trip" computerName="VITA-CASTLE" duration="00:00:00.0256234" startTime="2026-09-12T21:27:13.8105817+03:00" endTime="2026-09-12T21:27:13.8105817+03:00" testType="13cdc9d9-ddb5-4fa4-a97d-d965ccfc6d4b" outcome="Passed" testListId="8c84fa94-04c1-424b-9868-57a2d4851a1d" relativeResultsDirectory="9f279886-c089-4726-8f56-460299d1b183" />
    <UnitTestResult executionId="95fb7ab6-4d9e-48ee-9986-bf2efd014331" testId="f0bd0fc7-5b72-1540-660f-3354f8164e8d" testName="DeepSpaceSaga.Engine.Tests.ScenarioEngineTests.Module_placed_outside_object_hull_layout_throws_ScenarioException" computerName="VITA-CASTLE" duration="00:00:00.0004235" startTime="2026-09-12T21:27:13.9912994+03:00" endTime="2026-09-12T21:27:13.9912995+03:00" testType="13cdc9d9-ddb5-4fa4-a97d-d965ccfc6d4b" outcome="Passed" testListId="8c84fa94-04c1-424b-9868-57a2d4851a1d" relativeResultsDirectory="95fb7ab6-4d9e-48ee-9986-bf2efd014331" />
    <UnitTestResult executionId="733081c7-32ae-4def-8d8b-2dacd4001c93" testId="cd371e10-cc90-8f59-4ef6-ae5d8c0b171c" testName="DeepSpaceSaga.Engine.Tests.InstalledModuleProjectionTests.AddTestObject_with_empty_registry_returns_empty" computerName="VITA-CASTLE" duration="00:00:00.0003239" startTime="2026-09-12T21:27:13.8599488+03:00" endTime="2026-09-12T21:27:13.8599488+03:00" testType="13cdc9d9-ddb5-4fa4-a97d-d965ccfc6d4b" outcome="Passed" testListId="8c84fa94-04c1-424b-9868-57a2d4851a1d" relativeResultsDirectory="733081c7-32ae-4def-8d8b-2dacd4001c93" />
    <UnitTestResult executionId="eb58497c-9c18-4c5b-b613-9f9077df4e27" testId="1554e0e7-31b2-1990-d625-4cc30de7d5f1" testName="DeepSpaceSaga.Engine.Tests.ScenarioEngineTests.LoadScenario_rejects_stationCrew_member_with_whitespace_only_crewId" computerName="VITA-CASTLE" duration="00:00:00.0002475" startTime="2026-09-12T21:27:13.8135827+03:00" endTime="2026-09-12T21:27:13.8135828+03:00" testType="13cdc9d9-ddb5-4fa4-a97d-d965ccfc6d4b" outcome="Passed" testListId="8c84fa94-04c1-424b-9868-57a2d4851a1d" relativeResultsDirectory="eb58497c-9c18-4c5b-b613-9f9077df4e27" />
    <UnitTestResult executionId="7c2d1ce0-56e8-4d5f-9d25-34a2a5bc454c" testId="d4f18ca9-0bb5-0a0c-a3d2-12d1ad9e76f3" testName="DeepSpaceSaga.Engine.Tests.DialogueTests.Late_effect_failure_rolls_back_credits_and_docking" computerName="VITA-CASTLE" duration="00:00:00.0033037" startTime="2026-09-12T21:27:13.8167922+03:00" endTime="2026-09-12T21:27:13.8167924+03:00" testType="13cdc9d9-ddb5-4fa4-a97d-d965ccfc6d4b" outcome="Passed" testListId="8c84fa94-04c1-424b-9868-57a2d4851a1d" relativeResultsDirectory="7c2d1ce0-56e8-4d5f-9d25-34a2a5bc454c" />
    <UnitTestResult executionId="52ed9280-efbc-476a-9b79-afcf289e6a53" testId="b5862a9a-ed1f-b7f7-1985-653e10abf517" testName="DeepSpaceSaga.Engine.Tests.ObjectImageResolutionTests.Silicate_asteroid_gets_a_regular_asteroid_sprite" computerName="VITA-CASTLE" duration="00:00:00.0003932" startTime="2026-09-12T21:27:13.8665560+03:00" endTime="2026-09-12T21:27:13.8665561+03:00" testType="13cdc9d9-ddb5-4fa4-a97d-d965ccfc6d4b" outcome="Passed" testListId="8c84fa94-04c1-424b-9868-57a2d4851a1d" relativeResultsDirectory="52ed9280-efbc-476a-9b79-afcf289e6a53" />
    <UnitTestResult executionId="a8d87320-6102-4ab2-854b-d45a3064a7b5" testId="9da48ebe-265c-0028-f6c4-0be7c07e6fa9" testName="DeepSpaceSaga.Engine.Tests.StationEconomyBatch2Tests.Two_events_at_the_same_start_time_apply_in_deterministic_eventId_order" computerName="VITA-CASTLE" duration="00:00:00.0091704" startTime="2026-09-12T21:27:13.7407178+03:00" endTime="2026-09-12T21:27:13.7407181+03:00" testType="13cdc9d9-ddb5-4fa4-a97d-d965ccfc6d4b" outcome="Passed" testListId="8c84fa94-04c1-424b-9868-57a2d4851a1d" relativeResultsDirectory="a8d87320-6102-4ab2-854b-d45a3064a7b5" />
    <UnitTestResult executionId="350319a5-ea0c-4294-bf2a-423d495a4db7" testId="0837b8c3-32e4-527e-00fe-b6b4d84ef860" testName="DeepSpaceSaga.Engine.Tests.TradeCommandTests.Sell_rejected_when_station_cannot_afford_even_one_unit" computerName="VITA-CASTLE" duration="00:00:00.0010080" startTime="2026-09-12T21:27:13.8663957+03:00" endTime="2026-09-12T21:27:13.8663958+03:00" testType="13cdc9d9-ddb5-4fa4-a97d-d965ccfc6d4b" outcome="Passed" testListId="8c84fa94-04c1-424b-9868-57a2d4851a1d" relativeResultsDirectory="350319a5-ea0c-4294-bf2a-423d495a4db7" />
    <UnitTestResult executionId="372157e4-ae0a-46b3-859b-f2069980c66a" testId="5e308b9a-41f8-a3cf-f9cc-e44d50f3f9b4" testName="DeepSpaceSaga.Engine.Tests.ItemCatalogTests.Real_catalog_has_twelve_tradeable_items" computerName="VITA-CASTLE" duration="00:00:00.0020263" startTime="2026-09-12T21:27:13.8399234+03:00" endTime="2026-09-12T21:27:13.8399234+03:00" testType="13cdc9d9-ddb5-4fa4-a97d-d965ccfc6d4b" outcome="Passed" testListId="8c84fa94-04c1-424b-9868-57a2d4851a1d" relativeResultsDirectory="372157e4-ae0a-46b3-859b-f2069980c66a" />
    <UnitTestResult executionId="52436e14-eeb3-4d24-b743-d7d3af5a5f6b" testId="6318cbd8-ef1c-213a-d1b3-067e375fc244" testName="DeepSpaceSaga.Engine.Tests.EngineCommandTests.Navigate_with_different_target_replaces_old_cycle" computerName="VITA-CASTLE" duration="00:00:00.0005368" startTime="2026-09-12T21:27:13.9389502+03:00" endTime="2026-09-12T21:27:13.9389502+03:00" testType="13cdc9d9-ddb5-4fa4-a97d-d965ccfc6d4b" outcome="Passed" testListId="8c84fa94-04c1-424b-9868-57a2d4851a1d" relativeResultsDirectory="52436e14-eeb3-4d24-b743-d7d3af5a5f6b" />
    <UnitTestResult executionId="24878a17-6448-4d50-98bc-d07e84d3d6ae" testId="9528c128-936e-be67-b5e5-47c53c5d6f33" testName="DeepSpaceSaga.Engine.Tests.ObjectInteractionStateTests.Selection_does_not_start_simulation_events_or_affect_object_motion" computerName="VITA-CASTLE" duration="00:00:00.0041907" startTime="2026-09-12T21:27:13.7345724+03:00" endTime="2026-09-12T21:27:13.7345725+03:00" testType="13cdc9d9-ddb5-4fa4-a97d-d965ccfc6d4b" outcome="Passed" testListId="8c84fa94-04c1-424b-9868-57a2d4851a1d" relativeResultsDirectory="24878a17-6448-4d50-98bc-d07e84d3d6ae" />
    <UnitTestResult executionId="51c6659c-9dbf-4414-815e-f23959fd2458" testId="b9e03361-b6ab-4946-e0c9-d89f8f20d330" testName="DeepSpaceSaga.Engine.Tests.EngineCommandTests.CancelAll_publishes_cycle_cancelled_event" computerName="VITA-CASTLE" duration="00:00:00.0006571" startTime="2026-09-12T21:27:13.8799790+03:00" endTime="2026-09-12T21:27:13.8799791+03:00" testType="13cdc9d9-ddb5-4fa4-a97d-d965ccfc6d4b" outcome="Passed" testListId="8c84fa94-04c1-424b-9868-57a2d4851a1d" relativeResultsDirectory="51c6659c-9dbf-4414-815e-f23959fd2458" />
    <UnitTestResult executionId="f5321b1d-c2c4-4433-826c-e6ae12f72057" testId="2bf62e26-d8e7-899e-bc67-2552fe04fa6e" testName="DeepSpaceSaga.Engine.Tests.ScenarioEngineTests.LoadScenario_rejects_stationCrew_member_with_empty_crewId" computerName="VITA-CASTLE" duration="00:00:00.0002203" startTime="2026-09-12T21:27:13.9061640+03:00" endTime="2026-09-12T21:27:13.9061640+03:00" testType="13cdc9d9-ddb5-4fa4-a97d-d965ccfc6d4b" outcome="Passed" testListId="8c84fa94-04c1-424b-9868-57a2d4851a1d" relativeResultsDirectory="f5321b1d-c2c4-4433-826c-e6ae12f72057" />
    <UnitTestResult executionId="7bf92c13-867a-4deb-a402-a5b0e80f449a" testId="3f36a823-3c09-8a34-2c5c-38ecdecad1a2" testName="DeepSpaceSaga.Engine.Tests.ScenarioEngineTests.Module_type_base_success_chance_percent_loads_expected_value(jsonValue: 1, expected: 1)" computerName="VITA-CASTLE" duration="00:00:00.0047557" startTime="2026-09-12T21:27:13.8769834+03:00" endTime="2026-09-12T21:27:13.8769835+03:00" testType="13cdc9d9-ddb5-4fa4-a97d-d965ccfc6d4b" outcome="Passed" testListId="8c84fa94-04c1-424b-9868-57a2d4851a1d" relativeResultsDirectory="7bf92c13-867a-4deb-a402-a5b0e80f449a" />
[...]
    <TestEntry testId="52f10106-d29e-0e99-318e-cb6ddd81792d" executionId="61f45c54-3225-4107-87f0-ca5355ff38e9" testListId="8c84fa94-04c1-424b-9868-57a2d4851a1d" />
    <TestEntry testId="75d10b7b-53bf-7ff0-0e2b-55fe1f9d0154" executionId="f7aa0304-9c08-45b4-8ca1-95aef7d82fee" testListId="8c84fa94-04c1-424b-9868-57a2d4851a1d" />
    <TestEntry testId="9998153c-6835-08a9-276a-4620b348c385" executionId="a9fba91d-07cc-4dc6-931f-b37613fb80b3" testListId="8c84fa94-04c1-424b-9868-57a2d4851a1d" />
    <TestEntry testId="39b237cb-c7bd-15ce-2c94-fb2de2923d70" executionId="bb52a8e9-3715-4db8-bd86-89c05bbc2afd" testListId="8c84fa94-04c1-424b-9868-57a2d4851a1d" />
    <TestEntry testId="e42ab698-3c8b-7582-6e5b-f85e863d05c3" executionId="6d0faa19-f1a9-4efa-a0f3-0b0c3e175603" testListId="8c84fa94-04c1-424b-9868-57a2d4851a1d" />
    <TestEntry testId="64f76751-67d7-a8c5-34c6-a95ce553cfb2" executionId="18eabee2-a7fc-4547-855e-89efe611ff9e" testListId="8c84fa94-04c1-424b-9868-57a2d4851a1d" />
    <TestEntry testId="1a408de1-a1bf-bfb0-ca99-a61d251e2f5e" executionId="5fbbb523-7474-4366-bd29-9f4333751461" testListId="8c84fa94-04c1-424b-9868-57a2d4851a1d" />
    <TestEntry testId="620a4804-fcde-5c15-a2b3-de7f167dfc6c" executionId="a81a85cc-25a5-4385-8d1c-6730f87f99ff" testListId="8c84fa94-04c1-424b-9868-57a2d4851a1d" />
    <TestEntry testId="7458979a-9f2f-3527-d78d-4ecd2d0bb30b" executionId="b7793f52-f1d6-4c4b-8a40-0c8100db830c" testListId="8c84fa94-04c1-424b-9868-57a2d4851a1d" />
    <TestEntry testId="4f70f9f7-c345-33e5-14e2-71716d2102ed" executionId="01d0e827-9423-476e-9981-04b7095a9d6c" testListId="8c84fa94-04c1-424b-9868-57a2d4851a1d" />
    <TestEntry testId="6425dd66-c0cd-edca-8ffd-b460a0bddbd6" executionId="8afd48cb-d1e6-4e19-91e7-88ae7345bac1" testListId="8c84fa94-04c1-424b-9868-57a2d4851a1d" />
    <TestEntry testId="a8f8f735-c4d3-c6db-7717-7eb153123406" executionId="d398df69-2c2b-475b-b2f1-0dafe65a8480" testListId="8c84fa94-04c1-424b-9868-57a2d4851a1d" />
    <TestEntry testId="ced576c2-e86a-2afc-69d3-3af787fb980f" executionId="032f0d1f-4b10-4be3-b144-a25d36dc4da7" testListId="8c84fa94-04c1-424b-9868-57a2d4851a1d" />
    <TestEntry testId="509680f7-998f-fd9e-d2d8-f96364aeff24" executionId="f9b552e1-861f-4330-ba91-92c41005998a" testListId="8c84fa94-04c1-424b-9868-57a2d4851a1d" />
    <TestEntry testId="33d75ce4-2ee0-b20e-e70f-57df8cce1b53" executionId="73e91acf-8b57-402c-86d7-ac8c1239c0b3" testListId="8c84fa94-04c1-424b-9868-57a2d4851a1d" />
    <TestEntry testId="4886a587-1a2e-0419-82af-fbe9340ec7d6" executionId="43bb0344-5b09-4909-9d4a-c1f3ca0d768a" testListId="8c84fa94-04c1-424b-9868-57a2d4851a1d" />
    <TestEntry testId="5df0b29f-5743-fcf6-25d9-24c1104ff583" executionId="9b6a6712-1914-4bd0-b453-66d0a79b02f2" testListId="8c84fa94-04c1-424b-9868-57a2d4851a1d" />
    <TestEntry testId="c11d9553-76d6-9404-9127-ea2b07cba749" executionId="73d80747-523d-4159-8539-242ecf5bbf1f" testListId="8c84fa94-04c1-424b-9868-57a2d4851a1d" />
    <TestEntry testId="3d991b53-0a5c-82b5-bd6a-6323fb4ecd49" executionId="ed4022ef-2bd8-407a-a3a6-0e7df8bf93f4" testListId="8c84fa94-04c1-424b-9868-57a2d4851a1d" />
    <TestEntry testId="c6eb6cb2-ebdf-4d19-fa87-63b29238b610" executionId="e24e2eab-a311-4873-9fdb-2058fe2d3c3c" testListId="8c84fa94-04c1-424b-9868-57a2d4851a1d" />
    <TestEntry testId="2cae73f8-5b87-fc24-d03f-945e42f55232" executionId="ceb35aa7-d4cf-4bb7-b862-3ab054bd0934" testListId="8c84fa94-04c1-424b-9868-57a2d4851a1d" />
    <TestEntry testId="8b0eba65-9998-feb4-7e34-a01bc342029f" executionId="ca8ab5d1-55d4-4451-85ca-cc3ddb971561" testListId="8c84fa94-04c1-424b-9868-57a2d4851a1d" />
    <TestEntry testId="455e82ec-8c54-1569-67df-3698947e1e42" executionId="bb871fb0-542b-4d1a-8199-6dc843dfd63f" testListId="8c84fa94-04c1-424b-9868-57a2d4851a1d" />
    <TestEntry testId="e1178a6a-d168-099c-eb95-5fb386781729" executionId="61ef8d91-cd29-43ca-a8a2-6ec6c4650d47" testListId="8c84fa94-04c1-424b-9868-57a2d4851a1d" />
    <TestEntry testId="8b47a2a5-0882-efa3-6838-0454f6043d1a" executionId="ef7d5b75-d1d1-4f73-8a45-c84acfeb2b2a" testListId="8c84fa94-04c1-424b-9868-57a2d4851a1d" />
    <TestEntry testId="5a5bc98c-df43-9edb-e74f-d36336afe28c" executionId="8d68907a-bf03-46a7-9e03-7c6da3c61561" testListId="8c84fa94-04c1-424b-9868-57a2d4851a1d" />
    <TestEntry testId="a376e586-408e-8e35-3d49-8c6624b2ede0" executionId="9e3d1a43-e7d3-402f-9492-ae0e20fe2e2e" testListId="8c84fa94-04c1-424b-9868-57a2d4851a1d" />
    <TestEntry testId="75ecd913-fac2-1627-3dc9-17ae74444b18" executionId="1463f31b-4dcc-4e15-a123-75d42490adfb" testListId="8c84fa94-04c1-424b-9868-57a2d4851a1d" />
    <TestEntry testId="e1fb02a9-0393-a593-0393-fd407c6d449a" executionId="1a3cc524-6b8a-41e9-99bc-08311baad9f5" testListId="8c84fa94-04c1-424b-9868-57a2d4851a1d" />
    <TestEntry testId="273b63e8-1358-2f49-c3b9-9db4a2afaae2" executionId="071348e8-a84e-4a45-91ae-827729a1ab0f" testListId="8c84fa94-04c1-424b-9868-57a2d4851a1d" />
    <TestEntry testId="ee100c47-59d1-a9e6-bdcb-50fb08a5b060" executionId="343429a9-f6d4-46c8-8e96-c175ac3669a4" testListId="8c84fa94-04c1-424b-9868-57a2d4851a1d" />
    <TestEntry testId="b65d3e31-effa-7fb7-22d1-a7ebe3fb59d6" executionId="a342c662-667b-4cc9-b999-05843d007b8a" testListId="8c84fa94-04c1-424b-9868-57a2d4851a1d" />
    <TestEntry testId="20b0a9cd-829e-fe62-de93-d30a1174fef3" executionId="c78205da-c864-4289-960e-f13eee3f7c22" testListId="8c84fa94-04c1-424b-9868-57a2d4851a1d" />
    <TestEntry testId="68524524-6345-c12d-60f5-515cb85acde8" executionId="bf0aa70d-173c-43b4-9950-1db44b238d84" testListId="8c84fa94-04c1-424b-9868-57a2d4851a1d" />
    <TestEntry testId="06732fbe-5831-339f-9875-75dd7a976392" executionId="2c6d54cc-bbc7-4eae-b2fc-4e72cb8f195f" testListId="8c84fa94-04c1-424b-9868-57a2d4851a1d" />
    <TestEntry testId="1cabfc36-1874-2fe7-e2c9-9ebf2425db9d" executionId="30a025c0-515c-467b-8c95-2cccbe55b7fa" testListId="8c84fa94-04c1-424b-9868-57a2d4851a1d" />
    <TestEntry testId="0b35424b-890c-3252-1e3e-3d4c7173a1c5" executionId="58651297-a5e5-4803-9348-999e5b82a889" testListId="8c84fa94-04c1-424b-9868-57a2d4851a1d" />
    <TestEntry testId="5e078db8-d186-1b93-2053-a55fdb18b3e7" executionId="b51330a2-ee71-4825-9502-1492397553c3" testListId="8c84fa94-04c1-424b-9868-57a2d4851a1d" />
    <TestEntry testId="24752062-50b4-bd93-74cd-f6b6ee8601b3" executionId="24e0f8c8-366a-4fdc-b11e-1c99078574ab" testListId="8c84fa94-04c1-424b-9868-57a2d4851a1d" />
    <TestEntry testId="898d1e84-8f33-0499-4989-69b5f671f476" executionId="4b5706f7-99fa-4189-aad3-81af27110b2b" testListId="8c84fa94-04c1-424b-9868-57a2d4851a1d" />
    <TestEntry testId="9a78dad0-dc76-e2e8-517b-7e2bfa2593e7" executionId="288eb6c2-183e-481d-bc90-eddd4364c637" testListId="8c84fa94-04c1-424b-9868-57a2d4851a1d" />
    <TestEntry testId="4f7943b6-7b9c-d547-3a7c-375ae6391010" executionId="d30e2c35-eeac-4947-8ee2-1178ad3d2208" testListId="8c84fa94-04c1-424b-9868-57a2d4851a1d" />
    <TestEntry testId="691e80f6-0eae-cb70-57ba-5ece6e63fda5" executionId="63bc71b7-80c4-4491-8d7a-a5c8c903f3c4" testListId="8c84fa94-04c1-424b-9868-57a2d4851a1d" />
    <TestEntry testId="f8e96f70-9e3c-6cff-56bc-9a9cb3b32c1f" executionId="e3155dcd-1348-4168-b408-d5967b03c366" testListId="8c84fa94-04c1-424b-9868-57a2d4851a1d" />
    <TestEntry testId="70694810-828a-f644-7d5b-268c33a07023" executionId="ee420591-a2d9-4e04-b359-0722ec6b9e69" testListId="8c84fa94-04c1-424b-9868-57a2d4851a1d" />
    <TestEntry testId="27d4af0f-c0bd-3a6c-a282-ea356b871479" executionId="f7087873-8168-4e74-b793-68943103bd3a" testListId="8c84fa94-04c1-424b-9868-57a2d4851a1d" />
    <TestEntry testId="aabd5568-7108-3507-1d68-8604eaf0f878" executionId="2d7c50d4-1f84-4df0-b1aa-247539d94e44" testListId="8c84fa94-04c1-424b-9868-57a2d4851a1d" />
    <TestEntry testId="1be349f6-0078-0fb4-6dcb-9c166708642d" executionId="51ca494a-2bab-4671-85bd-8aea13663e4a" testListId="8c84fa94-04c1-424b-9868-57a2d4851a1d" />
    <TestEntry testId="740de25a-1e35-11fd-50ab-8de5ce19a142" executionId="788fd23d-c91b-4b9a-8b17-aff4c84d2496" testListId="8c84fa94-04c1-424b-9868-57a2d4851a1d" />
    <TestEntry testId="4043b5e4-d6fd-b0d1-be27-ce402d4afc37" executionId="42e092af-d1d5-491c-b6fb-c5575dcdb42c" testListId="8c84fa94-04c1-424b-9868-57a2d4851a1d" />
    <TestEntry testId="239af9b5-a82b-9251-ed31-f41ea317254d" executionId="a832911f-940d-4e4b-b736-0468d253381e" testListId="8c84fa94-04c1-424b-9868-57a2d4851a1d" />
    <TestEntry testId="231bd94f-e8cb-492e-32b9-a3e4a4584c1a" executionId="e3e52983-d4fc-4074-b20b-5b200a14b9dc" testListId="8c84fa94-04c1-424b-9868-57a2d4851a1d" />
    <TestEntry testId="0a9f03b4-43dc-a212-e6f4-6f2d0891b634" executionId="3acbfb06-0878-40c6-b71f-311ceab98f1b" testListId="8c84fa94-04c1-424b-9868-57a2d4851a1d" />
    <TestEntry testId="4139b0db-95be-b47e-1f3a-8fcc1d356548" executionId="6ac4d229-d1c8-4f2c-ab7f-9a04ab1be298" testListId="8c84fa94-04c1-424b-9868-57a2d4851a1d" />
    <TestEntry testId="42acf687-aa18-6215-1251-ac4460606f62" executionId="a2868e62-00bd-4673-bdce-70a813fd05c2" testListId="8c84fa94-04c1-424b-9868-57a2d4851a1d" />
    <TestEntry testId="5a2b3b4d-f737-7953-49e7-8ba5af5f2f2d" executionId="f6cb45c3-61c7-4ec5-84e3-432564a66f93" testListId="8c84fa94-04c1-424b-9868-57a2d4851a1d" />
    <TestEntry testId="2c9e814d-102e-5436-5651-687b981ddafc" executionId="373cda75-7f49-4537-97cd-85758889acc5" testListId="8c84fa94-04c1-424b-9868-57a2d4851a1d" />
    <TestEntry testId="c82aabb1-41a1-3816-ebc6-2c755e44a123" executionId="d19f48ee-a182-4660-b3c9-ebd84df43710" testListId="8c84fa94-04c1-424b-9868-57a2d4851a1d" />
    <TestEntry testId="1a5def9e-193a-4ca0-3108-42a7ce5a9a57" executionId="1f593638-f7e7-4f55-9b9b-5857c88b4932" testListId="8c84fa94-04c1-424b-9868-57a2d4851a1d" />
    <TestEntry testId="d0d3171a-698d-11e3-6122-401dec713824" executionId="744da33e-85d2-40ac-a77e-68e9b595091d" testListId="8c84fa94-04c1-424b-9868-57a2d4851a1d" />
    <TestEntry testId="aad6809c-9d29-49f8-eed1-7edc0d70fc68" executionId="6aad42e8-5900-4266-9030-0c3802c97d9d" testListId="8c84fa94-04c1-424b-9868-57a2d4851a1d" />
    <TestEntry testId="bbf7765e-a5cb-d6cb-26ce-2c31caf16817" executionId="4e0a6438-ae3a-4db5-a55b-884eee54eeed" testListId="8c84fa94-04c1-424b-9868-57a2d4851a1d" />
    <TestEntry testId="175f2ca5-0da1-3d90-c14a-24404be9ae93" executionId="df3678b6-6427-42d1-81d9-762b95b67977" testListId="8c84fa94-04c1-424b-9868-57a2d4851a1d" />
    <TestEntry testId="b68cac40-2649-70aa-cb9f-94868885788f" executionId="db3a86d8-0511-41b7-b400-b1f9d57e4210" testListId="8c84fa94-04c1-424b-9868-57a2d4851a1d" />
    <TestEntry testId="80f3812b-c2b2-284f-7aaf-ead1a1b852a2" executionId="b96d5a7b-8552-4015-bbd3-50aac144ef90" testListId="8c84fa94-04c1-424b-9868-57a2d4851a1d" />
    <TestEntry testId="15168269-b655-0a71-2c19-994618ea4ade" executionId="7790388c-7305-4222-b9d1-6586ab01f05b" testListId="8c84fa94-04c1-424b-9868-57a2d4851a1d" />
    <TestEntry testId="d3579b42-cc2b-c0c3-8269-2f42fb10ce0b" executionId="b0abbd2d-0661-4626-b61d-5909e70d44c4" testListId="8c84fa94-04c1-424b-9868-57a2d4851a1d" />
    <TestEntry testId="fe96495c-30a8-addd-6278-b73095d8ed14" executionId="051aa059-da84-4f4d-b735-c960e923f42a" testListId="8c84fa94-04c1-424b-9868-57a2d4851a1d" />
    <TestEntry testId="5dad238d-8bec-e517-0d0d-9eae70bbd307" executionId="1ffbb3c4-6232-4466-94dd-9d6a75248f2c" testListId="8c84fa94-04c1-424b-9868-57a2d4851a1d" />
    <TestEntry testId="c54de720-751b-2c05-551b-c8b3c7c54c1e" executionId="208040be-7a7e-4615-ac56-55837e5e4592" testListId="8c84fa94-04c1-424b-9868-57a2d4851a1d" />
    <TestEntry testId="42ed25f3-4b2f-e558-87b6-abb2f2e97cef" executionId="26e939d9-e849-4ad4-bba6-4cbbd99db50a" testListId="8c84fa94-04c1-424b-9868-57a2d4851a1d" />
    <TestEntry testId="52595eeb-eff6-611c-b118-a9f47bb314e9" executionId="f2931453-b11c-491a-b508-b0a6190d297c" testListId="8c84fa94-04c1-424b-9868-57a2d4851a1d" />
    <TestEntry testId="299f81e9-edf0-9169-f644-69a4ce36892d" executionId="4bea36db-cd52-4745-83c8-24f70470aeae" testListId="8c84fa94-04c1-424b-9868-57a2d4851a1d" />
    <TestEntry testId="f7c74b24-25da-e68d-e46f-97f15cf2b8ab" executionId="8b5a5b7b-dfff-42e1-b0cd-68d23644f735" testListId="8c84fa94-04c1-424b-9868-57a2d4851a1d" />
    <TestEntry testId="0b91977b-00dc-eb44-7cfb-367afc9b916b" executionId="7c11cf07-2190-4a3b-87cd-5d93658d6a1d" testListId="8c84fa94-04c1-424b-9868-57a2d4851a1d" />
    <TestEntry testId="0fd17f3c-e850-5961-19c2-7d7c81944beb" executionId="efbb152c-2bbb-430b-941c-f4e9cbadd4ad" testListId="8c84fa94-04c1-424b-9868-57a2d4851a1d" />
    <TestEntry testId="6f9aee03-8dc0-b5c4-fbac-01cf70b2338a" executionId="fc9ee946-5e74-4aa6-a4e8-d679028039cb" testListId="8c84fa94-04c1-424b-9868-57a2d4851a1d" />
    <TestEntry testId="eb565497-5556-990f-28e8-85a0929400ac" executionId="6c83e175-ef74-4fd8-99e0-9c25570c9b13" testListId="8c84fa94-04c1-424b-9868-57a2d4851a1d" />
    <TestEntry testId="f7c8f93c-8f9f-5c21-e07c-937460d0ac48" executionId="212948cf-7c7e-4392-a6d4-08d6609876b4" testListId="8c84fa94-04c1-424b-9868-57a2d4851a1d" />
    <TestEntry testId="6b76e5fa-d91a-54e0-227f-76dc5aa6abeb" executionId="50adde40-ca52-438e-b453-c1347f5b8af6" testListId="8c84fa94-04c1-424b-9868-57a2d4851a1d" />
    <TestEntry testId="5a8858cb-3c8e-d55e-fc83-5d167207a005" executionId="b4c5b21e-1ced-4bd7-a713-35c1d2aa795f" testListId="8c84fa94-04c1-424b-9868-57a2d4851a1d" />
    <TestEntry testId="e9bb6491-bbbf-a55f-e317-fde6089af51e" executionId="3d5dd458-9d63-4458-a4a2-6a7f6bd80809" testListId="8c84fa94-04c1-424b-9868-57a2d4851a1d" />
    <TestEntry testId="224c2181-b869-5917-f2c7-a50c9cd2e7e3" executionId="83f6691e-f00a-4d0c-9d2f-d59c8a4691c6" testListId="8c84fa94-04c1-424b-9868-57a2d4851a1d" />
    <TestEntry testId="42957d89-cfe1-019e-8e70-dbbb676dfcba" executionId="437cf263-61c5-41cc-9b57-e0d70c5b907f" testListId="8c84fa94-04c1-424b-9868-57a2d4851a1d" />
    <TestEntry testId="38e443a7-8a9d-bfa7-0b9f-2fc695de5ebe" executionId="e8ecc90f-5af8-40ef-9a33-d9dc4b47604e" testListId="8c84fa94-04c1-424b-9868-57a2d4851a1d" />
    <TestEntry testId="b3c68b51-2658-43b7-8f1c-51befeea9efa" executionId="b1017e65-d9ff-4cc6-8113-d320bfcb7304" testListId="8c84fa94-04c1-424b-9868-57a2d4851a1d" />
    <TestEntry testId="0560f6a2-41b2-a3d5-b411-d9d56248575b" executionId="fa26fb42-aa1f-4f60-a6a1-5df7a1ac2329" testListId="8c84fa94-04c1-424b-9868-57a2d4851a1d" />
    <TestEntry testId="2da866b9-a1d9-b2c4-d0d7-4cbe780ad3ac" executionId="0367ab35-d21e-422b-adb5-3d94e56bb6b7" testListId="8c84fa94-04c1-424b-9868-57a2d4851a1d" />
    <TestEntry testId="9551da37-94f4-44a4-486d-e8d0c16ac27a" executionId="f8dc2bd0-75be-4a8a-97e7-3023d7070f7e" testListId="8c84fa94-04c1-424b-9868-57a2d4851a1d" />
    <TestEntry testId="55fbd916-8852-3ea8-1848-c961f68387d6" executionId="2794f4ce-7bc6-48c3-a96b-6c67d0e87173" testListId="8c84fa94-04c1-424b-9868-57a2d4851a1d" />
    <TestEntry testId="e6904a70-2ccd-77b8-3a32-2f9fe86051f2" executionId="aaba6ba3-4cb2-4ec3-9503-72a006aee0cb" testListId="8c84fa94-04c1-424b-9868-57a2d4851a1d" />
    <TestEntry testId="e5cd35f2-83a2-e3a1-3671-2b0a9e2f7663" executionId="450113bb-579d-4c42-8803-d14196d807c7" testListId="8c84fa94-04c1-424b-9868-57a2d4851a1d" />
    <TestEntry testId="47207dfe-498e-9d86-4ed8-335ef94bd133" executionId="eb127a26-598f-4f01-9726-cafc30ec93c4" testListId="8c84fa94-04c1-424b-9868-57a2d4851a1d" />
    <TestEntry testId="c1c5ffe0-4094-fd1a-d337-3adb68c0e20d" executionId="b8959d5b-e09b-47fc-a58c-b9a37641778e" testListId="8c84fa94-04c1-424b-9868-57a2d4851a1d" />
    <TestEntry testId="88f027af-e023-26b0-c50d-76c0455c0fb0" executionId="2227d467-b82f-4d76-9f31-7f325cfb7128" testListId="8c84fa94-04c1-424b-9868-57a2d4851a1d" />
    <TestEntry testId="de9f9b6d-ba82-71c7-7f97-ce296d8f5bca" executionId="25d162db-6c56-4967-91cb-f45ddb8aa596" testListId="8c84fa94-04c1-424b-9868-57a2d4851a1d" />
    <TestEntry testId="5bd6f77c-ce4c-fcdb-41a4-a651d4a0f61d" executionId="72e84aee-482d-43f2-b263-ad41a40d3e00" testListId="8c84fa94-04c1-424b-9868-57a2d4851a1d" />
    <TestEntry testId="93a54c10-1f41-0987-a37e-d85b822b0be7" executionId="c1502a4a-091c-4a7f-a083-ba060c07cc39" testListId="8c84fa94-04c1-424b-9868-57a2d4851a1d" />
    <TestEntry testId="3e56b598-28c9-14db-873f-88022e5e2086" executionId="74b460e1-34b3-4591-a06e-6d988d3bff91" testListId="8c84fa94-04c1-424b-9868-57a2d4851a1d" />
    <TestEntry testId="7dee8acb-c627-35ff-eba6-3f7a5ff6a24f" executionId="39035747-f154-4ca1-a5eb-bae33f5d932c" testListId="8c84fa94-04c1-424b-9868-57a2d4851a1d" />
    <TestEntry testId="a7c8768e-e104-4913-073a-64b8749d82be" executionId="232a2c13-6996-4e7f-9a11-b6951856db93" testListId="8c84fa94-04c1-424b-9868-57a2d4851a1d" />
    <TestEntry testId="427a171d-e0dc-16a4-9e02-a62ea0e7ab0b" executionId="56ac263c-5a95-4630-958e-fd280aa02651" testListId="8c84fa94-04c1-424b-9868-57a2d4851a1d" />
    <TestEntry testId="a230a4cd-9f4e-70a3-66aa-ce974837ad5d" executionId="2493403e-57dd-4aa0-bdee-b4ab47f110d1" testListId="8c84fa94-04c1-424b-9868-57a2d4851a1d" />
    <TestEntry testId="fe50d6d7-4cbd-20b9-edfe-cd3ed32e6de5" executionId="c7bc18fa-3120-47f0-adbd-859fca6afcf2" testListId="8c84fa94-04c1-424b-9868-57a2d4851a1d" />
    <TestEntry testId="42a6d933-fa8f-1922-08df-2275431ce9a1" executionId="09e28349-4312-4047-b1e0-f9550d384606" testListId="8c84fa94-04c1-424b-9868-57a2d4851a1d" />
    <TestEntry testId="f06cc103-b74b-94c1-58e4-27a43445821e" executionId="bc965d30-b0ae-4370-bb76-77931ded7004" testListId="8c84fa94-04c1-424b-9868-57a2d4851a1d" />
    <TestEntry testId="29755224-7504-305f-9588-340f7245e2a0" executionId="a299a522-f90e-4173-a5e5-eda673c9cfde" testListId="8c84fa94-04c1-424b-9868-57a2d4851a1d" />
    <TestEntry testId="254d2b59-68dd-c9e3-aba3-95dd8226c700" executionId="b4fc45e8-f255-481d-849e-7962003ae62a" testListId="8c84fa94-04c1-424b-9868-57a2d4851a1d" />
    <TestEntry testId="505fd903-7dbb-9f65-df99-8fea44e12208" executionId="20841616-f5a5-4130-b46e-c4a0ec241331" testListId="8c84fa94-04c1-424b-9868-57a2d4851a1d" />
    <TestEntry testId="822666c1-57a3-71bc-5967-762e94f4a46b" executionId="a3f3bb50-a96b-4aee-8c7d-18cba36277d0" testListId="8c84fa94-04c1-424b-9868-57a2d4851a1d" />
    <TestEntry testId="c968ed8e-6b73-4245-cb12-2489251a2ba4" executionId="68878877-6a60-4721-afcb-a884e42269f7" testListId="8c84fa94-04c1-424b-9868-57a2d4851a1d" />
    <TestEntry testId="7a04ae1d-6616-d109-ac2a-e5e2cfddd5f8" executionId="ee45c4b8-99fa-40a3-ba19-30a8b5340634" testListId="8c84fa94-04c1-424b-9868-57a2d4851a1d" />
    <TestEntry testId="8746959a-2de7-a72f-76e2-0fa23111a900" executionId="cb6a0f44-8160-4f8c-9656-32607e54f5eb" testListId="8c84fa94-04c1-424b-9868-57a2d4851a1d" />
    <TestEntry testId="2373e7ee-20a8-3a63-de49-6e1f8c91c0d7" executionId="ca8a33a5-c08d-4c65-a088-dee7f94aa3c0" testListId="8c84fa94-04c1-424b-9868-57a2d4851a1d" />
    <TestEntry testId="4839ff3d-0d18-9d53-4b23-9a308cf3f472" executionId="369ec412-2fcc-462f-8de5-1fb94228dbf9" testListId="8c84fa94-04c1-424b-9868-57a2d4851a1d" />
  </TestEntries>
  <TestLists>
    <TestList name="Results Not in a List" id="8c84fa94-04c1-424b-9868-57a2d4851a1d" />
    <TestList name="All Loaded Results" id="19431567-8539-422a-85d7-44ee4e166bda" />
  </TestLists>
  <ResultSummary outcome="Completed">
    <Counters total="443" executed="443" passed="443" failed="0" error="0" timeout="0" aborted="0" inconclusive="0" passedButRunAborted="0" notRunnable="0" notExecuted="0" disconnected="0" warning="0" completed="0" inProgress="0" pending="0" />
    <Output>
      <StdOut>[xUnit.net 00:00:00.00] xUnit.net VSTest Adapter v2.8.2+699d445a1a (64-bit .NET 8.0.26)&#xD;
[xUnit.net 00:00:00.70]   Discovering: DeepSpaceSaga.Engine.Tests&#xD;
[xUnit.net 00:00:00.76]   Discovered:  DeepSpaceSaga.Engine.Tests&#xD;
[xUnit.net 00:00:00.76]   Starting:    DeepSpaceSaga.Engine.Tests&#xD;
[xUnit.net 00:00:13.70]   Finished:    DeepSpaceSaga.Engine.Tests&#xD;
</StdOut>
    </Output>
  </ResultSummary>
</TestRun>