<?xml version="1.0" encoding="utf-8"?>
<TestRun id="0f913e42-1890-48ab-a2a3-386d8e38fece" name="sushi@VITA-CASTLE 2026-09-12 20:24:57" runUser="VITA-CASTLE\CodexSandboxOffline" xmlns="http://microsoft.com/schemas/VisualStudio/TeamTest/2010">
  <Times creation="2026-09-12T20:24:57.0073163+03:00" queuing="2026-09-12T20:24:57.0073167+03:00" start="2026-09-12T20:24:53.8318528+03:00" finish="2026-09-12T20:24:57.0132056+03:00" />
  <TestSettings name="default" id="e17fe596-f5ed-4712-837d-85ece6ecaa8b">
    <Deployment runDeploymentRoot="sushi_VITA-CASTLE_2026-09-12_20_24_57" />
  </TestSettings>
  <Results>
    <UnitTestResult executionId="15753852-f3fd-464f-9121-aac22593f4b9" testId="0a14718d-6239-65f7-aacc-115d9e2a1b31" testName="DeepSpaceSaga.Engine.Tests.ReviewProbeTests.Duplicate_trade_command_must_not_charge_twice" computerName="VITA-CASTLE" duration="00:00:00.9608044" startTime="2026-09-12T20:24:56.8865044+03:00" endTime="2026-09-12T20:24:56.8865296+03:00" testType="13cdc9d9-ddb5-4fa4-a97d-d965ccfc6d4b" outcome="Failed" testListId="8c84fa94-04c1-424b-9868-57a2d4851a1d" relativeResultsDirectory="15753852-f3fd-464f-9121-aac22593f4b9">
      <Output>
        <ErrorInfo>
          <Message>Assert.Equal() Failure: Values differ&#xD;
Expected: 99770&#xD;
Actual:   99540</Message>
          <StackTrace>   at DeepSpaceSaga.Engine.Tests.ReviewProbeTests.Duplicate_trade_command_must_not_charge_twice() in D:\DeepSpaceSaga\DSS\tests\DeepSpaceSaga.Engine.Tests\ReviewProbeTests.cs:line 31&#xD;
   at System.RuntimeMethodHandle.InvokeMethod(Object target, Void** arguments, Signature sig, Boolean isConstructor)&#xD;
   at System.Reflection.MethodBaseInvoker.InvokeWithNoArgs(Object obj, BindingFlags invokeAttr)</StackTrace>
        </ErrorInfo>
      </Output>
    </UnitTestResult>
    <UnitTestResult executionId="d0bb3342-9168-426a-9a45-4c2428cd71b6" testId="2d1fe60f-0016-fd3e-8325-a5db4cf786e0" testName="DeepSpaceSaga.Engine.Tests.ReviewProbeTests.Accepted_player_id_case_must_resolve_to_an_actual_object" computerName="VITA-CASTLE" duration="00:00:00.0056069" startTime="2026-09-12T20:24:56.9402090+03:00" endTime="2026-09-12T20:24:56.9402092+03:00" testType="13cdc9d9-ddb5-4fa4-a97d-d965ccfc6d4b" outcome="Failed" testListId="8c84fa94-04c1-424b-9868-57a2d4851a1d" relativeResultsDirectory="d0bb3342-9168-426a-9a45-4c2428cd71b6">
      <Output>
        <ErrorInfo>
          <Message>Assert.Contains() Failure: Filter not matched in collection&#xD;
Collection: [ObjectMotionSnapshot { ObjectId = SPC-0001, X = 10000, Y = 10000, SpeedKmS = 0, Direction = 0, ActiveEngineCommandType = , TurnStepDegrees = 0, TurnStepRemainingMs = 0, TurnStepIntervalMs = 0, NavigationTargetX = , NavigationTargetY = , NavigationAngularInertiaDegPerSec = 0, NavigationLockedCourseDegrees = , ObjectType = , RelationToPlayer = , DisplayName = , RenderObjectType = UnknownSpaceObject, MaxSpeedKmS = , NavigationPhase = , NavigationEscapeCourseDegrees = , NavigationRequiredDepartureDistance = , IsDocked = True, DockedStationObjectId = STATION-01, NavigationTargetSpeedKmS = , NavigationTargetDirectionDegrees = , NavigationApproachTrailDistanceWorldUnits = , Image = , CaptainDisplayName = , CaptainPortraitImage = , DockOperatorDisplayName = , DockOperatorPortraitImage = , IsDestroyed = False, ApproachRoute =  }, ObjectMotionSnapshot { ObjectId = STATION-01, X = 10001, Y = 10000, SpeedKmS = 0, Direction = 0, ActiveEngineCommandType = , TurnStepDegrees = 0, TurnStepRemainingMs = 0, TurnStepIntervalMs = 0, NavigationTargetX = , NavigationTargetY = , NavigationAngularInertiaDegPerSec = 0, NavigationLockedCourseDegrees = , ObjectType = , RelationToPlayer = , DisplayName = , RenderObjectType = UnknownSpaceObject, MaxSpeedKmS = , NavigationPhase = , NavigationEscapeCourseDegrees = , NavigationRequiredDepartureDistance = , IsDocked = False, DockedStationObjectId = , NavigationTargetSpeedKmS = , NavigationTargetDirectionDegrees = , NavigationApproachTrailDistanceWorldUnits = , Image = , CaptainDisplayName = , CaptainPortraitImage = , DockOperatorDisplayName = , DockOperatorPortraitImage = , IsDestroyed = False, ApproachRoute =  }]</Message>
          <StackTrace>   at DeepSpaceSaga.Engine.Tests.ReviewProbeTests.Accepted_player_id_case_must_resolve_to_an_actual_object() in D:\DeepSpaceSaga\DSS\tests\DeepSpaceSaga.Engine.Tests\ReviewProbeTests.cs:line 68&#xD;
   at System.RuntimeMethodHandle.InvokeMethod(Object target, Void** arguments, Signature sig, Boolean isConstructor)&#xD;
   at System.Reflection.MethodBaseInvoker.InvokeWithNoArgs(Object obj, BindingFlags invokeAttr)</StackTrace>
        </ErrorInfo>
      </Output>
    </UnitTestResult>
    <UnitTestResult executionId="96492313-9a23-48a1-b780-1c6bf4e4d335" testId="cbddf1d2-96eb-be32-ac7e-5b5cf0c99b14" testName="DeepSpaceSaga.Engine.Tests.ReviewProbeTests.Saving_after_cancelling_Approach_must_preserve_heading" computerName="VITA-CASTLE" duration="00:00:00.0491042" startTime="2026-09-12T20:24:56.9343169+03:00" endTime="2026-09-12T20:24:56.9343171+03:00" testType="13cdc9d9-ddb5-4fa4-a97d-d965ccfc6d4b" outcome="Failed" testListId="8c84fa94-04c1-424b-9868-57a2d4851a1d" relativeResultsDirectory="96492313-9a23-48a1-b780-1c6bf4e4d335">
      <Output>
        <ErrorInfo>
          <Message>Assert.Equal() Failure: Values are not within 8 decimal places&#xD;
Expected: 270.548 (rounded from 270.548)&#xD;
Actual:   271 (rounded from 271)</Message>
          <StackTrace>   at DeepSpaceSaga.Engine.Tests.ReviewProbeTests.Saving_after_cancelling_Approach_must_preserve_heading() in D:\DeepSpaceSaga\DSS\tests\DeepSpaceSaga.Engine.Tests\ReviewProbeTests.cs:line 57&#xD;
   at System.RuntimeMethodHandle.InvokeMethod(Object target, Void** arguments, Signature sig, Boolean isConstructor)&#xD;
   at System.Reflection.MethodBaseInvoker.InvokeWithNoArgs(Object obj, BindingFlags invokeAttr)</StackTrace>
        </ErrorInfo>
      </Output>
    </UnitTestResult>
    <UnitTestResult executionId="51edf892-e9f8-495f-bf39-9a29e8b2712d" testId="adf7bd7a-9257-f168-a019-330f48b63114" testName="DeepSpaceSaga.Engine.Tests.ReviewProbeTests.Buy_must_not_wrap_station_balance_negative" computerName="VITA-CASTLE" duration="00:00:00.0015092" startTime="2026-09-12T20:24:56.8888573+03:00" endTime="2026-09-12T20:24:56.8888574+03:00" testType="13cdc9d9-ddb5-4fa4-a97d-d965ccfc6d4b" outcome="Failed" testListId="8c84fa94-04c1-424b-9868-57a2d4851a1d" relativeResultsDirectory="51edf892-e9f8-495f-bf39-9a29e8b2712d">
      <Output>
        <ErrorInfo>
          <Message>Assert.InRange() Failure: Value not in range&#xD;
Range:  (0 - 9223372036854775807)&#xD;
Actual: -9223372036854775579</Message>
          <StackTrace>   at DeepSpaceSaga.Engine.Tests.ReviewProbeTests.Buy_must_not_wrap_station_balance_negative() in D:\DeepSpaceSaga\DSS\tests\DeepSpaceSaga.Engine.Tests\ReviewProbeTests.cs:line 41&#xD;
   at System.RuntimeMethodHandle.InvokeMethod(Object target, Void** arguments, Signature sig, Boolean isConstructor)&#xD;
   at System.Reflection.MethodBaseInvoker.InvokeWithNoArgs(Object obj, BindingFlags invokeAttr)</StackTrace>
        </ErrorInfo>
      </Output>
    </UnitTestResult>
    <UnitTestResult executionId="dce75a4b-72e6-4c65-b9ad-03c72c8dbbd0" testId="5448b15d-5861-6e9e-57b1-0fbac4f85841" testName="DeepSpaceSaga.Engine.Tests.ReviewProbeTests.Security_must_use_the_active_route_when_checking_the_deadline" computerName="VITA-CASTLE" duration="00:00:00.0028381" startTime="2026-09-12T20:24:56.9432172+03:00" endTime="2026-09-12T20:24:56.9432174+03:00" testType="13cdc9d9-ddb5-4fa4-a97d-d965ccfc6d4b" outcome="Failed" testListId="8c84fa94-04c1-424b-9868-57a2d4851a1d" relativeResultsDirectory="dce75a4b-72e6-4c65-b9ad-03c72c8dbbd0">
      <Output>
        <ErrorInfo>
          <Message>Assert.True() Failure&#xD;
Expected: True&#xD;
Actual:   False</Message>
          <StackTrace>   at DeepSpaceSaga.Engine.Tests.ReviewProbeTests.Security_must_use_the_active_route_when_checking_the_deadline() in D:\DeepSpaceSaga\DSS\tests\DeepSpaceSaga.Engine.Tests\ReviewProbeTests.cs:line 88&#xD;
   at System.RuntimeMethodHandle.InvokeMethod(Object target, Void** arguments, Signature sig, Boolean isConstructor)&#xD;
   at System.Reflection.MethodBaseInvoker.InvokeWithNoArgs(Object obj, BindingFlags invokeAttr)</StackTrace>
        </ErrorInfo>
      </Output>
    </UnitTestResult>
  </Results>
  <TestDefinitions>
    <UnitTest name="DeepSpaceSaga.Engine.Tests.ReviewProbeTests.Duplicate_trade_command_must_not_charge_twice" storage="d:\deepspacesaga\dss\tests\deepspacesaga.engine.tests\bin\debug\net8.0\deepspacesaga.engine.tests.dll" id="0a14718d-6239-65f7-aacc-115d9e2a1b31">
      <Execution id="15753852-f3fd-464f-9121-aac22593f4b9" />
      <TestMethod codeBase="D:\DeepSpaceSaga\DSS\tests\DeepSpaceSaga.Engine.Tests\bin\Debug\net8.0\DeepSpaceSaga.Engine.Tests.dll" adapterTypeName="executor://xunit/VsTestRunner2/netcoreapp" className="DeepSpaceSaga.Engine.Tests.ReviewProbeTests" name="Duplicate_trade_command_must_not_charge_twice" />
    </UnitTest>
    <UnitTest name="DeepSpaceSaga.Engine.Tests.ReviewProbeTests.Security_must_use_the_active_route_when_checking_the_deadline" storage="d:\deepspacesaga\dss\tests\deepspacesaga.engine.tests\bin\debug\net8.0\deepspacesaga.engine.tests.dll" id="5448b15d-5861-6e9e-57b1-0fbac4f85841">
      <Execution id="dce75a4b-72e6-4c65-b9ad-03c72c8dbbd0" />
      <TestMethod codeBase="D:\DeepSpaceSaga\DSS\tests\DeepSpaceSaga.Engine.Tests\bin\Debug\net8.0\DeepSpaceSaga.Engine.Tests.dll" adapterTypeName="executor://xunit/VsTestRunner2/netcoreapp" className="DeepSpaceSaga.Engine.Tests.ReviewProbeTests" name="Security_must_use_the_active_route_when_checking_the_deadline" />
    </UnitTest>
    <UnitTest name="DeepSpaceSaga.Engine.Tests.ReviewProbeTests.Buy_must_not_wrap_station_balance_negative" storage="d:\deepspacesaga\dss\tests\deepspacesaga.engine.tests\bin\debug\net8.0\deepspacesaga.engine.tests.dll" id="adf7bd7a-9257-f168-a019-330f48b63114">
      <Execution id="51edf892-e9f8-495f-bf39-9a29e8b2712d" />
      <TestMethod codeBase="D:\DeepSpaceSaga\DSS\tests\DeepSpaceSaga.Engine.Tests\bin\Debug\net8.0\DeepSpaceSaga.Engine.Tests.dll" adapterTypeName="executor://xunit/VsTestRunner2/netcoreapp" className="DeepSpaceSaga.Engine.Tests.ReviewProbeTests" name="Buy_must_not_wrap_station_balance_negative" />
    </UnitTest>
    <UnitTest name="DeepSpaceSaga.Engine.Tests.ReviewProbeTests.Accepted_player_id_case_must_resolve_to_an_actual_object" storage="d:\deepspacesaga\dss\tests\deepspacesaga.engine.tests\bin\debug\net8.0\deepspacesaga.engine.tests.dll" id="2d1fe60f-0016-fd3e-8325-a5db4cf786e0">
      <Execution id="d0bb3342-9168-426a-9a45-4c2428cd71b6" />
      <TestMethod codeBase="D:\DeepSpaceSaga\DSS\tests\DeepSpaceSaga.Engine.Tests\bin\Debug\net8.0\DeepSpaceSaga.Engine.Tests.dll" adapterTypeName="executor://xunit/VsTestRunner2/netcoreapp" className="DeepSpaceSaga.Engine.Tests.ReviewProbeTests" name="Accepted_player_id_case_must_resolve_to_an_actual_object" />
    </UnitTest>
    <UnitTest name="DeepSpaceSaga.Engine.Tests.ReviewProbeTests.Saving_after_cancelling_Approach_must_preserve_heading" storage="d:\deepspacesaga\dss\tests\deepspacesaga.engine.tests\bin\debug\net8.0\deepspacesaga.engine.tests.dll" id="cbddf1d2-96eb-be32-ac7e-5b5cf0c99b14">
      <Execution id="96492313-9a23-48a1-b780-1c6bf4e4d335" />
      <TestMethod codeBase="D:\DeepSpaceSaga\DSS\tests\DeepSpaceSaga.Engine.Tests\bin\Debug\net8.0\DeepSpaceSaga.Engine.Tests.dll" adapterTypeName="executor://xunit/VsTestRunner2/netcoreapp" className="DeepSpaceSaga.Engine.Tests.ReviewProbeTests" name="Saving_after_cancelling_Approach_must_preserve_heading" />
    </UnitTest>
  </TestDefinitions>
  <TestEntries>
    <TestEntry testId="0a14718d-6239-65f7-aacc-115d9e2a1b31" executionId="15753852-f3fd-464f-9121-aac22593f4b9" testListId="8c84fa94-04c1-424b-9868-57a2d4851a1d" />
    <TestEntry testId="2d1fe60f-0016-fd3e-8325-a5db4cf786e0" executionId="d0bb3342-9168-426a-9a45-4c2428cd71b6" testListId="8c84fa94-04c1-424b-9868-57a2d4851a1d" />
    <TestEntry testId="cbddf1d2-96eb-be32-ac7e-5b5cf0c99b14" executionId="96492313-9a23-48a1-b780-1c6bf4e4d335" testListId="8c84fa94-04c1-424b-9868-57a2d4851a1d" />
    <TestEntry testId="adf7bd7a-9257-f168-a019-330f48b63114" executionId="51edf892-e9f8-495f-bf39-9a29e8b2712d" testListId="8c84fa94-04c1-424b-9868-57a2d4851a1d" />
    <TestEntry testId="5448b15d-5861-6e9e-57b1-0fbac4f85841" executionId="dce75a4b-72e6-4c65-b9ad-03c72c8dbbd0" testListId="8c84fa94-04c1-424b-9868-57a2d4851a1d" />
  </TestEntries>
  <TestLists>
    <TestList name="Results Not in a List" id="8c84fa94-04c1-424b-9868-57a2d4851a1d" />
    <TestList name="All Loaded Results" id="19431567-8539-422a-85d7-44ee4e166bda" />
  </TestLists>
  <ResultSummary outcome="Failed">
    <Counters total="5" executed="5" passed="0" failed="5" error="0" timeout="0" aborted="0" inconclusive="0" passedButRunAborted="0" notRunnable="0" notExecuted="0" disconnected="0" warning="0" completed="0" inProgress="0" pending="0" />
    <Output>
      <StdOut>[xUnit.net 00:00:00.00] xUnit.net VSTest Adapter v2.8.2+699d445a1a (64-bit .NET 8.0.26)&#xD;
[xUnit.net 00:00:01.33]   Discovering: DeepSpaceSaga.Engine.Tests&#xD;
[xUnit.net 00:00:01.39]   Discovered:  DeepSpaceSaga.Engine.Tests&#xD;
[xUnit.net 00:00:01.39]   Starting:    DeepSpaceSaga.Engine.Tests&#xD;
[xUnit.net 00:00:02.38]       Assert.Equal() Failure: Values differ&#xD;
[xUnit.net 00:00:02.38]       Expected: 99770&#xD;
[xUnit.net 00:00:02.38]       Actual:   99540&#xD;
[xUnit.net 00:00:02.38]       Stack Trace:&#xD;
[xUnit.net 00:00:02.38]         D:\DeepSpaceSaga\DSS\tests\DeepSpaceSaga.Engine.Tests\ReviewProbeTests.cs(31,0): at DeepSpaceSaga.Engine.Tests.ReviewProbeTests.Duplicate_trade_command_must_not_charge_twice()&#xD;
[xUnit.net 00:00:02.38]            at System.RuntimeMethodHandle.InvokeMethod(Object target, Void** arguments, Signature sig, Boolean isConstructor)&#xD;
[xUnit.net 00:00:02.38]            at System.Reflection.MethodBaseInvoker.InvokeWithNoArgs(Object obj, BindingFlags invokeAttr)&#xD;
[xUnit.net 00:00:02.38]       Assert.InRange() Failure: Value not in range&#xD;
[xUnit.net 00:00:02.38]       Range:  (0 - 9223372036854775807)&#xD;
[xUnit.net 00:00:02.38]       Actual: -9223372036854775579&#xD;
[xUnit.net 00:00:02.38]       Stack Trace:&#xD;
[xUnit.net 00:00:02.38]         D:\DeepSpaceSaga\DSS\tests\DeepSpaceSaga.Engine.Tests\ReviewProbeTests.cs(41,0): at DeepSpaceSaga.Engine.Tests.ReviewProbeTests.Buy_must_not_wrap_station_balance_negative()&#xD;
[xUnit.net 00:00:02.38]            at System.RuntimeMethodHandle.InvokeMethod(Object target, Void** arguments, Signature sig, Boolean isConstructor)&#xD;
[xUnit.net 00:00:02.38]            at System.Reflection.MethodBaseInvoker.InvokeWithNoArgs(Object obj, BindingFlags invokeAttr)&#xD;
[xUnit.net 00:00:02.43]       Assert.Equal() Failure: Values are not within 8 decimal places&#xD;
[xUnit.net 00:00:02.43]       Expected: 270.548 (rounded from 270.548)&#xD;
[xUnit.net 00:00:02.43]       Actual:   271 (rounded from 271)&#xD;
[xUnit.net 00:00:02.43]       Stack Trace:&#xD;
[xUnit.net 00:00:02.43]         D:\DeepSpaceSaga\DSS\tests\DeepSpaceSaga.Engine.Tests\ReviewProbeTests.cs(57,0): at DeepSpaceSaga.Engine.Tests.ReviewProbeTests.Saving_after_cancelling_Approach_must_preserve_heading()&#xD;
[xUnit.net 00:00:02.43]            at System.RuntimeMethodHandle.InvokeMethod(Object target, Void** arguments, Signature sig, Boolean isConstructor)&#xD;
[xUnit.net 00:00:02.43]            at System.Reflection.MethodBaseInvoker.InvokeWithNoArgs(Object obj, BindingFlags invokeAttr)&#xD;
[xUnit.net 00:00:02.44]       Assert.Contains() Failure: Filter not matched in collection&#xD;
[xUnit.net 00:00:02.44]       Collection: [ObjectMotionSnapshot { ObjectId = SPC-0001, X = 10000, Y = 10000, SpeedKmS = 0, Direction = 0, ActiveEngineCommandType = , TurnStepDegrees = 0, TurnStepRemainingMs = 0, TurnStepIntervalMs = 0, NavigationTargetX = , NavigationTargetY = , NavigationAngularInertiaDegPerSec = 0, NavigationLockedCourseDegrees = , ObjectType = , RelationToPlayer = , DisplayName = , RenderObjectType = UnknownSpaceObject, MaxSpeedKmS = , NavigationPhase = , NavigationEscapeCourseDegrees = , NavigationRequiredDepartureDistance = , IsDocked = True, DockedStationObjectId = STATION-01, NavigationTargetSpeedKmS = , NavigationTargetDirectionDegrees = , NavigationApproachTrailDistanceWorldUnits = , Image = , CaptainDisplayName = , CaptainPortraitImage = , DockOperatorDisplayName = , DockOperatorPortraitImage = , IsDestroyed = False, ApproachRoute =  }, ObjectMotionSnapshot { ObjectId = STATION-01, X = 10001, Y = 10000, SpeedKmS = 0, Direction = 0, ActiveEngineCommandType = , TurnStepDegrees = 0, TurnStepRemainingMs = 0, TurnStepIntervalMs = 0, NavigationTargetX = , NavigationTargetY = , NavigationAngularInertiaDegPerSec = 0, NavigationLockedCourseDegrees = , ObjectType = , RelationToPlayer = , DisplayName = , RenderObjectType = UnknownSpaceObject, MaxSpeedKmS = , NavigationPhase = , NavigationEscapeCourseDegrees = , NavigationRequiredDepartureDistance = , IsDocked = False, DockedStationObjectId = , NavigationTargetSpeedKmS = , NavigationTargetDirectionDegrees = , NavigationApproachTrailDistanceWorldUnits = , Image = , CaptainDisplayName = , CaptainPortraitImage = , DockOperatorDisplayName = , DockOperatorPortraitImage = , IsDestroyed = False, ApproachRoute =  }]&#xD;
[xUnit.net 00:00:02.44]       Stack Trace:&#xD;
[xUnit.net 00:00:02.44]         D:\DeepSpaceSaga\DSS\tests\DeepSpaceSaga.Engine.Tests\ReviewProbeTests.cs(68,0): at DeepSpaceSaga.Engine.Tests.ReviewProbeTests.Accepted_player_id_case_must_resolve_to_an_actual_object()&#xD;
[xUnit.net 00:00:02.44]            at System.RuntimeMethodHandle.InvokeMethod(Object target, Void** arguments, Signature sig, Boolean isConstructor)&#xD;
[xUnit.net 00:00:02.44]            at System.Reflection.MethodBaseInvoker.InvokeWithNoArgs(Object obj, BindingFlags invokeAttr)&#xD;
[xUnit.net 00:00:02.44]       Assert.True() Failure&#xD;
[xUnit.net 00:00:02.44]       Expected: True&#xD;
[xUnit.net 00:00:02.44]       Actual:   False&#xD;
[xUnit.net 00:00:02.44]       Stack Trace:&#xD;
[xUnit.net 00:00:02.44]         D:\DeepSpaceSaga\DSS\tests\DeepSpaceSaga.Engine.Tests\ReviewProbeTests.cs(88,0): at DeepSpaceSaga.Engine.Tests.ReviewProbeTests.Security_must_use_the_active_route_when_checking_the_deadline()&#xD;
[xUnit.net 00:00:02.44]            at System.RuntimeMethodHandle.InvokeMethod(Object target, Void** arguments, Signature sig, Boolean isConstructor)&#xD;
[xUnit.net 00:00:02.44]            at System.Reflection.MethodBaseInvoker.InvokeWithNoArgs(Object obj, BindingFlags invokeAttr)&#xD;
[xUnit.net 00:00:02.44]   Finished:    DeepSpaceSaga.Engine.Tests&#xD;
</StdOut>
    </Output>
    <RunInfos>
      <RunInfo computerName="VITA-CASTLE" outcome="Error" timestamp="2026-09-12T20:24:56.8845023+03:00">
        <Text>[xUnit.net 00:00:02.38]     DeepSpaceSaga.Engine.Tests.ReviewProbeTests.Duplicate_trade_command_must_not_charge_twice [FAIL]</Text>
      </RunInfo>
      <RunInfo computerName="VITA-CASTLE" outcome="Error" timestamp="2026-09-12T20:24:56.8889552+03:00">
        <Text>[xUnit.net 00:00:02.38]     DeepSpaceSaga.Engine.Tests.ReviewProbeTests.Buy_must_not_wrap_station_balance_negative [FAIL]</Text>
      </RunInfo>
      <RunInfo computerName="VITA-CASTLE" outcome="Error" timestamp="2026-09-12T20:24:56.9343784+03:00">
        <Text>[xUnit.net 00:00:02.43]     DeepSpaceSaga.Engine.Tests.ReviewProbeTests.Saving_after_cancelling_Approach_must_preserve_heading [FAIL]</Text>
      </RunInfo>
      <RunInfo computerName="VITA-CASTLE" outcome="Error" timestamp="2026-09-12T20:24:56.9402554+03:00">
        <Text>[xUnit.net 00:00:02.44]     DeepSpaceSaga.Engine.Tests.ReviewProbeTests.Accepted_player_id_case_must_resolve_to_an_actual_object [FAIL]</Text>
      </RunInfo>
      <RunInfo computerName="VITA-CASTLE" outcome="Error" timestamp="2026-09-12T20:24:56.9433175+03:00">
        <Text>[xUnit.net 00:00:02.44]     DeepSpaceSaga.Engine.Tests.ReviewProbeTests.Security_must_use_the_active_route_when_checking_the_deadline [FAIL]</Text>
      </RunInfo>
    </RunInfos>
  </ResultSummary>
</TestRun>